--------------------
./configure --host=arm-hisiv200-linux --prefix=/home/hisisdk/histb_v2/autelan/rootfs/zlib-1.2.8/../../release --bindir=/home/hisisdk/histb_v2/autelan/rootfs/zlib-1.2.8/../../release/bin --sbindir=/home/hisisdk/histb_v2/autelan/rootfs/zlib-1.2.8/../../release/sbin --libexecdir=/home/hisisdk/histb_v2/autelan/rootfs/zlib-1.2.8/../../release/libexec --sysconfdir=/home/hisisdk/histb_v2/autelan/rootfs/zlib-1.2.8/../../release/etc --localstatedir=/home/hisisdk/histb_v2/autelan/rootfs/zlib-1.2.8/../../release/var --libdir=/home/hisisdk/histb_v2/autelan/rootfs/zlib-1.2.8/../../release/lib --includedir=/home/hisisdk/histb_v2/autelan/rootfs/zlib-1.2.8/../../fakerelease/usr/include --datarootdir=/home/hisisdk/histb_v2/autelan/rootfs/zlib-1.2.8/../../fakerelease/usr/share --datadir=/home/hisisdk/histb_v2/autelan/rootfs/zlib-1.2.8/../../fakerelease/usr/share --infodir=/home/hisisdk/histb_v2/autelan/rootfs/zlib-1.2.8/../../fakerelease/usr/share/info --localedir=/home/hisisdk/histb_v2/autelan/rootfs/zlib-1.2.8/../../fakerelease/usr/share/local --mandir=/home/hisisdk/histb_v2/autelan/rootfs/zlib-1.2.8/../../fakerelease/usr/share/man --docdir=/home/hisisdk/histb_v2/autelan/rootfs/zlib-1.2.8/../../fakerelease/usr/share/doc/bash --htmldir=/home/hisisdk/histb_v2/autelan/rootfs/zlib-1.2.8/../../fakerelease/usr/share/doc --dvidir=/home/hisisdk/histb_v2/autelan/rootfs/zlib-1.2.8/../../fakerelease/usr/share/doc --pdfdir=/home/hisisdk/histb_v2/autelan/rootfs/zlib-1.2.8/../../fakerelease/usr/share/doc --psdir=/home/hisisdk/histb_v2/autelan/rootfs/zlib-1.2.8/../../fakerelease/usr/share/doc
Tue Apr 14 17:31:25 EDT 2015
unknown option: --host=arm-hisiv200-linux
./configure --help for help
** ./configure aborting.
--------------------


--------------------
./configure --help
Tue Apr 14 17:31:38 EDT 2015
usage:
  configure [--const] [--zprefix] [--prefix=PREFIX]  [--eprefix=EXPREFIX]
    [--static] [--64] [--libdir=LIBDIR] [--sharedlibdir=LIBDIR]
    [--includedir=INCLUDEDIR] [--archs="-arch i386 -arch x86_64"]
--------------------
./configure --help
Tue Apr 14 17:34:08 EDT 2015
usage:
  configure [--const] [--zprefix] [--prefix=PREFIX]  [--eprefix=EXPREFIX]
    [--static] [--64] [--libdir=LIBDIR] [--sharedlibdir=LIBDIR]
    [--includedir=INCLUDEDIR] [--archs="-arch i386 -arch x86_64"]
--------------------
./configure --prefix=/home/hisisdk/histb_v2/autelan/rootfs/zlib-1.2.8/../../release/usr --eprefix=/home/hisisdk/histb_v2/autelan/rootfs/zlib-1.2.8/../../release/usr --libdir=/home/hisisdk/histb_v2/autelan/rootfs/zlib-1.2.8/../../release/usr/lib --sharedlibdir=/home/hisisdk/histb_v2/autelan/rootfs/zlib-1.2.8/../../release/usr/lib --includedir=/home/hisisdk/histb_v2/autelan/rootfs/zlib-1.2.8/../../fakerelease/usr/include
Tue Apr 14 17:36:23 EDT 2015
=== ztest25727.c ===
extern int getchar();
int hello() {return getchar();}
===
arm-hisiv200-linux-gcc -c ztest25727.c
... using gcc

Checking for obsessive-compulsive compiler options...
=== ztest25727.c ===
int foo() { return 0; }
===
arm-hisiv200-linux-gcc -c -g -O2 -I/opt/hisi-linux/x86-arm/arm-hisiv200-linux/target/usr/include -I/home/hisisdk/histb_v2/autelan/rootfs/zlib-1.2.8/../../fakerelease/usr/include -I/home/hisisdk/histb_v2/autelan/rootfs/zlib-1.2.8/../../fakerelease/usr/local/include ztest25727.c

Checking for shared library support...
=== ztest25727.c ===
extern int getchar();
int hello() {return getchar();}
===
arm-hisiv200-linux-gcc -w -c -g -O2 -I/opt/hisi-linux/x86-arm/arm-hisiv200-linux/target/usr/include -I/home/hisisdk/histb_v2/autelan/rootfs/zlib-1.2.8/../../fakerelease/usr/include -I/home/hisisdk/histb_v2/autelan/rootfs/zlib-1.2.8/../../fakerelease/usr/local/include -fPIC ztest25727.c
arm-hisiv200-linux-gcc -shared -Wl,-soname,libz.so.1,--version-script,zlib.map -g -O2 -I/opt/hisi-linux/x86-arm/arm-hisiv200-linux/target/usr/include -I/home/hisisdk/histb_v2/autelan/rootfs/zlib-1.2.8/../../fakerelease/usr/include -I/home/hisisdk/histb_v2/autelan/rootfs/zlib-1.2.8/../../fakerelease/usr/local/include -fPIC -o ztest25727.so ztest25727.o
Building shared library libz.so.1.2.8 with arm-hisiv200-linux-gcc.

=== ztest25727.c ===
#include <sys/types.h>
off64_t dummy = 0;
===
arm-hisiv200-linux-gcc -c -g -O2 -I/opt/hisi-linux/x86-arm/arm-hisiv200-linux/target/usr/include -I/home/hisisdk/histb_v2/autelan/rootfs/zlib-1.2.8/../../fakerelease/usr/include -I/home/hisisdk/histb_v2/autelan/rootfs/zlib-1.2.8/../../fakerelease/usr/local/include -D_LARGEFILE64_SOURCE=1 ztest25727.c
Checking for off64_t... Yes.
Checking for fseeko... Yes.

=== ztest25727.c ===
#include <string.h>
#include <errno.h>
int main() { return strlen(strerror(errno)); }
===
arm-hisiv200-linux-gcc -g -O2 -I/opt/hisi-linux/x86-arm/arm-hisiv200-linux/target/usr/include -I/home/hisisdk/histb_v2/autelan/rootfs/zlib-1.2.8/../../fakerelease/usr/include -I/home/hisisdk/histb_v2/autelan/rootfs/zlib-1.2.8/../../fakerelease/usr/local/include -D_LARGEFILE64_SOURCE=1 -o ztest25727 ztest25727.c
Checking for strerror... Yes.

=== ztest25727.c ===
#include <unistd.h>
int main() { return 0; }
===
arm-hisiv200-linux-gcc -c -g -O2 -I/opt/hisi-linux/x86-arm/arm-hisiv200-linux/target/usr/include -I/home/hisisdk/histb_v2/autelan/rootfs/zlib-1.2.8/../../fakerelease/usr/include -I/home/hisisdk/histb_v2/autelan/rootfs/zlib-1.2.8/../../fakerelease/usr/local/include -D_LARGEFILE64_SOURCE=1 ztest25727.c
Checking for unistd.h... Yes.

=== ztest25727.c ===
#include <stdarg.h>
int main() { return 0; }
===
arm-hisiv200-linux-gcc -c -g -O2 -I/opt/hisi-linux/x86-arm/arm-hisiv200-linux/target/usr/include -I/home/hisisdk/histb_v2/autelan/rootfs/zlib-1.2.8/../../fakerelease/usr/include -I/home/hisisdk/histb_v2/autelan/rootfs/zlib-1.2.8/../../fakerelease/usr/local/include -D_LARGEFILE64_SOURCE=1 ztest25727.c
Checking for stdarg.h... Yes.

=== ztest25727.c ===
#include <stdio.h>
#include <stdarg.h>
#include "zconf.h"
int main()
{
#ifndef STDC
  choke me
#endif
  return 0;
}
===
arm-hisiv200-linux-gcc -c -g -O2 -I/opt/hisi-linux/x86-arm/arm-hisiv200-linux/target/usr/include -I/home/hisisdk/histb_v2/autelan/rootfs/zlib-1.2.8/../../fakerelease/usr/include -I/home/hisisdk/histb_v2/autelan/rootfs/zlib-1.2.8/../../fakerelease/usr/local/include -D_LARGEFILE64_SOURCE=1 ztest25727.c
Checking whether to use vs[n]printf() or s[n]printf()... using vs[n]printf().

=== ztest25727.c ===
#include <stdio.h>
#include <stdarg.h>
int mytest(const char *fmt, ...)
{
  char buf[20];
  va_list ap;
  va_start(ap, fmt);
  vsnprintf(buf, sizeof(buf), fmt, ap);
  va_end(ap);
  return 0;
}
int main()
{
  return (mytest("Hello%d\n", 1));
}
===
arm-hisiv200-linux-gcc -g -O2 -I/opt/hisi-linux/x86-arm/arm-hisiv200-linux/target/usr/include -I/home/hisisdk/histb_v2/autelan/rootfs/zlib-1.2.8/../../fakerelease/usr/include -I/home/hisisdk/histb_v2/autelan/rootfs/zlib-1.2.8/../../fakerelease/usr/local/include -D_LARGEFILE64_SOURCE=1 -o ztest25727 ztest25727.c
Checking for vsnprintf() in stdio.h... Yes.

=== ztest25727.c ===
#include <stdio.h>
#include <stdarg.h>
int mytest(const char *fmt, ...)
{
  int n;
  char buf[20];
  va_list ap;
  va_start(ap, fmt);
  n = vsnprintf(buf, sizeof(buf), fmt, ap);
  va_end(ap);
  return n;
}
int main()
{
  return (mytest("Hello%d\n", 1));
}
===
arm-hisiv200-linux-gcc -c -g -O2 -I/opt/hisi-linux/x86-arm/arm-hisiv200-linux/target/usr/include -I/home/hisisdk/histb_v2/autelan/rootfs/zlib-1.2.8/../../fakerelease/usr/include -I/home/hisisdk/histb_v2/autelan/rootfs/zlib-1.2.8/../../fakerelease/usr/local/include -D_LARGEFILE64_SOURCE=1 ztest25727.c
Checking for return value of vsnprintf()... Yes.

=== ztest25727.c ===
#define ZLIB_INTERNAL __attribute__((visibility ("hidden")))
int ZLIB_INTERNAL foo;
int main()
{
  return 0;
}
===
arm-hisiv200-linux-gcc -c -g -O2 -I/opt/hisi-linux/x86-arm/arm-hisiv200-linux/target/usr/include -I/home/hisisdk/histb_v2/autelan/rootfs/zlib-1.2.8/../../fakerelease/usr/include -I/home/hisisdk/histb_v2/autelan/rootfs/zlib-1.2.8/../../fakerelease/usr/local/include -D_LARGEFILE64_SOURCE=1 ztest25727.c
Checking for attribute(visibility) support... Yes.

ALL = static shared all64
AR = ar
ARFLAGS = rc
CC = arm-hisiv200-linux-gcc
CFLAGS = -g -O2 -I/opt/hisi-linux/x86-arm/arm-hisiv200-linux/target/usr/include -I/home/hisisdk/histb_v2/autelan/rootfs/zlib-1.2.8/../../fakerelease/usr/include -I/home/hisisdk/histb_v2/autelan/rootfs/zlib-1.2.8/../../fakerelease/usr/local/include -D_LARGEFILE64_SOURCE=1 -DHAVE_HIDDEN
CPP = arm-hisiv200-linux-gcc -E
EXE =
LDCONFIG = ldconfig
LDFLAGS = -L/opt/hisi-linux/x86-arm/arm-hisiv200-linux/target/lib -L/opt/hisi-linux/x86-arm/arm-hisiv200-linux/target/usr/lib -L/home/hisisdk/histb_v2/autelan/rootfs/zlib-1.2.8/../../release/lib -L/home/hisisdk/histb_v2/autelan/rootfs/zlib-1.2.8/../../release/usr/lib -L/home/hisisdk/histb_v2/autelan/rootfs/zlib-1.2.8/../../release/usr/local/lib
LDSHARED = arm-hisiv200-linux-gcc -shared -Wl,-soname,libz.so.1,--version-script,zlib.map
LDSHAREDLIBC = -lc
OBJC = $(OBJZ) $(OBJG)
PIC_OBJC = $(PIC_OBJZ) $(PIC_OBJG)
RANLIB = ranlib
SFLAGS = -g -O2 -I/opt/hisi-linux/x86-arm/arm-hisiv200-linux/target/usr/include -I/home/hisisdk/histb_v2/autelan/rootfs/zlib-1.2.8/../../fakerelease/usr/include -I/home/hisisdk/histb_v2/autelan/rootfs/zlib-1.2.8/../../fakerelease/usr/local/include -fPIC -D_LARGEFILE64_SOURCE=1 -DHAVE_HIDDEN
SHAREDLIB = libz.so
SHAREDLIBM = libz.so.1
SHAREDLIBV = libz.so.1.2.8
STATICLIB = libz.a
TEST = all teststatic testshared test64
VER = 1.2.8
Z_U4 =
exec_prefix = /home/hisisdk/histb_v2/autelan/rootfs/zlib-1.2.8/../../release/usr
includedir = /home/hisisdk/histb_v2/autelan/rootfs/zlib-1.2.8/../../fakerelease/usr/include
libdir = /home/hisisdk/histb_v2/autelan/rootfs/zlib-1.2.8/../../release/usr/lib
mandir = ${prefix}/share/man
prefix = /home/hisisdk/histb_v2/autelan/rootfs/zlib-1.2.8/../../release/usr
sharedlibdir = /home/hisisdk/histb_v2/autelan/rootfs/zlib-1.2.8/../../release/usr/lib
uname = Linux
--------------------


--------------------
./configure --prefix=/home/hisisdk/histb_v2/autelan/rootfs/zlib-1.2.8/../../release/usr --eprefix=/home/hisisdk/histb_v2/autelan/rootfs/zlib-1.2.8/../../release/usr --libdir=/home/hisisdk/histb_v2/autelan/rootfs/zlib-1.2.8/../../release/usr/lib --sharedlibdir=/home/hisisdk/histb_v2/autelan/rootfs/zlib-1.2.8/../../release/usr/lib --includedir=/home/hisisdk/histb_v2/autelan/rootfs/zlib-1.2.8/../../fakerelease/usr/include
Tue Apr 14 17:38:00 EDT 2015
=== ztest25895.c ===
extern int getchar();
int hello() {return getchar();}
===
arm-hisiv200-linux-gcc -c ztest25895.c
... using gcc

Checking for obsessive-compulsive compiler options...
=== ztest25895.c ===
int foo() { return 0; }
===
arm-hisiv200-linux-gcc -c -g -O2 -I/opt/hisi-linux/x86-arm/arm-hisiv200-linux/target/usr/include -I/home/hisisdk/histb_v2/autelan/rootfs/zlib-1.2.8/../../fakerelease/usr/include -I/home/hisisdk/histb_v2/autelan/rootfs/zlib-1.2.8/../../fakerelease/usr/local/include ztest25895.c

Checking for shared library support...
=== ztest25895.c ===
extern int getchar();
int hello() {return getchar();}
===
arm-hisiv200-linux-gcc -w -c -g -O2 -I/opt/hisi-linux/x86-arm/arm-hisiv200-linux/target/usr/include -I/home/hisisdk/histb_v2/autelan/rootfs/zlib-1.2.8/../../fakerelease/usr/include -I/home/hisisdk/histb_v2/autelan/rootfs/zlib-1.2.8/../../fakerelease/usr/local/include -fPIC ztest25895.c
arm-hisiv200-linux-gcc -shared -Wl,-soname,libz.so.1,--version-script,zlib.map -g -O2 -I/opt/hisi-linux/x86-arm/arm-hisiv200-linux/target/usr/include -I/home/hisisdk/histb_v2/autelan/rootfs/zlib-1.2.8/../../fakerelease/usr/include -I/home/hisisdk/histb_v2/autelan/rootfs/zlib-1.2.8/../../fakerelease/usr/local/include -fPIC -o ztest25895.so ztest25895.o
Building shared library libz.so.1.2.8 with arm-hisiv200-linux-gcc.

=== ztest25895.c ===
#include <sys/types.h>
off64_t dummy = 0;
===
arm-hisiv200-linux-gcc -c -g -O2 -I/opt/hisi-linux/x86-arm/arm-hisiv200-linux/target/usr/include -I/home/hisisdk/histb_v2/autelan/rootfs/zlib-1.2.8/../../fakerelease/usr/include -I/home/hisisdk/histb_v2/autelan/rootfs/zlib-1.2.8/../../fakerelease/usr/local/include -D_LARGEFILE64_SOURCE=1 ztest25895.c
Checking for off64_t... Yes.
Checking for fseeko... Yes.

=== ztest25895.c ===
#include <string.h>
#include <errno.h>
int main() { return strlen(strerror(errno)); }
===
arm-hisiv200-linux-gcc -g -O2 -I/opt/hisi-linux/x86-arm/arm-hisiv200-linux/target/usr/include -I/home/hisisdk/histb_v2/autelan/rootfs/zlib-1.2.8/../../fakerelease/usr/include -I/home/hisisdk/histb_v2/autelan/rootfs/zlib-1.2.8/../../fakerelease/usr/local/include -D_LARGEFILE64_SOURCE=1 -o ztest25895 ztest25895.c
Checking for strerror... Yes.

=== ztest25895.c ===
#include <unistd.h>
int main() { return 0; }
===
arm-hisiv200-linux-gcc -c -g -O2 -I/opt/hisi-linux/x86-arm/arm-hisiv200-linux/target/usr/include -I/home/hisisdk/histb_v2/autelan/rootfs/zlib-1.2.8/../../fakerelease/usr/include -I/home/hisisdk/histb_v2/autelan/rootfs/zlib-1.2.8/../../fakerelease/usr/local/include -D_LARGEFILE64_SOURCE=1 ztest25895.c
Checking for unistd.h... Yes.

=== ztest25895.c ===
#include <stdarg.h>
int main() { return 0; }
===
arm-hisiv200-linux-gcc -c -g -O2 -I/opt/hisi-linux/x86-arm/arm-hisiv200-linux/target/usr/include -I/home/hisisdk/histb_v2/autelan/rootfs/zlib-1.2.8/../../fakerelease/usr/include -I/home/hisisdk/histb_v2/autelan/rootfs/zlib-1.2.8/../../fakerelease/usr/local/include -D_LARGEFILE64_SOURCE=1 ztest25895.c
Checking for stdarg.h... Yes.

=== ztest25895.c ===
#include <stdio.h>
#include <stdarg.h>
#include "zconf.h"
int main()
{
#ifndef STDC
  choke me
#endif
  return 0;
}
===
arm-hisiv200-linux-gcc -c -g -O2 -I/opt/hisi-linux/x86-arm/arm-hisiv200-linux/target/usr/include -I/home/hisisdk/histb_v2/autelan/rootfs/zlib-1.2.8/../../fakerelease/usr/include -I/home/hisisdk/histb_v2/autelan/rootfs/zlib-1.2.8/../../fakerelease/usr/local/include -D_LARGEFILE64_SOURCE=1 ztest25895.c
Checking whether to use vs[n]printf() or s[n]printf()... using vs[n]printf().

=== ztest25895.c ===
#include <stdio.h>
#include <stdarg.h>
int mytest(const char *fmt, ...)
{
  char buf[20];
  va_list ap;
  va_start(ap, fmt);
  vsnprintf(buf, sizeof(buf), fmt, ap);
  va_end(ap);
  return 0;
}
int main()
{
  return (mytest("Hello%d\n", 1));
}
===
arm-hisiv200-linux-gcc -g -O2 -I/opt/hisi-linux/x86-arm/arm-hisiv200-linux/target/usr/include -I/home/hisisdk/histb_v2/autelan/rootfs/zlib-1.2.8/../../fakerelease/usr/include -I/home/hisisdk/histb_v2/autelan/rootfs/zlib-1.2.8/../../fakerelease/usr/local/include -D_LARGEFILE64_SOURCE=1 -o ztest25895 ztest25895.c
Checking for vsnprintf() in stdio.h... Yes.

=== ztest25895.c ===
#include <stdio.h>
#include <stdarg.h>
int mytest(const char *fmt, ...)
{
  int n;
  char buf[20];
  va_list ap;
  va_start(ap, fmt);
  n = vsnprintf(buf, sizeof(buf), fmt, ap);
  va_end(ap);
  return n;
}
int main()
{
  return (mytest("Hello%d\n", 1));
}
===
arm-hisiv200-linux-gcc -c -g -O2 -I/opt/hisi-linux/x86-arm/arm-hisiv200-linux/target/usr/include -I/home/hisisdk/histb_v2/autelan/rootfs/zlib-1.2.8/../../fakerelease/usr/include -I/home/hisisdk/histb_v2/autelan/rootfs/zlib-1.2.8/../../fakerelease/usr/local/include -D_LARGEFILE64_SOURCE=1 ztest25895.c
Checking for return value of vsnprintf()... Yes.

=== ztest25895.c ===
#define ZLIB_INTERNAL __attribute__((visibility ("hidden")))
int ZLIB_INTERNAL foo;
int main()
{
  return 0;
}
===
arm-hisiv200-linux-gcc -c -g -O2 -I/opt/hisi-linux/x86-arm/arm-hisiv200-linux/target/usr/include -I/home/hisisdk/histb_v2/autelan/rootfs/zlib-1.2.8/../../fakerelease/usr/include -I/home/hisisdk/histb_v2/autelan/rootfs/zlib-1.2.8/../../fakerelease/usr/local/include -D_LARGEFILE64_SOURCE=1 ztest25895.c
Checking for attribute(visibility) support... Yes.

ALL = static shared all64
AR = ar
ARFLAGS = rc
CC = arm-hisiv200-linux-gcc
CFLAGS = -g -O2 -I/opt/hisi-linux/x86-arm/arm-hisiv200-linux/target/usr/include -I/home/hisisdk/histb_v2/autelan/rootfs/zlib-1.2.8/../../fakerelease/usr/include -I/home/hisisdk/histb_v2/autelan/rootfs/zlib-1.2.8/../../fakerelease/usr/local/include -D_LARGEFILE64_SOURCE=1 -DHAVE_HIDDEN
CPP = arm-hisiv200-linux-gcc -E
EXE =
LDCONFIG = ldconfig
LDFLAGS = -L/opt/hisi-linux/x86-arm/arm-hisiv200-linux/target/lib -L/opt/hisi-linux/x86-arm/arm-hisiv200-linux/target/usr/lib -L/home/hisisdk/histb_v2/autelan/rootfs/zlib-1.2.8/../../release/lib -L/home/hisisdk/histb_v2/autelan/rootfs/zlib-1.2.8/../../release/usr/lib -L/home/hisisdk/histb_v2/autelan/rootfs/zlib-1.2.8/../../release/usr/local/lib
LDSHARED = arm-hisiv200-linux-gcc -shared -Wl,-soname,libz.so.1,--version-script,zlib.map
LDSHAREDLIBC = -lc
OBJC = $(OBJZ) $(OBJG)
PIC_OBJC = $(PIC_OBJZ) $(PIC_OBJG)
RANLIB = ranlib
SFLAGS = -g -O2 -I/opt/hisi-linux/x86-arm/arm-hisiv200-linux/target/usr/include -I/home/hisisdk/histb_v2/autelan/rootfs/zlib-1.2.8/../../fakerelease/usr/include -I/home/hisisdk/histb_v2/autelan/rootfs/zlib-1.2.8/../../fakerelease/usr/local/include -fPIC -D_LARGEFILE64_SOURCE=1 -DHAVE_HIDDEN
SHAREDLIB = libz.so
SHAREDLIBM = libz.so.1
SHAREDLIBV = libz.so.1.2.8
STATICLIB = libz.a
TEST = all teststatic testshared test64
VER = 1.2.8
Z_U4 =
exec_prefix = /home/hisisdk/histb_v2/autelan/rootfs/zlib-1.2.8/../../release/usr
includedir = /home/hisisdk/histb_v2/autelan/rootfs/zlib-1.2.8/../../fakerelease/usr/include
libdir = /home/hisisdk/histb_v2/autelan/rootfs/zlib-1.2.8/../../release/usr/lib
mandir = ${prefix}/share/man
prefix = /home/hisisdk/histb_v2/autelan/rootfs/zlib-1.2.8/../../release/usr
sharedlibdir = /home/hisisdk/histb_v2/autelan/rootfs/zlib-1.2.8/../../release/usr/lib
uname = Linux
--------------------


