This file contains any messages produced by compilers while
running configure, to aid debugging if configure makes a mistake.

It was created by popt configure 1.16, which was
generated by GNU Autoconf 2.69.  Invocation command line was

  $ ./configure --host=arm-hisiv200-linux --prefix=/home/hisisdk/histb_v2/autelan/autelan_scripts/../release/usr --bindir=/home/hisisdk/histb_v2/autelan/autelan_scripts/../release/usr/bin --sbindir=/home/hisisdk/histb_v2/autelan/autelan_scripts/../release/usr/sbin --libexecdir=/home/hisisdk/histb_v2/autelan/autelan_scripts/../release/usr/libexec --sysconfdir=/home/hisisdk/histb_v2/autelan/autelan_scripts/../release/etc --localstatedir=/home/hisisdk/histb_v2/autelan/autelan_scripts/../release/var --libdir=/home/hisisdk/histb_v2/autelan/autelan_scripts/../release/usr/lib --includedir=/home/hisisdk/histb_v2/autelan/autelan_scripts/../fakerelease/usr/include --datarootdir=/home/hisisdk/histb_v2/autelan/autelan_scripts/../fakerelease/usr/share --datadir=/home/hisisdk/histb_v2/autelan/autelan_scripts/../fakerelease/usr/share --infodir=/home/hisisdk/histb_v2/autelan/autelan_scripts/../fakerelease/usr/share/info --localedir=/home/hisisdk/histb_v2/autelan/autelan_scripts/../fakerelease/usr/share/local --mandir=/home/hisisdk/histb_v2/autelan/autelan_scripts/../fakerelease/usr/share/man --docdir=/home/hisisdk/histb_v2/autelan/autelan_scripts/../fakerelease/usr/share/doc --htmldir=/home/hisisdk/histb_v2/autelan/autelan_scripts/../fakerelease/usr/share/doc --dvidir=/home/hisisdk/histb_v2/autelan/autelan_scripts/../fakerelease/usr/share/doc --pdfdir=/home/hisisdk/histb_v2/autelan/autelan_scripts/../fakerelease/usr/share/doc --psdir=/home/hisisdk/histb_v2/autelan/autelan_scripts/../fakerelease/usr/share/doc --disable-static --disable-nls

## --------- ##
## Platform. ##
## --------- ##

hostname = debian6
uname -m = i686
uname -r = 2.6.32-5-686
uname -s = Linux
uname -v = #1 SMP Sun May 6 04:01:19 UTC 2012

/usr/bin/uname -p = unknown
/bin/uname -X     = unknown

/bin/arch              = unknown
/usr/bin/arch -k       = unknown
/usr/convex/getsysinfo = unknown
/usr/bin/hostinfo      = unknown
/bin/machine           = unknown
/usr/bin/oslevel       = unknown
/bin/universe          = unknown

PATH: /opt/hisi-linux/x86-arm/arm-hisiv200-linux/target/bin
PATH: /home/liujingfei/work/go/bin
PATH: /home/liujingfei/project/gopath/bin
PATH: /usr/local/bin
PATH: /usr/bin
PATH: /bin
PATH: /usr/local/games
PATH: /usr/games


## ----------- ##
## Core tests. ##
## ----------- ##

configure:2426: checking build system type
configure:2440: result: i686-pc-linux-gnu
configure:2460: checking host system type
configure:2473: result: arm-hisiv200-linux-gnu
configure:2493: checking target system type
configure:2506: result: arm-hisiv200-linux-gnu
configure:2550: checking for a BSD-compatible install
configure:2618: result: /usr/bin/install -c
configure:2629: checking whether build environment is sane
configure:2679: result: yes
configure:2728: checking for arm-hisiv200-linux-strip
configure:2744: found /opt/hisi-linux/x86-arm/arm-hisiv200-linux/target/bin/arm-hisiv200-linux-strip
configure:2755: result: arm-hisiv200-linux-strip
configure:2820: checking for a thread-safe mkdir -p
configure:2859: result: /bin/mkdir -p
configure:2872: checking for gawk
configure:2888: found /usr/bin/gawk
configure:2899: result: gawk
configure:2910: checking whether make sets $(MAKE)
configure:2932: result: yes
configure:3013: checking whether to enable maintainer-specific portions of Makefiles
configure:3022: result: no
configure:3061: checking for style of include used by make
configure:3089: result: GNU
configure:3119: checking for arm-hisiv200-linux-gcc
configure:3146: result: arm-hisiv200-linux-gcc
configure:3415: checking for C compiler version
configure:3424: arm-hisiv200-linux-gcc --version >&5
arm-hisiv200-linux-gcc (Hisilicon_v200(gcc4.4-290+glibc-2.11+eabi+nptl)) 4.4.1
Copyright (C) 2009 Free Software Foundation, Inc.
This is free software; see the source for copying conditions.  There is NO
warranty; not even for MERCHANTABILITY or FITNESS FOR A PARTICULAR PURPOSE.

configure:3435: $? = 0
configure:3424: arm-hisiv200-linux-gcc -v >&5
Using built-in specs.
Target: arm-hisiv200-linux-gnueabi
Configured with: ../gcc-4.4-2010q1/configure --host=i686-pc-linux-gnu --build=i686-pc-linux-gnu --target=arm-hisiv200-linux-gnueabi --prefix=/home/c00132816/toolchain_glibc/install/arm-hisiv200-linux --enable-threads --disable-libmudflap --disable-libssp --disable-libstdcxx-pch --with-arch=armv5te --with-gnu-as --with-gnu-ld --enable-languages=c,c++ --enable-shared --enable-lto --enable-symvers=gnu --enable-__cxa_atexit --disable-nls --enable-extra-hisi-multilibs --with-sysroot=/home/c00132816/toolchain_glibc/install/arm-hisiv200-linux/target --with-build-sysroot=/home/c00132816/toolchain_glibc/install/arm-hisiv200-linux/target --with-gmp=/home/c00132816/toolchain_glibc/install/host_lib --with-mpfr=/home/c00132816/toolchain_glibc/install/host_lib --with-ppl=/home/c00132816/toolchain_glibc/install/host_lib --with-cloog=/home/c00132816/toolchain_glibc/install/host_lib --with-libelf=/home/c00132816/toolchain_glibc/install/host_lib --with-host-libstdcxx='-static-libgcc -Wl,-Bstatic,-lstdc++,-Bstatic -lm' --enable-libgomp --enable-poison-system-directories --with-libelf=/home/c00132816/toolchain_glibc/install/host_lib --with-pkgversion='Hisilicon_v200(gcc4.4-290+glibc-2.11+eabi+nptl)' --with-bugurl=http://www.hisilicon.com/cn/service/claim.html
Thread model: posix
gcc version 4.4.1 (Hisilicon_v200(gcc4.4-290+glibc-2.11+eabi+nptl)) 
configure:3435: $? = 0
configure:3424: arm-hisiv200-linux-gcc -V >&5
arm-hisiv200-linux-gcc: '-V' option must have argument
configure:3435: $? = 1
configure:3424: arm-hisiv200-linux-gcc -qversion >&5
arm-hisiv200-linux-gcc: unrecognized option '-qversion'
arm-hisiv200-linux-gcc: no input files
configure:3435: $? = 1
configure:3455: checking whether the C compiler works
configure:3477: arm-hisiv200-linux-gcc  		-O2 		-I/opt/hisi-linux/x86-arm/arm-hisiv200-linux/target/usr/include 		-I/home/hisisdk/histb_v2/autelan/autelan_scripts/../fakerelease/usr/include -I/home/hisisdk/histb_v2/autelan/autelan_scripts/../fakerelease/usr/local/include 		   		-L/opt/hisi-linux/x86-arm/arm-hisiv200-linux/target/lib -L/opt/hisi-linux/x86-arm/arm-hisiv200-linux/target/usr/lib 		-L/home/hisisdk/histb_v2/autelan/autelan_scripts/../release/lib -L/home/hisisdk/histb_v2/autelan/autelan_scripts/../release/usr/lib -L/home/hisisdk/histb_v2/autelan/autelan_scripts/../release/usr/local/lib 		 conftest.c  >&5
configure:3481: $? = 0
configure:3529: result: yes
configure:3532: checking for C compiler default output file name
configure:3534: result: a.out
configure:3540: checking for suffix of executables
configure:3547: arm-hisiv200-linux-gcc -o conftest  		-O2 		-I/opt/hisi-linux/x86-arm/arm-hisiv200-linux/target/usr/include 		-I/home/hisisdk/histb_v2/autelan/autelan_scripts/../fakerelease/usr/include -I/home/hisisdk/histb_v2/autelan/autelan_scripts/../fakerelease/usr/local/include 		   		-L/opt/hisi-linux/x86-arm/arm-hisiv200-linux/target/lib -L/opt/hisi-linux/x86-arm/arm-hisiv200-linux/target/usr/lib 		-L/home/hisisdk/histb_v2/autelan/autelan_scripts/../release/lib -L/home/hisisdk/histb_v2/autelan/autelan_scripts/../release/usr/lib -L/home/hisisdk/histb_v2/autelan/autelan_scripts/../release/usr/local/lib 		 conftest.c  >&5
configure:3551: $? = 0
configure:3573: result: 
configure:3595: checking whether we are cross compiling
configure:3603: arm-hisiv200-linux-gcc -o conftest  		-O2 		-I/opt/hisi-linux/x86-arm/arm-hisiv200-linux/target/usr/include 		-I/home/hisisdk/histb_v2/autelan/autelan_scripts/../fakerelease/usr/include -I/home/hisisdk/histb_v2/autelan/autelan_scripts/../fakerelease/usr/local/include 		   		-L/opt/hisi-linux/x86-arm/arm-hisiv200-linux/target/lib -L/opt/hisi-linux/x86-arm/arm-hisiv200-linux/target/usr/lib 		-L/home/hisisdk/histb_v2/autelan/autelan_scripts/../release/lib -L/home/hisisdk/histb_v2/autelan/autelan_scripts/../release/usr/lib -L/home/hisisdk/histb_v2/autelan/autelan_scripts/../release/usr/local/lib 		 conftest.c  >&5
configure:3607: $? = 0
configure:3614: ./conftest
./configure: line 3616: ./conftest: cannot execute binary file
configure:3618: $? = 126
configure:3633: result: yes
configure:3638: checking for suffix of object files
configure:3660: arm-hisiv200-linux-gcc -c  		-O2 		-I/opt/hisi-linux/x86-arm/arm-hisiv200-linux/target/usr/include 		-I/home/hisisdk/histb_v2/autelan/autelan_scripts/../fakerelease/usr/include -I/home/hisisdk/histb_v2/autelan/autelan_scripts/../fakerelease/usr/local/include 		  conftest.c >&5
configure:3664: $? = 0
configure:3685: result: o
configure:3689: checking whether we are using the GNU C compiler
configure:3708: arm-hisiv200-linux-gcc -c  		-O2 		-I/opt/hisi-linux/x86-arm/arm-hisiv200-linux/target/usr/include 		-I/home/hisisdk/histb_v2/autelan/autelan_scripts/../fakerelease/usr/include -I/home/hisisdk/histb_v2/autelan/autelan_scripts/../fakerelease/usr/local/include 		  conftest.c >&5
configure:3708: $? = 0
configure:3717: result: yes
configure:3726: checking whether arm-hisiv200-linux-gcc accepts -g
configure:3746: arm-hisiv200-linux-gcc -c -g  conftest.c >&5
configure:3746: $? = 0
configure:3787: result: yes
configure:3804: checking for arm-hisiv200-linux-gcc option to accept ISO C89
configure:3867: arm-hisiv200-linux-gcc  -c  		-O2 		-I/opt/hisi-linux/x86-arm/arm-hisiv200-linux/target/usr/include 		-I/home/hisisdk/histb_v2/autelan/autelan_scripts/../fakerelease/usr/include -I/home/hisisdk/histb_v2/autelan/autelan_scripts/../fakerelease/usr/local/include 		  conftest.c >&5
configure:3867: $? = 0
configure:3880: result: none needed
configure:3902: checking dependency style of arm-hisiv200-linux-gcc
configure:4012: result: gcc3
configure:4031: checking for arm-hisiv200-linux-gcc option to accept ISO C99
configure:4180: arm-hisiv200-linux-gcc  -c  		-O2 		-I/opt/hisi-linux/x86-arm/arm-hisiv200-linux/target/usr/include 		-I/home/hisisdk/histb_v2/autelan/autelan_scripts/../fakerelease/usr/include -I/home/hisisdk/histb_v2/autelan/autelan_scripts/../fakerelease/usr/local/include 		  conftest.c >&5
conftest.c:61: error: expected ';', ',' or ')' before 'text'
conftest.c: In function 'main':
conftest.c:115: error: expected '=', ',', ';', 'asm' or '__attribute__' before 'newvar'
conftest.c:115: error: 'newvar' undeclared (first use in this function)
conftest.c:115: error: (Each undeclared identifier is reported only once
conftest.c:115: error: for each function it appears in.)
conftest.c:125: error: 'for' loop initial declarations are only allowed in C99 mode
conftest.c:125: note: use option -std=c99 or -std=gnu99 to compile your code
configure:4180: $? = 1
configure: failed program was:
| /* confdefs.h */
| #define PACKAGE_NAME "popt"
| #define PACKAGE_TARNAME "popt"
| #define PACKAGE_VERSION "1.16"
| #define PACKAGE_STRING "popt 1.16"
| #define PACKAGE_BUGREPORT "popt-devel@rpm5.org"
| #define PACKAGE_URL ""
| #define PACKAGE "popt"
| #define VERSION "1.16"
| /* end confdefs.h.  */
| #include <stdarg.h>
| #include <stdbool.h>
| #include <stdlib.h>
| #include <wchar.h>
| #include <stdio.h>
| 
| // Check varargs macros.  These examples are taken from C99 6.10.3.5.
| #define debug(...) fprintf (stderr, __VA_ARGS__)
| #define showlist(...) puts (#__VA_ARGS__)
| #define report(test,...) ((test) ? puts (#test) : printf (__VA_ARGS__))
| static void
| test_varargs_macros (void)
| {
|   int x = 1234;
|   int y = 5678;
|   debug ("Flag");
|   debug ("X = %d\n", x);
|   showlist (The first, second, and third items.);
|   report (x>y, "x is %d but y is %d", x, y);
| }
| 
| // Check long long types.
| #define BIG64 18446744073709551615ull
| #define BIG32 4294967295ul
| #define BIG_OK (BIG64 / BIG32 == 4294967297ull && BIG64 % BIG32 == 0)
| #if !BIG_OK
|   your preprocessor is broken;
| #endif
| #if BIG_OK
| #else
|   your preprocessor is broken;
| #endif
| static long long int bignum = -9223372036854775807LL;
| static unsigned long long int ubignum = BIG64;
| 
| struct incomplete_array
| {
|   int datasize;
|   double data[];
| };
| 
| struct named_init {
|   int number;
|   const wchar_t *name;
|   double average;
| };
| 
| typedef const char *ccp;
| 
| static inline int
| test_restrict (ccp restrict text)
| {
|   // See if C++-style comments work.
|   // Iterate through items via the restricted pointer.
|   // Also check for declarations in for loops.
|   for (unsigned int i = 0; *(text+i) != '\0'; ++i)
|     continue;
|   return 0;
| }
| 
| // Check varargs and va_copy.
| static void
| test_varargs (const char *format, ...)
| {
|   va_list args;
|   va_start (args, format);
|   va_list args_copy;
|   va_copy (args_copy, args);
| 
|   const char *str;
|   int number;
|   float fnumber;
| 
|   while (*format)
|     {
|       switch (*format++)
| 	{
| 	case 's': // string
| 	  str = va_arg (args_copy, const char *);
| 	  break;
| 	case 'd': // int
| 	  number = va_arg (args_copy, int);
| 	  break;
| 	case 'f': // float
| 	  fnumber = va_arg (args_copy, double);
| 	  break;
| 	default:
| 	  break;
| 	}
|     }
|   va_end (args_copy);
|   va_end (args);
| }
| 
| int
| main ()
| {
| 
|   // Check bool.
|   _Bool success = false;
| 
|   // Check restrict.
|   if (test_restrict ("String literal") == 0)
|     success = true;
|   char *restrict newvar = "Another string";
| 
|   // Check varargs.
|   test_varargs ("s, d' f .", "string", 65, 34.234);
|   test_varargs_macros ();
| 
|   // Check flexible array members.
|   struct incomplete_array *ia =
|     malloc (sizeof (struct incomplete_array) + (sizeof (double) * 10));
|   ia->datasize = 10;
|   for (int i = 0; i < ia->datasize; ++i)
|     ia->data[i] = i * 1.234;
| 
|   // Check named initializers.
|   struct named_init ni = {
|     .number = 34,
|     .name = L"Test wide string",
|     .average = 543.34343,
|   };
| 
|   ni.number = 58;
| 
|   int dynamic_array[ni.number];
|   dynamic_array[ni.number - 1] = 543;
| 
|   // work around unused variable warnings
|   return (!success || bignum == 0LL || ubignum == 0uLL || newvar[0] == 'x'
| 	  || dynamic_array[ni.number - 1] != 543);
| 
|   ;
|   return 0;
| }
configure:4180: arm-hisiv200-linux-gcc -std=gnu99 -c  		-O2 		-I/opt/hisi-linux/x86-arm/arm-hisiv200-linux/target/usr/include 		-I/home/hisisdk/histb_v2/autelan/autelan_scripts/../fakerelease/usr/include -I/home/hisisdk/histb_v2/autelan/autelan_scripts/../fakerelease/usr/local/include 		  conftest.c >&5
configure:4180: $? = 0
configure:4200: result: -std=gnu99
configure:4301: checking for arm-hisiv200-linux-gcc -std=gnu99 option to accept ISO Standard C
configure:4315: result: -std=gnu99
configure:4327: checking for arm-hisiv200-linux-gcc
configure:4354: result: arm-hisiv200-linux-gcc
configure:4623: checking for C compiler version
configure:4632: arm-hisiv200-linux-gcc --version >&5
arm-hisiv200-linux-gcc (Hisilicon_v200(gcc4.4-290+glibc-2.11+eabi+nptl)) 4.4.1
Copyright (C) 2009 Free Software Foundation, Inc.
This is free software; see the source for copying conditions.  There is NO
warranty; not even for MERCHANTABILITY or FITNESS FOR A PARTICULAR PURPOSE.

configure:4643: $? = 0
configure:4632: arm-hisiv200-linux-gcc -v >&5
Using built-in specs.
Target: arm-hisiv200-linux-gnueabi
Configured with: ../gcc-4.4-2010q1/configure --host=i686-pc-linux-gnu --build=i686-pc-linux-gnu --target=arm-hisiv200-linux-gnueabi --prefix=/home/c00132816/toolchain_glibc/install/arm-hisiv200-linux --enable-threads --disable-libmudflap --disable-libssp --disable-libstdcxx-pch --with-arch=armv5te --with-gnu-as --with-gnu-ld --enable-languages=c,c++ --enable-shared --enable-lto --enable-symvers=gnu --enable-__cxa_atexit --disable-nls --enable-extra-hisi-multilibs --with-sysroot=/home/c00132816/toolchain_glibc/install/arm-hisiv200-linux/target --with-build-sysroot=/home/c00132816/toolchain_glibc/install/arm-hisiv200-linux/target --with-gmp=/home/c00132816/toolchain_glibc/install/host_lib --with-mpfr=/home/c00132816/toolchain_glibc/install/host_lib --with-ppl=/home/c00132816/toolchain_glibc/install/host_lib --with-cloog=/home/c00132816/toolchain_glibc/install/host_lib --with-libelf=/home/c00132816/toolchain_glibc/install/host_lib --with-host-libstdcxx='-static-libgcc -Wl,-Bstatic,-lstdc++,-Bstatic -lm' --enable-libgomp --enable-poison-system-directories --with-libelf=/home/c00132816/toolchain_glibc/install/host_lib --with-pkgversion='Hisilicon_v200(gcc4.4-290+glibc-2.11+eabi+nptl)' --with-bugurl=http://www.hisilicon.com/cn/service/claim.html
Thread model: posix
gcc version 4.4.1 (Hisilicon_v200(gcc4.4-290+glibc-2.11+eabi+nptl)) 
configure:4643: $? = 0
configure:4632: arm-hisiv200-linux-gcc -V >&5
arm-hisiv200-linux-gcc: '-V' option must have argument
configure:4643: $? = 1
configure:4632: arm-hisiv200-linux-gcc -qversion >&5
arm-hisiv200-linux-gcc: unrecognized option '-qversion'
arm-hisiv200-linux-gcc: no input files
configure:4643: $? = 1
configure:4647: checking whether we are using the GNU C compiler
configure:4675: result: yes
configure:4684: checking whether arm-hisiv200-linux-gcc accepts -g
configure:4745: result: yes
configure:4762: checking for arm-hisiv200-linux-gcc option to accept ISO C89
configure:4838: result: none needed
configure:4860: checking dependency style of arm-hisiv200-linux-gcc
configure:4970: result: gcc3
configure:5012: checking for a sed that does not truncate output
configure:5076: result: /bin/sed
configure:5094: checking for grep that handles long lines and -e
configure:5152: result: /bin/grep
configure:5157: checking for egrep
configure:5219: result: /bin/grep -E
configure:5224: checking for fgrep
configure:5286: result: /bin/grep -F
configure:5321: checking for ld used by arm-hisiv200-linux-gcc
configure:5388: result: /opt/hisi-linux/x86-arm/arm-hisiv200-linux/arm-hisiv200-linux-gnueabi/bin/ld
configure:5395: checking if the linker (/opt/hisi-linux/x86-arm/arm-hisiv200-linux/arm-hisiv200-linux-gnueabi/bin/ld) is GNU ld
configure:5410: result: yes
configure:5422: checking for BSD- or MS-compatible name lister (nm)
configure:5471: result: /opt/hisi-linux/x86-arm/arm-hisiv200-linux/target/bin/arm-hisiv200-linux-nm -B
configure:5589: checking the name lister (/opt/hisi-linux/x86-arm/arm-hisiv200-linux/target/bin/arm-hisiv200-linux-nm -B) interface
configure:5596: arm-hisiv200-linux-gcc -c  		-O2 		-I/opt/hisi-linux/x86-arm/arm-hisiv200-linux/target/usr/include 		-I/home/hisisdk/histb_v2/autelan/autelan_scripts/../fakerelease/usr/include -I/home/hisisdk/histb_v2/autelan/autelan_scripts/../fakerelease/usr/local/include 		  conftest.c >&5
configure:5599: /opt/hisi-linux/x86-arm/arm-hisiv200-linux/target/bin/arm-hisiv200-linux-nm -B "conftest.o"
configure:5602: output
00000000 B some_variable
configure:5609: result: BSD nm
configure:5612: checking whether ln -s works
configure:5616: result: yes
configure:5624: checking the maximum length of command line arguments
configure:5744: result: 1572864
configure:5761: checking whether the shell understands some XSI constructs
configure:5771: result: yes
configure:5775: checking whether the shell understands "+="
configure:5781: result: yes
configure:5816: checking for /opt/hisi-linux/x86-arm/arm-hisiv200-linux/arm-hisiv200-linux-gnueabi/bin/ld option to reload object files
configure:5823: result: -r
configure:5852: checking for arm-hisiv200-linux-objdump
configure:5868: found /opt/hisi-linux/x86-arm/arm-hisiv200-linux/target/bin/arm-hisiv200-linux-objdump
configure:5879: result: arm-hisiv200-linux-objdump
configure:5951: checking how to recognize dependent libraries
configure:6147: result: pass_all
configure:6167: checking for arm-hisiv200-linux-ar
configure:6183: found /opt/hisi-linux/x86-arm/arm-hisiv200-linux/target/bin/arm-hisiv200-linux-ar
configure:6194: result: arm-hisiv200-linux-ar
configure:6272: checking for arm-hisiv200-linux-strip
configure:6299: result: arm-hisiv200-linux-strip
configure:6371: checking for arm-hisiv200-linux-ranlib
configure:6387: found /opt/hisi-linux/x86-arm/arm-hisiv200-linux/target/bin/arm-hisiv200-linux-ranlib
configure:6398: result: arm-hisiv200-linux-ranlib
configure:6528: checking command to parse /opt/hisi-linux/x86-arm/arm-hisiv200-linux/target/bin/arm-hisiv200-linux-nm -B output from arm-hisiv200-linux-gcc object
configure:6646: arm-hisiv200-linux-gcc -c  		-O2 		-I/opt/hisi-linux/x86-arm/arm-hisiv200-linux/target/usr/include 		-I/home/hisisdk/histb_v2/autelan/autelan_scripts/../fakerelease/usr/include -I/home/hisisdk/histb_v2/autelan/autelan_scripts/../fakerelease/usr/local/include 		  conftest.c >&5
configure:6649: $? = 0
configure:6653: /opt/hisi-linux/x86-arm/arm-hisiv200-linux/target/bin/arm-hisiv200-linux-nm -B conftest.o \| sed -n -e 's/^.*[	 ]\([ABCDGIRSTW][ABCDGIRSTW]*\)[	 ][	 ]*\([_A-Za-z][_A-Za-z0-9]*\)$/\1 \2 \2/p' \> conftest.nm
configure:6656: $? = 0
configure:6710: arm-hisiv200-linux-gcc -o conftest  		-O2 		-I/opt/hisi-linux/x86-arm/arm-hisiv200-linux/target/usr/include 		-I/home/hisisdk/histb_v2/autelan/autelan_scripts/../fakerelease/usr/include -I/home/hisisdk/histb_v2/autelan/autelan_scripts/../fakerelease/usr/local/include 		   		-L/opt/hisi-linux/x86-arm/arm-hisiv200-linux/target/lib -L/opt/hisi-linux/x86-arm/arm-hisiv200-linux/target/usr/lib 		-L/home/hisisdk/histb_v2/autelan/autelan_scripts/../release/lib -L/home/hisisdk/histb_v2/autelan/autelan_scripts/../release/usr/lib -L/home/hisisdk/histb_v2/autelan/autelan_scripts/../release/usr/local/lib 		 conftest.c conftstm.o >&5
configure:6713: $? = 0
configure:6751: result: ok
configure:7560: checking how to run the C preprocessor
configure:7591: arm-hisiv200-linux-gcc -E  conftest.c
configure:7591: $? = 0
configure:7605: arm-hisiv200-linux-gcc -E  conftest.c
conftest.c:11: fatal error: ac_nonexistent.h: No such file or directory
compilation terminated.
configure:7605: $? = 1
configure: failed program was:
| /* confdefs.h */
| #define PACKAGE_NAME "popt"
| #define PACKAGE_TARNAME "popt"
| #define PACKAGE_VERSION "1.16"
| #define PACKAGE_STRING "popt 1.16"
| #define PACKAGE_BUGREPORT "popt-devel@rpm5.org"
| #define PACKAGE_URL ""
| #define PACKAGE "popt"
| #define VERSION "1.16"
| /* end confdefs.h.  */
| #include <ac_nonexistent.h>
configure:7630: result: arm-hisiv200-linux-gcc -E
configure:7650: arm-hisiv200-linux-gcc -E  conftest.c
configure:7650: $? = 0
configure:7664: arm-hisiv200-linux-gcc -E  conftest.c
conftest.c:11: fatal error: ac_nonexistent.h: No such file or directory
compilation terminated.
configure:7664: $? = 1
configure: failed program was:
| /* confdefs.h */
| #define PACKAGE_NAME "popt"
| #define PACKAGE_TARNAME "popt"
| #define PACKAGE_VERSION "1.16"
| #define PACKAGE_STRING "popt 1.16"
| #define PACKAGE_BUGREPORT "popt-devel@rpm5.org"
| #define PACKAGE_URL ""
| #define PACKAGE "popt"
| #define VERSION "1.16"
| /* end confdefs.h.  */
| #include <ac_nonexistent.h>
configure:7693: checking for ANSI C header files
configure:7713: arm-hisiv200-linux-gcc -c  		-O2 		-I/opt/hisi-linux/x86-arm/arm-hisiv200-linux/target/usr/include 		-I/home/hisisdk/histb_v2/autelan/autelan_scripts/../fakerelease/usr/include -I/home/hisisdk/histb_v2/autelan/autelan_scripts/../fakerelease/usr/local/include 		  conftest.c >&5
configure:7713: $? = 0
configure:7797: result: yes
configure:7810: checking for sys/types.h
configure:7810: arm-hisiv200-linux-gcc -c  		-O2 		-I/opt/hisi-linux/x86-arm/arm-hisiv200-linux/target/usr/include 		-I/home/hisisdk/histb_v2/autelan/autelan_scripts/../fakerelease/usr/include -I/home/hisisdk/histb_v2/autelan/autelan_scripts/../fakerelease/usr/local/include 		  conftest.c >&5
configure:7810: $? = 0
configure:7810: result: yes
configure:7810: checking for sys/stat.h
configure:7810: arm-hisiv200-linux-gcc -c  		-O2 		-I/opt/hisi-linux/x86-arm/arm-hisiv200-linux/target/usr/include 		-I/home/hisisdk/histb_v2/autelan/autelan_scripts/../fakerelease/usr/include -I/home/hisisdk/histb_v2/autelan/autelan_scripts/../fakerelease/usr/local/include 		  conftest.c >&5
configure:7810: $? = 0
configure:7810: result: yes
configure:7810: checking for stdlib.h
configure:7810: arm-hisiv200-linux-gcc -c  		-O2 		-I/opt/hisi-linux/x86-arm/arm-hisiv200-linux/target/usr/include 		-I/home/hisisdk/histb_v2/autelan/autelan_scripts/../fakerelease/usr/include -I/home/hisisdk/histb_v2/autelan/autelan_scripts/../fakerelease/usr/local/include 		  conftest.c >&5
configure:7810: $? = 0
configure:7810: result: yes
configure:7810: checking for string.h
configure:7810: arm-hisiv200-linux-gcc -c  		-O2 		-I/opt/hisi-linux/x86-arm/arm-hisiv200-linux/target/usr/include 		-I/home/hisisdk/histb_v2/autelan/autelan_scripts/../fakerelease/usr/include -I/home/hisisdk/histb_v2/autelan/autelan_scripts/../fakerelease/usr/local/include 		  conftest.c >&5
configure:7810: $? = 0
configure:7810: result: yes
configure:7810: checking for memory.h
configure:7810: arm-hisiv200-linux-gcc -c  		-O2 		-I/opt/hisi-linux/x86-arm/arm-hisiv200-linux/target/usr/include 		-I/home/hisisdk/histb_v2/autelan/autelan_scripts/../fakerelease/usr/include -I/home/hisisdk/histb_v2/autelan/autelan_scripts/../fakerelease/usr/local/include 		  conftest.c >&5
configure:7810: $? = 0
configure:7810: result: yes
configure:7810: checking for strings.h
configure:7810: arm-hisiv200-linux-gcc -c  		-O2 		-I/opt/hisi-linux/x86-arm/arm-hisiv200-linux/target/usr/include 		-I/home/hisisdk/histb_v2/autelan/autelan_scripts/../fakerelease/usr/include -I/home/hisisdk/histb_v2/autelan/autelan_scripts/../fakerelease/usr/local/include 		  conftest.c >&5
configure:7810: $? = 0
configure:7810: result: yes
configure:7810: checking for inttypes.h
configure:7810: arm-hisiv200-linux-gcc -c  		-O2 		-I/opt/hisi-linux/x86-arm/arm-hisiv200-linux/target/usr/include 		-I/home/hisisdk/histb_v2/autelan/autelan_scripts/../fakerelease/usr/include -I/home/hisisdk/histb_v2/autelan/autelan_scripts/../fakerelease/usr/local/include 		  conftest.c >&5
configure:7810: $? = 0
configure:7810: result: yes
configure:7810: checking for stdint.h
configure:7810: arm-hisiv200-linux-gcc -c  		-O2 		-I/opt/hisi-linux/x86-arm/arm-hisiv200-linux/target/usr/include 		-I/home/hisisdk/histb_v2/autelan/autelan_scripts/../fakerelease/usr/include -I/home/hisisdk/histb_v2/autelan/autelan_scripts/../fakerelease/usr/local/include 		  conftest.c >&5
configure:7810: $? = 0
configure:7810: result: yes
configure:7810: checking for unistd.h
configure:7810: arm-hisiv200-linux-gcc -c  		-O2 		-I/opt/hisi-linux/x86-arm/arm-hisiv200-linux/target/usr/include 		-I/home/hisisdk/histb_v2/autelan/autelan_scripts/../fakerelease/usr/include -I/home/hisisdk/histb_v2/autelan/autelan_scripts/../fakerelease/usr/local/include 		  conftest.c >&5
configure:7810: $? = 0
configure:7810: result: yes
configure:7824: checking for dlfcn.h
configure:7824: arm-hisiv200-linux-gcc -c  		-O2 		-I/opt/hisi-linux/x86-arm/arm-hisiv200-linux/target/usr/include 		-I/home/hisisdk/histb_v2/autelan/autelan_scripts/../fakerelease/usr/include -I/home/hisisdk/histb_v2/autelan/autelan_scripts/../fakerelease/usr/local/include 		  conftest.c >&5
configure:7824: $? = 0
configure:7824: result: yes
configure:8008: checking for objdir
configure:8023: result: .libs
configure:8319: checking if arm-hisiv200-linux-gcc supports -fno-rtti -fno-exceptions
configure:8337: arm-hisiv200-linux-gcc -c  		-O2 		-I/opt/hisi-linux/x86-arm/arm-hisiv200-linux/target/usr/include 		-I/home/hisisdk/histb_v2/autelan/autelan_scripts/../fakerelease/usr/include -I/home/hisisdk/histb_v2/autelan/autelan_scripts/../fakerelease/usr/local/include 		  -fno-rtti -fno-exceptions conftest.c >&5
cc1: warning: command line option "-fno-rtti" is valid for C++/ObjC++ but not for C
configure:8341: $? = 0
configure:8354: result: no
configure:8374: checking for arm-hisiv200-linux-gcc option to produce PIC
configure:8646: result: -fPIC -DPIC
configure:8658: checking if arm-hisiv200-linux-gcc PIC flag -fPIC -DPIC works
configure:8676: arm-hisiv200-linux-gcc -c  		-O2 		-I/opt/hisi-linux/x86-arm/arm-hisiv200-linux/target/usr/include 		-I/home/hisisdk/histb_v2/autelan/autelan_scripts/../fakerelease/usr/include -I/home/hisisdk/histb_v2/autelan/autelan_scripts/../fakerelease/usr/local/include 		  -fPIC -DPIC -DPIC conftest.c >&5
configure:8680: $? = 0
configure:8693: result: yes
configure:8717: checking if arm-hisiv200-linux-gcc static flag -static works
configure:8745: result: yes
configure:8760: checking if arm-hisiv200-linux-gcc supports -c -o file.o
configure:8781: arm-hisiv200-linux-gcc -c  		-O2 		-I/opt/hisi-linux/x86-arm/arm-hisiv200-linux/target/usr/include 		-I/home/hisisdk/histb_v2/autelan/autelan_scripts/../fakerelease/usr/include -I/home/hisisdk/histb_v2/autelan/autelan_scripts/../fakerelease/usr/local/include 		  -o out/conftest2.o conftest.c >&5
configure:8785: $? = 0
configure:8807: result: yes
configure:8815: checking if arm-hisiv200-linux-gcc supports -c -o file.o
configure:8862: result: yes
configure:8895: checking whether the arm-hisiv200-linux-gcc linker (/opt/hisi-linux/x86-arm/arm-hisiv200-linux/arm-hisiv200-linux-gnueabi/bin/ld) supports shared libraries
configure:9886: result: yes
configure:9923: checking whether -lc should be explicitly linked in
configure:9928: arm-hisiv200-linux-gcc -c  		-O2 		-I/opt/hisi-linux/x86-arm/arm-hisiv200-linux/target/usr/include 		-I/home/hisisdk/histb_v2/autelan/autelan_scripts/../fakerelease/usr/include -I/home/hisisdk/histb_v2/autelan/autelan_scripts/../fakerelease/usr/local/include 		  conftest.c >&5
configure:9931: $? = 0
configure:9946: arm-hisiv200-linux-gcc -shared conftest.o  -v -Wl,-soname -Wl,conftest -o conftest 2\>\&1 \| /bin/grep  -lc  \>/dev/null 2\>\&1
configure:9949: $? = 0
configure:9961: result: no
configure:10125: checking dynamic linker characteristics
configure:10558: arm-hisiv200-linux-gcc -o conftest  		-O2 		-I/opt/hisi-linux/x86-arm/arm-hisiv200-linux/target/usr/include 		-I/home/hisisdk/histb_v2/autelan/autelan_scripts/../fakerelease/usr/include -I/home/hisisdk/histb_v2/autelan/autelan_scripts/../fakerelease/usr/local/include 		   		-L/opt/hisi-linux/x86-arm/arm-hisiv200-linux/target/lib -L/opt/hisi-linux/x86-arm/arm-hisiv200-linux/target/usr/lib 		-L/home/hisisdk/histb_v2/autelan/autelan_scripts/../release/lib -L/home/hisisdk/histb_v2/autelan/autelan_scripts/../release/usr/lib -L/home/hisisdk/histb_v2/autelan/autelan_scripts/../release/usr/local/lib 		 -Wl,-rpath -Wl,/foo conftest.c  >&5
configure:10558: $? = 0
configure:10788: result: GNU/Linux ld.so
configure:10890: checking how to hardcode library paths into programs
configure:10915: result: immediate
configure:11435: checking whether stripping libraries is possible
configure:11440: result: yes
configure:11475: checking if libtool supports shared libraries
configure:11477: result: yes
configure:11480: checking whether to build shared libraries
configure:11501: result: yes
configure:11504: checking whether to build static libraries
configure:11508: result: no
configure:11556: checking whether arm-hisiv200-linux-gcc needs -traditional
configure:11590: result: no
configure:11604: checking for special C compiler options needed for large files
configure:11649: result: no
configure:11655: checking for _FILE_OFFSET_BITS value needed for large files
configure:11680: arm-hisiv200-linux-gcc -c  		-O2 		-I/opt/hisi-linux/x86-arm/arm-hisiv200-linux/target/usr/include 		-I/home/hisisdk/histb_v2/autelan/autelan_scripts/../fakerelease/usr/include -I/home/hisisdk/histb_v2/autelan/autelan_scripts/../fakerelease/usr/local/include 		 -Wall -W -D_GNU_SOURCE -D_REENTRANT  conftest.c >&5
conftest.c:29: warning: left shift count >= width of type
conftest.c:29: warning: left shift count >= width of type
conftest.c:31: error: size of array 'off_t_is_large' is negative
configure:11680: $? = 1
configure: failed program was:
| /* confdefs.h */
| #define PACKAGE_NAME "popt"
| #define PACKAGE_TARNAME "popt"
| #define PACKAGE_VERSION "1.16"
| #define PACKAGE_STRING "popt 1.16"
| #define PACKAGE_BUGREPORT "popt-devel@rpm5.org"
| #define PACKAGE_URL ""
| #define PACKAGE "popt"
| #define VERSION "1.16"
| #define STDC_HEADERS 1
| #define HAVE_SYS_TYPES_H 1
| #define HAVE_SYS_STAT_H 1
| #define HAVE_STDLIB_H 1
| #define HAVE_STRING_H 1
| #define HAVE_MEMORY_H 1
| #define HAVE_STRINGS_H 1
| #define HAVE_INTTYPES_H 1
| #define HAVE_STDINT_H 1
| #define HAVE_UNISTD_H 1
| #define HAVE_DLFCN_H 1
| #define LT_OBJDIR ".libs/"
| /* end confdefs.h.  */
| #include <sys/types.h>
|  /* Check that off_t can represent 2**63 - 1 correctly.
|     We can't simply define LARGE_OFF_T to be 9223372036854775807,
|     since some C++ compilers masquerading as C compilers
|     incorrectly reject 9223372036854775807.  */
| #define LARGE_OFF_T (((off_t) 1 << 62) - 1 + ((off_t) 1 << 62))
|   int off_t_is_large[(LARGE_OFF_T % 2147483629 == 721
| 		       && LARGE_OFF_T % 2147483647 == 1)
| 		      ? 1 : -1];
| int
| main ()
| {
| 
|   ;
|   return 0;
| }
configure:11704: arm-hisiv200-linux-gcc -c  		-O2 		-I/opt/hisi-linux/x86-arm/arm-hisiv200-linux/target/usr/include 		-I/home/hisisdk/histb_v2/autelan/autelan_scripts/../fakerelease/usr/include -I/home/hisisdk/histb_v2/autelan/autelan_scripts/../fakerelease/usr/local/include 		 -Wall -W -D_GNU_SOURCE -D_REENTRANT  conftest.c >&5
configure:11704: $? = 0
configure:11712: result: 64
configure:11798: checking for library containing strerror
configure:11829: arm-hisiv200-linux-gcc -o conftest  		-O2 		-I/opt/hisi-linux/x86-arm/arm-hisiv200-linux/target/usr/include 		-I/home/hisisdk/histb_v2/autelan/autelan_scripts/../fakerelease/usr/include -I/home/hisisdk/histb_v2/autelan/autelan_scripts/../fakerelease/usr/local/include 		 -Wall -W -D_GNU_SOURCE -D_REENTRANT   		-L/opt/hisi-linux/x86-arm/arm-hisiv200-linux/target/lib -L/opt/hisi-linux/x86-arm/arm-hisiv200-linux/target/usr/lib 		-L/home/hisisdk/histb_v2/autelan/autelan_scripts/../release/lib -L/home/hisisdk/histb_v2/autelan/autelan_scripts/../release/usr/lib -L/home/hisisdk/histb_v2/autelan/autelan_scripts/../release/usr/local/lib 		 conftest.c  >&5
configure:11829: $? = 0
configure:11846: result: none required
configure:11854: checking for function prototypes
configure:11857: result: yes
configure:11880: checking for string.h
configure:11880: result: yes
configure:11895: checking float.h usability
configure:11895: arm-hisiv200-linux-gcc -c  		-O2 		-I/opt/hisi-linux/x86-arm/arm-hisiv200-linux/target/usr/include 		-I/home/hisisdk/histb_v2/autelan/autelan_scripts/../fakerelease/usr/include -I/home/hisisdk/histb_v2/autelan/autelan_scripts/../fakerelease/usr/local/include 		 -Wall -W -D_GNU_SOURCE -D_REENTRANT  conftest.c >&5
configure:11895: $? = 0
configure:11895: result: yes
configure:11895: checking float.h presence
configure:11895: arm-hisiv200-linux-gcc -E  conftest.c
configure:11895: $? = 0
configure:11895: result: yes
configure:11895: checking for float.h
configure:11895: result: yes
configure:11895: checking fnmatch.h usability
configure:11895: arm-hisiv200-linux-gcc -c  		-O2 		-I/opt/hisi-linux/x86-arm/arm-hisiv200-linux/target/usr/include 		-I/home/hisisdk/histb_v2/autelan/autelan_scripts/../fakerelease/usr/include -I/home/hisisdk/histb_v2/autelan/autelan_scripts/../fakerelease/usr/local/include 		 -Wall -W -D_GNU_SOURCE -D_REENTRANT  conftest.c >&5
configure:11895: $? = 0
configure:11895: result: yes
configure:11895: checking fnmatch.h presence
configure:11895: arm-hisiv200-linux-gcc -E  conftest.c
configure:11895: $? = 0
configure:11895: result: yes
configure:11895: checking for fnmatch.h
configure:11895: result: yes
configure:11895: checking glob.h usability
configure:11895: arm-hisiv200-linux-gcc -c  		-O2 		-I/opt/hisi-linux/x86-arm/arm-hisiv200-linux/target/usr/include 		-I/home/hisisdk/histb_v2/autelan/autelan_scripts/../fakerelease/usr/include -I/home/hisisdk/histb_v2/autelan/autelan_scripts/../fakerelease/usr/local/include 		 -Wall -W -D_GNU_SOURCE -D_REENTRANT  conftest.c >&5
configure:11895: $? = 0
configure:11895: result: yes
configure:11895: checking glob.h presence
configure:11895: arm-hisiv200-linux-gcc -E  conftest.c
configure:11895: $? = 0
configure:11895: result: yes
configure:11895: checking for glob.h
configure:11895: result: yes
configure:11895: checking langinfo.h usability
configure:11895: arm-hisiv200-linux-gcc -c  		-O2 		-I/opt/hisi-linux/x86-arm/arm-hisiv200-linux/target/usr/include 		-I/home/hisisdk/histb_v2/autelan/autelan_scripts/../fakerelease/usr/include -I/home/hisisdk/histb_v2/autelan/autelan_scripts/../fakerelease/usr/local/include 		 -Wall -W -D_GNU_SOURCE -D_REENTRANT  conftest.c >&5
configure:11895: $? = 0
configure:11895: result: yes
configure:11895: checking langinfo.h presence
configure:11895: arm-hisiv200-linux-gcc -E  conftest.c
configure:11895: $? = 0
configure:11895: result: yes
configure:11895: checking for langinfo.h
configure:11895: result: yes
configure:11895: checking libintl.h usability
configure:11895: arm-hisiv200-linux-gcc -c  		-O2 		-I/opt/hisi-linux/x86-arm/arm-hisiv200-linux/target/usr/include 		-I/home/hisisdk/histb_v2/autelan/autelan_scripts/../fakerelease/usr/include -I/home/hisisdk/histb_v2/autelan/autelan_scripts/../fakerelease/usr/local/include 		 -Wall -W -D_GNU_SOURCE -D_REENTRANT  conftest.c >&5
configure:11895: $? = 0
configure:11895: result: yes
configure:11895: checking libintl.h presence
configure:11895: arm-hisiv200-linux-gcc -E  conftest.c
configure:11895: $? = 0
configure:11895: result: yes
configure:11895: checking for libintl.h
configure:11895: result: yes
configure:11895: checking mcheck.h usability
configure:11895: arm-hisiv200-linux-gcc -c  		-O2 		-I/opt/hisi-linux/x86-arm/arm-hisiv200-linux/target/usr/include 		-I/home/hisisdk/histb_v2/autelan/autelan_scripts/../fakerelease/usr/include -I/home/hisisdk/histb_v2/autelan/autelan_scripts/../fakerelease/usr/local/include 		 -Wall -W -D_GNU_SOURCE -D_REENTRANT  conftest.c >&5
configure:11895: $? = 0
configure:11895: result: yes
configure:11895: checking mcheck.h presence
configure:11895: arm-hisiv200-linux-gcc -E  conftest.c
configure:11895: $? = 0
configure:11895: result: yes
configure:11895: checking for mcheck.h
configure:11895: result: yes
configure:11895: checking for unistd.h
configure:11895: result: yes
configure:11944: checking for setreuid
configure:11944: arm-hisiv200-linux-gcc -o conftest  		-O2 		-I/opt/hisi-linux/x86-arm/arm-hisiv200-linux/target/usr/include 		-I/home/hisisdk/histb_v2/autelan/autelan_scripts/../fakerelease/usr/include -I/home/hisisdk/histb_v2/autelan/autelan_scripts/../fakerelease/usr/local/include 		 -Wall -W -D_GNU_SOURCE -D_REENTRANT   		-L/opt/hisi-linux/x86-arm/arm-hisiv200-linux/target/lib -L/opt/hisi-linux/x86-arm/arm-hisiv200-linux/target/usr/lib 		-L/home/hisisdk/histb_v2/autelan/autelan_scripts/../release/lib -L/home/hisisdk/histb_v2/autelan/autelan_scripts/../release/usr/lib -L/home/hisisdk/histb_v2/autelan/autelan_scripts/../release/usr/local/lib 		 conftest.c  >&5
configure:11944: $? = 0
configure:11944: result: yes
configure:11995: checking for getuid
configure:11995: arm-hisiv200-linux-gcc -o conftest  		-O2 		-I/opt/hisi-linux/x86-arm/arm-hisiv200-linux/target/usr/include 		-I/home/hisisdk/histb_v2/autelan/autelan_scripts/../fakerelease/usr/include -I/home/hisisdk/histb_v2/autelan/autelan_scripts/../fakerelease/usr/local/include 		 -Wall -W -D_GNU_SOURCE -D_REENTRANT   		-L/opt/hisi-linux/x86-arm/arm-hisiv200-linux/target/lib -L/opt/hisi-linux/x86-arm/arm-hisiv200-linux/target/usr/lib 		-L/home/hisisdk/histb_v2/autelan/autelan_scripts/../release/lib -L/home/hisisdk/histb_v2/autelan/autelan_scripts/../release/usr/lib -L/home/hisisdk/histb_v2/autelan/autelan_scripts/../release/usr/local/lib 		 conftest.c  >&5
configure:11995: $? = 0
configure:11995: result: yes
configure:11995: checking for geteuid
configure:11995: arm-hisiv200-linux-gcc -o conftest  		-O2 		-I/opt/hisi-linux/x86-arm/arm-hisiv200-linux/target/usr/include 		-I/home/hisisdk/histb_v2/autelan/autelan_scripts/../fakerelease/usr/include -I/home/hisisdk/histb_v2/autelan/autelan_scripts/../fakerelease/usr/local/include 		 -Wall -W -D_GNU_SOURCE -D_REENTRANT   		-L/opt/hisi-linux/x86-arm/arm-hisiv200-linux/target/lib -L/opt/hisi-linux/x86-arm/arm-hisiv200-linux/target/usr/lib 		-L/home/hisisdk/histb_v2/autelan/autelan_scripts/../release/lib -L/home/hisisdk/histb_v2/autelan/autelan_scripts/../release/usr/lib -L/home/hisisdk/histb_v2/autelan/autelan_scripts/../release/usr/local/lib 		 conftest.c  >&5
configure:11995: $? = 0
configure:11995: result: yes
configure:11995: checking for iconv
configure:11995: arm-hisiv200-linux-gcc -o conftest  		-O2 		-I/opt/hisi-linux/x86-arm/arm-hisiv200-linux/target/usr/include 		-I/home/hisisdk/histb_v2/autelan/autelan_scripts/../fakerelease/usr/include -I/home/hisisdk/histb_v2/autelan/autelan_scripts/../fakerelease/usr/local/include 		 -Wall -W -D_GNU_SOURCE -D_REENTRANT   		-L/opt/hisi-linux/x86-arm/arm-hisiv200-linux/target/lib -L/opt/hisi-linux/x86-arm/arm-hisiv200-linux/target/usr/lib 		-L/home/hisisdk/histb_v2/autelan/autelan_scripts/../release/lib -L/home/hisisdk/histb_v2/autelan/autelan_scripts/../release/usr/lib -L/home/hisisdk/histb_v2/autelan/autelan_scripts/../release/usr/local/lib 		 conftest.c  >&5
configure:11995: $? = 0
configure:11995: result: yes
configure:11995: checking for mtrace
configure:11995: arm-hisiv200-linux-gcc -o conftest  		-O2 		-I/opt/hisi-linux/x86-arm/arm-hisiv200-linux/target/usr/include 		-I/home/hisisdk/histb_v2/autelan/autelan_scripts/../fakerelease/usr/include -I/home/hisisdk/histb_v2/autelan/autelan_scripts/../fakerelease/usr/local/include 		 -Wall -W -D_GNU_SOURCE -D_REENTRANT   		-L/opt/hisi-linux/x86-arm/arm-hisiv200-linux/target/lib -L/opt/hisi-linux/x86-arm/arm-hisiv200-linux/target/usr/lib 		-L/home/hisisdk/histb_v2/autelan/autelan_scripts/../release/lib -L/home/hisisdk/histb_v2/autelan/autelan_scripts/../release/usr/lib -L/home/hisisdk/histb_v2/autelan/autelan_scripts/../release/usr/local/lib 		 conftest.c  >&5
configure:11995: $? = 0
configure:11995: result: yes
configure:11995: checking for __secure_getenv
configure:11995: arm-hisiv200-linux-gcc -o conftest  		-O2 		-I/opt/hisi-linux/x86-arm/arm-hisiv200-linux/target/usr/include 		-I/home/hisisdk/histb_v2/autelan/autelan_scripts/../fakerelease/usr/include -I/home/hisisdk/histb_v2/autelan/autelan_scripts/../fakerelease/usr/local/include 		 -Wall -W -D_GNU_SOURCE -D_REENTRANT   		-L/opt/hisi-linux/x86-arm/arm-hisiv200-linux/target/lib -L/opt/hisi-linux/x86-arm/arm-hisiv200-linux/target/usr/lib 		-L/home/hisisdk/histb_v2/autelan/autelan_scripts/../release/lib -L/home/hisisdk/histb_v2/autelan/autelan_scripts/../release/usr/lib -L/home/hisisdk/histb_v2/autelan/autelan_scripts/../release/usr/local/lib 		 conftest.c  >&5
configure:11995: $? = 0
configure:11995: result: yes
configure:11995: checking for setregid
configure:11995: arm-hisiv200-linux-gcc -o conftest  		-O2 		-I/opt/hisi-linux/x86-arm/arm-hisiv200-linux/target/usr/include 		-I/home/hisisdk/histb_v2/autelan/autelan_scripts/../fakerelease/usr/include -I/home/hisisdk/histb_v2/autelan/autelan_scripts/../fakerelease/usr/local/include 		 -Wall -W -D_GNU_SOURCE -D_REENTRANT   		-L/opt/hisi-linux/x86-arm/arm-hisiv200-linux/target/lib -L/opt/hisi-linux/x86-arm/arm-hisiv200-linux/target/usr/lib 		-L/home/hisisdk/histb_v2/autelan/autelan_scripts/../release/lib -L/home/hisisdk/histb_v2/autelan/autelan_scripts/../release/usr/lib -L/home/hisisdk/histb_v2/autelan/autelan_scripts/../release/usr/local/lib 		 conftest.c  >&5
configure:11995: $? = 0
configure:11995: result: yes
configure:11995: checking for stpcpy
configure:11995: arm-hisiv200-linux-gcc -o conftest  		-O2 		-I/opt/hisi-linux/x86-arm/arm-hisiv200-linux/target/usr/include 		-I/home/hisisdk/histb_v2/autelan/autelan_scripts/../fakerelease/usr/include -I/home/hisisdk/histb_v2/autelan/autelan_scripts/../fakerelease/usr/local/include 		 -Wall -W -D_GNU_SOURCE -D_REENTRANT   		-L/opt/hisi-linux/x86-arm/arm-hisiv200-linux/target/lib -L/opt/hisi-linux/x86-arm/arm-hisiv200-linux/target/usr/lib 		-L/home/hisisdk/histb_v2/autelan/autelan_scripts/../release/lib -L/home/hisisdk/histb_v2/autelan/autelan_scripts/../release/usr/lib -L/home/hisisdk/histb_v2/autelan/autelan_scripts/../release/usr/local/lib 		 conftest.c  >&5
conftest.c:63: warning: conflicting types for built-in function 'stpcpy'
configure:11995: $? = 0
configure:11995: result: yes
configure:11995: checking for strerror
configure:11995: arm-hisiv200-linux-gcc -o conftest  		-O2 		-I/opt/hisi-linux/x86-arm/arm-hisiv200-linux/target/usr/include 		-I/home/hisisdk/histb_v2/autelan/autelan_scripts/../fakerelease/usr/include -I/home/hisisdk/histb_v2/autelan/autelan_scripts/../fakerelease/usr/local/include 		 -Wall -W -D_GNU_SOURCE -D_REENTRANT   		-L/opt/hisi-linux/x86-arm/arm-hisiv200-linux/target/lib -L/opt/hisi-linux/x86-arm/arm-hisiv200-linux/target/usr/lib 		-L/home/hisisdk/histb_v2/autelan/autelan_scripts/../release/lib -L/home/hisisdk/histb_v2/autelan/autelan_scripts/../release/usr/lib -L/home/hisisdk/histb_v2/autelan/autelan_scripts/../release/usr/local/lib 		 conftest.c  >&5
configure:11995: $? = 0
configure:11995: result: yes
configure:11995: checking for vasprintf
configure:11995: arm-hisiv200-linux-gcc -o conftest  		-O2 		-I/opt/hisi-linux/x86-arm/arm-hisiv200-linux/target/usr/include 		-I/home/hisisdk/histb_v2/autelan/autelan_scripts/../fakerelease/usr/include -I/home/hisisdk/histb_v2/autelan/autelan_scripts/../fakerelease/usr/local/include 		 -Wall -W -D_GNU_SOURCE -D_REENTRANT   		-L/opt/hisi-linux/x86-arm/arm-hisiv200-linux/target/lib -L/opt/hisi-linux/x86-arm/arm-hisiv200-linux/target/usr/lib 		-L/home/hisisdk/histb_v2/autelan/autelan_scripts/../release/lib -L/home/hisisdk/histb_v2/autelan/autelan_scripts/../release/usr/lib -L/home/hisisdk/histb_v2/autelan/autelan_scripts/../release/usr/local/lib 		 conftest.c  >&5
configure:11995: $? = 0
configure:11995: result: yes
configure:11995: checking for srandom
configure:11995: arm-hisiv200-linux-gcc -o conftest  		-O2 		-I/opt/hisi-linux/x86-arm/arm-hisiv200-linux/target/usr/include 		-I/home/hisisdk/histb_v2/autelan/autelan_scripts/../fakerelease/usr/include -I/home/hisisdk/histb_v2/autelan/autelan_scripts/../fakerelease/usr/local/include 		 -Wall -W -D_GNU_SOURCE -D_REENTRANT   		-L/opt/hisi-linux/x86-arm/arm-hisiv200-linux/target/lib -L/opt/hisi-linux/x86-arm/arm-hisiv200-linux/target/usr/lib 		-L/home/hisisdk/histb_v2/autelan/autelan_scripts/../release/lib -L/home/hisisdk/histb_v2/autelan/autelan_scripts/../release/usr/lib -L/home/hisisdk/histb_v2/autelan/autelan_scripts/../release/usr/local/lib 		 conftest.c  >&5
configure:11995: $? = 0
configure:11995: result: yes
configure:12006: checking whether NLS is requested
configure:12015: result: no
configure:12056: checking for msgfmt
configure: trying /usr/bin/msgfmt...
0 translated messages.
configure:12088: result: /usr/bin/msgfmt
configure:12097: checking for gmsgfmt
configure:12128: result: /usr/bin/msgfmt
configure:12179: checking for xgettext
configure: trying /usr/bin/xgettext...
/usr/bin/xgettext: warning: file `/dev/null' extension `' is unknown; will try C
configure:12211: result: /usr/bin/xgettext
configure:12257: checking for msgmerge
configure: trying /usr/bin/msgmerge...
configure:12288: result: /usr/bin/msgmerge
configure:12345: checking for ld used by GCC
configure:12409: result: /opt/hisi-linux/x86-arm/arm-hisiv200-linux/arm-hisiv200-linux-gnueabi/bin/ld
configure:12416: checking if the linker (/opt/hisi-linux/x86-arm/arm-hisiv200-linux/arm-hisiv200-linux-gnueabi/bin/ld) is GNU ld
configure:12429: result: yes
configure:12436: checking for shared library run path origin
configure:12449: result: done
configure:13021: checking for CFPreferencesCopyAppValue
configure:13039: arm-hisiv200-linux-gcc -o conftest  		-O2 		-I/opt/hisi-linux/x86-arm/arm-hisiv200-linux/target/usr/include 		-I/home/hisisdk/histb_v2/autelan/autelan_scripts/../fakerelease/usr/include -I/home/hisisdk/histb_v2/autelan/autelan_scripts/../fakerelease/usr/local/include 		 -Wall -W -D_GNU_SOURCE -D_REENTRANT   		-L/opt/hisi-linux/x86-arm/arm-hisiv200-linux/target/lib -L/opt/hisi-linux/x86-arm/arm-hisiv200-linux/target/usr/lib 		-L/home/hisisdk/histb_v2/autelan/autelan_scripts/../release/lib -L/home/hisisdk/histb_v2/autelan/autelan_scripts/../release/usr/lib -L/home/hisisdk/histb_v2/autelan/autelan_scripts/../release/usr/local/lib 		 conftest.c  -Wl,-framework -Wl,CoreFoundation >&5
conftest.c:44: fatal error: CoreFoundation/CFPreferences.h: No such file or directory
compilation terminated.
configure:13039: $? = 1
configure: failed program was:
| /* confdefs.h */
| #define PACKAGE_NAME "popt"
| #define PACKAGE_TARNAME "popt"
| #define PACKAGE_VERSION "1.16"
| #define PACKAGE_STRING "popt 1.16"
| #define PACKAGE_BUGREPORT "popt-devel@rpm5.org"
| #define PACKAGE_URL ""
| #define PACKAGE "popt"
| #define VERSION "1.16"
| #define STDC_HEADERS 1
| #define HAVE_SYS_TYPES_H 1
| #define HAVE_SYS_STAT_H 1
| #define HAVE_STDLIB_H 1
| #define HAVE_STRING_H 1
| #define HAVE_MEMORY_H 1
| #define HAVE_STRINGS_H 1
| #define HAVE_INTTYPES_H 1
| #define HAVE_STDINT_H 1
| #define HAVE_UNISTD_H 1
| #define HAVE_DLFCN_H 1
| #define LT_OBJDIR ".libs/"
| #define _FILE_OFFSET_BITS 64
| #define PROTOTYPES 1
| #define __PROTOTYPES 1
| #define HAVE_STRING_H 1
| #define HAVE_FLOAT_H 1
| #define HAVE_FNMATCH_H 1
| #define HAVE_GLOB_H 1
| #define HAVE_LANGINFO_H 1
| #define HAVE_LIBINTL_H 1
| #define HAVE_MCHECK_H 1
| #define HAVE_UNISTD_H 1
| #define HAVE_GETUID 1
| #define HAVE_GETEUID 1
| #define HAVE_ICONV 1
| #define HAVE_MTRACE 1
| #define HAVE___SECURE_GETENV 1
| #define HAVE_SETREGID 1
| #define HAVE_STPCPY 1
| #define HAVE_STRERROR 1
| #define HAVE_VASPRINTF 1
| #define HAVE_SRANDOM 1
| /* end confdefs.h.  */
| #include <CoreFoundation/CFPreferences.h>
| int
| main ()
| {
| CFPreferencesCopyAppValue(NULL, NULL)
|   ;
|   return 0;
| }
configure:13048: result: no
configure:13055: checking for CFLocaleCopyCurrent
configure:13073: arm-hisiv200-linux-gcc -o conftest  		-O2 		-I/opt/hisi-linux/x86-arm/arm-hisiv200-linux/target/usr/include 		-I/home/hisisdk/histb_v2/autelan/autelan_scripts/../fakerelease/usr/include -I/home/hisisdk/histb_v2/autelan/autelan_scripts/../fakerelease/usr/local/include 		 -Wall -W -D_GNU_SOURCE -D_REENTRANT   		-L/opt/hisi-linux/x86-arm/arm-hisiv200-linux/target/lib -L/opt/hisi-linux/x86-arm/arm-hisiv200-linux/target/usr/lib 		-L/home/hisisdk/histb_v2/autelan/autelan_scripts/../release/lib -L/home/hisisdk/histb_v2/autelan/autelan_scripts/../release/usr/lib -L/home/hisisdk/histb_v2/autelan/autelan_scripts/../release/usr/local/lib 		 conftest.c  -Wl,-framework -Wl,CoreFoundation >&5
conftest.c:44: fatal error: CoreFoundation/CFLocale.h: No such file or directory
compilation terminated.
configure:13073: $? = 1
configure: failed program was:
| /* confdefs.h */
| #define PACKAGE_NAME "popt"
| #define PACKAGE_TARNAME "popt"
| #define PACKAGE_VERSION "1.16"
| #define PACKAGE_STRING "popt 1.16"
| #define PACKAGE_BUGREPORT "popt-devel@rpm5.org"
| #define PACKAGE_URL ""
| #define PACKAGE "popt"
| #define VERSION "1.16"
| #define STDC_HEADERS 1
| #define HAVE_SYS_TYPES_H 1
| #define HAVE_SYS_STAT_H 1
| #define HAVE_STDLIB_H 1
| #define HAVE_STRING_H 1
| #define HAVE_MEMORY_H 1
| #define HAVE_STRINGS_H 1
| #define HAVE_INTTYPES_H 1
| #define HAVE_STDINT_H 1
| #define HAVE_UNISTD_H 1
| #define HAVE_DLFCN_H 1
| #define LT_OBJDIR ".libs/"
| #define _FILE_OFFSET_BITS 64
| #define PROTOTYPES 1
| #define __PROTOTYPES 1
| #define HAVE_STRING_H 1
| #define HAVE_FLOAT_H 1
| #define HAVE_FNMATCH_H 1
| #define HAVE_GLOB_H 1
| #define HAVE_LANGINFO_H 1
| #define HAVE_LIBINTL_H 1
| #define HAVE_MCHECK_H 1
| #define HAVE_UNISTD_H 1
| #define HAVE_GETUID 1
| #define HAVE_GETEUID 1
| #define HAVE_ICONV 1
| #define HAVE_MTRACE 1
| #define HAVE___SECURE_GETENV 1
| #define HAVE_SETREGID 1
| #define HAVE_STPCPY 1
| #define HAVE_STRERROR 1
| #define HAVE_VASPRINTF 1
| #define HAVE_SRANDOM 1
| /* end confdefs.h.  */
| #include <CoreFoundation/CFLocale.h>
| int
| main ()
| {
| CFLocaleCopyCurrent();
|   ;
|   return 0;
| }
configure:13082: result: no
configure:13951: checking whether to use NLS
configure:13953: result: no
configure:14053: checking for iconv
configure:14075: arm-hisiv200-linux-gcc -o conftest  		-O2 		-I/opt/hisi-linux/x86-arm/arm-hisiv200-linux/target/usr/include 		-I/home/hisisdk/histb_v2/autelan/autelan_scripts/../fakerelease/usr/include -I/home/hisisdk/histb_v2/autelan/autelan_scripts/../fakerelease/usr/local/include 		 -Wall -W -D_GNU_SOURCE -D_REENTRANT   		-L/opt/hisi-linux/x86-arm/arm-hisiv200-linux/target/lib -L/opt/hisi-linux/x86-arm/arm-hisiv200-linux/target/usr/lib 		-L/home/hisisdk/histb_v2/autelan/autelan_scripts/../release/lib -L/home/hisisdk/histb_v2/autelan/autelan_scripts/../release/usr/lib -L/home/hisisdk/histb_v2/autelan/autelan_scripts/../release/usr/local/lib 		 conftest.c  >&5
configure:14075: $? = 0
configure:14107: result: yes
configure:14110: checking for working iconv
configure:14217: result: guessing yes
configure:14440: creating ./config.status

## ---------------------- ##
## Running config.status. ##
## ---------------------- ##

This file was extended by popt config.status 1.16, which was
generated by GNU Autoconf 2.69.  Invocation command line was

  CONFIG_FILES    = 
  CONFIG_HEADERS  = 
  CONFIG_LINKS    = 
  CONFIG_COMMANDS = 
  $ ./config.status 

on debian6

config.status:1138: creating po/Makefile.in
config.status:1138: creating m4/Makefile
config.status:1138: creating Doxyfile
config.status:1138: creating Makefile
config.status:1138: creating popt.pc
config.status:1138: creating popt.spec
config.status:1138: creating test-poptrc
config.status:1138: creating auto/Makefile
config.status:1138: creating auto/desc
config.status:1138: creating auto/types
config.status:1138: creating config.h
config.status:1367: executing depfiles commands
config.status:1367: executing libtool commands
config.status:1367: executing po-directories commands

## ---------------- ##
## Cache variables. ##
## ---------------- ##

ac_cv_build=i686-pc-linux-gnu
ac_cv_c_compiler_gnu=yes
ac_cv_env_CC_set=set
ac_cv_env_CC_value=arm-hisiv200-linux-gcc
ac_cv_env_CFLAGS_set=set
ac_cv_env_CFLAGS_value=' 		-O2 		-I/opt/hisi-linux/x86-arm/arm-hisiv200-linux/target/usr/include 		-I/home/hisisdk/histb_v2/autelan/autelan_scripts/../fakerelease/usr/include -I/home/hisisdk/histb_v2/autelan/autelan_scripts/../fakerelease/usr/local/include 		'
ac_cv_env_CPPFLAGS_set=
ac_cv_env_CPPFLAGS_value=
ac_cv_env_CPP_set=
ac_cv_env_CPP_value=
ac_cv_env_LDFLAGS_set=set
ac_cv_env_LDFLAGS_value=' 		-L/opt/hisi-linux/x86-arm/arm-hisiv200-linux/target/lib -L/opt/hisi-linux/x86-arm/arm-hisiv200-linux/target/usr/lib 		-L/home/hisisdk/histb_v2/autelan/autelan_scripts/../release/lib -L/home/hisisdk/histb_v2/autelan/autelan_scripts/../release/usr/lib -L/home/hisisdk/histb_v2/autelan/autelan_scripts/../release/usr/local/lib 		'
ac_cv_env_LIBS_set=
ac_cv_env_LIBS_value=
ac_cv_env_build_alias_set=
ac_cv_env_build_alias_value=
ac_cv_env_host_alias_set=set
ac_cv_env_host_alias_value=arm-hisiv200-linux
ac_cv_env_target_alias_set=
ac_cv_env_target_alias_value=
ac_cv_func___secure_getenv=yes
ac_cv_func_geteuid=yes
ac_cv_func_getuid=yes
ac_cv_func_iconv=yes
ac_cv_func_mtrace=yes
ac_cv_func_setregid=yes
ac_cv_func_setreuid=yes
ac_cv_func_srandom=yes
ac_cv_func_stpcpy=yes
ac_cv_func_strerror=yes
ac_cv_func_vasprintf=yes
ac_cv_header_dlfcn_h=yes
ac_cv_header_float_h=yes
ac_cv_header_fnmatch_h=yes
ac_cv_header_glob_h=yes
ac_cv_header_inttypes_h=yes
ac_cv_header_langinfo_h=yes
ac_cv_header_libintl_h=yes
ac_cv_header_mcheck_h=yes
ac_cv_header_memory_h=yes
ac_cv_header_stdc=yes
ac_cv_header_stdint_h=yes
ac_cv_header_stdlib_h=yes
ac_cv_header_string_h=yes
ac_cv_header_strings_h=yes
ac_cv_header_sys_stat_h=yes
ac_cv_header_sys_types_h=yes
ac_cv_header_unistd_h=yes
ac_cv_host=arm-hisiv200-linux-gnu
ac_cv_objext=o
ac_cv_path_EGREP='/bin/grep -E'
ac_cv_path_FGREP='/bin/grep -F'
ac_cv_path_GMSGFMT=/usr/bin/msgfmt
ac_cv_path_GREP=/bin/grep
ac_cv_path_MSGFMT=/usr/bin/msgfmt
ac_cv_path_MSGMERGE=/usr/bin/msgmerge
ac_cv_path_SED=/bin/sed
ac_cv_path_XGETTEXT=/usr/bin/xgettext
ac_cv_path_install='/usr/bin/install -c'
ac_cv_path_mkdir=/bin/mkdir
ac_cv_prog_AR=arm-hisiv200-linux-ar
ac_cv_prog_AWK=gawk
ac_cv_prog_CC=arm-hisiv200-linux-gcc
ac_cv_prog_CPP='arm-hisiv200-linux-gcc -E'
ac_cv_prog_OBJDUMP=arm-hisiv200-linux-objdump
ac_cv_prog_RANLIB=arm-hisiv200-linux-ranlib
ac_cv_prog_STRIP=arm-hisiv200-linux-strip
ac_cv_prog_cc_c89=
ac_cv_prog_cc_c99=-std=gnu99
ac_cv_prog_cc_g=yes
ac_cv_prog_cc_stdc=-std=gnu99
ac_cv_prog_gcc_traditional=no
ac_cv_prog_make_make_set=yes
ac_cv_search_strerror='none required'
ac_cv_sys_file_offset_bits=64
ac_cv_sys_largefile_CC=no
ac_cv_target=arm-hisiv200-linux-gnu
acl_cv_hardcode_direct=no
acl_cv_hardcode_libdir_flag_spec='${wl}-rpath ${wl}$libdir'
acl_cv_hardcode_libdir_separator=
acl_cv_hardcode_minus_L=no
acl_cv_libext=a
acl_cv_libname_spec='lib$name'
acl_cv_library_names_spec='$libname$shrext'
acl_cv_path_LD=/opt/hisi-linux/x86-arm/arm-hisiv200-linux/arm-hisiv200-linux-gnueabi/bin/ld
acl_cv_prog_gnu_ld=yes
acl_cv_rpath=done
acl_cv_shlibext=so
acl_cv_wl=-Wl,
am_cv_CC_dependencies_compiler_type=gcc3
am_cv_func_iconv=yes
am_cv_func_iconv_works='guessing yes'
am_cv_lib_iconv=no
gt_cv_func_CFLocaleCopyCurrent=no
gt_cv_func_CFPreferencesCopyAppValue=no
lt_cv_deplibs_check_method=pass_all
lt_cv_file_magic_cmd='$MAGIC_CMD'
lt_cv_file_magic_test_file=
lt_cv_ld_reload_flag=-r
lt_cv_nm_interface='BSD nm'
lt_cv_objdir=.libs
lt_cv_path_LD=/opt/hisi-linux/x86-arm/arm-hisiv200-linux/arm-hisiv200-linux-gnueabi/bin/ld
lt_cv_path_NM='/opt/hisi-linux/x86-arm/arm-hisiv200-linux/target/bin/arm-hisiv200-linux-nm -B'
lt_cv_prog_compiler_c_o=yes
lt_cv_prog_compiler_pic_works=yes
lt_cv_prog_compiler_rtti_exceptions=no
lt_cv_prog_compiler_static_works=yes
lt_cv_prog_gnu_ld=yes
lt_cv_sys_global_symbol_pipe='sed -n -e '\''s/^.*[	 ]\([ABCDGIRSTW][ABCDGIRSTW]*\)[	 ][	 ]*\([_A-Za-z][_A-Za-z0-9]*\)$/\1 \2 \2/p'\'''
lt_cv_sys_global_symbol_to_c_name_address='sed -n -e '\''s/^: \([^ ]*\) $/  {\"\1\", (void *) 0},/p'\'' -e '\''s/^[ABCDGIRSTW]* \([^ ]*\) \([^ ]*\)$/  {"\2", (void *) \&\2},/p'\'''
lt_cv_sys_global_symbol_to_c_name_address_lib_prefix='sed -n -e '\''s/^: \([^ ]*\) $/  {\"\1\", (void *) 0},/p'\'' -e '\''s/^[ABCDGIRSTW]* \([^ ]*\) \(lib[^ ]*\)$/  {"\2", (void *) \&\2},/p'\'' -e '\''s/^[ABCDGIRSTW]* \([^ ]*\) \([^ ]*\)$/  {"lib\2", (void *) \&\2},/p'\'''
lt_cv_sys_global_symbol_to_cdecl='sed -n -e '\''s/^T .* \(.*\)$/extern int \1();/p'\'' -e '\''s/^[ABCDGIRSTW]* .* \(.*\)$/extern char \1;/p'\'''
lt_cv_sys_max_cmd_len=1572864

## ----------------- ##
## Output variables. ##
## ----------------- ##

ACLOCAL='${SHELL} /home/hisisdk/histb_v2/autelan/rootfs/popt-1.16/missing --run aclocal-1.11'
AMDEPBACKSLASH='\'
AMDEP_FALSE='#'
AMDEP_TRUE=''
AMTAR='${SHELL} /home/hisisdk/histb_v2/autelan/rootfs/popt-1.16/missing --run tar'
ANSI2KNR=''
AR='arm-hisiv200-linux-ar'
AUTOCONF='${SHELL} /home/hisisdk/histb_v2/autelan/rootfs/popt-1.16/missing --run autoconf'
AUTOHEADER='${SHELL} /home/hisisdk/histb_v2/autelan/rootfs/popt-1.16/missing --run autoheader'
AUTOMAKE='${SHELL} /home/hisisdk/histb_v2/autelan/rootfs/popt-1.16/missing --run automake-1.11'
AWK='gawk'
CC='arm-hisiv200-linux-gcc'
CCDEPMODE='depmode=gcc3'
CFLAGS=' 		-O2 		-I/opt/hisi-linux/x86-arm/arm-hisiv200-linux/target/usr/include 		-I/home/hisisdk/histb_v2/autelan/autelan_scripts/../fakerelease/usr/include -I/home/hisisdk/histb_v2/autelan/autelan_scripts/../fakerelease/usr/local/include 		 -Wall -W -D_GNU_SOURCE -D_REENTRANT'
CPP='arm-hisiv200-linux-gcc -E'
CPPFLAGS=''
CYGPATH_W='echo'
DEFS='-DHAVE_CONFIG_H'
DEPDIR='.deps'
DSYMUTIL=''
DUMPBIN=''
ECHO_C=''
ECHO_N='-n'
ECHO_T=''
EGREP='/bin/grep -E'
EXEEXT=''
FGREP='/bin/grep -F'
GETTEXT_MACRO_VERSION='0.18'
GMSGFMT='/usr/bin/msgfmt'
GMSGFMT_015='/usr/bin/msgfmt'
GREP='/bin/grep'
HAVE_LD_VERSION_SCRIPT_FALSE='#'
HAVE_LD_VERSION_SCRIPT_TRUE=''
INSTALL_DATA='${INSTALL} -m 644'
INSTALL_PROGRAM='${INSTALL}'
INSTALL_SCRIPT='${INSTALL}'
INSTALL_STRIP_PROGRAM='$(install_sh) -c -s'
INTLLIBS=''
INTL_MACOSX_LIBS=''
LD='/opt/hisi-linux/x86-arm/arm-hisiv200-linux/arm-hisiv200-linux-gnueabi/bin/ld'
LDFLAGS=' 		-L/opt/hisi-linux/x86-arm/arm-hisiv200-linux/target/lib -L/opt/hisi-linux/x86-arm/arm-hisiv200-linux/target/usr/lib 		-L/home/hisisdk/histb_v2/autelan/autelan_scripts/../release/lib -L/home/hisisdk/histb_v2/autelan/autelan_scripts/../release/usr/lib -L/home/hisisdk/histb_v2/autelan/autelan_scripts/../release/usr/local/lib 		'
LIBICONV=''
LIBINTL=''
LIBOBJS=''
LIBS=''
LIBTOOL='$(SHELL) $(top_builddir)/libtool'
LIPO=''
LN_S='ln -s'
LTLIBICONV=''
LTLIBINTL=''
LTLIBOBJS=''
LT_AGE='8'
LT_CURRENT='0'
LT_REVISION='0'
MAINT='#'
MAINTAINER_MODE_FALSE=''
MAINTAINER_MODE_TRUE='#'
MAKEINFO='${SHELL} /home/hisisdk/histb_v2/autelan/rootfs/popt-1.16/missing --run makeinfo'
MKDIR_P='/bin/mkdir -p'
MSGFMT='/usr/bin/msgfmt'
MSGFMT_015='/usr/bin/msgfmt'
MSGMERGE='/usr/bin/msgmerge'
NM='/opt/hisi-linux/x86-arm/arm-hisiv200-linux/target/bin/arm-hisiv200-linux-nm -B'
NMEDIT=''
OBJDUMP='arm-hisiv200-linux-objdump'
OBJEXT='o'
OTOOL64=''
OTOOL=''
PACKAGE='popt'
PACKAGE_BUGREPORT='popt-devel@rpm5.org'
PACKAGE_NAME='popt'
PACKAGE_STRING='popt 1.16'
PACKAGE_TARNAME='popt'
PACKAGE_URL=''
PACKAGE_VERSION='1.16'
PATH_SEPARATOR=':'
POPT_PKGCONFIG_LIBS='-L${libdir} -lpopt'
POPT_SOURCE_PATH='/home/hisisdk/histb_v2/autelan/rootfs/popt-1.16'
POSUB=''
RANLIB='arm-hisiv200-linux-ranlib'
SED='/bin/sed'
SET_MAKE=''
SHELL='/bin/sh'
STRIP='arm-hisiv200-linux-strip'
TARGET='depend allprogs'
U=''
USE_NLS='no'
VERSION='1.16'
XGETTEXT='/usr/bin/xgettext'
XGETTEXT_015='/usr/bin/xgettext'
XGETTEXT_EXTRA_OPTIONS=''
ac_ct_CC=''
ac_ct_DUMPBIN=''
am__EXEEXT_FALSE=''
am__EXEEXT_TRUE='#'
am__fastdepCC_FALSE='#'
am__fastdepCC_TRUE=''
am__include='include'
am__isrc=''
am__leading_dot='.'
am__quote=''
am__tar='${AMTAR} chof - "$$tardir"'
am__untar='${AMTAR} xf -'
bindir='/home/hisisdk/histb_v2/autelan/autelan_scripts/../release/usr/bin'
build='i686-pc-linux-gnu'
build_alias=''
build_cpu='i686'
build_os='linux-gnu'
build_vendor='pc'
datadir='/home/hisisdk/histb_v2/autelan/autelan_scripts/../fakerelease/usr/share'
datarootdir='/home/hisisdk/histb_v2/autelan/autelan_scripts/../fakerelease/usr/share'
docdir='/home/hisisdk/histb_v2/autelan/autelan_scripts/../fakerelease/usr/share/doc'
dvidir='/home/hisisdk/histb_v2/autelan/autelan_scripts/../fakerelease/usr/share/doc'
exec_prefix='${prefix}'
host='arm-hisiv200-linux-gnu'
host_alias='arm-hisiv200-linux'
host_cpu='arm'
host_os='linux-gnu'
host_vendor='hisiv200'
htmldir='/home/hisisdk/histb_v2/autelan/autelan_scripts/../fakerelease/usr/share/doc'
includedir='/home/hisisdk/histb_v2/autelan/autelan_scripts/../fakerelease/usr/include'
infodir='/home/hisisdk/histb_v2/autelan/autelan_scripts/../fakerelease/usr/share/info'
install_sh='${SHELL} /home/hisisdk/histb_v2/autelan/rootfs/popt-1.16/install-sh'
libdir='/home/hisisdk/histb_v2/autelan/autelan_scripts/../release/usr/lib'
libexecdir='/home/hisisdk/histb_v2/autelan/autelan_scripts/../release/usr/libexec'
localedir='/home/hisisdk/histb_v2/autelan/autelan_scripts/../fakerelease/usr/share/local'
localstatedir='/home/hisisdk/histb_v2/autelan/autelan_scripts/../release/var'
lt_ECHO='echo'
mandir='/home/hisisdk/histb_v2/autelan/autelan_scripts/../fakerelease/usr/share/man'
mkdir_p='/bin/mkdir -p'
oldincludedir='/usr/include'
pdfdir='/home/hisisdk/histb_v2/autelan/autelan_scripts/../fakerelease/usr/share/doc'
prefix='/home/hisisdk/histb_v2/autelan/autelan_scripts/../release/usr'
program_transform_name='s,x,x,'
psdir='/home/hisisdk/histb_v2/autelan/autelan_scripts/../fakerelease/usr/share/doc'
sbindir='/home/hisisdk/histb_v2/autelan/autelan_scripts/../release/usr/sbin'
sharedstatedir='${prefix}/com'
subdirs=' '
sysconfdir='/home/hisisdk/histb_v2/autelan/autelan_scripts/../release/etc'
target='arm-hisiv200-linux-gnu'
target_alias=''
target_cpu='arm'
target_os='linux-gnu'
target_vendor='hisiv200'

## ----------- ##
## confdefs.h. ##
## ----------- ##

/* confdefs.h */
#define PACKAGE_NAME "popt"
#define PACKAGE_TARNAME "popt"
#define PACKAGE_VERSION "1.16"
#define PACKAGE_STRING "popt 1.16"
#define PACKAGE_BUGREPORT "popt-devel@rpm5.org"
#define PACKAGE_URL ""
#define PACKAGE "popt"
#define VERSION "1.16"
#define STDC_HEADERS 1
#define HAVE_SYS_TYPES_H 1
#define HAVE_SYS_STAT_H 1
#define HAVE_STDLIB_H 1
#define HAVE_STRING_H 1
#define HAVE_MEMORY_H 1
#define HAVE_STRINGS_H 1
#define HAVE_INTTYPES_H 1
#define HAVE_STDINT_H 1
#define HAVE_UNISTD_H 1
#define HAVE_DLFCN_H 1
#define LT_OBJDIR ".libs/"
#define _FILE_OFFSET_BITS 64
#define PROTOTYPES 1
#define __PROTOTYPES 1
#define HAVE_STRING_H 1
#define HAVE_FLOAT_H 1
#define HAVE_FNMATCH_H 1
#define HAVE_GLOB_H 1
#define HAVE_LANGINFO_H 1
#define HAVE_LIBINTL_H 1
#define HAVE_MCHECK_H 1
#define HAVE_UNISTD_H 1
#define HAVE_GETUID 1
#define HAVE_GETEUID 1
#define HAVE_ICONV 1
#define HAVE_MTRACE 1
#define HAVE___SECURE_GETENV 1
#define HAVE_SETREGID 1
#define HAVE_STPCPY 1
#define HAVE_STRERROR 1
#define HAVE_VASPRINTF 1
#define HAVE_SRANDOM 1
#define HAVE_ICONV 1
#define POPT_SYSCONFDIR "/home/hisisdk/histb_v2/autelan/autelan_scripts/../release/etc"
#define POPT_SOURCE_PATH "/home/hisisdk/histb_v2/autelan/rootfs/popt-1.16"

configure: exit 0
