This file contains any messages produced by compilers while
running configure, to aid debugging if configure makes a mistake.

It was created by configure, which was
generated by GNU Autoconf 2.64.  Invocation command line was

  $ /home/hisisdk/histb_v2/autelan/rootfs/binutils-2.25/etc/configure --cache-file=./config.cache --with-gnu-as --with-gnu-ld --with-system-zlib --prefix=/home/hisisdk/histb_v2/autelan/rootfs/binutils-2.25/../../release --bindir=/home/hisisdk/histb_v2/autelan/rootfs/binutils-2.25/../../release/bin --sbindir=/home/hisisdk/histb_v2/autelan/rootfs/binutils-2.25/../../release/sbin --libexecdir=/home/hisisdk/histb_v2/autelan/rootfs/binutils-2.25/../../release/libexec --sysconfdir=/home/hisisdk/histb_v2/autelan/rootfs/binutils-2.25/../../release/etc --localstatedir=/home/hisisdk/histb_v2/autelan/rootfs/binutils-2.25/../../release/var --libdir=/home/hisisdk/histb_v2/autelan/rootfs/binutils-2.25/../../release/lib --includedir=/home/hisisdk/histb_v2/autelan/rootfs/binutils-2.25/../../fakerelease/usr/include --datarootdir=/home/hisisdk/histb_v2/autelan/rootfs/binutils-2.25/../../fakerelease/usr/share --datadir=/home/hisisdk/histb_v2/autelan/rootfs/binutils-2.25/../../fakerelease/usr/share --infodir=/home/hisisdk/histb_v2/autelan/rootfs/binutils-2.25/../../fakerelease/usr/share/info --localedir=/home/hisisdk/histb_v2/autelan/rootfs/binutils-2.25/../../fakerelease/usr/share/local --mandir=/home/hisisdk/histb_v2/autelan/rootfs/binutils-2.25/../../fakerelease/usr/share/man --docdir=/home/hisisdk/histb_v2/autelan/rootfs/binutils-2.25/../../fakerelease/usr/share/doc/bash --htmldir=/home/hisisdk/histb_v2/autelan/rootfs/binutils-2.25/../../fakerelease/usr/share/doc --dvidir=/home/hisisdk/histb_v2/autelan/rootfs/binutils-2.25/../../fakerelease/usr/share/doc --pdfdir=/home/hisisdk/histb_v2/autelan/rootfs/binutils-2.25/../../fakerelease/usr/share/doc --psdir=/home/hisisdk/histb_v2/autelan/rootfs/binutils-2.25/../../fakerelease/usr/share/doc --program-transform-name=s,y,y, --disable-option-checking --build=i686-pc-linux-gnu --host=arm-hisiv200-linux --target=arm-hisiv200-linux --srcdir=.././etc

## --------- ##
## Platform. ##
## --------- ##

hostname = debian6
uname -m = i686
uname -r = 2.6.32-5-686
uname -s = Linux
uname -v = #1 SMP Sun May 6 04:01:19 UTC 2012

/usr/bin/uname -p = unknown
/bin/uname -X     = unknown

/bin/arch              = unknown
/usr/bin/arch -k       = unknown
/usr/convex/getsysinfo = unknown
/usr/bin/hostinfo      = unknown
/bin/machine           = unknown
/usr/bin/oslevel       = unknown
/bin/universe          = unknown

PATH: /opt/hisi-linux/x86-arm/arm-hisiv200-linux/target/bin
PATH: /home/liujingfei/work/go/bin
PATH: /home/sunzhiming/project/gopath
PATH: /home/liujingfei/project/gopath/bin
PATH: /usr/local/bin
PATH: /usr/bin
PATH: /bin
PATH: /usr/local/games
PATH: /usr/games


## ----------- ##
## Core tests. ##
## ----------- ##

configure:1572: creating cache ./config.cache
configure:1683: checking for a BSD-compatible install
configure:1751: result: /usr/bin/install -c
configure:1850: updating cache ./config.cache
configure:1923: creating ./config.status

## ---------------------- ##
## Running config.status. ##
## ---------------------- ##

This file was extended by config.status, which was
generated by GNU Autoconf 2.64.  Invocation command line was

  CONFIG_FILES    = 
  CONFIG_HEADERS  = 
  CONFIG_LINKS    = 
  CONFIG_COMMANDS = 
  $ ./config.status 

on debian6

config.status:715: creating Makefile

## ---------------- ##
## Cache variables. ##
## ---------------- ##

ac_cv_env_build_alias_set=set
ac_cv_env_build_alias_value=i686-pc-linux-gnu
ac_cv_env_host_alias_set=set
ac_cv_env_host_alias_value=arm-hisiv200-linux
ac_cv_env_target_alias_set=set
ac_cv_env_target_alias_value=arm-hisiv200-linux

## ----------------- ##
## Output variables. ##
## ----------------- ##

DEFS='-DPACKAGE_NAME=\"\" -DPACKAGE_TARNAME=\"\" -DPACKAGE_VERSION=\"\" -DPACKAGE_STRING=\"\" -DPACKAGE_BUGREPORT=\"\" -DPACKAGE_URL=\"\"'
ECHO_C=''
ECHO_N='-n'
ECHO_T=''
INSTALL_DATA='/usr/bin/install -c -m 644'
INSTALL_PROGRAM='/usr/bin/install -c'
INSTALL_SCRIPT='/usr/bin/install -c'
LIBOBJS=''
LIBS=''
LTLIBOBJS=''
MAINT='#'
PACKAGE_BUGREPORT=''
PACKAGE_NAME=''
PACKAGE_STRING=''
PACKAGE_TARNAME=''
PACKAGE_URL=''
PACKAGE_VERSION=''
PATH_SEPARATOR=':'
SHELL='/bin/sh'
bindir='/home/hisisdk/histb_v2/autelan/rootfs/binutils-2.25/../../release/bin'
build_alias='i686-pc-linux-gnu'
datadir='/home/hisisdk/histb_v2/autelan/rootfs/binutils-2.25/../../fakerelease/usr/share'
datarootdir='/home/hisisdk/histb_v2/autelan/rootfs/binutils-2.25/../../fakerelease/usr/share'
docdir='/home/hisisdk/histb_v2/autelan/rootfs/binutils-2.25/../../fakerelease/usr/share/doc/bash'
dvidir='/home/hisisdk/histb_v2/autelan/rootfs/binutils-2.25/../../fakerelease/usr/share/doc'
exec_prefix='${prefix}'
host_alias='arm-hisiv200-linux'
htmldir='/home/hisisdk/histb_v2/autelan/rootfs/binutils-2.25/../../fakerelease/usr/share/doc'
includedir='/home/hisisdk/histb_v2/autelan/rootfs/binutils-2.25/../../fakerelease/usr/include'
infodir='/home/hisisdk/histb_v2/autelan/rootfs/binutils-2.25/../../fakerelease/usr/share/info'
libdir='/home/hisisdk/histb_v2/autelan/rootfs/binutils-2.25/../../release/lib'
libexecdir='/home/hisisdk/histb_v2/autelan/rootfs/binutils-2.25/../../release/libexec'
localedir='/home/hisisdk/histb_v2/autelan/rootfs/binutils-2.25/../../fakerelease/usr/share/local'
localstatedir='/home/hisisdk/histb_v2/autelan/rootfs/binutils-2.25/../../release/var'
mandir='/home/hisisdk/histb_v2/autelan/rootfs/binutils-2.25/../../fakerelease/usr/share/man'
oldincludedir='/usr/include'
pdfdir='/home/hisisdk/histb_v2/autelan/rootfs/binutils-2.25/../../fakerelease/usr/share/doc'
prefix='/home/hisisdk/histb_v2/autelan/rootfs/binutils-2.25/../../release'
program_transform_name='s,y,y,'
psdir='/home/hisisdk/histb_v2/autelan/rootfs/binutils-2.25/../../fakerelease/usr/share/doc'
sbindir='/home/hisisdk/histb_v2/autelan/rootfs/binutils-2.25/../../release/sbin'
sharedstatedir='${prefix}/com'
sysconfdir='/home/hisisdk/histb_v2/autelan/rootfs/binutils-2.25/../../release/etc'
target_alias='arm-hisiv200-linux'

## ----------- ##
## confdefs.h. ##
## ----------- ##

/* confdefs.h */
#define PACKAGE_NAME ""
#define PACKAGE_TARNAME ""
#define PACKAGE_VERSION ""
#define PACKAGE_STRING ""
#define PACKAGE_BUGREPORT ""
#define PACKAGE_URL ""

configure: exit 0
