This file contains any messages produced by compilers while
running configure, to aid debugging if configure makes a mistake.

It was created by configure, which was
generated by GNU Autoconf 2.64.  Invocation command line was

  $ ./configure --host=arm-hisiv200-linux --prefix=/home/hisisdk/histb_v2/autelan/rootfs/binutils-2.25/../../release --bindir=/home/hisisdk/histb_v2/autelan/rootfs/binutils-2.25/../../release/bin --sbindir=/home/hisisdk/histb_v2/autelan/rootfs/binutils-2.25/../../release/sbin --libexecdir=/home/hisisdk/histb_v2/autelan/rootfs/binutils-2.25/../../release/libexec --sysconfdir=/home/hisisdk/histb_v2/autelan/rootfs/binutils-2.25/../../release/etc --localstatedir=/home/hisisdk/histb_v2/autelan/rootfs/binutils-2.25/../../release/var --libdir=/home/hisisdk/histb_v2/autelan/rootfs/binutils-2.25/../../release/lib --includedir=/home/hisisdk/histb_v2/autelan/rootfs/binutils-2.25/../../fakerelease/usr/include --datarootdir=/home/hisisdk/histb_v2/autelan/rootfs/binutils-2.25/../../fakerelease/usr/share --datadir=/home/hisisdk/histb_v2/autelan/rootfs/binutils-2.25/../../fakerelease/usr/share --infodir=/home/hisisdk/histb_v2/autelan/rootfs/binutils-2.25/../../fakerelease/usr/share/info --localedir=/home/hisisdk/histb_v2/autelan/rootfs/binutils-2.25/../../fakerelease/usr/share/local --mandir=/home/hisisdk/histb_v2/autelan/rootfs/binutils-2.25/../../fakerelease/usr/share/man --docdir=/home/hisisdk/histb_v2/autelan/rootfs/binutils-2.25/../../fakerelease/usr/share/doc/bash --htmldir=/home/hisisdk/histb_v2/autelan/rootfs/binutils-2.25/../../fakerelease/usr/share/doc --dvidir=/home/hisisdk/histb_v2/autelan/rootfs/binutils-2.25/../../fakerelease/usr/share/doc --pdfdir=/home/hisisdk/histb_v2/autelan/rootfs/binutils-2.25/../../fakerelease/usr/share/doc --psdir=/home/hisisdk/histb_v2/autelan/rootfs/binutils-2.25/../../fakerelease/usr/share/doc

## --------- ##
## Platform. ##
## --------- ##

hostname = debian6
uname -m = i686
uname -r = 2.6.32-5-686
uname -s = Linux
uname -v = #1 SMP Sun May 6 04:01:19 UTC 2012

/usr/bin/uname -p = unknown
/bin/uname -X     = unknown

/bin/arch              = unknown
/usr/bin/arch -k       = unknown
/usr/convex/getsysinfo = unknown
/usr/bin/hostinfo      = unknown
/bin/machine           = unknown
/usr/bin/oslevel       = unknown
/bin/universe          = unknown

PATH: /opt/hisi-linux/x86-arm/arm-hisiv200-linux/target/bin
PATH: /home/liujingfei/work/go/bin
PATH: /home/sunzhiming/project/gopath
PATH: /home/liujingfei/project/gopath/bin
PATH: /usr/local/bin
PATH: /usr/bin
PATH: /bin
PATH: /usr/local/games
PATH: /usr/games


## ----------- ##
## Core tests. ##
## ----------- ##

configure:2322: checking build system type
configure:2336: result: i686-pc-linux-gnu
configure:2383: checking host system type
configure:2396: result: arm-hisiv200-linux-gnu
configure:2416: checking target system type
configure:2429: result: arm-hisiv200-linux-gnu
configure:2483: checking for a BSD-compatible install
configure:2551: result: /usr/bin/install -c
configure:2562: checking whether ln works
configure:2584: result: yes
configure:2588: checking whether ln -s works
configure:2592: result: yes
configure:2599: checking for a sed that does not truncate output
configure:2663: result: /bin/sed
configure:2672: checking for gawk
configure:2688: found /usr/bin/gawk
configure:2699: result: gawk
configure:3941: checking for arm-hisiv200-linux-gcc
configure:3968: result: arm-hisiv200-linux-gcc
configure:4237: checking for C compiler version
configure:4246: arm-hisiv200-linux-gcc --version >&5
arm-hisiv200-linux-gcc (Hisilicon_v200(gcc4.4-290+glibc-2.11+eabi+nptl)) 4.4.1
Copyright (C) 2009 Free Software Foundation, Inc.
This is free software; see the source for copying conditions.  There is NO
warranty; not even for MERCHANTABILITY or FITNESS FOR A PARTICULAR PURPOSE.

configure:4257: $? = 0
configure:4246: arm-hisiv200-linux-gcc -v >&5
Using built-in specs.
Target: arm-hisiv200-linux-gnueabi
Configured with: ../gcc-4.4-2010q1/configure --host=i686-pc-linux-gnu --build=i686-pc-linux-gnu --target=arm-hisiv200-linux-gnueabi --prefix=/home/c00132816/toolchain_glibc/install/arm-hisiv200-linux --enable-threads --disable-libmudflap --disable-libssp --disable-libstdcxx-pch --with-arch=armv5te --with-gnu-as --with-gnu-ld --enable-languages=c,c++ --enable-shared --enable-lto --enable-symvers=gnu --enable-__cxa_atexit --disable-nls --enable-extra-hisi-multilibs --with-sysroot=/home/c00132816/toolchain_glibc/install/arm-hisiv200-linux/target --with-build-sysroot=/home/c00132816/toolchain_glibc/install/arm-hisiv200-linux/target --with-gmp=/home/c00132816/toolchain_glibc/install/host_lib --with-mpfr=/home/c00132816/toolchain_glibc/install/host_lib --with-ppl=/home/c00132816/toolchain_glibc/install/host_lib --with-cloog=/home/c00132816/toolchain_glibc/install/host_lib --with-libelf=/home/c00132816/toolchain_glibc/install/host_lib --with-host-libstdcxx='-static-libgcc -Wl,-Bstatic,-lstdc++,-Bstatic -lm' --enable-libgomp --enable-poison-system-directories --with-libelf=/home/c00132816/toolchain_glibc/install/host_lib --with-pkgversion='Hisilicon_v200(gcc4.4-290+glibc-2.11+eabi+nptl)' --with-bugurl=http://www.hisilicon.com/cn/service/claim.html
Thread model: posix
gcc version 4.4.1 (Hisilicon_v200(gcc4.4-290+glibc-2.11+eabi+nptl)) 
configure:4257: $? = 0
configure:4246: arm-hisiv200-linux-gcc -V >&5
arm-hisiv200-linux-gcc: '-V' option must have argument
configure:4257: $? = 1
configure:4246: arm-hisiv200-linux-gcc -qversion >&5
arm-hisiv200-linux-gcc: unrecognized option '-qversion'
arm-hisiv200-linux-gcc: no input files
configure:4257: $? = 1
configure:4277: checking for C compiler default output file name
configure:4299: arm-hisiv200-linux-gcc  		-O2 		-I/opt/hisi-linux/x86-arm/arm-hisiv200-linux/target/usr/include 		-I/home/hisisdk/histb_v2/autelan/rootfs/binutils-2.25/../../fakerelease/usr/include -I/home/hisisdk/histb_v2/autelan/rootfs/binutils-2.25/../../fakerelease/usr/local/include 		   		-L/opt/hisi-linux/x86-arm/arm-hisiv200-linux/target/lib -L/opt/hisi-linux/x86-arm/arm-hisiv200-linux/target/usr/lib 		-L/home/hisisdk/histb_v2/autelan/rootfs/binutils-2.25/../../release/lib -L/home/hisisdk/histb_v2/autelan/rootfs/binutils-2.25/../../release/usr/lib -L/home/hisisdk/histb_v2/autelan/rootfs/binutils-2.25/../../release/usr/local/lib 		 conftest.c  >&5
configure:4303: $? = 0
configure:4340: result: a.out
configure:4356: checking whether the C compiler works
configure:4365: ./a.out
./configure: line 4367: ./a.out: cannot execute binary file
configure:4369: $? = 126
configure:4384: result: yes
configure:4391: checking whether we are cross compiling
configure:4393: result: yes
configure:4396: checking for suffix of executables
configure:4403: arm-hisiv200-linux-gcc -o conftest  		-O2 		-I/opt/hisi-linux/x86-arm/arm-hisiv200-linux/target/usr/include 		-I/home/hisisdk/histb_v2/autelan/rootfs/binutils-2.25/../../fakerelease/usr/include -I/home/hisisdk/histb_v2/autelan/rootfs/binutils-2.25/../../fakerelease/usr/local/include 		   		-L/opt/hisi-linux/x86-arm/arm-hisiv200-linux/target/lib -L/opt/hisi-linux/x86-arm/arm-hisiv200-linux/target/usr/lib 		-L/home/hisisdk/histb_v2/autelan/rootfs/binutils-2.25/../../release/lib -L/home/hisisdk/histb_v2/autelan/rootfs/binutils-2.25/../../release/usr/lib -L/home/hisisdk/histb_v2/autelan/rootfs/binutils-2.25/../../release/usr/local/lib 		 conftest.c  >&5
configure:4407: $? = 0
configure:4429: result: 
configure:4435: checking for suffix of object files
configure:4457: arm-hisiv200-linux-gcc -c  		-O2 		-I/opt/hisi-linux/x86-arm/arm-hisiv200-linux/target/usr/include 		-I/home/hisisdk/histb_v2/autelan/rootfs/binutils-2.25/../../fakerelease/usr/include -I/home/hisisdk/histb_v2/autelan/rootfs/binutils-2.25/../../fakerelease/usr/local/include 		  conftest.c >&5
configure:4461: $? = 0
configure:4482: result: o
configure:4486: checking whether we are using the GNU C compiler
configure:4505: arm-hisiv200-linux-gcc -c  		-O2 		-I/opt/hisi-linux/x86-arm/arm-hisiv200-linux/target/usr/include 		-I/home/hisisdk/histb_v2/autelan/rootfs/binutils-2.25/../../fakerelease/usr/include -I/home/hisisdk/histb_v2/autelan/rootfs/binutils-2.25/../../fakerelease/usr/local/include 		  conftest.c >&5
configure:4505: $? = 0
configure:4514: result: yes
configure:4523: checking whether arm-hisiv200-linux-gcc accepts -g
configure:4543: arm-hisiv200-linux-gcc -c -g  conftest.c >&5
configure:4543: $? = 0
configure:4584: result: yes
configure:4601: checking for arm-hisiv200-linux-gcc option to accept ISO C89
configure:4665: arm-hisiv200-linux-gcc  -c  		-O2 		-I/opt/hisi-linux/x86-arm/arm-hisiv200-linux/target/usr/include 		-I/home/hisisdk/histb_v2/autelan/rootfs/binutils-2.25/../../fakerelease/usr/include -I/home/hisisdk/histb_v2/autelan/rootfs/binutils-2.25/../../fakerelease/usr/local/include 		  conftest.c >&5
configure:4665: $? = 0
configure:4678: result: none needed
configure:4810: checking for C++ compiler version
configure:4819: arm-hisiv200-linux-g++ --version >&5
arm-hisiv200-linux-g++ (Hisilicon_v200(gcc4.4-290+glibc-2.11+eabi+nptl)) 4.4.1
Copyright (C) 2009 Free Software Foundation, Inc.
This is free software; see the source for copying conditions.  There is NO
warranty; not even for MERCHANTABILITY or FITNESS FOR A PARTICULAR PURPOSE.

configure:4830: $? = 0
configure:4819: arm-hisiv200-linux-g++ -v >&5
Using built-in specs.
Target: arm-hisiv200-linux-gnueabi
Configured with: ../gcc-4.4-2010q1/configure --host=i686-pc-linux-gnu --build=i686-pc-linux-gnu --target=arm-hisiv200-linux-gnueabi --prefix=/home/c00132816/toolchain_glibc/install/arm-hisiv200-linux --enable-threads --disable-libmudflap --disable-libssp --disable-libstdcxx-pch --with-arch=armv5te --with-gnu-as --with-gnu-ld --enable-languages=c,c++ --enable-shared --enable-lto --enable-symvers=gnu --enable-__cxa_atexit --disable-nls --enable-extra-hisi-multilibs --with-sysroot=/home/c00132816/toolchain_glibc/install/arm-hisiv200-linux/target --with-build-sysroot=/home/c00132816/toolchain_glibc/install/arm-hisiv200-linux/target --with-gmp=/home/c00132816/toolchain_glibc/install/host_lib --with-mpfr=/home/c00132816/toolchain_glibc/install/host_lib --with-ppl=/home/c00132816/toolchain_glibc/install/host_lib --with-cloog=/home/c00132816/toolchain_glibc/install/host_lib --with-libelf=/home/c00132816/toolchain_glibc/install/host_lib --with-host-libstdcxx='-static-libgcc -Wl,-Bstatic,-lstdc++,-Bstatic -lm' --enable-libgomp --enable-poison-system-directories --with-libelf=/home/c00132816/toolchain_glibc/install/host_lib --with-pkgversion='Hisilicon_v200(gcc4.4-290+glibc-2.11+eabi+nptl)' --with-bugurl=http://www.hisilicon.com/cn/service/claim.html
Thread model: posix
gcc version 4.4.1 (Hisilicon_v200(gcc4.4-290+glibc-2.11+eabi+nptl)) 
configure:4830: $? = 0
configure:4819: arm-hisiv200-linux-g++ -V >&5
arm-hisiv200-linux-g++: '-V' option must have argument
configure:4830: $? = 1
configure:4819: arm-hisiv200-linux-g++ -qversion >&5
arm-hisiv200-linux-g++: unrecognized option '-qversion'
arm-hisiv200-linux-g++: no input files
configure:4830: $? = 1
configure:4834: checking whether we are using the GNU C++ compiler
configure:4853: arm-hisiv200-linux-g++ -c   conftest.cpp >&5
configure:4853: $? = 0
configure:4862: result: yes
configure:4871: checking whether arm-hisiv200-linux-g++ accepts -g
configure:4891: arm-hisiv200-linux-g++ -c -g  conftest.cpp >&5
configure:4891: $? = 0
configure:4932: result: yes
configure:4981: checking whether g++ accepts -static-libstdc++ -static-libgcc
configure:4998: arm-hisiv200-linux-g++ -o conftest -g -O2   		-L/opt/hisi-linux/x86-arm/arm-hisiv200-linux/target/lib -L/opt/hisi-linux/x86-arm/arm-hisiv200-linux/target/usr/lib 		-L/home/hisisdk/histb_v2/autelan/rootfs/binutils-2.25/../../release/lib -L/home/hisisdk/histb_v2/autelan/rootfs/binutils-2.25/../../release/usr/lib -L/home/hisisdk/histb_v2/autelan/rootfs/binutils-2.25/../../release/usr/local/lib 		 -static-libstdc++ -static-libgcc conftest.cpp  >&5
arm-hisiv200-linux-g++: unrecognized option '-static-libstdc++'
conftest.cpp:11: error: #error -static-libstdc++ not implemented
configure:4998: $? = 1
configure: failed program was:
| /* confdefs.h */
| #define PACKAGE_NAME ""
| #define PACKAGE_TARNAME ""
| #define PACKAGE_VERSION ""
| #define PACKAGE_STRING ""
| #define PACKAGE_BUGREPORT ""
| #define PACKAGE_URL ""
| /* end confdefs.h.  */
| 
| #if (__GNUC__ < 4) || (__GNUC__ == 4 && __GNUC_MINOR__ < 5)
| #error -static-libstdc++ not implemented
| #endif
| int main() {}
configure:5002: result: no
configure:5023: checking for arm-hisiv200-linux-gnatbind
configure:5053: result: no
configure:5063: checking for gnatbind
configure:5093: result: no
configure:5115: checking for arm-hisiv200-linux-gnatmake
configure:5145: result: no
configure:5155: checking for gnatmake
configure:5185: result: no
configure:5204: checking whether compiler driver understands Ada
configure:5227: result: no
configure:5236: checking how to compare bootstrapped objects
configure:5261: result: cmp --ignore-initial=16 $$f1 $$f2
configure:5315: checking for objdir
configure:5330: result: .libs
configure:5902: checking for version 0.10 of ISL
configure:5930: result: yes
configure:6133: checking for version 0.17.0 of CLooG
configure:6150: arm-hisiv200-linux-gcc -c  		-O2 		-I/opt/hisi-linux/x86-arm/arm-hisiv200-linux/target/usr/include 		-I/home/hisisdk/histb_v2/autelan/rootfs/binutils-2.25/../../fakerelease/usr/include -I/home/hisisdk/histb_v2/autelan/rootfs/binutils-2.25/../../fakerelease/usr/local/include 		 -DCLOOG_INT_GMP     conftest.c >&5
conftest.c:10: fatal error: cloog/version.h: No such file or directory
compilation terminated.
configure:6150: $? = 1
configure: failed program was:
| /* confdefs.h */
| #define PACKAGE_NAME ""
| #define PACKAGE_TARNAME ""
| #define PACKAGE_VERSION ""
| #define PACKAGE_STRING ""
| #define PACKAGE_BUGREPORT ""
| #define PACKAGE_URL ""
| #define LT_OBJDIR ".libs/"
| /* end confdefs.h.  */
| #include "cloog/version.h"
| int
| main ()
| {
| #if CLOOG_VERSION_MAJOR != 0     || CLOOG_VERSION_MINOR != 17     || CLOOG_VERSION_REVISION < 0
|     choke me
|    #endif
|   ;
|   return 0;
| }
configure:6156: result: no
configure:6175: checking for version 0.18.0 of CLooG
configure:6192: arm-hisiv200-linux-gcc -c  		-O2 		-I/opt/hisi-linux/x86-arm/arm-hisiv200-linux/target/usr/include 		-I/home/hisisdk/histb_v2/autelan/rootfs/binutils-2.25/../../fakerelease/usr/include -I/home/hisisdk/histb_v2/autelan/rootfs/binutils-2.25/../../fakerelease/usr/local/include 		 -DCLOOG_INT_GMP     conftest.c >&5
conftest.c:10: fatal error: cloog/version.h: No such file or directory
compilation terminated.
configure:6192: $? = 1
configure: failed program was:
| /* confdefs.h */
| #define PACKAGE_NAME ""
| #define PACKAGE_TARNAME ""
| #define PACKAGE_VERSION ""
| #define PACKAGE_STRING ""
| #define PACKAGE_BUGREPORT ""
| #define PACKAGE_URL ""
| #define LT_OBJDIR ".libs/"
| /* end confdefs.h.  */
| #include "cloog/version.h"
| int
| main ()
| {
| #if CLOOG_VERSION_MAJOR != 0     || CLOOG_VERSION_MINOR != 18     || CLOOG_VERSION_REVISION < 0
|     choke me
|    #endif
|   ;
|   return 0;
| }
configure:6198: result: no
configure:7123: checking for default BUILD_CONFIG
configure:7155: result: 
configure:7160: checking for --enable-vtable-verify
configure:7173: result: no
configure:7762: checking for bison
configure:7778: found /usr/local/bin/bison
configure:7789: result: bison -y
configure:7809: checking for bison
configure:7825: found /usr/local/bin/bison
configure:7836: result: bison
configure:7856: checking for gm4
configure:7886: result: no
configure:7856: checking for gnum4
configure:7886: result: no
configure:7856: checking for m4
configure:7872: found /usr/local/bin/m4
configure:7883: result: m4
configure:7903: checking for flex
configure:7919: found /usr/bin/flex
configure:7930: result: flex
configure:7951: checking for flex
configure:7967: found /usr/bin/flex
configure:7978: result: flex
configure:7998: checking for makeinfo
configure:8014: found /usr/bin/makeinfo
configure:8025: result: makeinfo
configure:8059: checking for expect
configure:8089: result: no
configure:8108: checking for runtest
configure:8138: result: no
configure:8214: checking for arm-hisiv200-linux-ar
configure:8230: found /opt/hisi-linux/x86-arm/arm-hisiv200-linux/target/bin/arm-hisiv200-linux-ar
configure:8241: result: arm-hisiv200-linux-ar
configure:8355: checking for arm-hisiv200-linux-as
configure:8371: found /opt/hisi-linux/x86-arm/arm-hisiv200-linux/target/bin/arm-hisiv200-linux-as
configure:8382: result: arm-hisiv200-linux-as
configure:8496: checking for arm-hisiv200-linux-dlltool
configure:8526: result: no
configure:8595: checking for ld
configure:8622: result: /opt/hisi-linux/x86-arm/arm-hisiv200-linux/bin/../lib/gcc/arm-hisiv200-linux-gnueabi/4.4.1/../../../../arm-hisiv200-linux-gnueabi/bin/ld
configure:8637: checking for arm-hisiv200-linux-ld
configure:8664: result: /opt/hisi-linux/x86-arm/arm-hisiv200-linux/bin/../lib/gcc/arm-hisiv200-linux-gnueabi/4.4.1/../../../../arm-hisiv200-linux-gnueabi/bin/ld
configure:8778: checking for arm-hisiv200-linux-lipo
configure:8808: result: no
configure:8919: checking for arm-hisiv200-linux-nm
configure:8935: found /opt/hisi-linux/x86-arm/arm-hisiv200-linux/target/bin/arm-hisiv200-linux-nm
configure:8946: result: arm-hisiv200-linux-nm
configure:9060: checking for arm-hisiv200-linux-ranlib
configure:9076: found /opt/hisi-linux/x86-arm/arm-hisiv200-linux/target/bin/arm-hisiv200-linux-ranlib
configure:9087: result: arm-hisiv200-linux-ranlib
configure:9196: checking for arm-hisiv200-linux-strip
configure:9212: found /opt/hisi-linux/x86-arm/arm-hisiv200-linux/target/bin/arm-hisiv200-linux-strip
configure:9223: result: arm-hisiv200-linux-strip
configure:9332: checking for arm-hisiv200-linux-windres
configure:9362: result: no
configure:9473: checking for arm-hisiv200-linux-windmc
configure:9503: result: no
configure:9614: checking for arm-hisiv200-linux-objcopy
configure:9630: found /opt/hisi-linux/x86-arm/arm-hisiv200-linux/target/bin/arm-hisiv200-linux-objcopy
configure:9641: result: arm-hisiv200-linux-objcopy
configure:9755: checking for arm-hisiv200-linux-objdump
configure:9771: found /opt/hisi-linux/x86-arm/arm-hisiv200-linux/target/bin/arm-hisiv200-linux-objdump
configure:9782: result: arm-hisiv200-linux-objdump
configure:9896: checking for arm-hisiv200-linux-readelf
configure:9912: found /opt/hisi-linux/x86-arm/arm-hisiv200-linux/target/bin/arm-hisiv200-linux-readelf
configure:9923: result: arm-hisiv200-linux-readelf
configure:13744: checking where to find the target ar
configure:13754: result: pre-installed
configure:13786: checking where to find the target as
configure:13796: result: pre-installed
configure:13828: checking where to find the target cc
configure:13838: result: pre-installed
configure:13870: checking where to find the target c++
configure:13880: result: pre-installed
configure:13915: checking where to find the target c++ for libstdc++
configure:13925: result: pre-installed
configure:13960: checking where to find the target dlltool
configure:13970: result: pre-installed
configure:14002: checking where to find the target gcc
configure:14012: result: pre-installed
configure:14044: checking where to find the target gcj
configure:14054: result: pre-installed
configure:14089: checking where to find the target gfortran
configure:14099: result: pre-installed
configure:14134: checking where to find the target gccgo
configure:14144: result: pre-installed
configure:14179: checking where to find the target ld
configure:14189: result: pre-installed
configure:14221: checking where to find the target lipo
configure:14231: result: pre-installed
configure:14252: checking where to find the target nm
configure:14262: result: pre-installed
configure:14294: checking where to find the target objdump
configure:14304: result: pre-installed
configure:14336: checking where to find the target ranlib
configure:14346: result: pre-installed
configure:14378: checking where to find the target readelf
configure:14388: result: pre-installed
configure:14420: checking where to find the target strip
configure:14430: result: pre-installed
configure:14462: checking where to find the target windres
configure:14472: result: pre-installed
configure:14504: checking where to find the target windmc
configure:14514: result: pre-installed
configure:14574: checking whether to enable maintainer-specific portions of Makefiles
configure:14583: result: no
configure:14804: creating ./config.status

## ---------------------- ##
## Running config.status. ##
## ---------------------- ##

This file was extended by config.status, which was
generated by GNU Autoconf 2.64.  Invocation command line was

  CONFIG_FILES    = 
  CONFIG_HEADERS  = 
  CONFIG_LINKS    = 
  CONFIG_COMMANDS = 
  $ ./config.status 

on debian6

config.status:983: creating Makefile

## ---------------- ##
## Cache variables. ##
## ---------------- ##

ac_cv_build=i686-pc-linux-gnu
ac_cv_c_compiler_gnu=yes
ac_cv_cxx_compiler_gnu=yes
ac_cv_env_AR_FOR_TARGET_set=
ac_cv_env_AR_FOR_TARGET_value=
ac_cv_env_AR_set=
ac_cv_env_AR_value=
ac_cv_env_AS_FOR_TARGET_set=
ac_cv_env_AS_FOR_TARGET_value=
ac_cv_env_AS_set=
ac_cv_env_AS_value=
ac_cv_env_CCC_set=
ac_cv_env_CCC_value=
ac_cv_env_CC_FOR_TARGET_set=
ac_cv_env_CC_FOR_TARGET_value=
ac_cv_env_CC_set=set
ac_cv_env_CC_value=arm-hisiv200-linux-gcc
ac_cv_env_CFLAGS_set=set
ac_cv_env_CFLAGS_value=' 		-O2 		-I/opt/hisi-linux/x86-arm/arm-hisiv200-linux/target/usr/include 		-I/home/hisisdk/histb_v2/autelan/rootfs/binutils-2.25/../../fakerelease/usr/include -I/home/hisisdk/histb_v2/autelan/rootfs/binutils-2.25/../../fakerelease/usr/local/include 		'
ac_cv_env_CPPFLAGS_set=
ac_cv_env_CPPFLAGS_value=
ac_cv_env_CXXFLAGS_set=
ac_cv_env_CXXFLAGS_value=
ac_cv_env_CXX_FOR_TARGET_set=
ac_cv_env_CXX_FOR_TARGET_value=
ac_cv_env_CXX_set=set
ac_cv_env_CXX_value=arm-hisiv200-linux-g++
ac_cv_env_DLLTOOL_FOR_TARGET_set=
ac_cv_env_DLLTOOL_FOR_TARGET_value=
ac_cv_env_DLLTOOL_set=
ac_cv_env_DLLTOOL_value=
ac_cv_env_GCC_FOR_TARGET_set=
ac_cv_env_GCC_FOR_TARGET_value=
ac_cv_env_GCJ_FOR_TARGET_set=
ac_cv_env_GCJ_FOR_TARGET_value=
ac_cv_env_GFORTRAN_FOR_TARGET_set=
ac_cv_env_GFORTRAN_FOR_TARGET_value=
ac_cv_env_GOC_FOR_TARGET_set=
ac_cv_env_GOC_FOR_TARGET_value=
ac_cv_env_LDFLAGS_set=set
ac_cv_env_LDFLAGS_value=' 		-L/opt/hisi-linux/x86-arm/arm-hisiv200-linux/target/lib -L/opt/hisi-linux/x86-arm/arm-hisiv200-linux/target/usr/lib 		-L/home/hisisdk/histb_v2/autelan/rootfs/binutils-2.25/../../release/lib -L/home/hisisdk/histb_v2/autelan/rootfs/binutils-2.25/../../release/usr/lib -L/home/hisisdk/histb_v2/autelan/rootfs/binutils-2.25/../../release/usr/local/lib 		'
ac_cv_env_LD_FOR_TARGET_set=
ac_cv_env_LD_FOR_TARGET_value=
ac_cv_env_LD_set=
ac_cv_env_LD_value=
ac_cv_env_LIBS_set=
ac_cv_env_LIBS_value=
ac_cv_env_LIPO_FOR_TARGET_set=
ac_cv_env_LIPO_FOR_TARGET_value=
ac_cv_env_LIPO_set=
ac_cv_env_LIPO_value=
ac_cv_env_NM_FOR_TARGET_set=
ac_cv_env_NM_FOR_TARGET_value=
ac_cv_env_NM_set=
ac_cv_env_NM_value=
ac_cv_env_OBJCOPY_set=
ac_cv_env_OBJCOPY_value=
ac_cv_env_OBJDUMP_FOR_TARGET_set=
ac_cv_env_OBJDUMP_FOR_TARGET_value=
ac_cv_env_OBJDUMP_set=
ac_cv_env_OBJDUMP_value=
ac_cv_env_RANLIB_FOR_TARGET_set=
ac_cv_env_RANLIB_FOR_TARGET_value=
ac_cv_env_RANLIB_set=
ac_cv_env_RANLIB_value=
ac_cv_env_READELF_FOR_TARGET_set=
ac_cv_env_READELF_FOR_TARGET_value=
ac_cv_env_READELF_set=
ac_cv_env_READELF_value=
ac_cv_env_STRIP_FOR_TARGET_set=
ac_cv_env_STRIP_FOR_TARGET_value=
ac_cv_env_STRIP_set=
ac_cv_env_STRIP_value=
ac_cv_env_WINDMC_FOR_TARGET_set=
ac_cv_env_WINDMC_FOR_TARGET_value=
ac_cv_env_WINDMC_set=
ac_cv_env_WINDMC_value=
ac_cv_env_WINDRES_FOR_TARGET_set=
ac_cv_env_WINDRES_FOR_TARGET_value=
ac_cv_env_WINDRES_set=
ac_cv_env_WINDRES_value=
ac_cv_env_build_alias_set=
ac_cv_env_build_alias_value=
ac_cv_env_build_configargs_set=
ac_cv_env_build_configargs_value=
ac_cv_env_host_alias_set=set
ac_cv_env_host_alias_value=arm-hisiv200-linux
ac_cv_env_host_configargs_set=
ac_cv_env_host_configargs_value=
ac_cv_env_target_alias_set=
ac_cv_env_target_alias_value=
ac_cv_env_target_configargs_set=
ac_cv_env_target_configargs_value=
ac_cv_host=arm-hisiv200-linux-gnu
ac_cv_objext=o
ac_cv_path_SED=/bin/sed
ac_cv_path_install='/usr/bin/install -c'
ac_cv_prog_AR=arm-hisiv200-linux-ar
ac_cv_prog_AS=arm-hisiv200-linux-as
ac_cv_prog_AWK=gawk
ac_cv_prog_BISON=bison
ac_cv_prog_CC=arm-hisiv200-linux-gcc
ac_cv_prog_FLEX=flex
ac_cv_prog_LD=/opt/hisi-linux/x86-arm/arm-hisiv200-linux/bin/../lib/gcc/arm-hisiv200-linux-gnueabi/4.4.1/../../../../arm-hisiv200-linux-gnueabi/bin/ld
ac_cv_prog_LEX=flex
ac_cv_prog_M4=m4
ac_cv_prog_MAKEINFO=makeinfo
ac_cv_prog_NM=arm-hisiv200-linux-nm
ac_cv_prog_OBJCOPY=arm-hisiv200-linux-objcopy
ac_cv_prog_OBJDUMP=arm-hisiv200-linux-objdump
ac_cv_prog_RANLIB=arm-hisiv200-linux-ranlib
ac_cv_prog_READELF=arm-hisiv200-linux-readelf
ac_cv_prog_STRIP=arm-hisiv200-linux-strip
ac_cv_prog_YACC='bison -y'
ac_cv_prog_cc_c89=
ac_cv_prog_cc_g=yes
ac_cv_prog_cxx_g=yes
ac_cv_target=arm-hisiv200-linux-gnu
acx_cv_cc_gcc_supports_ada=no
acx_cv_prog_LN=ln
gcc_cv_cloog=no
gcc_cv_isl=yes
gcc_cv_prog_cmp_skip='cmp --ignore-initial=16 $$f1 $$f2'
gcc_cv_tool_dirs=
gcc_cv_tool_prefix=/home/hisisdk/histb_v2/autelan/rootfs/binutils-2.25/../../release
lt_cv_objdir=.libs

## ----------------- ##
## Output variables. ##
## ----------------- ##

AR='arm-hisiv200-linux-ar'
AR_FOR_BUILD='ar'
AR_FOR_TARGET='ar'
AS='arm-hisiv200-linux-as'
AS_FOR_BUILD='as'
AS_FOR_TARGET='as'
AWK='gawk'
BISON='bison'
BUILD_CONFIG=''
CC='arm-hisiv200-linux-gcc'
CC_FOR_BUILD='gcc'
CC_FOR_TARGET='cc'
CFLAGS=' 		-O2 		-I/opt/hisi-linux/x86-arm/arm-hisiv200-linux/target/usr/include 		-I/home/hisisdk/histb_v2/autelan/rootfs/binutils-2.25/../../fakerelease/usr/include -I/home/hisisdk/histb_v2/autelan/rootfs/binutils-2.25/../../fakerelease/usr/local/include 		'
CFLAGS_FOR_BUILD=''
CFLAGS_FOR_TARGET='-g -O2  		-O2 		-I/opt/hisi-linux/x86-arm/arm-hisiv200-linux/target/usr/include 		-I/home/hisisdk/histb_v2/autelan/rootfs/binutils-2.25/../../fakerelease/usr/include -I/home/hisisdk/histb_v2/autelan/rootfs/binutils-2.25/../../fakerelease/usr/local/include 		'
COMPILER_AS_FOR_TARGET='$(AS_FOR_TARGET)'
COMPILER_LD_FOR_TARGET='$(LD_FOR_TARGET)'
COMPILER_NM_FOR_TARGET='$(NM_FOR_TARGET)'
CONFIGURE_GDB_TK=''
CPPFLAGS=''
CXX='arm-hisiv200-linux-g++'
CXXFLAGS='-g -O2'
CXXFLAGS_FOR_BUILD=''
CXXFLAGS_FOR_TARGET='-g -O2'
CXX_FOR_BUILD='g++'
CXX_FOR_TARGET='c++'
DEBUG_PREFIX_CFLAGS_FOR_TARGET=''
DEFS='-DPACKAGE_NAME=\"\" -DPACKAGE_TARNAME=\"\" -DPACKAGE_VERSION=\"\" -DPACKAGE_STRING=\"\" -DPACKAGE_BUGREPORT=\"\" -DPACKAGE_URL=\"\" -DLT_OBJDIR=\".libs/\"'
DLLTOOL='arm-hisiv200-linux-dlltool'
DLLTOOL_FOR_BUILD='dlltool'
DLLTOOL_FOR_TARGET='dlltool'
ECHO_C=''
ECHO_N='-n'
ECHO_T=''
EXEEXT=''
EXPECT='expect'
EXTRA_CONFIGARGS_LIBJAVA='--disable-static'
FLAGS_FOR_TARGET=' -L$$r/$(HOST_SUBDIR)/ld'
FLEX='flex'
GCC_FOR_TARGET='cc'
GCC_SHLIB_SUBDIR=''
GCJ_FOR_BUILD='gcj'
GCJ_FOR_TARGET='gcj'
GDB_TK=''
GFORTRAN_FOR_BUILD='gfortran'
GFORTRAN_FOR_TARGET='gfortran'
GNATBIND='no'
GNATMAKE='no'
GOC_FOR_BUILD='gccgo'
GOC_FOR_TARGET='gccgo'
INSTALL_DATA='${INSTALL} -m 644'
INSTALL_GDB_TK=''
INSTALL_PROGRAM='${INSTALL}'
INSTALL_SCRIPT='${INSTALL}'
LD='/opt/hisi-linux/x86-arm/arm-hisiv200-linux/bin/../lib/gcc/arm-hisiv200-linux-gnueabi/4.4.1/../../../../arm-hisiv200-linux-gnueabi/bin/ld'
LDFLAGS=' 		-L/opt/hisi-linux/x86-arm/arm-hisiv200-linux/target/lib -L/opt/hisi-linux/x86-arm/arm-hisiv200-linux/target/usr/lib 		-L/home/hisisdk/histb_v2/autelan/rootfs/binutils-2.25/../../release/lib -L/home/hisisdk/histb_v2/autelan/rootfs/binutils-2.25/../../release/usr/lib -L/home/hisisdk/histb_v2/autelan/rootfs/binutils-2.25/../../release/usr/local/lib 		'
LDFLAGS_FOR_BUILD=''
LDFLAGS_FOR_TARGET=''
LD_FOR_BUILD='ld'
LD_FOR_TARGET='ld'
LEX='flex'
LIBOBJS=''
LIBS=''
LIPO='arm-hisiv200-linux-lipo'
LIPO_FOR_TARGET='lipo'
LN='ln'
LN_S='ln -s'
LTLIBOBJS=''
M4='m4'
MAINT='#'
MAINTAINER_MODE_FALSE=''
MAINTAINER_MODE_TRUE='#'
MAKEINFO='makeinfo'
NM='arm-hisiv200-linux-nm'
NM_FOR_BUILD='nm'
NM_FOR_TARGET='nm'
OBJCOPY='arm-hisiv200-linux-objcopy'
OBJDUMP='arm-hisiv200-linux-objdump'
OBJDUMP_FOR_TARGET='objdump'
OBJEXT='o'
PACKAGE_BUGREPORT=''
PACKAGE_NAME=''
PACKAGE_STRING=''
PACKAGE_TARNAME=''
PACKAGE_URL=''
PACKAGE_VERSION=''
PATH_SEPARATOR=':'
RANLIB='arm-hisiv200-linux-ranlib'
RANLIB_FOR_BUILD='ranlib'
RANLIB_FOR_TARGET='ranlib'
RAW_CXX_FOR_TARGET='c++'
READELF='arm-hisiv200-linux-readelf'
READELF_FOR_TARGET='readelf'
RPATH_ENVVAR='LD_LIBRARY_PATH'
RUNTEST='runtest'
SED='/bin/sed'
SHELL='/bin/sh'
STRIP='arm-hisiv200-linux-strip'
STRIP_FOR_TARGET='strip'
SYSROOT_CFLAGS_FOR_TARGET=''
TOPLEVEL_CONFIGURE_ARGUMENTS='./configure --host=arm-hisiv200-linux --prefix=/home/hisisdk/histb_v2/autelan/rootfs/binutils-2.25/../../release --bindir=/home/hisisdk/histb_v2/autelan/rootfs/binutils-2.25/../../release/bin --sbindir=/home/hisisdk/histb_v2/autelan/rootfs/binutils-2.25/../../release/sbin --libexecdir=/home/hisisdk/histb_v2/autelan/rootfs/binutils-2.25/../../release/libexec --sysconfdir=/home/hisisdk/histb_v2/autelan/rootfs/binutils-2.25/../../release/etc --localstatedir=/home/hisisdk/histb_v2/autelan/rootfs/binutils-2.25/../../release/var --libdir=/home/hisisdk/histb_v2/autelan/rootfs/binutils-2.25/../../release/lib --includedir=/home/hisisdk/histb_v2/autelan/rootfs/binutils-2.25/../../fakerelease/usr/include --datarootdir=/home/hisisdk/histb_v2/autelan/rootfs/binutils-2.25/../../fakerelease/usr/share --datadir=/home/hisisdk/histb_v2/autelan/rootfs/binutils-2.25/../../fakerelease/usr/share --infodir=/home/hisisdk/histb_v2/autelan/rootfs/binutils-2.25/../../fakerelease/usr/share/info --localedir=/home/hisisdk/histb_v2/autelan/rootfs/binutils-2.25/../../fakerelease/usr/share/local --mandir=/home/hisisdk/histb_v2/autelan/rootfs/binutils-2.25/../../fakerelease/usr/share/man --docdir=/home/hisisdk/histb_v2/autelan/rootfs/binutils-2.25/../../fakerelease/usr/share/doc/bash --htmldir=/home/hisisdk/histb_v2/autelan/rootfs/binutils-2.25/../../fakerelease/usr/share/doc --dvidir=/home/hisisdk/histb_v2/autelan/rootfs/binutils-2.25/../../fakerelease/usr/share/doc --pdfdir=/home/hisisdk/histb_v2/autelan/rootfs/binutils-2.25/../../fakerelease/usr/share/doc --psdir=/home/hisisdk/histb_v2/autelan/rootfs/binutils-2.25/../../fakerelease/usr/share/doc'
WINDMC='arm-hisiv200-linux-windmc'
WINDMC_FOR_BUILD='windmc'
WINDMC_FOR_TARGET='windmc'
WINDRES='arm-hisiv200-linux-windres'
WINDRES_FOR_BUILD='windres'
WINDRES_FOR_TARGET='windres'
YACC='bison -y'
ac_ct_CC=''
ac_ct_CXX=''
bindir='/home/hisisdk/histb_v2/autelan/rootfs/binutils-2.25/../../release/bin'
build='i686-pc-linux-gnu'
build_alias=''
build_configargs=' --cache-file=../config.cache '\''--prefix=/home/hisisdk/histb_v2/autelan/rootfs/binutils-2.25/../../release'\'' '\''--bindir=/home/hisisdk/histb_v2/autelan/rootfs/binutils-2.25/../../release/bin'\'' '\''--sbindir=/home/hisisdk/histb_v2/autelan/rootfs/binutils-2.25/../../release/sbin'\'' '\''--libexecdir=/home/hisisdk/histb_v2/autelan/rootfs/binutils-2.25/../../release/libexec'\'' '\''--sysconfdir=/home/hisisdk/histb_v2/autelan/rootfs/binutils-2.25/../../release/etc'\'' '\''--localstatedir=/home/hisisdk/histb_v2/autelan/rootfs/binutils-2.25/../../release/var'\'' '\''--libdir=/home/hisisdk/histb_v2/autelan/rootfs/binutils-2.25/../../release/lib'\'' '\''--includedir=/home/hisisdk/histb_v2/autelan/rootfs/binutils-2.25/../../fakerelease/usr/include'\'' '\''--datarootdir=/home/hisisdk/histb_v2/autelan/rootfs/binutils-2.25/../../fakerelease/usr/share'\'' '\''--datadir=/home/hisisdk/histb_v2/autelan/rootfs/binutils-2.25/../../fakerelease/usr/share'\'' '\''--infodir=/home/hisisdk/histb_v2/autelan/rootfs/binutils-2.25/../../fakerelease/usr/share/info'\'' '\''--localedir=/home/hisisdk/histb_v2/autelan/rootfs/binutils-2.25/../../fakerelease/usr/share/local'\'' '\''--mandir=/home/hisisdk/histb_v2/autelan/rootfs/binutils-2.25/../../fakerelease/usr/share/man'\'' '\''--docdir=/home/hisisdk/histb_v2/autelan/rootfs/binutils-2.25/../../fakerelease/usr/share/doc/bash'\'' '\''--htmldir=/home/hisisdk/histb_v2/autelan/rootfs/binutils-2.25/../../fakerelease/usr/share/doc'\'' '\''--dvidir=/home/hisisdk/histb_v2/autelan/rootfs/binutils-2.25/../../fakerelease/usr/share/doc'\'' '\''--pdfdir=/home/hisisdk/histb_v2/autelan/rootfs/binutils-2.25/../../fakerelease/usr/share/doc'\'' '\''--psdir=/home/hisisdk/histb_v2/autelan/rootfs/binutils-2.25/../../fakerelease/usr/share/doc'\'' --program-transform-name='\''s,y,y,'\'' --disable-option-checking'
build_configdirs=' libiberty'
build_cpu='i686'
build_libsubdir='build-i686-pc-linux-gnu'
build_noncanonical='i686-pc-linux-gnu'
build_os='linux-gnu'
build_subdir='build-i686-pc-linux-gnu'
build_tooldir='${exec_prefix}/arm-hisiv200-linux'
build_vendor='pc'
clooginc=''
clooglibs=''
compare_exclusions='gcc/cc*-checksum$(objext) | gcc/ada/*tools/*'
configdirs=' intl libiberty opcodes bfd binutils gas ld gprof etc'
datadir='/home/hisisdk/histb_v2/autelan/rootfs/binutils-2.25/../../fakerelease/usr/share'
datarootdir='/home/hisisdk/histb_v2/autelan/rootfs/binutils-2.25/../../fakerelease/usr/share'
do_compare='cmp --ignore-initial=16 $$f1 $$f2'
docdir='/home/hisisdk/histb_v2/autelan/rootfs/binutils-2.25/../../fakerelease/usr/share/doc/bash'
dvidir='/home/hisisdk/histb_v2/autelan/rootfs/binutils-2.25/../../fakerelease/usr/share/doc'
exec_prefix='${prefix}'
extra_host_libiberty_configure_flags=''
extra_isl_gmp_configure_flags=''
extra_mpc_gmp_configure_flags=''
extra_mpc_mpfr_configure_flags=''
extra_mpfr_configure_flags=''
gmpinc=''
gmplibs='-lmpc -lmpfr -lgmp'
host='arm-hisiv200-linux-gnu'
host_alias='arm-hisiv200-linux'
host_configargs=' --cache-file=./config.cache  --with-gnu-as --with-gnu-ld --with-system-zlib '\''--prefix=/home/hisisdk/histb_v2/autelan/rootfs/binutils-2.25/../../release'\'' '\''--bindir=/home/hisisdk/histb_v2/autelan/rootfs/binutils-2.25/../../release/bin'\'' '\''--sbindir=/home/hisisdk/histb_v2/autelan/rootfs/binutils-2.25/../../release/sbin'\'' '\''--libexecdir=/home/hisisdk/histb_v2/autelan/rootfs/binutils-2.25/../../release/libexec'\'' '\''--sysconfdir=/home/hisisdk/histb_v2/autelan/rootfs/binutils-2.25/../../release/etc'\'' '\''--localstatedir=/home/hisisdk/histb_v2/autelan/rootfs/binutils-2.25/../../release/var'\'' '\''--libdir=/home/hisisdk/histb_v2/autelan/rootfs/binutils-2.25/../../release/lib'\'' '\''--includedir=/home/hisisdk/histb_v2/autelan/rootfs/binutils-2.25/../../fakerelease/usr/include'\'' '\''--datarootdir=/home/hisisdk/histb_v2/autelan/rootfs/binutils-2.25/../../fakerelease/usr/share'\'' '\''--datadir=/home/hisisdk/histb_v2/autelan/rootfs/binutils-2.25/../../fakerelease/usr/share'\'' '\''--infodir=/home/hisisdk/histb_v2/autelan/rootfs/binutils-2.25/../../fakerelease/usr/share/info'\'' '\''--localedir=/home/hisisdk/histb_v2/autelan/rootfs/binutils-2.25/../../fakerelease/usr/share/local'\'' '\''--mandir=/home/hisisdk/histb_v2/autelan/rootfs/binutils-2.25/../../fakerelease/usr/share/man'\'' '\''--docdir=/home/hisisdk/histb_v2/autelan/rootfs/binutils-2.25/../../fakerelease/usr/share/doc/bash'\'' '\''--htmldir=/home/hisisdk/histb_v2/autelan/rootfs/binutils-2.25/../../fakerelease/usr/share/doc'\'' '\''--dvidir=/home/hisisdk/histb_v2/autelan/rootfs/binutils-2.25/../../fakerelease/usr/share/doc'\'' '\''--pdfdir=/home/hisisdk/histb_v2/autelan/rootfs/binutils-2.25/../../fakerelease/usr/share/doc'\'' '\''--psdir=/home/hisisdk/histb_v2/autelan/rootfs/binutils-2.25/../../fakerelease/usr/share/doc'\'' --program-transform-name='\''s,y,y,'\'' --disable-option-checking'
host_cpu='arm'
host_noncanonical='arm-hisiv200-linux'
host_os='linux-gnu'
host_shared='no'
host_subdir='.'
host_vendor='hisiv200'
htmldir='/home/hisisdk/histb_v2/autelan/rootfs/binutils-2.25/../../fakerelease/usr/share/doc'
includedir='/home/hisisdk/histb_v2/autelan/rootfs/binutils-2.25/../../fakerelease/usr/include'
infodir='/home/hisisdk/histb_v2/autelan/rootfs/binutils-2.25/../../fakerelease/usr/share/info'
islinc=''
libdir='/home/hisisdk/histb_v2/autelan/rootfs/binutils-2.25/../../release/lib'
libexecdir='/home/hisisdk/histb_v2/autelan/rootfs/binutils-2.25/../../release/libexec'
localedir='/home/hisisdk/histb_v2/autelan/rootfs/binutils-2.25/../../fakerelease/usr/share/local'
localstatedir='/home/hisisdk/histb_v2/autelan/rootfs/binutils-2.25/../../release/var'
mandir='/home/hisisdk/histb_v2/autelan/rootfs/binutils-2.25/../../fakerelease/usr/share/man'
oldincludedir='/usr/include'
pdfdir='/home/hisisdk/histb_v2/autelan/rootfs/binutils-2.25/../../fakerelease/usr/share/doc'
poststage1_ldflags='-static-libstdc++ -static-libgcc'
poststage1_libs=''
prefix='/home/hisisdk/histb_v2/autelan/rootfs/binutils-2.25/../../release'
program_transform_name='s,y,y,'
psdir='/home/hisisdk/histb_v2/autelan/rootfs/binutils-2.25/../../fakerelease/usr/share/doc'
sbindir='/home/hisisdk/histb_v2/autelan/rootfs/binutils-2.25/../../release/sbin'
sharedstatedir='${prefix}/com'
stage1_cflags='-g'
stage1_checking='--enable-checking=yes,types'
stage1_languages=',c,'
stage1_ldflags=''
stage1_libs=''
stage2_werror_flag=''
sysconfdir='/home/hisisdk/histb_v2/autelan/rootfs/binutils-2.25/../../release/etc'
target='arm-hisiv200-linux-gnu'
target_alias=''
target_configargs='--cache-file=./config.cache --enable-multilib   '\''--prefix=/home/hisisdk/histb_v2/autelan/rootfs/binutils-2.25/../../release'\'' '\''--bindir=/home/hisisdk/histb_v2/autelan/rootfs/binutils-2.25/../../release/bin'\'' '\''--sbindir=/home/hisisdk/histb_v2/autelan/rootfs/binutils-2.25/../../release/sbin'\'' '\''--libexecdir=/home/hisisdk/histb_v2/autelan/rootfs/binutils-2.25/../../release/libexec'\'' '\''--sysconfdir=/home/hisisdk/histb_v2/autelan/rootfs/binutils-2.25/../../release/etc'\'' '\''--localstatedir=/home/hisisdk/histb_v2/autelan/rootfs/binutils-2.25/../../release/var'\'' '\''--libdir=/home/hisisdk/histb_v2/autelan/rootfs/binutils-2.25/../../release/lib'\'' '\''--includedir=/home/hisisdk/histb_v2/autelan/rootfs/binutils-2.25/../../fakerelease/usr/include'\'' '\''--datarootdir=/home/hisisdk/histb_v2/autelan/rootfs/binutils-2.25/../../fakerelease/usr/share'\'' '\''--datadir=/home/hisisdk/histb_v2/autelan/rootfs/binutils-2.25/../../fakerelease/usr/share'\'' '\''--infodir=/home/hisisdk/histb_v2/autelan/rootfs/binutils-2.25/../../fakerelease/usr/share/info'\'' '\''--localedir=/home/hisisdk/histb_v2/autelan/rootfs/binutils-2.25/../../fakerelease/usr/share/local'\'' '\''--mandir=/home/hisisdk/histb_v2/autelan/rootfs/binutils-2.25/../../fakerelease/usr/share/man'\'' '\''--docdir=/home/hisisdk/histb_v2/autelan/rootfs/binutils-2.25/../../fakerelease/usr/share/doc/bash'\'' '\''--htmldir=/home/hisisdk/histb_v2/autelan/rootfs/binutils-2.25/../../fakerelease/usr/share/doc'\'' '\''--dvidir=/home/hisisdk/histb_v2/autelan/rootfs/binutils-2.25/../../fakerelease/usr/share/doc'\'' '\''--pdfdir=/home/hisisdk/histb_v2/autelan/rootfs/binutils-2.25/../../fakerelease/usr/share/doc'\'' '\''--psdir=/home/hisisdk/histb_v2/autelan/rootfs/binutils-2.25/../../fakerelease/usr/share/doc'\'' --program-transform-name='\''s,y,y,'\'' --disable-option-checking'
target_configdirs=''
target_cpu='arm'
target_noncanonical='arm-hisiv200-linux'
target_os='linux-gnu'
target_subdir='arm-hisiv200-linux'
target_vendor='hisiv200'
tooldir='${exec_prefix}/arm-hisiv200-linux'

## ------------------- ##
## File substitutions. ##
## ------------------- ##

alphaieee_frag='/dev/null'
host_makefile_frag='/dev/null'
ospace_frag='/dev/null'
serialization_dependencies='serdep.tmp'
target_makefile_frag='./config/mt-gnu'

## ----------- ##
## confdefs.h. ##
## ----------- ##

/* confdefs.h */
#define PACKAGE_NAME ""
#define PACKAGE_TARNAME ""
#define PACKAGE_VERSION ""
#define PACKAGE_STRING ""
#define PACKAGE_BUGREPORT ""
#define PACKAGE_URL ""
#define LT_OBJDIR ".libs/"

configure: exit 0
