This file contains any messages produced by compilers while
running configure, to aid debugging if configure makes a mistake.

It was created by XMLStarlet configure 1.6.1, which was
generated by GNU Autoconf 2.69.  Invocation command line was

  $ ./configure --host=arm-hisiv200-linux --prefix=/home/hisisdk/histb_v2/autelan/autelan_scripts/../release/usr --bindir=/home/hisisdk/histb_v2/autelan/autelan_scripts/../release/usr/bin --sbindir=/home/hisisdk/histb_v2/autelan/autelan_scripts/../release/usr/sbin --libexecdir=/home/hisisdk/histb_v2/autelan/autelan_scripts/../release/usr/libexec --sysconfdir=/home/hisisdk/histb_v2/autelan/autelan_scripts/../release/etc --localstatedir=/home/hisisdk/histb_v2/autelan/autelan_scripts/../release/var --libdir=/home/hisisdk/histb_v2/autelan/autelan_scripts/../release/usr/lib --includedir=/home/hisisdk/histb_v2/autelan/autelan_scripts/../fakerelease/usr/include --datarootdir=/home/hisisdk/histb_v2/autelan/autelan_scripts/../fakerelease/usr/share --datadir=/home/hisisdk/histb_v2/autelan/autelan_scripts/../fakerelease/usr/share --infodir=/home/hisisdk/histb_v2/autelan/autelan_scripts/../fakerelease/usr/share/info --localedir=/home/hisisdk/histb_v2/autelan/autelan_scripts/../fakerelease/usr/share/local --mandir=/home/hisisdk/histb_v2/autelan/autelan_scripts/../fakerelease/usr/share/man --docdir=/home/hisisdk/histb_v2/autelan/autelan_scripts/../fakerelease/usr/share/doc --htmldir=/home/hisisdk/histb_v2/autelan/autelan_scripts/../fakerelease/usr/share/doc --dvidir=/home/hisisdk/histb_v2/autelan/autelan_scripts/../fakerelease/usr/share/doc --pdfdir=/home/hisisdk/histb_v2/autelan/autelan_scripts/../fakerelease/usr/share/doc --psdir=/home/hisisdk/histb_v2/autelan/autelan_scripts/../fakerelease/usr/share/doc --with-libxslt-src=/home/hisisdk/histb_v2/autelan/autelan_scripts/../rootfs/libxslt --with-libxml-src=/home/hisisdk/histb_v2/autelan/autelan_scripts/../rootfs/libxml2 --disable-static-libs --disable-build-docs --disable-maintainer-mode

## --------- ##
## Platform. ##
## --------- ##

hostname = debian6
uname -m = i686
uname -r = 2.6.32-5-686
uname -s = Linux
uname -v = #1 SMP Sun May 6 04:01:19 UTC 2012

/usr/bin/uname -p = unknown
/bin/uname -X     = unknown

/bin/arch              = unknown
/usr/bin/arch -k       = unknown
/usr/convex/getsysinfo = unknown
/usr/bin/hostinfo      = unknown
/bin/machine           = unknown
/usr/bin/oslevel       = unknown
/bin/universe          = unknown

PATH: /opt/hisi-linux/x86-arm/arm-hisiv200-linux/target/bin
PATH: /home/liujingfei/work/go/bin
PATH: /home/liujingfei/project/gopath/bin
PATH: /usr/local/bin
PATH: /usr/bin
PATH: /bin
PATH: /usr/local/games
PATH: /usr/games


## ----------- ##
## Core tests. ##
## ----------- ##

configure:2443: checking for a BSD-compatible install
configure:2511: result: /usr/bin/install -c
configure:2522: checking whether build environment is sane
configure:2577: result: yes
configure:2636: checking for arm-hisiv200-linux-strip
configure:2652: found /opt/hisi-linux/x86-arm/arm-hisiv200-linux/target/bin/arm-hisiv200-linux-strip
configure:2663: result: arm-hisiv200-linux-strip
configure:2728: checking for a thread-safe mkdir -p
configure:2767: result: /bin/mkdir -p
configure:2774: checking for gawk
configure:2790: found /usr/bin/gawk
configure:2801: result: gawk
configure:2812: checking whether make sets $(MAKE)
configure:2834: result: yes
configure:2863: checking whether make supports nested variables
configure:2880: result: yes
configure:3007: checking whether make supports nested variables
configure:3024: result: yes
configure:3036: checking whether to enable maintainer-specific portions of Makefiles
configure:3045: result: no
configure:3166: checking build system type
configure:3180: result: i686-pc-linux-gnu
configure:3200: checking host system type
configure:3213: result: arm-hisiv200-linux-gnu
configure:3241: checking for arm-hisiv200-linux-gcc
configure:3268: result: arm-hisiv200-linux-gcc
configure:3537: checking for C compiler version
configure:3546: arm-hisiv200-linux-gcc --version >&5
arm-hisiv200-linux-gcc (Hisilicon_v200(gcc4.4-290+glibc-2.11+eabi+nptl)) 4.4.1
Copyright (C) 2009 Free Software Foundation, Inc.
This is free software; see the source for copying conditions.  There is NO
warranty; not even for MERCHANTABILITY or FITNESS FOR A PARTICULAR PURPOSE.

configure:3557: $? = 0
configure:3546: arm-hisiv200-linux-gcc -v >&5
Using built-in specs.
Target: arm-hisiv200-linux-gnueabi
Configured with: ../gcc-4.4-2010q1/configure --host=i686-pc-linux-gnu --build=i686-pc-linux-gnu --target=arm-hisiv200-linux-gnueabi --prefix=/home/c00132816/toolchain_glibc/install/arm-hisiv200-linux --enable-threads --disable-libmudflap --disable-libssp --disable-libstdcxx-pch --with-arch=armv5te --with-gnu-as --with-gnu-ld --enable-languages=c,c++ --enable-shared --enable-lto --enable-symvers=gnu --enable-__cxa_atexit --disable-nls --enable-extra-hisi-multilibs --with-sysroot=/home/c00132816/toolchain_glibc/install/arm-hisiv200-linux/target --with-build-sysroot=/home/c00132816/toolchain_glibc/install/arm-hisiv200-linux/target --with-gmp=/home/c00132816/toolchain_glibc/install/host_lib --with-mpfr=/home/c00132816/toolchain_glibc/install/host_lib --with-ppl=/home/c00132816/toolchain_glibc/install/host_lib --with-cloog=/home/c00132816/toolchain_glibc/install/host_lib --with-libelf=/home/c00132816/toolchain_glibc/install/host_lib --with-host-libstdcxx='-static-libgcc -Wl,-Bstatic,-lstdc++,-Bstatic -lm' --enable-libgomp --enable-poison-system-directories --with-libelf=/home/c00132816/toolchain_glibc/install/host_lib --with-pkgversion='Hisilicon_v200(gcc4.4-290+glibc-2.11+eabi+nptl)' --with-bugurl=http://www.hisilicon.com/cn/service/claim.html
Thread model: posix
gcc version 4.4.1 (Hisilicon_v200(gcc4.4-290+glibc-2.11+eabi+nptl)) 
configure:3557: $? = 0
configure:3546: arm-hisiv200-linux-gcc -V >&5
arm-hisiv200-linux-gcc: '-V' option must have argument
configure:3557: $? = 1
configure:3546: arm-hisiv200-linux-gcc -qversion >&5
arm-hisiv200-linux-gcc: unrecognized option '-qversion'
arm-hisiv200-linux-gcc: no input files
configure:3557: $? = 1
configure:3577: checking whether the C compiler works
configure:3599: arm-hisiv200-linux-gcc  		-O2 		-I/opt/hisi-linux/x86-arm/arm-hisiv200-linux/target/usr/include 		-I/home/hisisdk/histb_v2/autelan/autelan_scripts/../fakerelease/usr/include -I/home/hisisdk/histb_v2/autelan/autelan_scripts/../fakerelease/usr/local/include 		   		-L/opt/hisi-linux/x86-arm/arm-hisiv200-linux/target/lib -L/opt/hisi-linux/x86-arm/arm-hisiv200-linux/target/usr/lib 		-L/home/hisisdk/histb_v2/autelan/autelan_scripts/../release/lib -L/home/hisisdk/histb_v2/autelan/autelan_scripts/../release/usr/lib -L/home/hisisdk/histb_v2/autelan/autelan_scripts/../release/usr/local/lib 		 conftest.c  >&5
configure:3603: $? = 0
configure:3651: result: yes
configure:3654: checking for C compiler default output file name
configure:3656: result: a.out
configure:3662: checking for suffix of executables
configure:3669: arm-hisiv200-linux-gcc -o conftest  		-O2 		-I/opt/hisi-linux/x86-arm/arm-hisiv200-linux/target/usr/include 		-I/home/hisisdk/histb_v2/autelan/autelan_scripts/../fakerelease/usr/include -I/home/hisisdk/histb_v2/autelan/autelan_scripts/../fakerelease/usr/local/include 		   		-L/opt/hisi-linux/x86-arm/arm-hisiv200-linux/target/lib -L/opt/hisi-linux/x86-arm/arm-hisiv200-linux/target/usr/lib 		-L/home/hisisdk/histb_v2/autelan/autelan_scripts/../release/lib -L/home/hisisdk/histb_v2/autelan/autelan_scripts/../release/usr/lib -L/home/hisisdk/histb_v2/autelan/autelan_scripts/../release/usr/local/lib 		 conftest.c  >&5
configure:3673: $? = 0
configure:3695: result: 
configure:3717: checking whether we are cross compiling
configure:3725: arm-hisiv200-linux-gcc -o conftest  		-O2 		-I/opt/hisi-linux/x86-arm/arm-hisiv200-linux/target/usr/include 		-I/home/hisisdk/histb_v2/autelan/autelan_scripts/../fakerelease/usr/include -I/home/hisisdk/histb_v2/autelan/autelan_scripts/../fakerelease/usr/local/include 		   		-L/opt/hisi-linux/x86-arm/arm-hisiv200-linux/target/lib -L/opt/hisi-linux/x86-arm/arm-hisiv200-linux/target/usr/lib 		-L/home/hisisdk/histb_v2/autelan/autelan_scripts/../release/lib -L/home/hisisdk/histb_v2/autelan/autelan_scripts/../release/usr/lib -L/home/hisisdk/histb_v2/autelan/autelan_scripts/../release/usr/local/lib 		 conftest.c  >&5
configure:3729: $? = 0
configure:3736: ./conftest
./configure: line 3738: ./conftest: cannot execute binary file
configure:3740: $? = 126
configure:3755: result: yes
configure:3760: checking for suffix of object files
configure:3782: arm-hisiv200-linux-gcc -c  		-O2 		-I/opt/hisi-linux/x86-arm/arm-hisiv200-linux/target/usr/include 		-I/home/hisisdk/histb_v2/autelan/autelan_scripts/../fakerelease/usr/include -I/home/hisisdk/histb_v2/autelan/autelan_scripts/../fakerelease/usr/local/include 		  conftest.c >&5
configure:3786: $? = 0
configure:3807: result: o
configure:3811: checking whether we are using the GNU C compiler
configure:3830: arm-hisiv200-linux-gcc -c  		-O2 		-I/opt/hisi-linux/x86-arm/arm-hisiv200-linux/target/usr/include 		-I/home/hisisdk/histb_v2/autelan/autelan_scripts/../fakerelease/usr/include -I/home/hisisdk/histb_v2/autelan/autelan_scripts/../fakerelease/usr/local/include 		  conftest.c >&5
configure:3830: $? = 0
configure:3839: result: yes
configure:3848: checking whether arm-hisiv200-linux-gcc accepts -g
configure:3868: arm-hisiv200-linux-gcc -c -g  conftest.c >&5
configure:3868: $? = 0
configure:3909: result: yes
configure:3926: checking for arm-hisiv200-linux-gcc option to accept ISO C89
configure:3989: arm-hisiv200-linux-gcc  -c  		-O2 		-I/opt/hisi-linux/x86-arm/arm-hisiv200-linux/target/usr/include 		-I/home/hisisdk/histb_v2/autelan/autelan_scripts/../fakerelease/usr/include -I/home/hisisdk/histb_v2/autelan/autelan_scripts/../fakerelease/usr/local/include 		  conftest.c >&5
configure:3989: $? = 0
configure:4002: result: none needed
configure:4027: checking whether arm-hisiv200-linux-gcc understands -c and -o together
configure:4049: arm-hisiv200-linux-gcc -c conftest.c -o conftest2.o
configure:4052: $? = 0
configure:4049: arm-hisiv200-linux-gcc -c conftest.c -o conftest2.o
configure:4052: $? = 0
configure:4064: result: yes
configure:4092: checking for style of include used by make
configure:4120: result: GNU
configure:4146: checking dependency style of arm-hisiv200-linux-gcc
configure:4257: result: gcc3
configure:4284: checking for a sed that does not truncate output
configure:4348: result: /bin/sed
configure:4357: checking for gawk
configure:4384: result: gawk
configure:4400: using libxml src dir "/home/hisisdk/histb_v2/autelan/autelan_scripts/../rootfs/libxml2"
configure:4402: WARNING: not checking libxml version
configure:4541: using libxslt src dir "/home/hisisdk/histb_v2/autelan/autelan_scripts/../rootfs/libxslt"
configure:4543: WARNING: not checking libxslt version
configure:4881: checking how to run the C preprocessor
configure:4912: arm-hisiv200-linux-gcc -E  conftest.c
configure:4912: $? = 0
configure:4926: arm-hisiv200-linux-gcc -E  conftest.c
conftest.c:10: fatal error: ac_nonexistent.h: No such file or directory
compilation terminated.
configure:4926: $? = 1
configure: failed program was:
| /* confdefs.h */
| #define PACKAGE_NAME "XMLStarlet"
| #define PACKAGE_TARNAME "xmlstarlet"
| #define PACKAGE_VERSION "1.6.1"
| #define PACKAGE_STRING "XMLStarlet 1.6.1"
| #define PACKAGE_BUGREPORT "http://sourceforge.net/projects/xmlstar/support"
| #define PACKAGE_URL "http://xmlstar.sourceforge.net/"
| #define _XOPEN_SOURCE 500
| /* end confdefs.h.  */
| #include <ac_nonexistent.h>
configure:4951: result: arm-hisiv200-linux-gcc -E
configure:4971: arm-hisiv200-linux-gcc -E  conftest.c
configure:4971: $? = 0
configure:4985: arm-hisiv200-linux-gcc -E  conftest.c
conftest.c:10: fatal error: ac_nonexistent.h: No such file or directory
compilation terminated.
configure:4985: $? = 1
configure: failed program was:
| /* confdefs.h */
| #define PACKAGE_NAME "XMLStarlet"
| #define PACKAGE_TARNAME "xmlstarlet"
| #define PACKAGE_VERSION "1.6.1"
| #define PACKAGE_STRING "XMLStarlet 1.6.1"
| #define PACKAGE_BUGREPORT "http://sourceforge.net/projects/xmlstar/support"
| #define PACKAGE_URL "http://xmlstar.sourceforge.net/"
| #define _XOPEN_SOURCE 500
| /* end confdefs.h.  */
| #include <ac_nonexistent.h>
configure:5014: checking for grep that handles long lines and -e
configure:5072: result: /bin/grep
configure:5077: checking for egrep
configure:5139: result: /bin/grep -E
configure:5144: checking for ANSI C header files
configure:5164: arm-hisiv200-linux-gcc -c -ansi  		-O2 		-I/opt/hisi-linux/x86-arm/arm-hisiv200-linux/target/usr/include 		-I/home/hisisdk/histb_v2/autelan/autelan_scripts/../fakerelease/usr/include -I/home/hisisdk/histb_v2/autelan/autelan_scripts/../fakerelease/usr/local/include 		  conftest.c >&5
configure:5164: $? = 0
configure:5248: result: yes
configure:5261: checking for sys/types.h
configure:5261: arm-hisiv200-linux-gcc -c -ansi  		-O2 		-I/opt/hisi-linux/x86-arm/arm-hisiv200-linux/target/usr/include 		-I/home/hisisdk/histb_v2/autelan/autelan_scripts/../fakerelease/usr/include -I/home/hisisdk/histb_v2/autelan/autelan_scripts/../fakerelease/usr/local/include 		  conftest.c >&5
configure:5261: $? = 0
configure:5261: result: yes
configure:5261: checking for sys/stat.h
configure:5261: arm-hisiv200-linux-gcc -c -ansi  		-O2 		-I/opt/hisi-linux/x86-arm/arm-hisiv200-linux/target/usr/include 		-I/home/hisisdk/histb_v2/autelan/autelan_scripts/../fakerelease/usr/include -I/home/hisisdk/histb_v2/autelan/autelan_scripts/../fakerelease/usr/local/include 		  conftest.c >&5
configure:5261: $? = 0
configure:5261: result: yes
configure:5261: checking for stdlib.h
configure:5261: arm-hisiv200-linux-gcc -c -ansi  		-O2 		-I/opt/hisi-linux/x86-arm/arm-hisiv200-linux/target/usr/include 		-I/home/hisisdk/histb_v2/autelan/autelan_scripts/../fakerelease/usr/include -I/home/hisisdk/histb_v2/autelan/autelan_scripts/../fakerelease/usr/local/include 		  conftest.c >&5
configure:5261: $? = 0
configure:5261: result: yes
configure:5261: checking for string.h
configure:5261: arm-hisiv200-linux-gcc -c -ansi  		-O2 		-I/opt/hisi-linux/x86-arm/arm-hisiv200-linux/target/usr/include 		-I/home/hisisdk/histb_v2/autelan/autelan_scripts/../fakerelease/usr/include -I/home/hisisdk/histb_v2/autelan/autelan_scripts/../fakerelease/usr/local/include 		  conftest.c >&5
configure:5261: $? = 0
configure:5261: result: yes
configure:5261: checking for memory.h
configure:5261: arm-hisiv200-linux-gcc -c -ansi  		-O2 		-I/opt/hisi-linux/x86-arm/arm-hisiv200-linux/target/usr/include 		-I/home/hisisdk/histb_v2/autelan/autelan_scripts/../fakerelease/usr/include -I/home/hisisdk/histb_v2/autelan/autelan_scripts/../fakerelease/usr/local/include 		  conftest.c >&5
configure:5261: $? = 0
configure:5261: result: yes
configure:5261: checking for strings.h
configure:5261: arm-hisiv200-linux-gcc -c -ansi  		-O2 		-I/opt/hisi-linux/x86-arm/arm-hisiv200-linux/target/usr/include 		-I/home/hisisdk/histb_v2/autelan/autelan_scripts/../fakerelease/usr/include -I/home/hisisdk/histb_v2/autelan/autelan_scripts/../fakerelease/usr/local/include 		  conftest.c >&5
configure:5261: $? = 0
configure:5261: result: yes
configure:5261: checking for inttypes.h
configure:5261: arm-hisiv200-linux-gcc -c -ansi  		-O2 		-I/opt/hisi-linux/x86-arm/arm-hisiv200-linux/target/usr/include 		-I/home/hisisdk/histb_v2/autelan/autelan_scripts/../fakerelease/usr/include -I/home/hisisdk/histb_v2/autelan/autelan_scripts/../fakerelease/usr/local/include 		  conftest.c >&5
configure:5261: $? = 0
configure:5261: result: yes
configure:5261: checking for stdint.h
configure:5261: arm-hisiv200-linux-gcc -c -ansi  		-O2 		-I/opt/hisi-linux/x86-arm/arm-hisiv200-linux/target/usr/include 		-I/home/hisisdk/histb_v2/autelan/autelan_scripts/../fakerelease/usr/include -I/home/hisisdk/histb_v2/autelan/autelan_scripts/../fakerelease/usr/local/include 		  conftest.c >&5
configure:5261: $? = 0
configure:5261: result: yes
configure:5261: checking for unistd.h
configure:5261: arm-hisiv200-linux-gcc -c -ansi  		-O2 		-I/opt/hisi-linux/x86-arm/arm-hisiv200-linux/target/usr/include 		-I/home/hisisdk/histb_v2/autelan/autelan_scripts/../fakerelease/usr/include -I/home/hisisdk/histb_v2/autelan/autelan_scripts/../fakerelease/usr/local/include 		  conftest.c >&5
configure:5261: $? = 0
configure:5261: result: yes
configure:5273: checking whether lstat correctly handles trailing slash
configure:5316: result: no
configure:5337: checking for stdlib.h
configure:5337: result: yes
configure:5347: checking for GNU libc compatible malloc
configure:5381: result: no
configure:5404: checking for stdlib.h
configure:5404: result: yes
configure:5414: checking for GNU libc compatible realloc
configure:5449: result: no
configure:5470: checking for mode_t
configure:5470: arm-hisiv200-linux-gcc -c -ansi  		-O2 		-I/opt/hisi-linux/x86-arm/arm-hisiv200-linux/target/usr/include 		-I/home/hisisdk/histb_v2/autelan/autelan_scripts/../fakerelease/usr/include -I/home/hisisdk/histb_v2/autelan/autelan_scripts/../fakerelease/usr/local/include 		  conftest.c >&5
configure:5470: $? = 0
configure:5470: arm-hisiv200-linux-gcc -c -ansi  		-O2 		-I/opt/hisi-linux/x86-arm/arm-hisiv200-linux/target/usr/include 		-I/home/hisisdk/histb_v2/autelan/autelan_scripts/../fakerelease/usr/include -I/home/hisisdk/histb_v2/autelan/autelan_scripts/../fakerelease/usr/local/include 		  conftest.c >&5
conftest.c: In function 'main':
conftest.c:62: error: expected expression before ')' token
configure:5470: $? = 1
configure: failed program was:
| /* confdefs.h */
| #define PACKAGE_NAME "XMLStarlet"
| #define PACKAGE_TARNAME "xmlstarlet"
| #define PACKAGE_VERSION "1.6.1"
| #define PACKAGE_STRING "XMLStarlet 1.6.1"
| #define PACKAGE_BUGREPORT "http://sourceforge.net/projects/xmlstar/support"
| #define PACKAGE_URL "http://xmlstar.sourceforge.net/"
| #define _XOPEN_SOURCE 500
| #define STDC_HEADERS 1
| #define HAVE_SYS_TYPES_H 1
| #define HAVE_SYS_STAT_H 1
| #define HAVE_STDLIB_H 1
| #define HAVE_STRING_H 1
| #define HAVE_MEMORY_H 1
| #define HAVE_STRINGS_H 1
| #define HAVE_INTTYPES_H 1
| #define HAVE_STDINT_H 1
| #define HAVE_UNISTD_H 1
| #define HAVE_STDLIB_H 1
| #define HAVE_MALLOC 0
| #define malloc rpl_malloc
| #define HAVE_STDLIB_H 1
| #define HAVE_REALLOC 0
| #define realloc rpl_realloc
| /* end confdefs.h.  */
| #include <stdio.h>
| #ifdef HAVE_SYS_TYPES_H
| # include <sys/types.h>
| #endif
| #ifdef HAVE_SYS_STAT_H
| # include <sys/stat.h>
| #endif
| #ifdef STDC_HEADERS
| # include <stdlib.h>
| # include <stddef.h>
| #else
| # ifdef HAVE_STDLIB_H
| #  include <stdlib.h>
| # endif
| #endif
| #ifdef HAVE_STRING_H
| # if !defined STDC_HEADERS && defined HAVE_MEMORY_H
| #  include <memory.h>
| # endif
| # include <string.h>
| #endif
| #ifdef HAVE_STRINGS_H
| # include <strings.h>
| #endif
| #ifdef HAVE_INTTYPES_H
| # include <inttypes.h>
| #endif
| #ifdef HAVE_STDINT_H
| # include <stdint.h>
| #endif
| #ifdef HAVE_UNISTD_H
| # include <unistd.h>
| #endif
| int
| main ()
| {
| if (sizeof ((mode_t)))
| 	    return 0;
|   ;
|   return 0;
| }
configure:5470: result: yes
configure:5481: checking for size_t
configure:5481: arm-hisiv200-linux-gcc -c -ansi  		-O2 		-I/opt/hisi-linux/x86-arm/arm-hisiv200-linux/target/usr/include 		-I/home/hisisdk/histb_v2/autelan/autelan_scripts/../fakerelease/usr/include -I/home/hisisdk/histb_v2/autelan/autelan_scripts/../fakerelease/usr/local/include 		  conftest.c >&5
configure:5481: $? = 0
configure:5481: arm-hisiv200-linux-gcc -c -ansi  		-O2 		-I/opt/hisi-linux/x86-arm/arm-hisiv200-linux/target/usr/include 		-I/home/hisisdk/histb_v2/autelan/autelan_scripts/../fakerelease/usr/include -I/home/hisisdk/histb_v2/autelan/autelan_scripts/../fakerelease/usr/local/include 		  conftest.c >&5
conftest.c: In function 'main':
conftest.c:62: error: expected expression before ')' token
configure:5481: $? = 1
configure: failed program was:
| /* confdefs.h */
| #define PACKAGE_NAME "XMLStarlet"
| #define PACKAGE_TARNAME "xmlstarlet"
| #define PACKAGE_VERSION "1.6.1"
| #define PACKAGE_STRING "XMLStarlet 1.6.1"
| #define PACKAGE_BUGREPORT "http://sourceforge.net/projects/xmlstar/support"
| #define PACKAGE_URL "http://xmlstar.sourceforge.net/"
| #define _XOPEN_SOURCE 500
| #define STDC_HEADERS 1
| #define HAVE_SYS_TYPES_H 1
| #define HAVE_SYS_STAT_H 1
| #define HAVE_STDLIB_H 1
| #define HAVE_STRING_H 1
| #define HAVE_MEMORY_H 1
| #define HAVE_STRINGS_H 1
| #define HAVE_INTTYPES_H 1
| #define HAVE_STDINT_H 1
| #define HAVE_UNISTD_H 1
| #define HAVE_STDLIB_H 1
| #define HAVE_MALLOC 0
| #define malloc rpl_malloc
| #define HAVE_STDLIB_H 1
| #define HAVE_REALLOC 0
| #define realloc rpl_realloc
| /* end confdefs.h.  */
| #include <stdio.h>
| #ifdef HAVE_SYS_TYPES_H
| # include <sys/types.h>
| #endif
| #ifdef HAVE_SYS_STAT_H
| # include <sys/stat.h>
| #endif
| #ifdef STDC_HEADERS
| # include <stdlib.h>
| # include <stddef.h>
| #else
| # ifdef HAVE_STDLIB_H
| #  include <stdlib.h>
| # endif
| #endif
| #ifdef HAVE_STRING_H
| # if !defined STDC_HEADERS && defined HAVE_MEMORY_H
| #  include <memory.h>
| # endif
| # include <string.h>
| #endif
| #ifdef HAVE_STRINGS_H
| # include <strings.h>
| #endif
| #ifdef HAVE_INTTYPES_H
| # include <inttypes.h>
| #endif
| #ifdef HAVE_STDINT_H
| # include <stdint.h>
| #endif
| #ifdef HAVE_UNISTD_H
| # include <unistd.h>
| #endif
| int
| main ()
| {
| if (sizeof ((size_t)))
| 	    return 0;
|   ;
|   return 0;
| }
configure:5481: result: yes
configure:6070: checking for lstat
configure:6070: arm-hisiv200-linux-gcc -o conftest -ansi  		-O2 		-I/opt/hisi-linux/x86-arm/arm-hisiv200-linux/target/usr/include 		-I/home/hisisdk/histb_v2/autelan/autelan_scripts/../fakerelease/usr/include -I/home/hisisdk/histb_v2/autelan/autelan_scripts/../fakerelease/usr/local/include 		   		-L/opt/hisi-linux/x86-arm/arm-hisiv200-linux/target/lib -L/opt/hisi-linux/x86-arm/arm-hisiv200-linux/target/usr/lib 		-L/home/hisisdk/histb_v2/autelan/autelan_scripts/../release/lib -L/home/hisisdk/histb_v2/autelan/autelan_scripts/../release/usr/lib -L/home/hisisdk/histb_v2/autelan/autelan_scripts/../release/usr/local/lib 		 conftest.c  >&5
configure:6070: $? = 0
configure:6070: result: yes
configure:6070: checking for stat
configure:6070: arm-hisiv200-linux-gcc -o conftest -ansi  		-O2 		-I/opt/hisi-linux/x86-arm/arm-hisiv200-linux/target/usr/include 		-I/home/hisisdk/histb_v2/autelan/autelan_scripts/../fakerelease/usr/include -I/home/hisisdk/histb_v2/autelan/autelan_scripts/../fakerelease/usr/local/include 		   		-L/opt/hisi-linux/x86-arm/arm-hisiv200-linux/target/lib -L/opt/hisi-linux/x86-arm/arm-hisiv200-linux/target/usr/lib 		-L/home/hisisdk/histb_v2/autelan/autelan_scripts/../release/lib -L/home/hisisdk/histb_v2/autelan/autelan_scripts/../release/usr/lib -L/home/hisisdk/histb_v2/autelan/autelan_scripts/../release/usr/local/lib 		 conftest.c  >&5
configure:6070: $? = 0
configure:6070: result: yes
configure:6070: checking for setmode
configure:6070: arm-hisiv200-linux-gcc -o conftest -ansi  		-O2 		-I/opt/hisi-linux/x86-arm/arm-hisiv200-linux/target/usr/include 		-I/home/hisisdk/histb_v2/autelan/autelan_scripts/../fakerelease/usr/include -I/home/hisisdk/histb_v2/autelan/autelan_scripts/../fakerelease/usr/local/include 		   		-L/opt/hisi-linux/x86-arm/arm-hisiv200-linux/target/lib -L/opt/hisi-linux/x86-arm/arm-hisiv200-linux/target/usr/lib 		-L/home/hisisdk/histb_v2/autelan/autelan_scripts/../release/lib -L/home/hisisdk/histb_v2/autelan/autelan_scripts/../release/usr/lib -L/home/hisisdk/histb_v2/autelan/autelan_scripts/../release/usr/local/lib 		 conftest.c  >&5
/tmp/cckMG4B9.o: In function `main':
conftest.c:(.text+0x4): undefined reference to `setmode'
collect2: ld returned 1 exit status
configure:6070: $? = 1
configure: failed program was:
| /* confdefs.h */
| #define PACKAGE_NAME "XMLStarlet"
| #define PACKAGE_TARNAME "xmlstarlet"
| #define PACKAGE_VERSION "1.6.1"
| #define PACKAGE_STRING "XMLStarlet 1.6.1"
| #define PACKAGE_BUGREPORT "http://sourceforge.net/projects/xmlstar/support"
| #define PACKAGE_URL "http://xmlstar.sourceforge.net/"
| #define _XOPEN_SOURCE 500
| #define STDC_HEADERS 1
| #define HAVE_SYS_TYPES_H 1
| #define HAVE_SYS_STAT_H 1
| #define HAVE_STDLIB_H 1
| #define HAVE_STRING_H 1
| #define HAVE_MEMORY_H 1
| #define HAVE_STRINGS_H 1
| #define HAVE_INTTYPES_H 1
| #define HAVE_STDINT_H 1
| #define HAVE_UNISTD_H 1
| #define HAVE_STDLIB_H 1
| #define HAVE_MALLOC 0
| #define malloc rpl_malloc
| #define HAVE_STDLIB_H 1
| #define HAVE_REALLOC 0
| #define realloc rpl_realloc
| #define HAVE_LSTAT 1
| #define HAVE_STAT 1
| /* end confdefs.h.  */
| /* Define setmode to an innocuous variant, in case <limits.h> declares setmode.
|    For example, HP-UX 11i <limits.h> declares gettimeofday.  */
| #define setmode innocuous_setmode
| 
| /* System header to define __stub macros and hopefully few prototypes,
|     which can conflict with char setmode (); below.
|     Prefer <limits.h> to <assert.h> if __STDC__ is defined, since
|     <limits.h> exists even on freestanding compilers.  */
| 
| #ifdef __STDC__
| # include <limits.h>
| #else
| # include <assert.h>
| #endif
| 
| #undef setmode
| 
| /* Override any GCC internal prototype to avoid an error.
|    Use char because int might match the return type of a GCC
|    builtin and then its argument prototype would still apply.  */
| #ifdef __cplusplus
| extern "C"
| #endif
| char setmode ();
| /* The GNU C library defines this for functions which it implements
|     to always fail with ENOSYS.  Some functions are actually named
|     something starting with __ and the normal name is an alias.  */
| #if defined __stub_setmode || defined __stub___setmode
| choke me
| #endif
| 
| int
| main ()
| {
| return setmode ();
|   ;
|   return 0;
| }
configure:6070: result: no
configure:6085: checking whether O_BINARY is declared
configure:6085: arm-hisiv200-linux-gcc -c -ansi  		-O2 		-I/opt/hisi-linux/x86-arm/arm-hisiv200-linux/target/usr/include 		-I/home/hisisdk/histb_v2/autelan/autelan_scripts/../fakerelease/usr/include -I/home/hisisdk/histb_v2/autelan/autelan_scripts/../fakerelease/usr/local/include 		  conftest.c >&5
conftest.c:29: fatal error: io.h: No such file or directory
compilation terminated.
configure:6085: $? = 1
configure: failed program was:
| /* confdefs.h */
| #define PACKAGE_NAME "XMLStarlet"
| #define PACKAGE_TARNAME "xmlstarlet"
| #define PACKAGE_VERSION "1.6.1"
| #define PACKAGE_STRING "XMLStarlet 1.6.1"
| #define PACKAGE_BUGREPORT "http://sourceforge.net/projects/xmlstar/support"
| #define PACKAGE_URL "http://xmlstar.sourceforge.net/"
| #define _XOPEN_SOURCE 500
| #define STDC_HEADERS 1
| #define HAVE_SYS_TYPES_H 1
| #define HAVE_SYS_STAT_H 1
| #define HAVE_STDLIB_H 1
| #define HAVE_STRING_H 1
| #define HAVE_MEMORY_H 1
| #define HAVE_STRINGS_H 1
| #define HAVE_INTTYPES_H 1
| #define HAVE_STDINT_H 1
| #define HAVE_UNISTD_H 1
| #define HAVE_STDLIB_H 1
| #define HAVE_MALLOC 0
| #define malloc rpl_malloc
| #define HAVE_STDLIB_H 1
| #define HAVE_REALLOC 0
| #define realloc rpl_realloc
| #define HAVE_LSTAT 1
| #define HAVE_STAT 1
| /* end confdefs.h.  */
| 
| #include <io.h>
| #include <fcntl.h>
| 
| 
| int
| main ()
| {
| #ifndef O_BINARY
| #ifdef __cplusplus
|   (void) O_BINARY;
| #else
|   (void) O_BINARY;
| #endif
| #endif
| 
|   ;
|   return 0;
| }
configure:6085: result: no
configure:6107: checking whether exsltDateXpathCtxtRegister is declared
configure:6107: arm-hisiv200-linux-gcc -c -ansi  		-O2 		-I/opt/hisi-linux/x86-arm/arm-hisiv200-linux/target/usr/include 		-I/home/hisisdk/histb_v2/autelan/autelan_scripts/../fakerelease/usr/include -I/home/hisisdk/histb_v2/autelan/autelan_scripts/../fakerelease/usr/local/include 		 -I/home/hisisdk/histb_v2/autelan/autelan_scripts/../rootfs/libxslt -I/home/hisisdk/histb_v2/autelan/autelan_scripts/../rootfs/libxml2/include  conftest.c >&5
configure:6107: $? = 0
configure:6107: result: yes
configure:6288: checking that generated files are newer than configure
configure:6294: result: done
configure:6349: creating ./config.status

## ---------------------- ##
## Running config.status. ##
## ---------------------- ##

This file was extended by XMLStarlet config.status 1.6.1, which was
generated by GNU Autoconf 2.69.  Invocation command line was

  CONFIG_FILES    = 
  CONFIG_HEADERS  = 
  CONFIG_LINKS    = 
  CONFIG_COMMANDS = 
  $ ./config.status 

on debian6

config.status:907: creating xmlstarlet.spec
config.status:907: creating Makefile
config.status:907: creating solaris/package/sol8-sparc/pkginfo
config.status:907: creating solaris/package/sol9-sparc/pkginfo
config.status:907: creating config.h
config.status:1136: executing depfiles commands

## ---------------- ##
## Cache variables. ##
## ---------------- ##

ac_cv_build=i686-pc-linux-gnu
ac_cv_c_compiler_gnu=yes
ac_cv_env_CC_set=set
ac_cv_env_CC_value=arm-hisiv200-linux-gcc
ac_cv_env_CFLAGS_set=set
ac_cv_env_CFLAGS_value=' 		-O2 		-I/opt/hisi-linux/x86-arm/arm-hisiv200-linux/target/usr/include 		-I/home/hisisdk/histb_v2/autelan/autelan_scripts/../fakerelease/usr/include -I/home/hisisdk/histb_v2/autelan/autelan_scripts/../fakerelease/usr/local/include 		'
ac_cv_env_CPPFLAGS_set=
ac_cv_env_CPPFLAGS_value=
ac_cv_env_CPP_set=
ac_cv_env_CPP_value=
ac_cv_env_LDFLAGS_set=set
ac_cv_env_LDFLAGS_value=' 		-L/opt/hisi-linux/x86-arm/arm-hisiv200-linux/target/lib -L/opt/hisi-linux/x86-arm/arm-hisiv200-linux/target/usr/lib 		-L/home/hisisdk/histb_v2/autelan/autelan_scripts/../release/lib -L/home/hisisdk/histb_v2/autelan/autelan_scripts/../release/usr/lib -L/home/hisisdk/histb_v2/autelan/autelan_scripts/../release/usr/local/lib 		'
ac_cv_env_LIBS_set=
ac_cv_env_LIBS_value=
ac_cv_env_build_alias_set=
ac_cv_env_build_alias_value=
ac_cv_env_host_alias_set=set
ac_cv_env_host_alias_value=arm-hisiv200-linux
ac_cv_env_target_alias_set=
ac_cv_env_target_alias_value=
ac_cv_func_lstat=yes
ac_cv_func_lstat_dereferences_slashed_symlink=no
ac_cv_func_malloc_0_nonnull=no
ac_cv_func_realloc_0_nonnull=no
ac_cv_func_setmode=no
ac_cv_func_stat=yes
ac_cv_have_decl_O_BINARY=no
ac_cv_have_decl_exsltDateXpathCtxtRegister=yes
ac_cv_header_inttypes_h=yes
ac_cv_header_memory_h=yes
ac_cv_header_stdc=yes
ac_cv_header_stdint_h=yes
ac_cv_header_stdlib_h=yes
ac_cv_header_string_h=yes
ac_cv_header_strings_h=yes
ac_cv_header_sys_stat_h=yes
ac_cv_header_sys_types_h=yes
ac_cv_header_unistd_h=yes
ac_cv_host=arm-hisiv200-linux-gnu
ac_cv_objext=o
ac_cv_path_EGREP='/bin/grep -E'
ac_cv_path_GREP=/bin/grep
ac_cv_path_SED=/bin/sed
ac_cv_path_install='/usr/bin/install -c'
ac_cv_path_mkdir=/bin/mkdir
ac_cv_prog_AWK=gawk
ac_cv_prog_CC=arm-hisiv200-linux-gcc
ac_cv_prog_CPP='arm-hisiv200-linux-gcc -E'
ac_cv_prog_STRIP=arm-hisiv200-linux-strip
ac_cv_prog_cc_c89=
ac_cv_prog_cc_g=yes
ac_cv_prog_make_make_set=yes
ac_cv_type_mode_t=yes
ac_cv_type_size_t=yes
am_cv_CC_dependencies_compiler_type=gcc3
am_cv_make_support_nested_variables=yes
am_cv_prog_cc_c_o=yes

## ----------------- ##
## Output variables. ##
## ----------------- ##

ACLOCAL='${SHELL} /home/hisisdk/histb_v2/autelan/rootfs/xmlstarlet-1.6.1/missing aclocal-1.14'
AMDEPBACKSLASH='\'
AMDEP_FALSE='#'
AMDEP_TRUE=''
AMTAR='$${TAR-tar}'
AM_BACKSLASH='\'
AM_CPPFLAGS='-I/home/hisisdk/histb_v2/autelan/autelan_scripts/../rootfs/libxslt -I/home/hisisdk/histb_v2/autelan/autelan_scripts/../rootfs/libxml2/include'
AM_DEFAULT_V='$(AM_DEFAULT_VERBOSITY)'
AM_DEFAULT_VERBOSITY='0'
AM_LDFLAGS='-L/home/hisisdk/histb_v2/autelan/autelan_scripts/../rootfs/libxslt/libexslt/.libs -L/home/hisisdk/histb_v2/autelan/autelan_scripts/../rootfs/libxslt/libxslt/.libs -L/home/hisisdk/histb_v2/autelan/autelan_scripts/../rootfs/libxml2/.libs'
AM_V='$(V)'
AUTOCONF='${SHELL} /home/hisisdk/histb_v2/autelan/rootfs/xmlstarlet-1.6.1/missing autoconf'
AUTOHEADER='${SHELL} /home/hisisdk/histb_v2/autelan/rootfs/xmlstarlet-1.6.1/missing autoheader'
AUTOMAKE='${SHELL} /home/hisisdk/histb_v2/autelan/rootfs/xmlstarlet-1.6.1/missing automake-1.14'
AWK='gawk'
BUILD_DOCS_FALSE=''
BUILD_DOCS_TRUE='#'
CC='arm-hisiv200-linux-gcc'
CCDEPMODE='depmode=gcc3'
CFLAGS='-ansi  		-O2 		-I/opt/hisi-linux/x86-arm/arm-hisiv200-linux/target/usr/include 		-I/home/hisisdk/histb_v2/autelan/autelan_scripts/../fakerelease/usr/include -I/home/hisisdk/histb_v2/autelan/autelan_scripts/../fakerelease/usr/local/include 		'
CPP='arm-hisiv200-linux-gcc -E'
CPPFLAGS=''
CYGPATH_W='echo'
DEFS='-DHAVE_CONFIG_H'
DEPDIR='.deps'
ECHO_C=''
ECHO_N='-n'
ECHO_T=''
EGREP='/bin/grep -E'
EXEEXT=''
FOP=''
GCC_FALSE='#'
GCC_TRUE=''
GREP='/bin/grep'
HAVE_EXSLT_XPATH_REGISTER_FALSE='#'
HAVE_EXSLT_XPATH_REGISTER_TRUE=''
HAVE_FOP_FALSE=''
HAVE_FOP_TRUE='#'
HAVE_PDF2PS_FALSE=''
HAVE_PDF2PS_TRUE='#'
INSTALL_DATA='${INSTALL} -m 644'
INSTALL_PROGRAM='${INSTALL}'
INSTALL_SCRIPT='${INSTALL}'
INSTALL_STRIP_PROGRAM='$(install_sh) -c -s'
LDADD='-lexslt -lxslt -lxml2  '
LDFLAGS=' 		-L/opt/hisi-linux/x86-arm/arm-hisiv200-linux/target/lib -L/opt/hisi-linux/x86-arm/arm-hisiv200-linux/target/usr/lib 		-L/home/hisisdk/histb_v2/autelan/autelan_scripts/../release/lib -L/home/hisisdk/histb_v2/autelan/autelan_scripts/../release/usr/lib -L/home/hisisdk/histb_v2/autelan/autelan_scripts/../release/usr/local/lib 		'
LIBOBJS=' ${LIBOBJDIR}lstat$U.o ${LIBOBJDIR}malloc$U.o ${LIBOBJDIR}realloc$U.o'
LIBS=''
LIBXML_CONFIG=''
LIBXML_REQUIRED_VERSION='2.6.27'
LIBXSLT_CONFIG=''
LIBXSLT_REQUIRED_VERSION='1.1.9'
LTLIBOBJS=' ${LIBOBJDIR}lstat$U.lo ${LIBOBJDIR}malloc$U.lo ${LIBOBJDIR}realloc$U.lo'
MAINT='#'
MAINTAINER_MODE_FALSE=''
MAINTAINER_MODE_TRUE='#'
MAKEINFO='${SHELL} /home/hisisdk/histb_v2/autelan/rootfs/xmlstarlet-1.6.1/missing makeinfo'
MKDIR_P='/bin/mkdir -p'
OBJEXT='o'
PACKAGE='xmlstarlet'
PACKAGE_BUGREPORT='http://sourceforge.net/projects/xmlstar/support'
PACKAGE_NAME='XMLStarlet'
PACKAGE_STRING='XMLStarlet 1.6.1'
PACKAGE_TARNAME='xmlstarlet'
PACKAGE_URL='http://xmlstar.sourceforge.net/'
PACKAGE_VERSION='1.6.1'
PATH_SEPARATOR=':'
PDF2PS=''
SED='/bin/sed'
SET_MAKE=''
SHELL='/bin/sh'
STRIP='arm-hisiv200-linux-strip'
VERSION='1.6.1'
V_DOCBOOK='$(V_DOCBOOK_$(V))'
V_DOCBOOK_0='@echo "  DBOOK	 $@";'
V_DOCBOOK_='$(V_DOCBOOK_0)'
V_FOP='$(V_FOP_$(V))'
V_FOP_0='@echo "  FOP	 $@";'
V_FOP_='$(V_FOP_0)'
XSLTPROC=''
ac_ct_CC=''
am__EXEEXT_FALSE=''
am__EXEEXT_TRUE='#'
am__fastdepCC_FALSE='#'
am__fastdepCC_TRUE=''
am__include='include'
am__isrc=''
am__leading_dot='.'
am__nodep='_no'
am__quote=''
am__tar='$${TAR-tar} chof - "$$tardir"'
am__untar='$${TAR-tar} xf -'
bindir='/home/hisisdk/histb_v2/autelan/autelan_scripts/../release/usr/bin'
build='i686-pc-linux-gnu'
build_alias=''
build_cpu='i686'
build_os='linux-gnu'
build_vendor='pc'
datadir='/home/hisisdk/histb_v2/autelan/autelan_scripts/../fakerelease/usr/share'
datarootdir='/home/hisisdk/histb_v2/autelan/autelan_scripts/../fakerelease/usr/share'
docdir='/home/hisisdk/histb_v2/autelan/autelan_scripts/../fakerelease/usr/share/doc'
dvidir='/home/hisisdk/histb_v2/autelan/autelan_scripts/../fakerelease/usr/share/doc'
exec_prefix='${prefix}'
host='arm-hisiv200-linux-gnu'
host_alias='arm-hisiv200-linux'
host_cpu='arm'
host_os='linux-gnu'
host_vendor='hisiv200'
htmldir='/home/hisisdk/histb_v2/autelan/autelan_scripts/../fakerelease/usr/share/doc'
includedir='/home/hisisdk/histb_v2/autelan/autelan_scripts/../fakerelease/usr/include'
infodir='/home/hisisdk/histb_v2/autelan/autelan_scripts/../fakerelease/usr/share/info'
install_sh='${SHELL} /home/hisisdk/histb_v2/autelan/rootfs/xmlstarlet-1.6.1/install-sh'
libdir='/home/hisisdk/histb_v2/autelan/autelan_scripts/../release/usr/lib'
libexecdir='/home/hisisdk/histb_v2/autelan/autelan_scripts/../release/usr/libexec'
localedir='/home/hisisdk/histb_v2/autelan/autelan_scripts/../fakerelease/usr/share/local'
localstatedir='/home/hisisdk/histb_v2/autelan/autelan_scripts/../release/var'
mandir='/home/hisisdk/histb_v2/autelan/autelan_scripts/../fakerelease/usr/share/man'
mkdir_p='$(MKDIR_P)'
oldincludedir='/usr/include'
pdfdir='/home/hisisdk/histb_v2/autelan/autelan_scripts/../fakerelease/usr/share/doc'
prefix='/home/hisisdk/histb_v2/autelan/autelan_scripts/../release/usr'
program_transform_name='s,x,x,'
psdir='/home/hisisdk/histb_v2/autelan/autelan_scripts/../fakerelease/usr/share/doc'
sbindir='/home/hisisdk/histb_v2/autelan/autelan_scripts/../release/usr/sbin'
sharedstatedir='${prefix}/com'
sysconfdir='/home/hisisdk/histb_v2/autelan/autelan_scripts/../release/etc'
target_alias=''

## ----------- ##
## confdefs.h. ##
## ----------- ##

/* confdefs.h */
#define PACKAGE_NAME "XMLStarlet"
#define PACKAGE_TARNAME "xmlstarlet"
#define PACKAGE_VERSION "1.6.1"
#define PACKAGE_STRING "XMLStarlet 1.6.1"
#define PACKAGE_BUGREPORT "http://sourceforge.net/projects/xmlstar/support"
#define PACKAGE_URL "http://xmlstar.sourceforge.net/"
#define _XOPEN_SOURCE 500
#define STDC_HEADERS 1
#define HAVE_SYS_TYPES_H 1
#define HAVE_SYS_STAT_H 1
#define HAVE_STDLIB_H 1
#define HAVE_STRING_H 1
#define HAVE_MEMORY_H 1
#define HAVE_STRINGS_H 1
#define HAVE_INTTYPES_H 1
#define HAVE_STDINT_H 1
#define HAVE_UNISTD_H 1
#define HAVE_STDLIB_H 1
#define HAVE_MALLOC 0
#define malloc rpl_malloc
#define HAVE_STDLIB_H 1
#define HAVE_REALLOC 0
#define realloc rpl_realloc
#define HAVE_LSTAT 1
#define HAVE_STAT 1
#define HAVE_DECL_O_BINARY 0
#define HAVE_EXSLT_XPATH_REGISTER 1

configure: exit 0
