This file contains any messages produced by compilers while
running configure, to aid debugging if configure makes a mistake.

It was created by onig configure 5.9.6, which was
generated by GNU Autoconf 2.68.  Invocation command line was

  $ ./configure --host=arm-hisiv200-linux --prefix=/home/hisisdk/histb_v2/autelan/autelan_scripts/../release/usr --bindir=/home/hisisdk/histb_v2/autelan/autelan_scripts/../release/usr/bin --sbindir=/home/hisisdk/histb_v2/autelan/autelan_scripts/../release/usr/sbin --libexecdir=/home/hisisdk/histb_v2/autelan/autelan_scripts/../release/usr/libexec --sysconfdir=/home/hisisdk/histb_v2/autelan/autelan_scripts/../release/etc --localstatedir=/home/hisisdk/histb_v2/autelan/autelan_scripts/../release/var --libdir=/home/hisisdk/histb_v2/autelan/autelan_scripts/../release/usr/lib --includedir=/home/hisisdk/histb_v2/autelan/autelan_scripts/../fakerelease/usr/include --datarootdir=/home/hisisdk/histb_v2/autelan/autelan_scripts/../fakerelease/usr/share --datadir=/home/hisisdk/histb_v2/autelan/autelan_scripts/../fakerelease/usr/share --infodir=/home/hisisdk/histb_v2/autelan/autelan_scripts/../fakerelease/usr/share/info --localedir=/home/hisisdk/histb_v2/autelan/autelan_scripts/../fakerelease/usr/share/local --mandir=/home/hisisdk/histb_v2/autelan/autelan_scripts/../fakerelease/usr/share/man --docdir=/home/hisisdk/histb_v2/autelan/autelan_scripts/../fakerelease/usr/share/doc --htmldir=/home/hisisdk/histb_v2/autelan/autelan_scripts/../fakerelease/usr/share/doc --dvidir=/home/hisisdk/histb_v2/autelan/autelan_scripts/../fakerelease/usr/share/doc --pdfdir=/home/hisisdk/histb_v2/autelan/autelan_scripts/../fakerelease/usr/share/doc --psdir=/home/hisisdk/histb_v2/autelan/autelan_scripts/../fakerelease/usr/share/doc --without-rubydir --disable-static

## --------- ##
## Platform. ##
## --------- ##

hostname = debian6
uname -m = i686
uname -r = 2.6.32-5-686
uname -s = Linux
uname -v = #1 SMP Sun May 6 04:01:19 UTC 2012

/usr/bin/uname -p = unknown
/bin/uname -X     = unknown

/bin/arch              = unknown
/usr/bin/arch -k       = unknown
/usr/convex/getsysinfo = unknown
/usr/bin/hostinfo      = unknown
/bin/machine           = unknown
/usr/bin/oslevel       = unknown
/bin/universe          = unknown

PATH: /opt/hisi-linux/x86-arm/arm-hisiv200-linux/target/bin
PATH: /home/liujingfei/work/go/bin
PATH: /home/liujingfei/project/gopath/bin
PATH: /usr/local/bin
PATH: /usr/bin
PATH: /bin
PATH: /usr/local/games
PATH: /usr/games


## ----------- ##
## Core tests. ##
## ----------- ##

configure:2462: checking for a BSD-compatible install
configure:2530: result: /usr/bin/install -c
configure:2541: checking whether build environment is sane
configure:2591: result: yes
configure:2640: checking for arm-hisiv200-linux-strip
configure:2656: found /opt/hisi-linux/x86-arm/arm-hisiv200-linux/target/bin/arm-hisiv200-linux-strip
configure:2667: result: arm-hisiv200-linux-strip
configure:2732: checking for a thread-safe mkdir -p
configure:2771: result: /bin/mkdir -p
configure:2784: checking for gawk
configure:2800: found /usr/bin/gawk
configure:2811: result: gawk
configure:2822: checking whether make sets $(MAKE)
configure:2844: result: yes
configure:2977: checking for arm-hisiv200-linux-gcc
configure:3004: result: arm-hisiv200-linux-gcc
configure:3273: checking for C compiler version
configure:3282: arm-hisiv200-linux-gcc --version >&5
arm-hisiv200-linux-gcc (Hisilicon_v200(gcc4.4-290+glibc-2.11+eabi+nptl)) 4.4.1
Copyright (C) 2009 Free Software Foundation, Inc.
This is free software; see the source for copying conditions.  There is NO
warranty; not even for MERCHANTABILITY or FITNESS FOR A PARTICULAR PURPOSE.

configure:3293: $? = 0
configure:3282: arm-hisiv200-linux-gcc -v >&5
Using built-in specs.
Target: arm-hisiv200-linux-gnueabi
Configured with: ../gcc-4.4-2010q1/configure --host=i686-pc-linux-gnu --build=i686-pc-linux-gnu --target=arm-hisiv200-linux-gnueabi --prefix=/home/c00132816/toolchain_glibc/install/arm-hisiv200-linux --enable-threads --disable-libmudflap --disable-libssp --disable-libstdcxx-pch --with-arch=armv5te --with-gnu-as --with-gnu-ld --enable-languages=c,c++ --enable-shared --enable-lto --enable-symvers=gnu --enable-__cxa_atexit --disable-nls --enable-extra-hisi-multilibs --with-sysroot=/home/c00132816/toolchain_glibc/install/arm-hisiv200-linux/target --with-build-sysroot=/home/c00132816/toolchain_glibc/install/arm-hisiv200-linux/target --with-gmp=/home/c00132816/toolchain_glibc/install/host_lib --with-mpfr=/home/c00132816/toolchain_glibc/install/host_lib --with-ppl=/home/c00132816/toolchain_glibc/install/host_lib --with-cloog=/home/c00132816/toolchain_glibc/install/host_lib --with-libelf=/home/c00132816/toolchain_glibc/install/host_lib --with-host-libstdcxx='-static-libgcc -Wl,-Bstatic,-lstdc++,-Bstatic -lm' --enable-libgomp --enable-poison-system-directories --with-libelf=/home/c00132816/toolchain_glibc/install/host_lib --with-pkgversion='Hisilicon_v200(gcc4.4-290+glibc-2.11+eabi+nptl)' --with-bugurl=http://www.hisilicon.com/cn/service/claim.html
Thread model: posix
gcc version 4.4.1 (Hisilicon_v200(gcc4.4-290+glibc-2.11+eabi+nptl)) 
configure:3293: $? = 0
configure:3282: arm-hisiv200-linux-gcc -V >&5
arm-hisiv200-linux-gcc: '-V' option must have argument
configure:3293: $? = 1
configure:3282: arm-hisiv200-linux-gcc -qversion >&5
arm-hisiv200-linux-gcc: unrecognized option '-qversion'
arm-hisiv200-linux-gcc: no input files
configure:3293: $? = 1
configure:3313: checking whether the C compiler works
configure:3335: arm-hisiv200-linux-gcc  		-O2 		-I/opt/hisi-linux/x86-arm/arm-hisiv200-linux/target/usr/include 		-I/home/hisisdk/histb_v2/autelan/autelan_scripts/../fakerelease/usr/include -I/home/hisisdk/histb_v2/autelan/autelan_scripts/../fakerelease/usr/local/include 		   		-L/opt/hisi-linux/x86-arm/arm-hisiv200-linux/target/lib -L/opt/hisi-linux/x86-arm/arm-hisiv200-linux/target/usr/lib 		-L/home/hisisdk/histb_v2/autelan/autelan_scripts/../release/lib -L/home/hisisdk/histb_v2/autelan/autelan_scripts/../release/usr/lib -L/home/hisisdk/histb_v2/autelan/autelan_scripts/../release/usr/local/lib 		 conftest.c  >&5
configure:3339: $? = 0
configure:3387: result: yes
configure:3390: checking for C compiler default output file name
configure:3392: result: a.out
configure:3398: checking for suffix of executables
configure:3405: arm-hisiv200-linux-gcc -o conftest  		-O2 		-I/opt/hisi-linux/x86-arm/arm-hisiv200-linux/target/usr/include 		-I/home/hisisdk/histb_v2/autelan/autelan_scripts/../fakerelease/usr/include -I/home/hisisdk/histb_v2/autelan/autelan_scripts/../fakerelease/usr/local/include 		   		-L/opt/hisi-linux/x86-arm/arm-hisiv200-linux/target/lib -L/opt/hisi-linux/x86-arm/arm-hisiv200-linux/target/usr/lib 		-L/home/hisisdk/histb_v2/autelan/autelan_scripts/../release/lib -L/home/hisisdk/histb_v2/autelan/autelan_scripts/../release/usr/lib -L/home/hisisdk/histb_v2/autelan/autelan_scripts/../release/usr/local/lib 		 conftest.c  >&5
configure:3409: $? = 0
configure:3431: result: 
configure:3453: checking whether we are cross compiling
configure:3461: arm-hisiv200-linux-gcc -o conftest  		-O2 		-I/opt/hisi-linux/x86-arm/arm-hisiv200-linux/target/usr/include 		-I/home/hisisdk/histb_v2/autelan/autelan_scripts/../fakerelease/usr/include -I/home/hisisdk/histb_v2/autelan/autelan_scripts/../fakerelease/usr/local/include 		   		-L/opt/hisi-linux/x86-arm/arm-hisiv200-linux/target/lib -L/opt/hisi-linux/x86-arm/arm-hisiv200-linux/target/usr/lib 		-L/home/hisisdk/histb_v2/autelan/autelan_scripts/../release/lib -L/home/hisisdk/histb_v2/autelan/autelan_scripts/../release/usr/lib -L/home/hisisdk/histb_v2/autelan/autelan_scripts/../release/usr/local/lib 		 conftest.c  >&5
configure:3465: $? = 0
configure:3472: ./conftest
./configure: line 3474: ./conftest: cannot execute binary file
configure:3476: $? = 126
configure:3491: result: yes
configure:3496: checking for suffix of object files
configure:3518: arm-hisiv200-linux-gcc -c  		-O2 		-I/opt/hisi-linux/x86-arm/arm-hisiv200-linux/target/usr/include 		-I/home/hisisdk/histb_v2/autelan/autelan_scripts/../fakerelease/usr/include -I/home/hisisdk/histb_v2/autelan/autelan_scripts/../fakerelease/usr/local/include 		  conftest.c >&5
configure:3522: $? = 0
configure:3543: result: o
configure:3547: checking whether we are using the GNU C compiler
configure:3566: arm-hisiv200-linux-gcc -c  		-O2 		-I/opt/hisi-linux/x86-arm/arm-hisiv200-linux/target/usr/include 		-I/home/hisisdk/histb_v2/autelan/autelan_scripts/../fakerelease/usr/include -I/home/hisisdk/histb_v2/autelan/autelan_scripts/../fakerelease/usr/local/include 		  conftest.c >&5
configure:3566: $? = 0
configure:3575: result: yes
configure:3584: checking whether arm-hisiv200-linux-gcc accepts -g
configure:3604: arm-hisiv200-linux-gcc -c -g  conftest.c >&5
configure:3604: $? = 0
configure:3645: result: yes
configure:3662: checking for arm-hisiv200-linux-gcc option to accept ISO C89
configure:3726: arm-hisiv200-linux-gcc  -c  		-O2 		-I/opt/hisi-linux/x86-arm/arm-hisiv200-linux/target/usr/include 		-I/home/hisisdk/histb_v2/autelan/autelan_scripts/../fakerelease/usr/include -I/home/hisisdk/histb_v2/autelan/autelan_scripts/../fakerelease/usr/local/include 		  conftest.c >&5
configure:3726: $? = 0
configure:3739: result: none needed
configure:3770: checking for style of include used by make
configure:3798: result: GNU
configure:3824: checking dependency style of arm-hisiv200-linux-gcc
configure:3935: result: gcc3
configure:3979: checking build system type
configure:3993: result: i686-pc-linux-gnu
configure:4013: checking host system type
configure:4026: result: arm-hisiv200-linux-gnu
configure:4067: checking how to print strings
configure:4094: result: printf
configure:4115: checking for a sed that does not truncate output
configure:4179: result: /bin/sed
configure:4197: checking for grep that handles long lines and -e
configure:4255: result: /bin/grep
configure:4260: checking for egrep
configure:4322: result: /bin/grep -E
configure:4327: checking for fgrep
configure:4389: result: /bin/grep -F
configure:4424: checking for ld used by arm-hisiv200-linux-gcc
configure:4491: result: /opt/hisi-linux/x86-arm/arm-hisiv200-linux/arm-hisiv200-linux-gnueabi/bin/ld
configure:4498: checking if the linker (/opt/hisi-linux/x86-arm/arm-hisiv200-linux/arm-hisiv200-linux-gnueabi/bin/ld) is GNU ld
configure:4513: result: yes
configure:4525: checking for BSD- or MS-compatible name lister (nm)
configure:4574: result: /opt/hisi-linux/x86-arm/arm-hisiv200-linux/target/bin/arm-hisiv200-linux-nm -B
configure:4704: checking the name lister (/opt/hisi-linux/x86-arm/arm-hisiv200-linux/target/bin/arm-hisiv200-linux-nm -B) interface
configure:4711: arm-hisiv200-linux-gcc -c  		-O2 		-I/opt/hisi-linux/x86-arm/arm-hisiv200-linux/target/usr/include 		-I/home/hisisdk/histb_v2/autelan/autelan_scripts/../fakerelease/usr/include -I/home/hisisdk/histb_v2/autelan/autelan_scripts/../fakerelease/usr/local/include 		  conftest.c >&5
configure:4714: /opt/hisi-linux/x86-arm/arm-hisiv200-linux/target/bin/arm-hisiv200-linux-nm -B "conftest.o"
configure:4717: output
00000000 B some_variable
configure:4724: result: BSD nm
configure:4727: checking whether ln -s works
configure:4731: result: yes
configure:4739: checking the maximum length of command line arguments
configure:4869: result: 1572864
configure:4886: checking whether the shell understands some XSI constructs
configure:4896: result: yes
configure:4900: checking whether the shell understands "+="
configure:4906: result: yes
configure:4941: checking how to convert i686-pc-linux-gnu file names to arm-hisiv200-linux-gnu format
configure:4981: result: func_convert_file_noop
configure:4988: checking how to convert i686-pc-linux-gnu file names to toolchain format
configure:5008: result: func_convert_file_noop
configure:5015: checking for /opt/hisi-linux/x86-arm/arm-hisiv200-linux/arm-hisiv200-linux-gnueabi/bin/ld option to reload object files
configure:5022: result: -r
configure:5056: checking for arm-hisiv200-linux-objdump
configure:5072: found /opt/hisi-linux/x86-arm/arm-hisiv200-linux/target/bin/arm-hisiv200-linux-objdump
configure:5083: result: arm-hisiv200-linux-objdump
configure:5155: checking how to recognize dependent libraries
configure:5357: result: pass_all
configure:5402: checking for arm-hisiv200-linux-dlltool
configure:5432: result: no
configure:5442: checking for dlltool
configure:5472: result: no
configure:5502: checking how to associate runtime and link libraries
configure:5529: result: printf %s\n
configure:5546: checking for arm-hisiv200-linux-ar
configure:5562: found /opt/hisi-linux/x86-arm/arm-hisiv200-linux/target/bin/arm-hisiv200-linux-ar
configure:5573: result: arm-hisiv200-linux-ar
configure:5654: checking for archiver @FILE support
configure:5671: arm-hisiv200-linux-gcc -c  		-O2 		-I/opt/hisi-linux/x86-arm/arm-hisiv200-linux/target/usr/include 		-I/home/hisisdk/histb_v2/autelan/autelan_scripts/../fakerelease/usr/include -I/home/hisisdk/histb_v2/autelan/autelan_scripts/../fakerelease/usr/local/include 		  conftest.c >&5
configure:5671: $? = 0
configure:5674: arm-hisiv200-linux-ar cru libconftest.a @conftest.lst >&5
configure:5677: $? = 0
configure:5682: arm-hisiv200-linux-ar cru libconftest.a @conftest.lst >&5
arm-hisiv200-linux-ar: conftest.o: No such file or directory
configure:5685: $? = 1
configure:5697: result: @
configure:5715: checking for arm-hisiv200-linux-strip
configure:5742: result: arm-hisiv200-linux-strip
configure:5814: checking for arm-hisiv200-linux-ranlib
configure:5830: found /opt/hisi-linux/x86-arm/arm-hisiv200-linux/target/bin/arm-hisiv200-linux-ranlib
configure:5841: result: arm-hisiv200-linux-ranlib
configure:5983: checking command to parse /opt/hisi-linux/x86-arm/arm-hisiv200-linux/target/bin/arm-hisiv200-linux-nm -B output from arm-hisiv200-linux-gcc object
configure:6103: arm-hisiv200-linux-gcc -c  		-O2 		-I/opt/hisi-linux/x86-arm/arm-hisiv200-linux/target/usr/include 		-I/home/hisisdk/histb_v2/autelan/autelan_scripts/../fakerelease/usr/include -I/home/hisisdk/histb_v2/autelan/autelan_scripts/../fakerelease/usr/local/include 		  conftest.c >&5
configure:6106: $? = 0
configure:6110: /opt/hisi-linux/x86-arm/arm-hisiv200-linux/target/bin/arm-hisiv200-linux-nm -B conftest.o \| sed -n -e 's/^.*[ ]\([ABCDGIRSTW][ABCDGIRSTW]*\)[ ][ ]*\([_A-Za-z][_A-Za-z0-9]*\)$/\1 \2 \2/p' | sed '/ __gnu_lto/d' \> conftest.nm
configure:6113: $? = 0
configure:6179: arm-hisiv200-linux-gcc -o conftest  		-O2 		-I/opt/hisi-linux/x86-arm/arm-hisiv200-linux/target/usr/include 		-I/home/hisisdk/histb_v2/autelan/autelan_scripts/../fakerelease/usr/include -I/home/hisisdk/histb_v2/autelan/autelan_scripts/../fakerelease/usr/local/include 		   		-L/opt/hisi-linux/x86-arm/arm-hisiv200-linux/target/lib -L/opt/hisi-linux/x86-arm/arm-hisiv200-linux/target/usr/lib 		-L/home/hisisdk/histb_v2/autelan/autelan_scripts/../release/lib -L/home/hisisdk/histb_v2/autelan/autelan_scripts/../release/usr/lib -L/home/hisisdk/histb_v2/autelan/autelan_scripts/../release/usr/local/lib 		 conftest.c conftstm.o >&5
configure:6182: $? = 0
configure:6220: result: ok
configure:6257: checking for sysroot
configure:6287: result: no
configure:6503: checking for arm-hisiv200-linux-mt
configure:6533: result: no
configure:6543: checking for mt
configure:6559: found /bin/mt
configure:6570: result: mt
configure:6582: WARNING: using cross tools not prefixed with host triplet
configure:6593: checking if mt is a manifest tool
configure:6599: mt '-?'
configure:6607: result: no
configure:7249: checking how to run the C preprocessor
configure:7280: arm-hisiv200-linux-gcc -E  conftest.c
configure:7280: $? = 0
configure:7294: arm-hisiv200-linux-gcc -E  conftest.c
conftest.c:11: fatal error: ac_nonexistent.h: No such file or directory
compilation terminated.
configure:7294: $? = 1
configure: failed program was:
| /* confdefs.h */
| #define PACKAGE_NAME "onig"
| #define PACKAGE_TARNAME "onig"
| #define PACKAGE_VERSION "5.9.6"
| #define PACKAGE_STRING "onig 5.9.6"
| #define PACKAGE_BUGREPORT ""
| #define PACKAGE_URL ""
| #define PACKAGE "onig"
| #define VERSION "5.9.6"
| /* end confdefs.h.  */
| #include <ac_nonexistent.h>
configure:7319: result: arm-hisiv200-linux-gcc -E
configure:7339: arm-hisiv200-linux-gcc -E  conftest.c
configure:7339: $? = 0
configure:7353: arm-hisiv200-linux-gcc -E  conftest.c
conftest.c:11: fatal error: ac_nonexistent.h: No such file or directory
compilation terminated.
configure:7353: $? = 1
configure: failed program was:
| /* confdefs.h */
| #define PACKAGE_NAME "onig"
| #define PACKAGE_TARNAME "onig"
| #define PACKAGE_VERSION "5.9.6"
| #define PACKAGE_STRING "onig 5.9.6"
| #define PACKAGE_BUGREPORT ""
| #define PACKAGE_URL ""
| #define PACKAGE "onig"
| #define VERSION "5.9.6"
| /* end confdefs.h.  */
| #include <ac_nonexistent.h>
configure:7382: checking for ANSI C header files
configure:7402: arm-hisiv200-linux-gcc -c  		-O2 		-I/opt/hisi-linux/x86-arm/arm-hisiv200-linux/target/usr/include 		-I/home/hisisdk/histb_v2/autelan/autelan_scripts/../fakerelease/usr/include -I/home/hisisdk/histb_v2/autelan/autelan_scripts/../fakerelease/usr/local/include 		  conftest.c >&5
configure:7402: $? = 0
configure:7486: result: yes
configure:7499: checking for sys/types.h
configure:7499: arm-hisiv200-linux-gcc -c  		-O2 		-I/opt/hisi-linux/x86-arm/arm-hisiv200-linux/target/usr/include 		-I/home/hisisdk/histb_v2/autelan/autelan_scripts/../fakerelease/usr/include -I/home/hisisdk/histb_v2/autelan/autelan_scripts/../fakerelease/usr/local/include 		  conftest.c >&5
configure:7499: $? = 0
configure:7499: result: yes
configure:7499: checking for sys/stat.h
configure:7499: arm-hisiv200-linux-gcc -c  		-O2 		-I/opt/hisi-linux/x86-arm/arm-hisiv200-linux/target/usr/include 		-I/home/hisisdk/histb_v2/autelan/autelan_scripts/../fakerelease/usr/include -I/home/hisisdk/histb_v2/autelan/autelan_scripts/../fakerelease/usr/local/include 		  conftest.c >&5
configure:7499: $? = 0
configure:7499: result: yes
configure:7499: checking for stdlib.h
configure:7499: arm-hisiv200-linux-gcc -c  		-O2 		-I/opt/hisi-linux/x86-arm/arm-hisiv200-linux/target/usr/include 		-I/home/hisisdk/histb_v2/autelan/autelan_scripts/../fakerelease/usr/include -I/home/hisisdk/histb_v2/autelan/autelan_scripts/../fakerelease/usr/local/include 		  conftest.c >&5
configure:7499: $? = 0
configure:7499: result: yes
configure:7499: checking for string.h
configure:7499: arm-hisiv200-linux-gcc -c  		-O2 		-I/opt/hisi-linux/x86-arm/arm-hisiv200-linux/target/usr/include 		-I/home/hisisdk/histb_v2/autelan/autelan_scripts/../fakerelease/usr/include -I/home/hisisdk/histb_v2/autelan/autelan_scripts/../fakerelease/usr/local/include 		  conftest.c >&5
configure:7499: $? = 0
configure:7499: result: yes
configure:7499: checking for memory.h
configure:7499: arm-hisiv200-linux-gcc -c  		-O2 		-I/opt/hisi-linux/x86-arm/arm-hisiv200-linux/target/usr/include 		-I/home/hisisdk/histb_v2/autelan/autelan_scripts/../fakerelease/usr/include -I/home/hisisdk/histb_v2/autelan/autelan_scripts/../fakerelease/usr/local/include 		  conftest.c >&5
configure:7499: $? = 0
configure:7499: result: yes
configure:7499: checking for strings.h
configure:7499: arm-hisiv200-linux-gcc -c  		-O2 		-I/opt/hisi-linux/x86-arm/arm-hisiv200-linux/target/usr/include 		-I/home/hisisdk/histb_v2/autelan/autelan_scripts/../fakerelease/usr/include -I/home/hisisdk/histb_v2/autelan/autelan_scripts/../fakerelease/usr/local/include 		  conftest.c >&5
configure:7499: $? = 0
configure:7499: result: yes
configure:7499: checking for inttypes.h
configure:7499: arm-hisiv200-linux-gcc -c  		-O2 		-I/opt/hisi-linux/x86-arm/arm-hisiv200-linux/target/usr/include 		-I/home/hisisdk/histb_v2/autelan/autelan_scripts/../fakerelease/usr/include -I/home/hisisdk/histb_v2/autelan/autelan_scripts/../fakerelease/usr/local/include 		  conftest.c >&5
configure:7499: $? = 0
configure:7499: result: yes
configure:7499: checking for stdint.h
configure:7499: arm-hisiv200-linux-gcc -c  		-O2 		-I/opt/hisi-linux/x86-arm/arm-hisiv200-linux/target/usr/include 		-I/home/hisisdk/histb_v2/autelan/autelan_scripts/../fakerelease/usr/include -I/home/hisisdk/histb_v2/autelan/autelan_scripts/../fakerelease/usr/local/include 		  conftest.c >&5
configure:7499: $? = 0
configure:7499: result: yes
configure:7499: checking for unistd.h
configure:7499: arm-hisiv200-linux-gcc -c  		-O2 		-I/opt/hisi-linux/x86-arm/arm-hisiv200-linux/target/usr/include 		-I/home/hisisdk/histb_v2/autelan/autelan_scripts/../fakerelease/usr/include -I/home/hisisdk/histb_v2/autelan/autelan_scripts/../fakerelease/usr/local/include 		  conftest.c >&5
configure:7499: $? = 0
configure:7499: result: yes
configure:7513: checking for dlfcn.h
configure:7513: arm-hisiv200-linux-gcc -c  		-O2 		-I/opt/hisi-linux/x86-arm/arm-hisiv200-linux/target/usr/include 		-I/home/hisisdk/histb_v2/autelan/autelan_scripts/../fakerelease/usr/include -I/home/hisisdk/histb_v2/autelan/autelan_scripts/../fakerelease/usr/local/include 		  conftest.c >&5
configure:7513: $? = 0
configure:7513: result: yes
configure:7719: checking for objdir
configure:7734: result: .libs
configure:8005: checking if arm-hisiv200-linux-gcc supports -fno-rtti -fno-exceptions
configure:8023: arm-hisiv200-linux-gcc -c  		-O2 		-I/opt/hisi-linux/x86-arm/arm-hisiv200-linux/target/usr/include 		-I/home/hisisdk/histb_v2/autelan/autelan_scripts/../fakerelease/usr/include -I/home/hisisdk/histb_v2/autelan/autelan_scripts/../fakerelease/usr/local/include 		  -fno-rtti -fno-exceptions conftest.c >&5
cc1: warning: command line option "-fno-rtti" is valid for C++/ObjC++ but not for C
configure:8027: $? = 0
configure:8040: result: no
configure:8367: checking for arm-hisiv200-linux-gcc option to produce PIC
configure:8374: result: -fPIC -DPIC
configure:8382: checking if arm-hisiv200-linux-gcc PIC flag -fPIC -DPIC works
configure:8400: arm-hisiv200-linux-gcc -c  		-O2 		-I/opt/hisi-linux/x86-arm/arm-hisiv200-linux/target/usr/include 		-I/home/hisisdk/histb_v2/autelan/autelan_scripts/../fakerelease/usr/include -I/home/hisisdk/histb_v2/autelan/autelan_scripts/../fakerelease/usr/local/include 		  -fPIC -DPIC -DPIC conftest.c >&5
configure:8404: $? = 0
configure:8417: result: yes
configure:8446: checking if arm-hisiv200-linux-gcc static flag -static works
configure:8474: result: yes
configure:8489: checking if arm-hisiv200-linux-gcc supports -c -o file.o
configure:8510: arm-hisiv200-linux-gcc -c  		-O2 		-I/opt/hisi-linux/x86-arm/arm-hisiv200-linux/target/usr/include 		-I/home/hisisdk/histb_v2/autelan/autelan_scripts/../fakerelease/usr/include -I/home/hisisdk/histb_v2/autelan/autelan_scripts/../fakerelease/usr/local/include 		  -o out/conftest2.o conftest.c >&5
configure:8514: $? = 0
configure:8536: result: yes
configure:8544: checking if arm-hisiv200-linux-gcc supports -c -o file.o
configure:8591: result: yes
configure:8624: checking whether the arm-hisiv200-linux-gcc linker (/opt/hisi-linux/x86-arm/arm-hisiv200-linux/arm-hisiv200-linux-gnueabi/bin/ld) supports shared libraries
configure:9781: result: yes
configure:9818: checking whether -lc should be explicitly linked in
configure:9826: arm-hisiv200-linux-gcc -c  		-O2 		-I/opt/hisi-linux/x86-arm/arm-hisiv200-linux/target/usr/include 		-I/home/hisisdk/histb_v2/autelan/autelan_scripts/../fakerelease/usr/include -I/home/hisisdk/histb_v2/autelan/autelan_scripts/../fakerelease/usr/local/include 		  conftest.c >&5
configure:9829: $? = 0
configure:9844: arm-hisiv200-linux-gcc -shared  -fPIC -DPIC conftest.o  -v -Wl,-soname -Wl,conftest -o conftest 2\>\&1 \| /bin/grep  -lc  \>/dev/null 2\>\&1
configure:9847: $? = 0
configure:9861: result: no
configure:10021: checking dynamic linker characteristics
configure:10532: arm-hisiv200-linux-gcc -o conftest  		-O2 		-I/opt/hisi-linux/x86-arm/arm-hisiv200-linux/target/usr/include 		-I/home/hisisdk/histb_v2/autelan/autelan_scripts/../fakerelease/usr/include -I/home/hisisdk/histb_v2/autelan/autelan_scripts/../fakerelease/usr/local/include 		   		-L/opt/hisi-linux/x86-arm/arm-hisiv200-linux/target/lib -L/opt/hisi-linux/x86-arm/arm-hisiv200-linux/target/usr/lib 		-L/home/hisisdk/histb_v2/autelan/autelan_scripts/../release/lib -L/home/hisisdk/histb_v2/autelan/autelan_scripts/../release/usr/lib -L/home/hisisdk/histb_v2/autelan/autelan_scripts/../release/usr/local/lib 		 -Wl,-rpath -Wl,/foo conftest.c  >&5
configure:10532: $? = 0
configure:10766: result: GNU/Linux ld.so
configure:10873: checking how to hardcode library paths into programs
configure:10898: result: immediate
configure:11438: checking whether stripping libraries is possible
configure:11443: result: yes
configure:11478: checking if libtool supports shared libraries
configure:11480: result: yes
configure:11483: checking whether to build shared libraries
configure:11504: result: yes
configure:11507: checking whether to build static libraries
configure:11511: result: no
configure:11552: checking whether make sets $(MAKE)
configure:11574: result: yes
configure:11585: checking for ANSI C header files
configure:11689: result: yes
configure:11700: checking for stdlib.h
configure:11700: result: yes
configure:11700: checking for string.h
configure:11700: result: yes
configure:11700: checking for strings.h
configure:11700: result: yes
configure:11700: checking sys/time.h usability
configure:11700: arm-hisiv200-linux-gcc -c  		-O2 		-I/opt/hisi-linux/x86-arm/arm-hisiv200-linux/target/usr/include 		-I/home/hisisdk/histb_v2/autelan/autelan_scripts/../fakerelease/usr/include -I/home/hisisdk/histb_v2/autelan/autelan_scripts/../fakerelease/usr/local/include 		  conftest.c >&5
configure:11700: $? = 0
configure:11700: result: yes
configure:11700: checking sys/time.h presence
configure:11700: arm-hisiv200-linux-gcc -E  conftest.c
configure:11700: $? = 0
configure:11700: result: yes
configure:11700: checking for sys/time.h
configure:11700: result: yes
configure:11700: checking for unistd.h
configure:11700: result: yes
configure:11700: checking sys/times.h usability
configure:11700: arm-hisiv200-linux-gcc -c  		-O2 		-I/opt/hisi-linux/x86-arm/arm-hisiv200-linux/target/usr/include 		-I/home/hisisdk/histb_v2/autelan/autelan_scripts/../fakerelease/usr/include -I/home/hisisdk/histb_v2/autelan/autelan_scripts/../fakerelease/usr/local/include 		  conftest.c >&5
configure:11700: $? = 0
configure:11700: result: yes
configure:11700: checking sys/times.h presence
configure:11700: arm-hisiv200-linux-gcc -E  conftest.c
configure:11700: $? = 0
configure:11700: result: yes
configure:11700: checking for sys/times.h
configure:11700: result: yes
configure:11715: checking size of int
configure:11720: arm-hisiv200-linux-gcc -c  		-O2 		-I/opt/hisi-linux/x86-arm/arm-hisiv200-linux/target/usr/include 		-I/home/hisisdk/histb_v2/autelan/autelan_scripts/../fakerelease/usr/include -I/home/hisisdk/histb_v2/autelan/autelan_scripts/../fakerelease/usr/local/include 		  conftest.c >&5
configure:11720: $? = 0
configure:11720: arm-hisiv200-linux-gcc -c  		-O2 		-I/opt/hisi-linux/x86-arm/arm-hisiv200-linux/target/usr/include 		-I/home/hisisdk/histb_v2/autelan/autelan_scripts/../fakerelease/usr/include -I/home/hisisdk/histb_v2/autelan/autelan_scripts/../fakerelease/usr/local/include 		  conftest.c >&5
conftest.c: In function 'main':
conftest.c:66: error: size of array 'test_array' is negative
configure:11720: $? = 1
configure: failed program was:
| /* confdefs.h */
| #define PACKAGE_NAME "onig"
| #define PACKAGE_TARNAME "onig"
| #define PACKAGE_VERSION "5.9.6"
| #define PACKAGE_STRING "onig 5.9.6"
| #define PACKAGE_BUGREPORT ""
| #define PACKAGE_URL ""
| #define PACKAGE "onig"
| #define VERSION "5.9.6"
| #define STDC_HEADERS 1
| #define HAVE_SYS_TYPES_H 1
| #define HAVE_SYS_STAT_H 1
| #define HAVE_STDLIB_H 1
| #define HAVE_STRING_H 1
| #define HAVE_MEMORY_H 1
| #define HAVE_STRINGS_H 1
| #define HAVE_INTTYPES_H 1
| #define HAVE_STDINT_H 1
| #define HAVE_UNISTD_H 1
| #define HAVE_DLFCN_H 1
| #define LT_OBJDIR ".libs/"
| #define STDC_HEADERS 1
| #define HAVE_STDLIB_H 1
| #define HAVE_STRING_H 1
| #define HAVE_STRINGS_H 1
| #define HAVE_SYS_TIME_H 1
| #define HAVE_UNISTD_H 1
| #define HAVE_SYS_TIMES_H 1
| /* end confdefs.h.  */
| #include <stdio.h>
| #ifdef HAVE_SYS_TYPES_H
| # include <sys/types.h>
| #endif
| #ifdef HAVE_SYS_STAT_H
| # include <sys/stat.h>
| #endif
| #ifdef STDC_HEADERS
| # include <stdlib.h>
| # include <stddef.h>
| #else
| # ifdef HAVE_STDLIB_H
| #  include <stdlib.h>
| # endif
| #endif
| #ifdef HAVE_STRING_H
| # if !defined STDC_HEADERS && defined HAVE_MEMORY_H
| #  include <memory.h>
| # endif
| # include <string.h>
| #endif
| #ifdef HAVE_STRINGS_H
| # include <strings.h>
| #endif
| #ifdef HAVE_INTTYPES_H
| # include <inttypes.h>
| #endif
| #ifdef HAVE_STDINT_H
| # include <stdint.h>
| #endif
| #ifdef HAVE_UNISTD_H
| # include <unistd.h>
| #endif
| int
| main ()
| {
| static int test_array [1 - 2 * !(((long int) (sizeof (int))) <= 0)];
| test_array [0] = 0
| 
|   ;
|   return 0;
| }
configure:11720: arm-hisiv200-linux-gcc -c  		-O2 		-I/opt/hisi-linux/x86-arm/arm-hisiv200-linux/target/usr/include 		-I/home/hisisdk/histb_v2/autelan/autelan_scripts/../fakerelease/usr/include -I/home/hisisdk/histb_v2/autelan/autelan_scripts/../fakerelease/usr/local/include 		  conftest.c >&5
conftest.c: In function 'main':
conftest.c:66: error: size of array 'test_array' is negative
configure:11720: $? = 1
configure: failed program was:
| /* confdefs.h */
| #define PACKAGE_NAME "onig"
| #define PACKAGE_TARNAME "onig"
| #define PACKAGE_VERSION "5.9.6"
| #define PACKAGE_STRING "onig 5.9.6"
| #define PACKAGE_BUGREPORT ""
| #define PACKAGE_URL ""
| #define PACKAGE "onig"
| #define VERSION "5.9.6"
| #define STDC_HEADERS 1
| #define HAVE_SYS_TYPES_H 1
| #define HAVE_SYS_STAT_H 1
| #define HAVE_STDLIB_H 1
| #define HAVE_STRING_H 1
| #define HAVE_MEMORY_H 1
| #define HAVE_STRINGS_H 1
| #define HAVE_INTTYPES_H 1
| #define HAVE_STDINT_H 1
| #define HAVE_UNISTD_H 1
| #define HAVE_DLFCN_H 1
| #define LT_OBJDIR ".libs/"
| #define STDC_HEADERS 1
| #define HAVE_STDLIB_H 1
| #define HAVE_STRING_H 1
| #define HAVE_STRINGS_H 1
| #define HAVE_SYS_TIME_H 1
| #define HAVE_UNISTD_H 1
| #define HAVE_SYS_TIMES_H 1
| /* end confdefs.h.  */
| #include <stdio.h>
| #ifdef HAVE_SYS_TYPES_H
| # include <sys/types.h>
| #endif
| #ifdef HAVE_SYS_STAT_H
| # include <sys/stat.h>
| #endif
| #ifdef STDC_HEADERS
| # include <stdlib.h>
| # include <stddef.h>
| #else
| # ifdef HAVE_STDLIB_H
| #  include <stdlib.h>
| # endif
| #endif
| #ifdef HAVE_STRING_H
| # if !defined STDC_HEADERS && defined HAVE_MEMORY_H
| #  include <memory.h>
| # endif
| # include <string.h>
| #endif
| #ifdef HAVE_STRINGS_H
| # include <strings.h>
| #endif
| #ifdef HAVE_INTTYPES_H
| # include <inttypes.h>
| #endif
| #ifdef HAVE_STDINT_H
| # include <stdint.h>
| #endif
| #ifdef HAVE_UNISTD_H
| # include <unistd.h>
| #endif
| int
| main ()
| {
| static int test_array [1 - 2 * !(((long int) (sizeof (int))) <= 1)];
| test_array [0] = 0
| 
|   ;
|   return 0;
| }
configure:11720: arm-hisiv200-linux-gcc -c  		-O2 		-I/opt/hisi-linux/x86-arm/arm-hisiv200-linux/target/usr/include 		-I/home/hisisdk/histb_v2/autelan/autelan_scripts/../fakerelease/usr/include -I/home/hisisdk/histb_v2/autelan/autelan_scripts/../fakerelease/usr/local/include 		  conftest.c >&5
conftest.c: In function 'main':
conftest.c:66: error: size of array 'test_array' is negative
configure:11720: $? = 1
configure: failed program was:
| /* confdefs.h */
| #define PACKAGE_NAME "onig"
| #define PACKAGE_TARNAME "onig"
| #define PACKAGE_VERSION "5.9.6"
| #define PACKAGE_STRING "onig 5.9.6"
| #define PACKAGE_BUGREPORT ""
| #define PACKAGE_URL ""
| #define PACKAGE "onig"
| #define VERSION "5.9.6"
| #define STDC_HEADERS 1
| #define HAVE_SYS_TYPES_H 1
| #define HAVE_SYS_STAT_H 1
| #define HAVE_STDLIB_H 1
| #define HAVE_STRING_H 1
| #define HAVE_MEMORY_H 1
| #define HAVE_STRINGS_H 1
| #define HAVE_INTTYPES_H 1
| #define HAVE_STDINT_H 1
| #define HAVE_UNISTD_H 1
| #define HAVE_DLFCN_H 1
| #define LT_OBJDIR ".libs/"
| #define STDC_HEADERS 1
| #define HAVE_STDLIB_H 1
| #define HAVE_STRING_H 1
| #define HAVE_STRINGS_H 1
| #define HAVE_SYS_TIME_H 1
| #define HAVE_UNISTD_H 1
| #define HAVE_SYS_TIMES_H 1
| /* end confdefs.h.  */
| #include <stdio.h>
| #ifdef HAVE_SYS_TYPES_H
| # include <sys/types.h>
| #endif
| #ifdef HAVE_SYS_STAT_H
| # include <sys/stat.h>
| #endif
| #ifdef STDC_HEADERS
| # include <stdlib.h>
| # include <stddef.h>
| #else
| # ifdef HAVE_STDLIB_H
| #  include <stdlib.h>
| # endif
| #endif
| #ifdef HAVE_STRING_H
| # if !defined STDC_HEADERS && defined HAVE_MEMORY_H
| #  include <memory.h>
| # endif
| # include <string.h>
| #endif
| #ifdef HAVE_STRINGS_H
| # include <strings.h>
| #endif
| #ifdef HAVE_INTTYPES_H
| # include <inttypes.h>
| #endif
| #ifdef HAVE_STDINT_H
| # include <stdint.h>
| #endif
| #ifdef HAVE_UNISTD_H
| # include <unistd.h>
| #endif
| int
| main ()
| {
| static int test_array [1 - 2 * !(((long int) (sizeof (int))) <= 3)];
| test_array [0] = 0
| 
|   ;
|   return 0;
| }
configure:11720: arm-hisiv200-linux-gcc -c  		-O2 		-I/opt/hisi-linux/x86-arm/arm-hisiv200-linux/target/usr/include 		-I/home/hisisdk/histb_v2/autelan/autelan_scripts/../fakerelease/usr/include -I/home/hisisdk/histb_v2/autelan/autelan_scripts/../fakerelease/usr/local/include 		  conftest.c >&5
configure:11720: $? = 0
configure:11720: arm-hisiv200-linux-gcc -c  		-O2 		-I/opt/hisi-linux/x86-arm/arm-hisiv200-linux/target/usr/include 		-I/home/hisisdk/histb_v2/autelan/autelan_scripts/../fakerelease/usr/include -I/home/hisisdk/histb_v2/autelan/autelan_scripts/../fakerelease/usr/local/include 		  conftest.c >&5
configure:11720: $? = 0
configure:11720: arm-hisiv200-linux-gcc -c  		-O2 		-I/opt/hisi-linux/x86-arm/arm-hisiv200-linux/target/usr/include 		-I/home/hisisdk/histb_v2/autelan/autelan_scripts/../fakerelease/usr/include -I/home/hisisdk/histb_v2/autelan/autelan_scripts/../fakerelease/usr/local/include 		  conftest.c >&5
configure:11720: $? = 0
configure:11734: result: 4
configure:11748: checking size of short
configure:11753: arm-hisiv200-linux-gcc -c  		-O2 		-I/opt/hisi-linux/x86-arm/arm-hisiv200-linux/target/usr/include 		-I/home/hisisdk/histb_v2/autelan/autelan_scripts/../fakerelease/usr/include -I/home/hisisdk/histb_v2/autelan/autelan_scripts/../fakerelease/usr/local/include 		  conftest.c >&5
configure:11753: $? = 0
configure:11753: arm-hisiv200-linux-gcc -c  		-O2 		-I/opt/hisi-linux/x86-arm/arm-hisiv200-linux/target/usr/include 		-I/home/hisisdk/histb_v2/autelan/autelan_scripts/../fakerelease/usr/include -I/home/hisisdk/histb_v2/autelan/autelan_scripts/../fakerelease/usr/local/include 		  conftest.c >&5
conftest.c: In function 'main':
conftest.c:67: error: size of array 'test_array' is negative
configure:11753: $? = 1
configure: failed program was:
| /* confdefs.h */
| #define PACKAGE_NAME "onig"
| #define PACKAGE_TARNAME "onig"
| #define PACKAGE_VERSION "5.9.6"
| #define PACKAGE_STRING "onig 5.9.6"
| #define PACKAGE_BUGREPORT ""
| #define PACKAGE_URL ""
| #define PACKAGE "onig"
| #define VERSION "5.9.6"
| #define STDC_HEADERS 1
| #define HAVE_SYS_TYPES_H 1
| #define HAVE_SYS_STAT_H 1
| #define HAVE_STDLIB_H 1
| #define HAVE_STRING_H 1
| #define HAVE_MEMORY_H 1
| #define HAVE_STRINGS_H 1
| #define HAVE_INTTYPES_H 1
| #define HAVE_STDINT_H 1
| #define HAVE_UNISTD_H 1
| #define HAVE_DLFCN_H 1
| #define LT_OBJDIR ".libs/"
| #define STDC_HEADERS 1
| #define HAVE_STDLIB_H 1
| #define HAVE_STRING_H 1
| #define HAVE_STRINGS_H 1
| #define HAVE_SYS_TIME_H 1
| #define HAVE_UNISTD_H 1
| #define HAVE_SYS_TIMES_H 1
| #define SIZEOF_INT 4
| /* end confdefs.h.  */
| #include <stdio.h>
| #ifdef HAVE_SYS_TYPES_H
| # include <sys/types.h>
| #endif
| #ifdef HAVE_SYS_STAT_H
| # include <sys/stat.h>
| #endif
| #ifdef STDC_HEADERS
| # include <stdlib.h>
| # include <stddef.h>
| #else
| # ifdef HAVE_STDLIB_H
| #  include <stdlib.h>
| # endif
| #endif
| #ifdef HAVE_STRING_H
| # if !defined STDC_HEADERS && defined HAVE_MEMORY_H
| #  include <memory.h>
| # endif
| # include <string.h>
| #endif
| #ifdef HAVE_STRINGS_H
| # include <strings.h>
| #endif
| #ifdef HAVE_INTTYPES_H
| # include <inttypes.h>
| #endif
| #ifdef HAVE_STDINT_H
| # include <stdint.h>
| #endif
| #ifdef HAVE_UNISTD_H
| # include <unistd.h>
| #endif
| int
| main ()
| {
| static int test_array [1 - 2 * !(((long int) (sizeof (short))) <= 0)];
| test_array [0] = 0
| 
|   ;
|   return 0;
| }
configure:11753: arm-hisiv200-linux-gcc -c  		-O2 		-I/opt/hisi-linux/x86-arm/arm-hisiv200-linux/target/usr/include 		-I/home/hisisdk/histb_v2/autelan/autelan_scripts/../fakerelease/usr/include -I/home/hisisdk/histb_v2/autelan/autelan_scripts/../fakerelease/usr/local/include 		  conftest.c >&5
conftest.c: In function 'main':
conftest.c:67: error: size of array 'test_array' is negative
configure:11753: $? = 1
configure: failed program was:
| /* confdefs.h */
| #define PACKAGE_NAME "onig"
| #define PACKAGE_TARNAME "onig"
| #define PACKAGE_VERSION "5.9.6"
| #define PACKAGE_STRING "onig 5.9.6"
| #define PACKAGE_BUGREPORT ""
| #define PACKAGE_URL ""
| #define PACKAGE "onig"
| #define VERSION "5.9.6"
| #define STDC_HEADERS 1
| #define HAVE_SYS_TYPES_H 1
| #define HAVE_SYS_STAT_H 1
| #define HAVE_STDLIB_H 1
| #define HAVE_STRING_H 1
| #define HAVE_MEMORY_H 1
| #define HAVE_STRINGS_H 1
| #define HAVE_INTTYPES_H 1
| #define HAVE_STDINT_H 1
| #define HAVE_UNISTD_H 1
| #define HAVE_DLFCN_H 1
| #define LT_OBJDIR ".libs/"
| #define STDC_HEADERS 1
| #define HAVE_STDLIB_H 1
| #define HAVE_STRING_H 1
| #define HAVE_STRINGS_H 1
| #define HAVE_SYS_TIME_H 1
| #define HAVE_UNISTD_H 1
| #define HAVE_SYS_TIMES_H 1
| #define SIZEOF_INT 4
| /* end confdefs.h.  */
| #include <stdio.h>
| #ifdef HAVE_SYS_TYPES_H
| # include <sys/types.h>
| #endif
| #ifdef HAVE_SYS_STAT_H
| # include <sys/stat.h>
| #endif
| #ifdef STDC_HEADERS
| # include <stdlib.h>
| # include <stddef.h>
| #else
| # ifdef HAVE_STDLIB_H
| #  include <stdlib.h>
| # endif
| #endif
| #ifdef HAVE_STRING_H
| # if !defined STDC_HEADERS && defined HAVE_MEMORY_H
| #  include <memory.h>
| # endif
| # include <string.h>
| #endif
| #ifdef HAVE_STRINGS_H
| # include <strings.h>
| #endif
| #ifdef HAVE_INTTYPES_H
| # include <inttypes.h>
| #endif
| #ifdef HAVE_STDINT_H
| # include <stdint.h>
| #endif
| #ifdef HAVE_UNISTD_H
| # include <unistd.h>
| #endif
| int
| main ()
| {
| static int test_array [1 - 2 * !(((long int) (sizeof (short))) <= 1)];
| test_array [0] = 0
| 
|   ;
|   return 0;
| }
configure:11753: arm-hisiv200-linux-gcc -c  		-O2 		-I/opt/hisi-linux/x86-arm/arm-hisiv200-linux/target/usr/include 		-I/home/hisisdk/histb_v2/autelan/autelan_scripts/../fakerelease/usr/include -I/home/hisisdk/histb_v2/autelan/autelan_scripts/../fakerelease/usr/local/include 		  conftest.c >&5
configure:11753: $? = 0
configure:11753: arm-hisiv200-linux-gcc -c  		-O2 		-I/opt/hisi-linux/x86-arm/arm-hisiv200-linux/target/usr/include 		-I/home/hisisdk/histb_v2/autelan/autelan_scripts/../fakerelease/usr/include -I/home/hisisdk/histb_v2/autelan/autelan_scripts/../fakerelease/usr/local/include 		  conftest.c >&5
configure:11753: $? = 0
configure:11767: result: 2
configure:11781: checking size of long
configure:11786: arm-hisiv200-linux-gcc -c  		-O2 		-I/opt/hisi-linux/x86-arm/arm-hisiv200-linux/target/usr/include 		-I/home/hisisdk/histb_v2/autelan/autelan_scripts/../fakerelease/usr/include -I/home/hisisdk/histb_v2/autelan/autelan_scripts/../fakerelease/usr/local/include 		  conftest.c >&5
configure:11786: $? = 0
configure:11786: arm-hisiv200-linux-gcc -c  		-O2 		-I/opt/hisi-linux/x86-arm/arm-hisiv200-linux/target/usr/include 		-I/home/hisisdk/histb_v2/autelan/autelan_scripts/../fakerelease/usr/include -I/home/hisisdk/histb_v2/autelan/autelan_scripts/../fakerelease/usr/local/include 		  conftest.c >&5
conftest.c: In function 'main':
conftest.c:68: error: size of array 'test_array' is negative
configure:11786: $? = 1
configure: failed program was:
| /* confdefs.h */
| #define PACKAGE_NAME "onig"
| #define PACKAGE_TARNAME "onig"
| #define PACKAGE_VERSION "5.9.6"
| #define PACKAGE_STRING "onig 5.9.6"
| #define PACKAGE_BUGREPORT ""
| #define PACKAGE_URL ""
| #define PACKAGE "onig"
| #define VERSION "5.9.6"
| #define STDC_HEADERS 1
| #define HAVE_SYS_TYPES_H 1
| #define HAVE_SYS_STAT_H 1
| #define HAVE_STDLIB_H 1
| #define HAVE_STRING_H 1
| #define HAVE_MEMORY_H 1
| #define HAVE_STRINGS_H 1
| #define HAVE_INTTYPES_H 1
| #define HAVE_STDINT_H 1
| #define HAVE_UNISTD_H 1
| #define HAVE_DLFCN_H 1
| #define LT_OBJDIR ".libs/"
| #define STDC_HEADERS 1
| #define HAVE_STDLIB_H 1
| #define HAVE_STRING_H 1
| #define HAVE_STRINGS_H 1
| #define HAVE_SYS_TIME_H 1
| #define HAVE_UNISTD_H 1
| #define HAVE_SYS_TIMES_H 1
| #define SIZEOF_INT 4
| #define SIZEOF_SHORT 2
| /* end confdefs.h.  */
| #include <stdio.h>
| #ifdef HAVE_SYS_TYPES_H
| # include <sys/types.h>
| #endif
| #ifdef HAVE_SYS_STAT_H
| # include <sys/stat.h>
| #endif
| #ifdef STDC_HEADERS
| # include <stdlib.h>
| # include <stddef.h>
| #else
| # ifdef HAVE_STDLIB_H
| #  include <stdlib.h>
| # endif
| #endif
| #ifdef HAVE_STRING_H
| # if !defined STDC_HEADERS && defined HAVE_MEMORY_H
| #  include <memory.h>
| # endif
| # include <string.h>
| #endif
| #ifdef HAVE_STRINGS_H
| # include <strings.h>
| #endif
| #ifdef HAVE_INTTYPES_H
| # include <inttypes.h>
| #endif
| #ifdef HAVE_STDINT_H
| # include <stdint.h>
| #endif
| #ifdef HAVE_UNISTD_H
| # include <unistd.h>
| #endif
| int
| main ()
| {
| static int test_array [1 - 2 * !(((long int) (sizeof (long))) <= 0)];
| test_array [0] = 0
| 
|   ;
|   return 0;
| }
configure:11786: arm-hisiv200-linux-gcc -c  		-O2 		-I/opt/hisi-linux/x86-arm/arm-hisiv200-linux/target/usr/include 		-I/home/hisisdk/histb_v2/autelan/autelan_scripts/../fakerelease/usr/include -I/home/hisisdk/histb_v2/autelan/autelan_scripts/../fakerelease/usr/local/include 		  conftest.c >&5
conftest.c: In function 'main':
conftest.c:68: error: size of array 'test_array' is negative
configure:11786: $? = 1
configure: failed program was:
| /* confdefs.h */
| #define PACKAGE_NAME "onig"
| #define PACKAGE_TARNAME "onig"
| #define PACKAGE_VERSION "5.9.6"
| #define PACKAGE_STRING "onig 5.9.6"
| #define PACKAGE_BUGREPORT ""
| #define PACKAGE_URL ""
| #define PACKAGE "onig"
| #define VERSION "5.9.6"
| #define STDC_HEADERS 1
| #define HAVE_SYS_TYPES_H 1
| #define HAVE_SYS_STAT_H 1
| #define HAVE_STDLIB_H 1
| #define HAVE_STRING_H 1
| #define HAVE_MEMORY_H 1
| #define HAVE_STRINGS_H 1
| #define HAVE_INTTYPES_H 1
| #define HAVE_STDINT_H 1
| #define HAVE_UNISTD_H 1
| #define HAVE_DLFCN_H 1
| #define LT_OBJDIR ".libs/"
| #define STDC_HEADERS 1
| #define HAVE_STDLIB_H 1
| #define HAVE_STRING_H 1
| #define HAVE_STRINGS_H 1
| #define HAVE_SYS_TIME_H 1
| #define HAVE_UNISTD_H 1
| #define HAVE_SYS_TIMES_H 1
| #define SIZEOF_INT 4
| #define SIZEOF_SHORT 2
| /* end confdefs.h.  */
| #include <stdio.h>
| #ifdef HAVE_SYS_TYPES_H
| # include <sys/types.h>
| #endif
| #ifdef HAVE_SYS_STAT_H
| # include <sys/stat.h>
| #endif
| #ifdef STDC_HEADERS
| # include <stdlib.h>
| # include <stddef.h>
| #else
| # ifdef HAVE_STDLIB_H
| #  include <stdlib.h>
| # endif
| #endif
| #ifdef HAVE_STRING_H
| # if !defined STDC_HEADERS && defined HAVE_MEMORY_H
| #  include <memory.h>
| # endif
| # include <string.h>
| #endif
| #ifdef HAVE_STRINGS_H
| # include <strings.h>
| #endif
| #ifdef HAVE_INTTYPES_H
| # include <inttypes.h>
| #endif
| #ifdef HAVE_STDINT_H
| # include <stdint.h>
| #endif
| #ifdef HAVE_UNISTD_H
| # include <unistd.h>
| #endif
| int
| main ()
| {
| static int test_array [1 - 2 * !(((long int) (sizeof (long))) <= 1)];
| test_array [0] = 0
| 
|   ;
|   return 0;
| }
configure:11786: arm-hisiv200-linux-gcc -c  		-O2 		-I/opt/hisi-linux/x86-arm/arm-hisiv200-linux/target/usr/include 		-I/home/hisisdk/histb_v2/autelan/autelan_scripts/../fakerelease/usr/include -I/home/hisisdk/histb_v2/autelan/autelan_scripts/../fakerelease/usr/local/include 		  conftest.c >&5
conftest.c: In function 'main':
conftest.c:68: error: size of array 'test_array' is negative
configure:11786: $? = 1
configure: failed program was:
| /* confdefs.h */
| #define PACKAGE_NAME "onig"
| #define PACKAGE_TARNAME "onig"
| #define PACKAGE_VERSION "5.9.6"
| #define PACKAGE_STRING "onig 5.9.6"
| #define PACKAGE_BUGREPORT ""
| #define PACKAGE_URL ""
| #define PACKAGE "onig"
| #define VERSION "5.9.6"
| #define STDC_HEADERS 1
| #define HAVE_SYS_TYPES_H 1
| #define HAVE_SYS_STAT_H 1
| #define HAVE_STDLIB_H 1
| #define HAVE_STRING_H 1
| #define HAVE_MEMORY_H 1
| #define HAVE_STRINGS_H 1
| #define HAVE_INTTYPES_H 1
| #define HAVE_STDINT_H 1
| #define HAVE_UNISTD_H 1
| #define HAVE_DLFCN_H 1
| #define LT_OBJDIR ".libs/"
| #define STDC_HEADERS 1
| #define HAVE_STDLIB_H 1
| #define HAVE_STRING_H 1
| #define HAVE_STRINGS_H 1
| #define HAVE_SYS_TIME_H 1
| #define HAVE_UNISTD_H 1
| #define HAVE_SYS_TIMES_H 1
| #define SIZEOF_INT 4
| #define SIZEOF_SHORT 2
| /* end confdefs.h.  */
| #include <stdio.h>
| #ifdef HAVE_SYS_TYPES_H
| # include <sys/types.h>
| #endif
| #ifdef HAVE_SYS_STAT_H
| # include <sys/stat.h>
| #endif
| #ifdef STDC_HEADERS
| # include <stdlib.h>
| # include <stddef.h>
| #else
| # ifdef HAVE_STDLIB_H
| #  include <stdlib.h>
| # endif
| #endif
| #ifdef HAVE_STRING_H
| # if !defined STDC_HEADERS && defined HAVE_MEMORY_H
| #  include <memory.h>
| # endif
| # include <string.h>
| #endif
| #ifdef HAVE_STRINGS_H
| # include <strings.h>
| #endif
| #ifdef HAVE_INTTYPES_H
| # include <inttypes.h>
| #endif
| #ifdef HAVE_STDINT_H
| # include <stdint.h>
| #endif
| #ifdef HAVE_UNISTD_H
| # include <unistd.h>
| #endif
| int
| main ()
| {
| static int test_array [1 - 2 * !(((long int) (sizeof (long))) <= 3)];
| test_array [0] = 0
| 
|   ;
|   return 0;
| }
configure:11786: arm-hisiv200-linux-gcc -c  		-O2 		-I/opt/hisi-linux/x86-arm/arm-hisiv200-linux/target/usr/include 		-I/home/hisisdk/histb_v2/autelan/autelan_scripts/../fakerelease/usr/include -I/home/hisisdk/histb_v2/autelan/autelan_scripts/../fakerelease/usr/local/include 		  conftest.c >&5
configure:11786: $? = 0
configure:11786: arm-hisiv200-linux-gcc -c  		-O2 		-I/opt/hisi-linux/x86-arm/arm-hisiv200-linux/target/usr/include 		-I/home/hisisdk/histb_v2/autelan/autelan_scripts/../fakerelease/usr/include -I/home/hisisdk/histb_v2/autelan/autelan_scripts/../fakerelease/usr/local/include 		  conftest.c >&5
configure:11786: $? = 0
configure:11786: arm-hisiv200-linux-gcc -c  		-O2 		-I/opt/hisi-linux/x86-arm/arm-hisiv200-linux/target/usr/include 		-I/home/hisisdk/histb_v2/autelan/autelan_scripts/../fakerelease/usr/include -I/home/hisisdk/histb_v2/autelan/autelan_scripts/../fakerelease/usr/local/include 		  conftest.c >&5
configure:11786: $? = 0
configure:11800: result: 4
configure:11810: checking for an ANSI C-conforming const
configure:11875: arm-hisiv200-linux-gcc -c  		-O2 		-I/opt/hisi-linux/x86-arm/arm-hisiv200-linux/target/usr/include 		-I/home/hisisdk/histb_v2/autelan/autelan_scripts/../fakerelease/usr/include -I/home/hisisdk/histb_v2/autelan/autelan_scripts/../fakerelease/usr/local/include 		  conftest.c >&5
configure:11875: $? = 0
configure:11882: result: yes
configure:11890: checking whether time.h and sys/time.h may both be included
configure:11910: arm-hisiv200-linux-gcc -c  		-O2 		-I/opt/hisi-linux/x86-arm/arm-hisiv200-linux/target/usr/include 		-I/home/hisisdk/histb_v2/autelan/autelan_scripts/../fakerelease/usr/include -I/home/hisisdk/histb_v2/autelan/autelan_scripts/../fakerelease/usr/local/include 		  conftest.c >&5
configure:11910: $? = 0
configure:11917: result: yes
configure:11926: checking for size_t
configure:11926: arm-hisiv200-linux-gcc -c  		-O2 		-I/opt/hisi-linux/x86-arm/arm-hisiv200-linux/target/usr/include 		-I/home/hisisdk/histb_v2/autelan/autelan_scripts/../fakerelease/usr/include -I/home/hisisdk/histb_v2/autelan/autelan_scripts/../fakerelease/usr/local/include 		  conftest.c >&5
configure:11926: $? = 0
configure:11926: arm-hisiv200-linux-gcc -c  		-O2 		-I/opt/hisi-linux/x86-arm/arm-hisiv200-linux/target/usr/include 		-I/home/hisisdk/histb_v2/autelan/autelan_scripts/../fakerelease/usr/include -I/home/hisisdk/histb_v2/autelan/autelan_scripts/../fakerelease/usr/local/include 		  conftest.c >&5
conftest.c: In function 'main':
conftest.c:70: error: expected expression before ')' token
configure:11926: $? = 1
configure: failed program was:
| /* confdefs.h */
| #define PACKAGE_NAME "onig"
| #define PACKAGE_TARNAME "onig"
| #define PACKAGE_VERSION "5.9.6"
| #define PACKAGE_STRING "onig 5.9.6"
| #define PACKAGE_BUGREPORT ""
| #define PACKAGE_URL ""
| #define PACKAGE "onig"
| #define VERSION "5.9.6"
| #define STDC_HEADERS 1
| #define HAVE_SYS_TYPES_H 1
| #define HAVE_SYS_STAT_H 1
| #define HAVE_STDLIB_H 1
| #define HAVE_STRING_H 1
| #define HAVE_MEMORY_H 1
| #define HAVE_STRINGS_H 1
| #define HAVE_INTTYPES_H 1
| #define HAVE_STDINT_H 1
| #define HAVE_UNISTD_H 1
| #define HAVE_DLFCN_H 1
| #define LT_OBJDIR ".libs/"
| #define STDC_HEADERS 1
| #define HAVE_STDLIB_H 1
| #define HAVE_STRING_H 1
| #define HAVE_STRINGS_H 1
| #define HAVE_SYS_TIME_H 1
| #define HAVE_UNISTD_H 1
| #define HAVE_SYS_TIMES_H 1
| #define SIZEOF_INT 4
| #define SIZEOF_SHORT 2
| #define SIZEOF_LONG 4
| #define TIME_WITH_SYS_TIME 1
| /* end confdefs.h.  */
| #include <stdio.h>
| #ifdef HAVE_SYS_TYPES_H
| # include <sys/types.h>
| #endif
| #ifdef HAVE_SYS_STAT_H
| # include <sys/stat.h>
| #endif
| #ifdef STDC_HEADERS
| # include <stdlib.h>
| # include <stddef.h>
| #else
| # ifdef HAVE_STDLIB_H
| #  include <stdlib.h>
| # endif
| #endif
| #ifdef HAVE_STRING_H
| # if !defined STDC_HEADERS && defined HAVE_MEMORY_H
| #  include <memory.h>
| # endif
| # include <string.h>
| #endif
| #ifdef HAVE_STRINGS_H
| # include <strings.h>
| #endif
| #ifdef HAVE_INTTYPES_H
| # include <inttypes.h>
| #endif
| #ifdef HAVE_STDINT_H
| # include <stdint.h>
| #endif
| #ifdef HAVE_UNISTD_H
| # include <unistd.h>
| #endif
| int
| main ()
| {
| if (sizeof ((size_t)))
| 	    return 0;
|   ;
|   return 0;
| }
configure:11926: result: yes
configure:11939: checking for working alloca.h
configure:11956: arm-hisiv200-linux-gcc -o conftest  		-O2 		-I/opt/hisi-linux/x86-arm/arm-hisiv200-linux/target/usr/include 		-I/home/hisisdk/histb_v2/autelan/autelan_scripts/../fakerelease/usr/include -I/home/hisisdk/histb_v2/autelan/autelan_scripts/../fakerelease/usr/local/include 		   		-L/opt/hisi-linux/x86-arm/arm-hisiv200-linux/target/lib -L/opt/hisi-linux/x86-arm/arm-hisiv200-linux/target/usr/lib 		-L/home/hisisdk/histb_v2/autelan/autelan_scripts/../release/lib -L/home/hisisdk/histb_v2/autelan/autelan_scripts/../release/usr/lib -L/home/hisisdk/histb_v2/autelan/autelan_scripts/../release/usr/local/lib 		 conftest.c  >&5
configure:11956: $? = 0
configure:11964: result: yes
configure:11972: checking for alloca
configure:12009: arm-hisiv200-linux-gcc -o conftest  		-O2 		-I/opt/hisi-linux/x86-arm/arm-hisiv200-linux/target/usr/include 		-I/home/hisisdk/histb_v2/autelan/autelan_scripts/../fakerelease/usr/include -I/home/hisisdk/histb_v2/autelan/autelan_scripts/../fakerelease/usr/local/include 		   		-L/opt/hisi-linux/x86-arm/arm-hisiv200-linux/target/lib -L/opt/hisi-linux/x86-arm/arm-hisiv200-linux/target/usr/lib 		-L/home/hisisdk/histb_v2/autelan/autelan_scripts/../release/lib -L/home/hisisdk/histb_v2/autelan/autelan_scripts/../release/usr/lib -L/home/hisisdk/histb_v2/autelan/autelan_scripts/../release/usr/local/lib 		 conftest.c  >&5
configure:12009: $? = 0
configure:12017: result: yes
configure:12126: checking for working memcmp
configure:12179: result: no
configure:12189: checking for prototypes
configure:12205: arm-hisiv200-linux-gcc -c  		-O2 		-I/opt/hisi-linux/x86-arm/arm-hisiv200-linux/target/usr/include 		-I/home/hisisdk/histb_v2/autelan/autelan_scripts/../fakerelease/usr/include -I/home/hisisdk/histb_v2/autelan/autelan_scripts/../fakerelease/usr/local/include 		  conftest.c >&5
configure:12205: $? = 0
configure:12212: result: yes
configure:12220: checking for variable length prototypes and stdarg.h
configure:12246: arm-hisiv200-linux-gcc -c  		-O2 		-I/opt/hisi-linux/x86-arm/arm-hisiv200-linux/target/usr/include 		-I/home/hisisdk/histb_v2/autelan/autelan_scripts/../fakerelease/usr/include -I/home/hisisdk/histb_v2/autelan/autelan_scripts/../fakerelease/usr/local/include 		  conftest.c >&5
configure:12246: $? = 0
configure:12253: result: yes
configure:12396: creating ./config.status

## ---------------------- ##
## Running config.status. ##
## ---------------------- ##

This file was extended by onig config.status 5.9.6, which was
generated by GNU Autoconf 2.68.  Invocation command line was

  CONFIG_FILES    = 
  CONFIG_HEADERS  = 
  CONFIG_LINKS    = 
  CONFIG_COMMANDS = 
  $ ./config.status 

on debian6

config.status:1113: creating Makefile
config.status:1113: creating onig-config
config.status:1113: creating sample/Makefile
config.status:1113: creating config.h
config.status:1294: config.h is unchanged
config.status:1342: executing depfiles commands
config.status:1342: executing libtool commands
config.status:1342: executing default commands

## ---------------- ##
## Cache variables. ##
## ---------------- ##

_cv_have_prototypes=yes
_cv_stdarg=yes
ac_cv_build=i686-pc-linux-gnu
ac_cv_c_compiler_gnu=yes
ac_cv_c_const=yes
ac_cv_env_CC_set=set
ac_cv_env_CC_value=arm-hisiv200-linux-gcc
ac_cv_env_CFLAGS_set=set
ac_cv_env_CFLAGS_value=' 		-O2 		-I/opt/hisi-linux/x86-arm/arm-hisiv200-linux/target/usr/include 		-I/home/hisisdk/histb_v2/autelan/autelan_scripts/../fakerelease/usr/include -I/home/hisisdk/histb_v2/autelan/autelan_scripts/../fakerelease/usr/local/include 		'
ac_cv_env_CPPFLAGS_set=
ac_cv_env_CPPFLAGS_value=
ac_cv_env_CPP_set=
ac_cv_env_CPP_value=
ac_cv_env_LDFLAGS_set=set
ac_cv_env_LDFLAGS_value=' 		-L/opt/hisi-linux/x86-arm/arm-hisiv200-linux/target/lib -L/opt/hisi-linux/x86-arm/arm-hisiv200-linux/target/usr/lib 		-L/home/hisisdk/histb_v2/autelan/autelan_scripts/../release/lib -L/home/hisisdk/histb_v2/autelan/autelan_scripts/../release/usr/lib -L/home/hisisdk/histb_v2/autelan/autelan_scripts/../release/usr/local/lib 		'
ac_cv_env_LIBS_set=
ac_cv_env_LIBS_value=
ac_cv_env_build_alias_set=
ac_cv_env_build_alias_value=
ac_cv_env_host_alias_set=set
ac_cv_env_host_alias_value=arm-hisiv200-linux
ac_cv_env_target_alias_set=
ac_cv_env_target_alias_value=
ac_cv_func_alloca_works=yes
ac_cv_func_memcmp_working=no
ac_cv_header_dlfcn_h=yes
ac_cv_header_inttypes_h=yes
ac_cv_header_memory_h=yes
ac_cv_header_stdc=yes
ac_cv_header_stdint_h=yes
ac_cv_header_stdlib_h=yes
ac_cv_header_string_h=yes
ac_cv_header_strings_h=yes
ac_cv_header_sys_stat_h=yes
ac_cv_header_sys_time_h=yes
ac_cv_header_sys_times_h=yes
ac_cv_header_sys_types_h=yes
ac_cv_header_time=yes
ac_cv_header_unistd_h=yes
ac_cv_host=arm-hisiv200-linux-gnu
ac_cv_objext=o
ac_cv_path_EGREP='/bin/grep -E'
ac_cv_path_FGREP='/bin/grep -F'
ac_cv_path_GREP=/bin/grep
ac_cv_path_SED=/bin/sed
ac_cv_path_install='/usr/bin/install -c'
ac_cv_path_mkdir=/bin/mkdir
ac_cv_prog_AR=arm-hisiv200-linux-ar
ac_cv_prog_AWK=gawk
ac_cv_prog_CC=arm-hisiv200-linux-gcc
ac_cv_prog_CPP='arm-hisiv200-linux-gcc -E'
ac_cv_prog_OBJDUMP=arm-hisiv200-linux-objdump
ac_cv_prog_RANLIB=arm-hisiv200-linux-ranlib
ac_cv_prog_STRIP=arm-hisiv200-linux-strip
ac_cv_prog_ac_ct_MANIFEST_TOOL=mt
ac_cv_prog_cc_c89=
ac_cv_prog_cc_g=yes
ac_cv_prog_make_make_set=yes
ac_cv_sizeof_int=4
ac_cv_sizeof_long=4
ac_cv_sizeof_short=2
ac_cv_type_size_t=yes
ac_cv_working_alloca_h=yes
am_cv_CC_dependencies_compiler_type=gcc3
lt_cv_ar_at_file=@
lt_cv_archive_cmds_need_lc=no
lt_cv_deplibs_check_method=pass_all
lt_cv_file_magic_cmd='$MAGIC_CMD'
lt_cv_file_magic_test_file=
lt_cv_ld_reload_flag=-r
lt_cv_nm_interface='BSD nm'
lt_cv_objdir=.libs
lt_cv_path_LD=/opt/hisi-linux/x86-arm/arm-hisiv200-linux/arm-hisiv200-linux-gnueabi/bin/ld
lt_cv_path_NM='/opt/hisi-linux/x86-arm/arm-hisiv200-linux/target/bin/arm-hisiv200-linux-nm -B'
lt_cv_path_mainfest_tool=no
lt_cv_prog_compiler_c_o=yes
lt_cv_prog_compiler_pic='-fPIC -DPIC'
lt_cv_prog_compiler_pic_works=yes
lt_cv_prog_compiler_rtti_exceptions=no
lt_cv_prog_compiler_static_works=yes
lt_cv_prog_gnu_ld=yes
lt_cv_sharedlib_from_linklib_cmd='printf %s\n'
lt_cv_shlibpath_overrides_runpath=no
lt_cv_sys_global_symbol_pipe='sed -n -e '\''s/^.*[	 ]\([ABCDGIRSTW][ABCDGIRSTW]*\)[	 ][	 ]*\([_A-Za-z][_A-Za-z0-9]*\)$/\1 \2 \2/p'\'' | sed '\''/ __gnu_lto/d'\'''
lt_cv_sys_global_symbol_to_c_name_address='sed -n -e '\''s/^: \([^ ]*\)[ ]*$/  {\"\1\", (void *) 0},/p'\'' -e '\''s/^[ABCDGIRSTW]* \([^ ]*\) \([^ ]*\)$/  {"\2", (void *) \&\2},/p'\'''
lt_cv_sys_global_symbol_to_c_name_address_lib_prefix='sed -n -e '\''s/^: \([^ ]*\)[ ]*$/  {\"\1\", (void *) 0},/p'\'' -e '\''s/^[ABCDGIRSTW]* \([^ ]*\) \(lib[^ ]*\)$/  {"\2", (void *) \&\2},/p'\'' -e '\''s/^[ABCDGIRSTW]* \([^ ]*\) \([^ ]*\)$/  {"lib\2", (void *) \&\2},/p'\'''
lt_cv_sys_global_symbol_to_cdecl='sed -n -e '\''s/^T .* \(.*\)$/extern int \1();/p'\'' -e '\''s/^[ABCDGIRSTW]* .* \(.*\)$/extern char \1;/p'\'''
lt_cv_sys_max_cmd_len=1572864
lt_cv_to_host_file_cmd=func_convert_file_noop
lt_cv_to_tool_file_cmd=func_convert_file_noop

## ----------------- ##
## Output variables. ##
## ----------------- ##

ACLOCAL='${SHELL} /home/hisisdk/histb_v2/autelan/rootfs/onig-5.9.6/missing --run aclocal-1.11'
ALLOCA=''
AMDEPBACKSLASH='\'
AMDEP_FALSE='#'
AMDEP_TRUE=''
AMTAR='$${TAR-tar}'
AR='arm-hisiv200-linux-ar'
AUTOCONF='${SHELL} /home/hisisdk/histb_v2/autelan/rootfs/onig-5.9.6/missing --run autoconf'
AUTOHEADER='${SHELL} /home/hisisdk/histb_v2/autelan/rootfs/onig-5.9.6/missing --run autoheader'
AUTOMAKE='${SHELL} /home/hisisdk/histb_v2/autelan/rootfs/onig-5.9.6/missing --run automake-1.11'
AWK='gawk'
CC='arm-hisiv200-linux-gcc'
CCDEPMODE='depmode=gcc3'
CFLAGS=' 		-O2 		-I/opt/hisi-linux/x86-arm/arm-hisiv200-linux/target/usr/include 		-I/home/hisisdk/histb_v2/autelan/autelan_scripts/../fakerelease/usr/include -I/home/hisisdk/histb_v2/autelan/autelan_scripts/../fakerelease/usr/local/include 		'
CPP='arm-hisiv200-linux-gcc -E'
CPPFLAGS=''
CYGPATH_W='echo'
DEFS='-DHAVE_CONFIG_H'
DEPDIR='.deps'
DLLTOOL='false'
DSYMUTIL=''
DUMPBIN=''
ECHO_C=''
ECHO_N='-n'
ECHO_T=''
EGREP='/bin/grep -E'
EXEEXT=''
FGREP='/bin/grep -F'
GREP='/bin/grep'
INSTALL_DATA='${INSTALL} -m 644'
INSTALL_PROGRAM='${INSTALL}'
INSTALL_SCRIPT='${INSTALL}'
INSTALL_STRIP_PROGRAM='$(install_sh) -c -s'
LD='/opt/hisi-linux/x86-arm/arm-hisiv200-linux/arm-hisiv200-linux-gnueabi/bin/ld'
LDFLAGS=' 		-L/opt/hisi-linux/x86-arm/arm-hisiv200-linux/target/lib -L/opt/hisi-linux/x86-arm/arm-hisiv200-linux/target/usr/lib 		-L/home/hisisdk/histb_v2/autelan/autelan_scripts/../release/lib -L/home/hisisdk/histb_v2/autelan/autelan_scripts/../release/usr/lib -L/home/hisisdk/histb_v2/autelan/autelan_scripts/../release/usr/local/lib 		'
LIBOBJS=' ${LIBOBJDIR}memcmp$U.o'
LIBS=''
LIBTOOL='$(SHELL) $(top_builddir)/libtool'
LIPO=''
LN_S='ln -s'
LTLIBOBJS=' ${LIBOBJDIR}memcmp$U.lo'
LTVERSION='2:0:0'
MAKEINFO='${SHELL} /home/hisisdk/histb_v2/autelan/rootfs/onig-5.9.6/missing --run makeinfo'
MANIFEST_TOOL=':'
MKDIR_P='/bin/mkdir -p'
NM='/opt/hisi-linux/x86-arm/arm-hisiv200-linux/target/bin/arm-hisiv200-linux-nm -B'
NMEDIT=''
OBJDUMP='arm-hisiv200-linux-objdump'
OBJEXT='o'
OTOOL64=''
OTOOL=''
PACKAGE='onig'
PACKAGE_BUGREPORT=''
PACKAGE_NAME='onig'
PACKAGE_STRING='onig 5.9.6'
PACKAGE_TARNAME='onig'
PACKAGE_URL=''
PACKAGE_VERSION='5.9.6'
PATH_SEPARATOR=':'
RANLIB='arm-hisiv200-linux-ranlib'
RUBYDIR='no'
SED='/bin/sed'
SET_MAKE=''
SHELL='/bin/sh'
STATISTICS=''
STRIP='arm-hisiv200-linux-strip'
VERSION='5.9.6'
ac_ct_AR=''
ac_ct_CC=''
ac_ct_DUMPBIN=''
am__EXEEXT_FALSE=''
am__EXEEXT_TRUE='#'
am__fastdepCC_FALSE='#'
am__fastdepCC_TRUE=''
am__include='include'
am__isrc=''
am__leading_dot='.'
am__nodep='_no'
am__quote=''
am__tar='$${TAR-tar} chof - "$$tardir"'
am__untar='$${TAR-tar} xf -'
bindir='/home/hisisdk/histb_v2/autelan/autelan_scripts/../release/usr/bin'
build='i686-pc-linux-gnu'
build_alias=''
build_cpu='i686'
build_os='linux-gnu'
build_vendor='pc'
datadir='/home/hisisdk/histb_v2/autelan/autelan_scripts/../fakerelease/usr/share'
datarootdir='/home/hisisdk/histb_v2/autelan/autelan_scripts/../fakerelease/usr/share'
docdir='/home/hisisdk/histb_v2/autelan/autelan_scripts/../fakerelease/usr/share/doc'
dvidir='/home/hisisdk/histb_v2/autelan/autelan_scripts/../fakerelease/usr/share/doc'
exec_prefix='${prefix}'
host='arm-hisiv200-linux-gnu'
host_alias='arm-hisiv200-linux'
host_cpu='arm'
host_os='linux-gnu'
host_vendor='hisiv200'
htmldir='/home/hisisdk/histb_v2/autelan/autelan_scripts/../fakerelease/usr/share/doc'
includedir='/home/hisisdk/histb_v2/autelan/autelan_scripts/../fakerelease/usr/include'
infodir='/home/hisisdk/histb_v2/autelan/autelan_scripts/../fakerelease/usr/share/info'
install_sh='${SHELL} /home/hisisdk/histb_v2/autelan/rootfs/onig-5.9.6/install-sh'
libdir='/home/hisisdk/histb_v2/autelan/autelan_scripts/../release/usr/lib'
libexecdir='/home/hisisdk/histb_v2/autelan/autelan_scripts/../release/usr/libexec'
localedir='/home/hisisdk/histb_v2/autelan/autelan_scripts/../fakerelease/usr/share/local'
localstatedir='/home/hisisdk/histb_v2/autelan/autelan_scripts/../release/var'
mandir='/home/hisisdk/histb_v2/autelan/autelan_scripts/../fakerelease/usr/share/man'
mkdir_p='/bin/mkdir -p'
oldincludedir='/usr/include'
pdfdir='/home/hisisdk/histb_v2/autelan/autelan_scripts/../fakerelease/usr/share/doc'
prefix='/home/hisisdk/histb_v2/autelan/autelan_scripts/../release/usr'
program_transform_name='s,x,x,'
psdir='/home/hisisdk/histb_v2/autelan/autelan_scripts/../fakerelease/usr/share/doc'
sbindir='/home/hisisdk/histb_v2/autelan/autelan_scripts/../release/usr/sbin'
sharedstatedir='${prefix}/com'
sysconfdir='/home/hisisdk/histb_v2/autelan/autelan_scripts/../release/etc'
target_alias=''

## ----------- ##
## confdefs.h. ##
## ----------- ##

/* confdefs.h */
#define PACKAGE_NAME "onig"
#define PACKAGE_TARNAME "onig"
#define PACKAGE_VERSION "5.9.6"
#define PACKAGE_STRING "onig 5.9.6"
#define PACKAGE_BUGREPORT ""
#define PACKAGE_URL ""
#define PACKAGE "onig"
#define VERSION "5.9.6"
#define STDC_HEADERS 1
#define HAVE_SYS_TYPES_H 1
#define HAVE_SYS_STAT_H 1
#define HAVE_STDLIB_H 1
#define HAVE_STRING_H 1
#define HAVE_MEMORY_H 1
#define HAVE_STRINGS_H 1
#define HAVE_INTTYPES_H 1
#define HAVE_STDINT_H 1
#define HAVE_UNISTD_H 1
#define HAVE_DLFCN_H 1
#define LT_OBJDIR ".libs/"
#define STDC_HEADERS 1
#define HAVE_STDLIB_H 1
#define HAVE_STRING_H 1
#define HAVE_STRINGS_H 1
#define HAVE_SYS_TIME_H 1
#define HAVE_UNISTD_H 1
#define HAVE_SYS_TIMES_H 1
#define SIZEOF_INT 4
#define SIZEOF_SHORT 2
#define SIZEOF_LONG 4
#define TIME_WITH_SYS_TIME 1
#define HAVE_ALLOCA_H 1
#define HAVE_ALLOCA 1
#define HAVE_PROTOTYPES 1
#define HAVE_STDARG_PROTOTYPES 1

configure: exit 0
