This file contains any messages produced by compilers while
running configure, to aid debugging if configure makes a mistake.

It was created by opcodes configure 2.25, which was
generated by GNU Autoconf 2.64.  Invocation command line was

  $ /home/hisisdk/histb_v2/autelan/rootfs/binutils-2.25/opcodes/configure --cache-file=./config.cache --with-gnu-as --with-gnu-ld --with-system-zlib --prefix=/home/hisisdk/histb_v2/autelan/rootfs/binutils-2.25/../../release --bindir=/home/hisisdk/histb_v2/autelan/rootfs/binutils-2.25/../../release/bin --sbindir=/home/hisisdk/histb_v2/autelan/rootfs/binutils-2.25/../../release/sbin --libexecdir=/home/hisisdk/histb_v2/autelan/rootfs/binutils-2.25/../../release/libexec --sysconfdir=/home/hisisdk/histb_v2/autelan/rootfs/binutils-2.25/../../release/etc --localstatedir=/home/hisisdk/histb_v2/autelan/rootfs/binutils-2.25/../../release/var --libdir=/home/hisisdk/histb_v2/autelan/rootfs/binutils-2.25/../../release/lib --includedir=/home/hisisdk/histb_v2/autelan/rootfs/binutils-2.25/../../fakerelease/usr/include --datarootdir=/home/hisisdk/histb_v2/autelan/rootfs/binutils-2.25/../../fakerelease/usr/share --datadir=/home/hisisdk/histb_v2/autelan/rootfs/binutils-2.25/../../fakerelease/usr/share --infodir=/home/hisisdk/histb_v2/autelan/rootfs/binutils-2.25/../../fakerelease/usr/share/info --localedir=/home/hisisdk/histb_v2/autelan/rootfs/binutils-2.25/../../fakerelease/usr/share/local --mandir=/home/hisisdk/histb_v2/autelan/rootfs/binutils-2.25/../../fakerelease/usr/share/man --docdir=/home/hisisdk/histb_v2/autelan/rootfs/binutils-2.25/../../fakerelease/usr/share/doc/bash --htmldir=/home/hisisdk/histb_v2/autelan/rootfs/binutils-2.25/../../fakerelease/usr/share/doc --dvidir=/home/hisisdk/histb_v2/autelan/rootfs/binutils-2.25/../../fakerelease/usr/share/doc --pdfdir=/home/hisisdk/histb_v2/autelan/rootfs/binutils-2.25/../../fakerelease/usr/share/doc --psdir=/home/hisisdk/histb_v2/autelan/rootfs/binutils-2.25/../../fakerelease/usr/share/doc --program-transform-name=s,y,y, --disable-option-checking --build=i686-pc-linux-gnu --host=arm-hisiv200-linux --target=arm-hisiv200-linux --srcdir=.././opcodes

## --------- ##
## Platform. ##
## --------- ##

hostname = debian6
uname -m = i686
uname -r = 2.6.32-5-686
uname -s = Linux
uname -v = #1 SMP Sun May 6 04:01:19 UTC 2012

/usr/bin/uname -p = unknown
/bin/uname -X     = unknown

/bin/arch              = unknown
/usr/bin/arch -k       = unknown
/usr/convex/getsysinfo = unknown
/usr/bin/hostinfo      = unknown
/bin/machine           = unknown
/usr/bin/oslevel       = unknown
/bin/universe          = unknown

PATH: /opt/hisi-linux/x86-arm/arm-hisiv200-linux/target/bin
PATH: /home/liujingfei/work/go/bin
PATH: /home/sunzhiming/project/gopath
PATH: /home/liujingfei/project/gopath/bin
PATH: /usr/local/bin
PATH: /usr/bin
PATH: /bin
PATH: /usr/local/games
PATH: /usr/games


## ----------- ##
## Core tests. ##
## ----------- ##

configure:2184: creating cache ./config.cache
configure:2289: checking build system type
configure:2303: result: i686-pc-linux-gnu
configure:2323: checking host system type
configure:2336: result: arm-hisiv200-linux-gnu
configure:2356: checking target system type
configure:2369: result: arm-hisiv200-linux-gnu
configure:2403: checking for arm-hisiv200-linux-gcc
configure:2430: result: arm-hisiv200-linux-gcc
configure:2699: checking for C compiler version
configure:2708: arm-hisiv200-linux-gcc --version >&5
arm-hisiv200-linux-gcc (Hisilicon_v200(gcc4.4-290+glibc-2.11+eabi+nptl)) 4.4.1
Copyright (C) 2009 Free Software Foundation, Inc.
This is free software; see the source for copying conditions.  There is NO
warranty; not even for MERCHANTABILITY or FITNESS FOR A PARTICULAR PURPOSE.

configure:2719: $? = 0
configure:2708: arm-hisiv200-linux-gcc -v >&5
Using built-in specs.
Target: arm-hisiv200-linux-gnueabi
Configured with: ../gcc-4.4-2010q1/configure --host=i686-pc-linux-gnu --build=i686-pc-linux-gnu --target=arm-hisiv200-linux-gnueabi --prefix=/home/c00132816/toolchain_glibc/install/arm-hisiv200-linux --enable-threads --disable-libmudflap --disable-libssp --disable-libstdcxx-pch --with-arch=armv5te --with-gnu-as --with-gnu-ld --enable-languages=c,c++ --enable-shared --enable-lto --enable-symvers=gnu --enable-__cxa_atexit --disable-nls --enable-extra-hisi-multilibs --with-sysroot=/home/c00132816/toolchain_glibc/install/arm-hisiv200-linux/target --with-build-sysroot=/home/c00132816/toolchain_glibc/install/arm-hisiv200-linux/target --with-gmp=/home/c00132816/toolchain_glibc/install/host_lib --with-mpfr=/home/c00132816/toolchain_glibc/install/host_lib --with-ppl=/home/c00132816/toolchain_glibc/install/host_lib --with-cloog=/home/c00132816/toolchain_glibc/install/host_lib --with-libelf=/home/c00132816/toolchain_glibc/install/host_lib --with-host-libstdcxx='-static-libgcc -Wl,-Bstatic,-lstdc++,-Bstatic -lm' --enable-libgomp --enable-poison-system-directories --with-libelf=/home/c00132816/toolchain_glibc/install/host_lib --with-pkgversion='Hisilicon_v200(gcc4.4-290+glibc-2.11+eabi+nptl)' --with-bugurl=http://www.hisilicon.com/cn/service/claim.html
Thread model: posix
gcc version 4.4.1 (Hisilicon_v200(gcc4.4-290+glibc-2.11+eabi+nptl)) 
configure:2719: $? = 0
configure:2708: arm-hisiv200-linux-gcc -V >&5
arm-hisiv200-linux-gcc: '-V' option must have argument
configure:2719: $? = 1
configure:2708: arm-hisiv200-linux-gcc -qversion >&5
arm-hisiv200-linux-gcc: unrecognized option '-qversion'
arm-hisiv200-linux-gcc: no input files
configure:2719: $? = 1
configure:2739: checking for C compiler default output file name
configure:2761: arm-hisiv200-linux-gcc -O2 		-I/opt/hisi-linux/x86-arm/arm-hisiv200-linux/target/usr/include 		-I/home/hisisdk/histb_v2/autelan/rootfs/binutils-2.25/../../fakerelease/usr/include -I/home/hisisdk/histb_v2/autelan/rootfs/binutils-2.25/../../fakerelease/usr/local/include 		   -L/opt/hisi-linux/x86-arm/arm-hisiv200-linux/target/lib -L/opt/hisi-linux/x86-arm/arm-hisiv200-linux/target/usr/lib 		-L/home/hisisdk/histb_v2/autelan/rootfs/binutils-2.25/../../release/lib -L/home/hisisdk/histb_v2/autelan/rootfs/binutils-2.25/../../release/usr/lib -L/home/hisisdk/histb_v2/autelan/rootfs/binutils-2.25/../../release/usr/local/lib 		 conftest.c  >&5
configure:2765: $? = 0
configure:2802: result: a.out
configure:2818: checking whether the C compiler works
configure:2846: result: yes
configure:2853: checking whether we are cross compiling
configure:2855: result: yes
configure:2858: checking for suffix of executables
configure:2865: arm-hisiv200-linux-gcc -o conftest -O2 		-I/opt/hisi-linux/x86-arm/arm-hisiv200-linux/target/usr/include 		-I/home/hisisdk/histb_v2/autelan/rootfs/binutils-2.25/../../fakerelease/usr/include -I/home/hisisdk/histb_v2/autelan/rootfs/binutils-2.25/../../fakerelease/usr/local/include 		   -L/opt/hisi-linux/x86-arm/arm-hisiv200-linux/target/lib -L/opt/hisi-linux/x86-arm/arm-hisiv200-linux/target/usr/lib 		-L/home/hisisdk/histb_v2/autelan/rootfs/binutils-2.25/../../release/lib -L/home/hisisdk/histb_v2/autelan/rootfs/binutils-2.25/../../release/usr/lib -L/home/hisisdk/histb_v2/autelan/rootfs/binutils-2.25/../../release/usr/local/lib 		 conftest.c  >&5
configure:2869: $? = 0
configure:2891: result: 
configure:2897: checking for suffix of object files
configure:2919: arm-hisiv200-linux-gcc -c -O2 		-I/opt/hisi-linux/x86-arm/arm-hisiv200-linux/target/usr/include 		-I/home/hisisdk/histb_v2/autelan/rootfs/binutils-2.25/../../fakerelease/usr/include -I/home/hisisdk/histb_v2/autelan/rootfs/binutils-2.25/../../fakerelease/usr/local/include 		  conftest.c >&5
configure:2923: $? = 0
configure:2944: result: o
configure:2948: checking whether we are using the GNU C compiler
configure:2967: arm-hisiv200-linux-gcc -c -O2 		-I/opt/hisi-linux/x86-arm/arm-hisiv200-linux/target/usr/include 		-I/home/hisisdk/histb_v2/autelan/rootfs/binutils-2.25/../../fakerelease/usr/include -I/home/hisisdk/histb_v2/autelan/rootfs/binutils-2.25/../../fakerelease/usr/local/include 		  conftest.c >&5
configure:2967: $? = 0
configure:2976: result: yes
configure:2985: checking whether arm-hisiv200-linux-gcc accepts -g
configure:3005: arm-hisiv200-linux-gcc -c -g  conftest.c >&5
configure:3005: $? = 0
configure:3046: result: yes
configure:3063: checking for arm-hisiv200-linux-gcc option to accept ISO C89
configure:3127: arm-hisiv200-linux-gcc  -c -O2 		-I/opt/hisi-linux/x86-arm/arm-hisiv200-linux/target/usr/include 		-I/home/hisisdk/histb_v2/autelan/rootfs/binutils-2.25/../../fakerelease/usr/include -I/home/hisisdk/histb_v2/autelan/rootfs/binutils-2.25/../../fakerelease/usr/local/include 		  conftest.c >&5
configure:3127: $? = 0
configure:3140: result: none needed
configure:3161: checking for library containing strerror
configure:3192: arm-hisiv200-linux-gcc -o conftest -O2 		-I/opt/hisi-linux/x86-arm/arm-hisiv200-linux/target/usr/include 		-I/home/hisisdk/histb_v2/autelan/rootfs/binutils-2.25/../../fakerelease/usr/include -I/home/hisisdk/histb_v2/autelan/rootfs/binutils-2.25/../../fakerelease/usr/local/include 		   -L/opt/hisi-linux/x86-arm/arm-hisiv200-linux/target/lib -L/opt/hisi-linux/x86-arm/arm-hisiv200-linux/target/usr/lib 		-L/home/hisisdk/histb_v2/autelan/rootfs/binutils-2.25/../../release/lib -L/home/hisisdk/histb_v2/autelan/rootfs/binutils-2.25/../../release/usr/lib -L/home/hisisdk/histb_v2/autelan/rootfs/binutils-2.25/../../release/usr/local/lib 		 conftest.c  >&5
configure:3192: $? = 0
configure:3209: result: none required
configure:3234: checking for a BSD-compatible install
configure:3302: result: /usr/bin/install -c
configure:3313: checking whether build environment is sane
configure:3363: result: yes
configure:3412: checking for arm-hisiv200-linux-strip
configure:3428: found /opt/hisi-linux/x86-arm/arm-hisiv200-linux/target/bin/arm-hisiv200-linux-strip
configure:3439: result: arm-hisiv200-linux-strip
configure:3504: checking for a thread-safe mkdir -p
configure:3543: result: /bin/mkdir -p
configure:3556: checking for gawk
configure:3583: result: gawk
configure:3594: checking whether make sets $(MAKE)
configure:3616: result: yes
configure:3646: checking for style of include used by make
configure:3674: result: GNU
configure:3759: checking dependency style of arm-hisiv200-linux-gcc
configure:3869: result: gcc3
configure:3894: checking for arm-hisiv200-linux-gcc
configure:3921: result: arm-hisiv200-linux-gcc
configure:4190: checking for C compiler version
configure:4199: arm-hisiv200-linux-gcc --version >&5
arm-hisiv200-linux-gcc (Hisilicon_v200(gcc4.4-290+glibc-2.11+eabi+nptl)) 4.4.1
Copyright (C) 2009 Free Software Foundation, Inc.
This is free software; see the source for copying conditions.  There is NO
warranty; not even for MERCHANTABILITY or FITNESS FOR A PARTICULAR PURPOSE.

configure:4210: $? = 0
configure:4199: arm-hisiv200-linux-gcc -v >&5
Using built-in specs.
Target: arm-hisiv200-linux-gnueabi
Configured with: ../gcc-4.4-2010q1/configure --host=i686-pc-linux-gnu --build=i686-pc-linux-gnu --target=arm-hisiv200-linux-gnueabi --prefix=/home/c00132816/toolchain_glibc/install/arm-hisiv200-linux --enable-threads --disable-libmudflap --disable-libssp --disable-libstdcxx-pch --with-arch=armv5te --with-gnu-as --with-gnu-ld --enable-languages=c,c++ --enable-shared --enable-lto --enable-symvers=gnu --enable-__cxa_atexit --disable-nls --enable-extra-hisi-multilibs --with-sysroot=/home/c00132816/toolchain_glibc/install/arm-hisiv200-linux/target --with-build-sysroot=/home/c00132816/toolchain_glibc/install/arm-hisiv200-linux/target --with-gmp=/home/c00132816/toolchain_glibc/install/host_lib --with-mpfr=/home/c00132816/toolchain_glibc/install/host_lib --with-ppl=/home/c00132816/toolchain_glibc/install/host_lib --with-cloog=/home/c00132816/toolchain_glibc/install/host_lib --with-libelf=/home/c00132816/toolchain_glibc/install/host_lib --with-host-libstdcxx='-static-libgcc -Wl,-Bstatic,-lstdc++,-Bstatic -lm' --enable-libgomp --enable-poison-system-directories --with-libelf=/home/c00132816/toolchain_glibc/install/host_lib --with-pkgversion='Hisilicon_v200(gcc4.4-290+glibc-2.11+eabi+nptl)' --with-bugurl=http://www.hisilicon.com/cn/service/claim.html
Thread model: posix
gcc version 4.4.1 (Hisilicon_v200(gcc4.4-290+glibc-2.11+eabi+nptl)) 
configure:4210: $? = 0
configure:4199: arm-hisiv200-linux-gcc -V >&5
arm-hisiv200-linux-gcc: '-V' option must have argument
configure:4210: $? = 1
configure:4199: arm-hisiv200-linux-gcc -qversion >&5
arm-hisiv200-linux-gcc: unrecognized option '-qversion'
arm-hisiv200-linux-gcc: no input files
configure:4210: $? = 1
configure:4214: checking whether we are using the GNU C compiler
configure:4242: result: yes
configure:4251: checking whether arm-hisiv200-linux-gcc accepts -g
configure:4312: result: yes
configure:4329: checking for arm-hisiv200-linux-gcc option to accept ISO C89
configure:4406: result: none needed
configure:4431: checking how to run the C preprocessor
configure:4462: arm-hisiv200-linux-gcc -E  conftest.c
configure:4462: $? = 0
configure:4476: arm-hisiv200-linux-gcc -E  conftest.c
conftest.c:11: fatal error: ac_nonexistent.h: No such file or directory
compilation terminated.
configure:4476: $? = 1
configure: failed program was:
| /* confdefs.h */
| #define PACKAGE_NAME "opcodes"
| #define PACKAGE_TARNAME "opcodes"
| #define PACKAGE_VERSION "2.25"
| #define PACKAGE_STRING "opcodes 2.25"
| #define PACKAGE_BUGREPORT ""
| #define PACKAGE_URL ""
| #define PACKAGE "opcodes"
| #define VERSION "2.25"
| /* end confdefs.h.  */
| #include <ac_nonexistent.h>
configure:4501: result: arm-hisiv200-linux-gcc -E
configure:4521: arm-hisiv200-linux-gcc -E  conftest.c
configure:4521: $? = 0
configure:4535: arm-hisiv200-linux-gcc -E  conftest.c
conftest.c:11: fatal error: ac_nonexistent.h: No such file or directory
compilation terminated.
configure:4535: $? = 1
configure: failed program was:
| /* confdefs.h */
| #define PACKAGE_NAME "opcodes"
| #define PACKAGE_TARNAME "opcodes"
| #define PACKAGE_VERSION "2.25"
| #define PACKAGE_STRING "opcodes 2.25"
| #define PACKAGE_BUGREPORT ""
| #define PACKAGE_URL ""
| #define PACKAGE "opcodes"
| #define VERSION "2.25"
| /* end confdefs.h.  */
| #include <ac_nonexistent.h>
configure:4564: checking for grep that handles long lines and -e
configure:4622: result: /bin/grep
configure:4627: checking for egrep
configure:4689: result: /bin/grep -E
configure:4694: checking for ANSI C header files
configure:4714: arm-hisiv200-linux-gcc -c -O2 		-I/opt/hisi-linux/x86-arm/arm-hisiv200-linux/target/usr/include 		-I/home/hisisdk/histb_v2/autelan/rootfs/binutils-2.25/../../fakerelease/usr/include -I/home/hisisdk/histb_v2/autelan/rootfs/binutils-2.25/../../fakerelease/usr/local/include 		  conftest.c >&5
configure:4714: $? = 0
configure:4798: result: yes
configure:4811: checking for sys/types.h
configure:4811: arm-hisiv200-linux-gcc -c -O2 		-I/opt/hisi-linux/x86-arm/arm-hisiv200-linux/target/usr/include 		-I/home/hisisdk/histb_v2/autelan/rootfs/binutils-2.25/../../fakerelease/usr/include -I/home/hisisdk/histb_v2/autelan/rootfs/binutils-2.25/../../fakerelease/usr/local/include 		  conftest.c >&5
configure:4811: $? = 0
configure:4811: result: yes
configure:4811: checking for sys/stat.h
configure:4811: arm-hisiv200-linux-gcc -c -O2 		-I/opt/hisi-linux/x86-arm/arm-hisiv200-linux/target/usr/include 		-I/home/hisisdk/histb_v2/autelan/rootfs/binutils-2.25/../../fakerelease/usr/include -I/home/hisisdk/histb_v2/autelan/rootfs/binutils-2.25/../../fakerelease/usr/local/include 		  conftest.c >&5
configure:4811: $? = 0
configure:4811: result: yes
configure:4811: checking for stdlib.h
configure:4811: arm-hisiv200-linux-gcc -c -O2 		-I/opt/hisi-linux/x86-arm/arm-hisiv200-linux/target/usr/include 		-I/home/hisisdk/histb_v2/autelan/rootfs/binutils-2.25/../../fakerelease/usr/include -I/home/hisisdk/histb_v2/autelan/rootfs/binutils-2.25/../../fakerelease/usr/local/include 		  conftest.c >&5
configure:4811: $? = 0
configure:4811: result: yes
configure:4811: checking for string.h
configure:4811: arm-hisiv200-linux-gcc -c -O2 		-I/opt/hisi-linux/x86-arm/arm-hisiv200-linux/target/usr/include 		-I/home/hisisdk/histb_v2/autelan/rootfs/binutils-2.25/../../fakerelease/usr/include -I/home/hisisdk/histb_v2/autelan/rootfs/binutils-2.25/../../fakerelease/usr/local/include 		  conftest.c >&5
configure:4811: $? = 0
configure:4811: result: yes
configure:4811: checking for memory.h
configure:4811: arm-hisiv200-linux-gcc -c -O2 		-I/opt/hisi-linux/x86-arm/arm-hisiv200-linux/target/usr/include 		-I/home/hisisdk/histb_v2/autelan/rootfs/binutils-2.25/../../fakerelease/usr/include -I/home/hisisdk/histb_v2/autelan/rootfs/binutils-2.25/../../fakerelease/usr/local/include 		  conftest.c >&5
configure:4811: $? = 0
configure:4811: result: yes
configure:4811: checking for strings.h
configure:4811: arm-hisiv200-linux-gcc -c -O2 		-I/opt/hisi-linux/x86-arm/arm-hisiv200-linux/target/usr/include 		-I/home/hisisdk/histb_v2/autelan/rootfs/binutils-2.25/../../fakerelease/usr/include -I/home/hisisdk/histb_v2/autelan/rootfs/binutils-2.25/../../fakerelease/usr/local/include 		  conftest.c >&5
configure:4811: $? = 0
configure:4811: result: yes
configure:4811: checking for inttypes.h
configure:4811: arm-hisiv200-linux-gcc -c -O2 		-I/opt/hisi-linux/x86-arm/arm-hisiv200-linux/target/usr/include 		-I/home/hisisdk/histb_v2/autelan/rootfs/binutils-2.25/../../fakerelease/usr/include -I/home/hisisdk/histb_v2/autelan/rootfs/binutils-2.25/../../fakerelease/usr/local/include 		  conftest.c >&5
configure:4811: $? = 0
configure:4811: result: yes
configure:4811: checking for stdint.h
configure:4811: arm-hisiv200-linux-gcc -c -O2 		-I/opt/hisi-linux/x86-arm/arm-hisiv200-linux/target/usr/include 		-I/home/hisisdk/histb_v2/autelan/rootfs/binutils-2.25/../../fakerelease/usr/include -I/home/hisisdk/histb_v2/autelan/rootfs/binutils-2.25/../../fakerelease/usr/local/include 		  conftest.c >&5
configure:4811: $? = 0
configure:4811: result: yes
configure:4811: checking for unistd.h
configure:4811: arm-hisiv200-linux-gcc -c -O2 		-I/opt/hisi-linux/x86-arm/arm-hisiv200-linux/target/usr/include 		-I/home/hisisdk/histb_v2/autelan/rootfs/binutils-2.25/../../fakerelease/usr/include -I/home/hisisdk/histb_v2/autelan/rootfs/binutils-2.25/../../fakerelease/usr/local/include 		  conftest.c >&5
configure:4811: $? = 0
configure:4811: result: yes
configure:4825: checking minix/config.h usability
configure:4825: arm-hisiv200-linux-gcc -c -O2 		-I/opt/hisi-linux/x86-arm/arm-hisiv200-linux/target/usr/include 		-I/home/hisisdk/histb_v2/autelan/rootfs/binutils-2.25/../../fakerelease/usr/include -I/home/hisisdk/histb_v2/autelan/rootfs/binutils-2.25/../../fakerelease/usr/local/include 		  conftest.c >&5
conftest.c:54: fatal error: minix/config.h: No such file or directory
compilation terminated.
configure:4825: $? = 1
configure: failed program was:
| /* confdefs.h */
| #define PACKAGE_NAME "opcodes"
| #define PACKAGE_TARNAME "opcodes"
| #define PACKAGE_VERSION "2.25"
| #define PACKAGE_STRING "opcodes 2.25"
| #define PACKAGE_BUGREPORT ""
| #define PACKAGE_URL ""
| #define PACKAGE "opcodes"
| #define VERSION "2.25"
| #define STDC_HEADERS 1
| #define HAVE_SYS_TYPES_H 1
| #define HAVE_SYS_STAT_H 1
| #define HAVE_STDLIB_H 1
| #define HAVE_STRING_H 1
| #define HAVE_MEMORY_H 1
| #define HAVE_STRINGS_H 1
| #define HAVE_INTTYPES_H 1
| #define HAVE_STDINT_H 1
| #define HAVE_UNISTD_H 1
| /* end confdefs.h.  */
| #include <stdio.h>
| #ifdef HAVE_SYS_TYPES_H
| # include <sys/types.h>
| #endif
| #ifdef HAVE_SYS_STAT_H
| # include <sys/stat.h>
| #endif
| #ifdef STDC_HEADERS
| # include <stdlib.h>
| # include <stddef.h>
| #else
| # ifdef HAVE_STDLIB_H
| #  include <stdlib.h>
| # endif
| #endif
| #ifdef HAVE_STRING_H
| # if !defined STDC_HEADERS && defined HAVE_MEMORY_H
| #  include <memory.h>
| # endif
| # include <string.h>
| #endif
| #ifdef HAVE_STRINGS_H
| # include <strings.h>
| #endif
| #ifdef HAVE_INTTYPES_H
| # include <inttypes.h>
| #endif
| #ifdef HAVE_STDINT_H
| # include <stdint.h>
| #endif
| #ifdef HAVE_UNISTD_H
| # include <unistd.h>
| #endif
| #include <minix/config.h>
configure:4825: result: no
configure:4825: checking minix/config.h presence
configure:4825: arm-hisiv200-linux-gcc -E  conftest.c
conftest.c:21: fatal error: minix/config.h: No such file or directory
compilation terminated.
configure:4825: $? = 1
configure: failed program was:
| /* confdefs.h */
| #define PACKAGE_NAME "opcodes"
| #define PACKAGE_TARNAME "opcodes"
| #define PACKAGE_VERSION "2.25"
| #define PACKAGE_STRING "opcodes 2.25"
| #define PACKAGE_BUGREPORT ""
| #define PACKAGE_URL ""
| #define PACKAGE "opcodes"
| #define VERSION "2.25"
| #define STDC_HEADERS 1
| #define HAVE_SYS_TYPES_H 1
| #define HAVE_SYS_STAT_H 1
| #define HAVE_STDLIB_H 1
| #define HAVE_STRING_H 1
| #define HAVE_MEMORY_H 1
| #define HAVE_STRINGS_H 1
| #define HAVE_INTTYPES_H 1
| #define HAVE_STDINT_H 1
| #define HAVE_UNISTD_H 1
| /* end confdefs.h.  */
| #include <minix/config.h>
configure:4825: result: no
configure:4825: checking for minix/config.h
configure:4825: result: no
configure:4846: checking whether it is safe to define __EXTENSIONS__
configure:4864: arm-hisiv200-linux-gcc -c -O2 		-I/opt/hisi-linux/x86-arm/arm-hisiv200-linux/target/usr/include 		-I/home/hisisdk/histb_v2/autelan/rootfs/binutils-2.25/../../fakerelease/usr/include -I/home/hisisdk/histb_v2/autelan/rootfs/binutils-2.25/../../fakerelease/usr/local/include 		  conftest.c >&5
configure:4864: $? = 0
configure:4871: result: yes
configure:4891: checking for arm-hisiv200-linux-ar
configure:4918: result: arm-hisiv200-linux-ar
configure:4983: checking for arm-hisiv200-linux-ranlib
configure:5010: result: arm-hisiv200-linux-ranlib
configure:5151: checking how to print strings
configure:5178: result: printf
configure:5199: checking for a sed that does not truncate output
configure:5263: result: /bin/sed
configure:5281: checking for fgrep
configure:5343: result: /bin/grep -F
configure:5378: checking for ld used by arm-hisiv200-linux-gcc
configure:5445: result: /opt/hisi-linux/x86-arm/arm-hisiv200-linux/bin/../lib/gcc/arm-hisiv200-linux-gnueabi/4.4.1/../../../../arm-hisiv200-linux-gnueabi/bin/ld
configure:5452: checking if the linker (/opt/hisi-linux/x86-arm/arm-hisiv200-linux/bin/../lib/gcc/arm-hisiv200-linux-gnueabi/4.4.1/../../../../arm-hisiv200-linux-gnueabi/bin/ld) is GNU ld
configure:5467: result: yes
configure:5479: checking for BSD- or MS-compatible name lister (nm)
configure:5528: result: arm-hisiv200-linux-nm
configure:5658: checking the name lister (arm-hisiv200-linux-nm) interface
configure:5665: arm-hisiv200-linux-gcc -c -O2 		-I/opt/hisi-linux/x86-arm/arm-hisiv200-linux/target/usr/include 		-I/home/hisisdk/histb_v2/autelan/rootfs/binutils-2.25/../../fakerelease/usr/include -I/home/hisisdk/histb_v2/autelan/rootfs/binutils-2.25/../../fakerelease/usr/local/include 		  conftest.c >&5
configure:5668: arm-hisiv200-linux-nm "conftest.o"
configure:5671: output
00000000 B some_variable
configure:5678: result: BSD nm
configure:5681: checking whether ln -s works
configure:5685: result: yes
configure:5693: checking the maximum length of command line arguments
configure:5818: result: 805306365
configure:5835: checking whether the shell understands some XSI constructs
configure:5845: result: yes
configure:5849: checking whether the shell understands "+="
configure:5855: result: yes
configure:5890: checking for /opt/hisi-linux/x86-arm/arm-hisiv200-linux/bin/../lib/gcc/arm-hisiv200-linux-gnueabi/4.4.1/../../../../arm-hisiv200-linux-gnueabi/bin/ld option to reload object files
configure:5897: result: -r
configure:5926: checking for arm-hisiv200-linux-objdump
configure:5953: result: arm-hisiv200-linux-objdump
configure:6025: checking how to recognize dependent libraries
configure:6226: result: pass_all
configure:6246: checking for arm-hisiv200-linux-ar
configure:6273: result: arm-hisiv200-linux-ar
configure:6351: checking for arm-hisiv200-linux-strip
configure:6378: result: arm-hisiv200-linux-strip
configure:6450: checking for arm-hisiv200-linux-ranlib
configure:6477: result: arm-hisiv200-linux-ranlib
configure:6619: checking command to parse arm-hisiv200-linux-nm output from arm-hisiv200-linux-gcc object
configure:6737: arm-hisiv200-linux-gcc -c -O2 		-I/opt/hisi-linux/x86-arm/arm-hisiv200-linux/target/usr/include 		-I/home/hisisdk/histb_v2/autelan/rootfs/binutils-2.25/../../fakerelease/usr/include -I/home/hisisdk/histb_v2/autelan/rootfs/binutils-2.25/../../fakerelease/usr/local/include 		  conftest.c >&5
configure:6740: $? = 0
configure:6744: arm-hisiv200-linux-nm conftest.o \| sed -n -e 's/^.*[ ]\([ABCDGIRSTW][ABCDGIRSTW]*\)[ ][ ]*\([_A-Za-z][_A-Za-z0-9]*\)$/\1 \2 \2/p' \> conftest.nm
configure:6747: $? = 0
configure:6801: arm-hisiv200-linux-gcc -o conftest -O2 		-I/opt/hisi-linux/x86-arm/arm-hisiv200-linux/target/usr/include 		-I/home/hisisdk/histb_v2/autelan/rootfs/binutils-2.25/../../fakerelease/usr/include -I/home/hisisdk/histb_v2/autelan/rootfs/binutils-2.25/../../fakerelease/usr/local/include 		   -L/opt/hisi-linux/x86-arm/arm-hisiv200-linux/target/lib -L/opt/hisi-linux/x86-arm/arm-hisiv200-linux/target/usr/lib 		-L/home/hisisdk/histb_v2/autelan/rootfs/binutils-2.25/../../release/lib -L/home/hisisdk/histb_v2/autelan/rootfs/binutils-2.25/../../release/usr/lib -L/home/hisisdk/histb_v2/autelan/rootfs/binutils-2.25/../../release/usr/local/lib 		 conftest.c conftstm.o >&5
configure:6804: $? = 0
configure:6842: result: ok
configure:7690: checking for dlfcn.h
configure:7690: arm-hisiv200-linux-gcc -c -O2 		-I/opt/hisi-linux/x86-arm/arm-hisiv200-linux/target/usr/include 		-I/home/hisisdk/histb_v2/autelan/rootfs/binutils-2.25/../../fakerelease/usr/include -I/home/hisisdk/histb_v2/autelan/rootfs/binutils-2.25/../../fakerelease/usr/local/include 		  conftest.c >&5
configure:7690: $? = 0
configure:7690: result: yes
configure:7847: checking for objdir
configure:7862: result: .libs
configure:8133: checking if arm-hisiv200-linux-gcc supports -fno-rtti -fno-exceptions
configure:8151: arm-hisiv200-linux-gcc -c -O2 		-I/opt/hisi-linux/x86-arm/arm-hisiv200-linux/target/usr/include 		-I/home/hisisdk/histb_v2/autelan/rootfs/binutils-2.25/../../fakerelease/usr/include -I/home/hisisdk/histb_v2/autelan/rootfs/binutils-2.25/../../fakerelease/usr/local/include 		  -fno-rtti -fno-exceptions conftest.c >&5
cc1: warning: command line option "-fno-rtti" is valid for C++/ObjC++ but not for C
configure:8155: $? = 0
configure:8168: result: no
configure:8188: checking for arm-hisiv200-linux-gcc option to produce PIC
configure:8474: result: -fPIC -DPIC
configure:8486: checking if arm-hisiv200-linux-gcc PIC flag -fPIC -DPIC works
configure:8504: arm-hisiv200-linux-gcc -c -O2 		-I/opt/hisi-linux/x86-arm/arm-hisiv200-linux/target/usr/include 		-I/home/hisisdk/histb_v2/autelan/rootfs/binutils-2.25/../../fakerelease/usr/include -I/home/hisisdk/histb_v2/autelan/rootfs/binutils-2.25/../../fakerelease/usr/local/include 		  -fPIC -DPIC -DPIC conftest.c >&5
configure:8508: $? = 0
configure:8521: result: yes
configure:8545: checking if arm-hisiv200-linux-gcc static flag -static works
configure:8573: result: yes
configure:8588: checking if arm-hisiv200-linux-gcc supports -c -o file.o
configure:8609: arm-hisiv200-linux-gcc -c -O2 		-I/opt/hisi-linux/x86-arm/arm-hisiv200-linux/target/usr/include 		-I/home/hisisdk/histb_v2/autelan/rootfs/binutils-2.25/../../fakerelease/usr/include -I/home/hisisdk/histb_v2/autelan/rootfs/binutils-2.25/../../fakerelease/usr/local/include 		  -o out/conftest2.o conftest.c >&5
configure:8613: $? = 0
configure:8635: result: yes
configure:8643: checking if arm-hisiv200-linux-gcc supports -c -o file.o
configure:8690: result: yes
configure:8723: checking whether the arm-hisiv200-linux-gcc linker (/opt/hisi-linux/x86-arm/arm-hisiv200-linux/bin/../lib/gcc/arm-hisiv200-linux-gnueabi/4.4.1/../../../../arm-hisiv200-linux-gnueabi/bin/ld) supports shared libraries
configure:9794: result: yes
configure:10039: checking dynamic linker characteristics
configure:10490: arm-hisiv200-linux-gcc -o conftest -O2 		-I/opt/hisi-linux/x86-arm/arm-hisiv200-linux/target/usr/include 		-I/home/hisisdk/histb_v2/autelan/rootfs/binutils-2.25/../../fakerelease/usr/include -I/home/hisisdk/histb_v2/autelan/rootfs/binutils-2.25/../../fakerelease/usr/local/include 		   -L/opt/hisi-linux/x86-arm/arm-hisiv200-linux/target/lib -L/opt/hisi-linux/x86-arm/arm-hisiv200-linux/target/usr/lib 		-L/home/hisisdk/histb_v2/autelan/rootfs/binutils-2.25/../../release/lib -L/home/hisisdk/histb_v2/autelan/rootfs/binutils-2.25/../../release/usr/lib -L/home/hisisdk/histb_v2/autelan/rootfs/binutils-2.25/../../release/usr/local/lib 		 -Wl,-rpath -Wl,/foo conftest.c  >&5
configure:10490: $? = 0
configure:10712: result: GNU/Linux ld.so
configure:10819: checking how to hardcode library paths into programs
configure:10844: result: immediate
configure:11384: checking whether stripping libraries is possible
configure:11389: result: yes
configure:11424: checking if libtool supports shared libraries
configure:11426: result: yes
configure:11429: checking whether to build shared libraries
configure:11450: result: no
configure:11453: checking whether to build static libraries
configure:11457: result: yes
configure:11590: checking whether arm-hisiv200-linux-gcc supports -Wmissing-field-initializers
configure:11607: arm-hisiv200-linux-gcc -c -Wmissing-field-initializers  conftest.c >&5
configure:11607: $? = 0
configure:11616: result: yes
configure:11636: checking whether to enable maintainer-specific portions of Makefiles
configure:11645: result: no
configure:11673: checking whether to install libbfd
configure:11686: result: yes
configure:11732: checking whether NLS is requested
configure:11738: result: yes
configure:11744: checking for catalogs to be installed
configure:11776: result:  da de es fi fr ga id it nl pt_BR ro sv tr uk vi zh_CN da de es fi fr ga id it nl pt_BR ro sv tr uk vi zh_CN
configure:11803: checking whether NLS is requested
configure:11812: result: yes
configure:11850: checking for msgfmt
configure:11881: result: /usr/bin/msgfmt
configure:11890: checking for gmsgfmt
configure:11921: result: /usr/bin/msgfmt
configure:11961: checking for xgettext
configure:11992: result: /usr/bin/xgettext
configure:12032: checking for msgmerge
configure:12062: result: /usr/bin/msgmerge
configure:12113: checking for build system executable suffix
configure:12131: result: no
configure:12144: checking for string.h
configure:12144: result: yes
configure:12144: checking for strings.h
configure:12144: result: yes
configure:12144: checking for stdlib.h
configure:12144: result: yes
configure:12144: checking limits.h usability
configure:12144: arm-hisiv200-linux-gcc -c -O2 		-I/opt/hisi-linux/x86-arm/arm-hisiv200-linux/target/usr/include 		-I/home/hisisdk/histb_v2/autelan/rootfs/binutils-2.25/../../fakerelease/usr/include -I/home/hisisdk/histb_v2/autelan/rootfs/binutils-2.25/../../fakerelease/usr/local/include 		  conftest.c >&5
configure:12144: $? = 0
configure:12144: result: yes
configure:12144: checking limits.h presence
configure:12144: arm-hisiv200-linux-gcc -E  conftest.c
configure:12144: $? = 0
configure:12144: result: yes
configure:12144: checking for limits.h
configure:12144: result: yes
configure:12155: checking whether string.h and strings.h may both be included
configure:12172: arm-hisiv200-linux-gcc -c -O2 		-I/opt/hisi-linux/x86-arm/arm-hisiv200-linux/target/usr/include 		-I/home/hisisdk/histb_v2/autelan/rootfs/binutils-2.25/../../fakerelease/usr/include -I/home/hisisdk/histb_v2/autelan/rootfs/binutils-2.25/../../fakerelease/usr/local/include 		  conftest.c >&5
configure:12172: $? = 0
configure:12179: result: yes
configure:12188: checking whether basename is declared
configure:12188: arm-hisiv200-linux-gcc -c -O2 		-I/opt/hisi-linux/x86-arm/arm-hisiv200-linux/target/usr/include 		-I/home/hisisdk/histb_v2/autelan/rootfs/binutils-2.25/../../fakerelease/usr/include -I/home/hisisdk/histb_v2/autelan/rootfs/binutils-2.25/../../fakerelease/usr/local/include 		  conftest.c >&5
configure:12188: $? = 0
configure:12188: result: yes
configure:12198: checking whether stpcpy is declared
configure:12198: arm-hisiv200-linux-gcc -c -O2 		-I/opt/hisi-linux/x86-arm/arm-hisiv200-linux/target/usr/include 		-I/home/hisisdk/histb_v2/autelan/rootfs/binutils-2.25/../../fakerelease/usr/include -I/home/hisisdk/histb_v2/autelan/rootfs/binutils-2.25/../../fakerelease/usr/local/include 		  conftest.c >&5
configure:12198: $? = 0
configure:12198: result: yes
configure:12212: checking for sigsetjmp
configure:12230: arm-hisiv200-linux-gcc -c -O2 		-I/opt/hisi-linux/x86-arm/arm-hisiv200-linux/target/usr/include 		-I/home/hisisdk/histb_v2/autelan/rootfs/binutils-2.25/../../fakerelease/usr/include -I/home/hisisdk/histb_v2/autelan/rootfs/binutils-2.25/../../fakerelease/usr/local/include 		  conftest.c >&5
configure:12230: $? = 0
configure:12237: result: 
configure:12275: checking linker --as-needed support
configure:12286: result: yes
configure:12377: checking for cos in -lm
configure:12402: arm-hisiv200-linux-gcc -o conftest -O2 		-I/opt/hisi-linux/x86-arm/arm-hisiv200-linux/target/usr/include 		-I/home/hisisdk/histb_v2/autelan/rootfs/binutils-2.25/../../fakerelease/usr/include -I/home/hisisdk/histb_v2/autelan/rootfs/binutils-2.25/../../fakerelease/usr/local/include 		   -L/opt/hisi-linux/x86-arm/arm-hisiv200-linux/target/lib -L/opt/hisi-linux/x86-arm/arm-hisiv200-linux/target/usr/lib 		-L/home/hisisdk/histb_v2/autelan/rootfs/binutils-2.25/../../release/lib -L/home/hisisdk/histb_v2/autelan/rootfs/binutils-2.25/../../release/usr/lib -L/home/hisisdk/histb_v2/autelan/rootfs/binutils-2.25/../../release/usr/local/lib 		 conftest.c -lm   >&5
conftest.c:44: warning: conflicting types for built-in function 'cos'
configure:12402: $? = 0
configure:12411: result: yes
configure:12744: updating cache ./config.cache
configure:12809: creating ./config.status

## ---------------------- ##
## Running config.status. ##
## ---------------------- ##

This file was extended by opcodes config.status 2.25, which was
generated by GNU Autoconf 2.64.  Invocation command line was

  CONFIG_FILES    = 
  CONFIG_HEADERS  = 
  CONFIG_LINKS    = 
  CONFIG_COMMANDS = 
  $ ./config.status 

on debian6

config.status:1133: creating Makefile
config.status:1133: creating po/Makefile.in
config.status:1133: creating config.h
config.status:1353: executing depfiles commands
config.status:1353: executing libtool commands
config.status:1353: executing default-1 commands

## ---------------- ##
## Cache variables. ##
## ---------------- ##

ac_cv_build=i686-pc-linux-gnu
ac_cv_c_compiler_gnu=yes
ac_cv_env_CC_set=set
ac_cv_env_CC_value=arm-hisiv200-linux-gcc
ac_cv_env_CFLAGS_set=set
ac_cv_env_CFLAGS_value='-O2 		-I/opt/hisi-linux/x86-arm/arm-hisiv200-linux/target/usr/include 		-I/home/hisisdk/histb_v2/autelan/rootfs/binutils-2.25/../../fakerelease/usr/include -I/home/hisisdk/histb_v2/autelan/rootfs/binutils-2.25/../../fakerelease/usr/local/include 		'
ac_cv_env_CPPFLAGS_set=
ac_cv_env_CPPFLAGS_value=
ac_cv_env_CPP_set=
ac_cv_env_CPP_value=
ac_cv_env_LDFLAGS_set=set
ac_cv_env_LDFLAGS_value=' -L/opt/hisi-linux/x86-arm/arm-hisiv200-linux/target/lib -L/opt/hisi-linux/x86-arm/arm-hisiv200-linux/target/usr/lib 		-L/home/hisisdk/histb_v2/autelan/rootfs/binutils-2.25/../../release/lib -L/home/hisisdk/histb_v2/autelan/rootfs/binutils-2.25/../../release/usr/lib -L/home/hisisdk/histb_v2/autelan/rootfs/binutils-2.25/../../release/usr/local/lib 		'
ac_cv_env_LIBS_set=
ac_cv_env_LIBS_value=
ac_cv_env_build_alias_set=set
ac_cv_env_build_alias_value=i686-pc-linux-gnu
ac_cv_env_host_alias_set=set
ac_cv_env_host_alias_value=arm-hisiv200-linux
ac_cv_env_target_alias_set=set
ac_cv_env_target_alias_value=arm-hisiv200-linux
ac_cv_have_decl_basename=yes
ac_cv_have_decl_stpcpy=yes
ac_cv_header_dlfcn_h=yes
ac_cv_header_inttypes_h=yes
ac_cv_header_limits_h=yes
ac_cv_header_memory_h=yes
ac_cv_header_minix_config_h=no
ac_cv_header_stdc=yes
ac_cv_header_stdint_h=yes
ac_cv_header_stdlib_h=yes
ac_cv_header_string_h=yes
ac_cv_header_strings_h=yes
ac_cv_header_sys_stat_h=yes
ac_cv_header_sys_types_h=yes
ac_cv_header_unistd_h=yes
ac_cv_host=arm-hisiv200-linux-gnu
ac_cv_lib_m_cos=yes
ac_cv_objext=o
ac_cv_path_EGREP='/bin/grep -E'
ac_cv_path_FGREP='/bin/grep -F'
ac_cv_path_GMSGFMT=/usr/bin/msgfmt
ac_cv_path_GREP=/bin/grep
ac_cv_path_MSGFMT=/usr/bin/msgfmt
ac_cv_path_MSGMERGE=/usr/bin/msgmerge
ac_cv_path_SED=/bin/sed
ac_cv_path_XGETTEXT=/usr/bin/xgettext
ac_cv_path_mkdir=/bin/mkdir
ac_cv_prog_AR=arm-hisiv200-linux-ar
ac_cv_prog_AWK=gawk
ac_cv_prog_CC=arm-hisiv200-linux-gcc
ac_cv_prog_CPP='arm-hisiv200-linux-gcc -E'
ac_cv_prog_OBJDUMP=arm-hisiv200-linux-objdump
ac_cv_prog_RANLIB=arm-hisiv200-linux-ranlib
ac_cv_prog_STRIP=arm-hisiv200-linux-strip
ac_cv_prog_cc_c89=
ac_cv_prog_cc_g=yes
ac_cv_prog_make_make_set=yes
ac_cv_safe_to_define___extensions__=yes
ac_cv_search_strerror='none required'
ac_cv_target=arm-hisiv200-linux-gnu
acx_cv_prog_cc_warning__Wmissing_field_initializers=yes
am_cv_CC_dependencies_compiler_type=gcc3
bfd_cv_build_exeext=no
bfd_cv_func_sigsetjmp=yes
bfd_cv_ld_as_needed=yes
gcc_cv_header_string=yes
lt_cv_deplibs_check_method=pass_all
lt_cv_file_magic_cmd='$MAGIC_CMD'
lt_cv_file_magic_test_file=
lt_cv_ld_reload_flag=-r
lt_cv_nm_interface='BSD nm'
lt_cv_objdir=.libs
lt_cv_path_LD=/opt/hisi-linux/x86-arm/arm-hisiv200-linux/bin/../lib/gcc/arm-hisiv200-linux-gnueabi/4.4.1/../../../../arm-hisiv200-linux-gnueabi/bin/ld
lt_cv_path_NM=arm-hisiv200-linux-nm
lt_cv_prog_compiler_c_o=yes
lt_cv_prog_compiler_pic_works=yes
lt_cv_prog_compiler_rtti_exceptions=no
lt_cv_prog_compiler_static_works=yes
lt_cv_prog_gnu_ld=yes
lt_cv_shlibpath_overrides_runpath=no
lt_cv_sys_global_symbol_pipe='sed -n -e '\''s/^.*[	 ]\([ABCDGIRSTW][ABCDGIRSTW]*\)[	 ][	 ]*\([_A-Za-z][_A-Za-z0-9]*\)$/\1 \2 \2/p'\'''
lt_cv_sys_global_symbol_to_c_name_address='sed -n -e '\''s/^: \([^ ]*\) $/  {\"\1\", (void *) 0},/p'\'' -e '\''s/^[ABCDGIRSTW]* \([^ ]*\) \([^ ]*\)$/  {"\2", (void *) \&\2},/p'\'''
lt_cv_sys_global_symbol_to_c_name_address_lib_prefix='sed -n -e '\''s/^: \([^ ]*\) $/  {\"\1\", (void *) 0},/p'\'' -e '\''s/^[ABCDGIRSTW]* \([^ ]*\) \(lib[^ ]*\)$/  {"\2", (void *) \&\2},/p'\'' -e '\''s/^[ABCDGIRSTW]* \([^ ]*\) \([^ ]*\)$/  {"lib\2", (void *) \&\2},/p'\'''
lt_cv_sys_global_symbol_to_cdecl='sed -n -e '\''s/^T .* \(.*\)$/extern int \1();/p'\'' -e '\''s/^[ABCDGIRSTW]* .* \(.*\)$/extern char \1;/p'\'''
lt_cv_sys_max_cmd_len=805306365

## ----------------- ##
## Output variables. ##
## ----------------- ##

ACLOCAL='${SHELL} /home/hisisdk/histb_v2/autelan/rootfs/binutils-2.25/missing --run aclocal-1.11'
AMDEPBACKSLASH='\'
AMDEP_FALSE='#'
AMDEP_TRUE=''
AMTAR='${SHELL} /home/hisisdk/histb_v2/autelan/rootfs/binutils-2.25/missing --run tar'
AR='arm-hisiv200-linux-ar'
AUTOCONF='${SHELL} /home/hisisdk/histb_v2/autelan/rootfs/binutils-2.25/missing --run autoconf'
AUTOHEADER='${SHELL} /home/hisisdk/histb_v2/autelan/rootfs/binutils-2.25/missing --run autoheader'
AUTOMAKE='${SHELL} /home/hisisdk/histb_v2/autelan/rootfs/binutils-2.25/missing --run automake-1.11'
AWK='gawk'
BFD_MACHINES=' arm-dis.lo'
BUILD_LIBS='-liberty '
BUILD_LIB_DEPS=' '
CATALOGS=' da.gmo de.gmo es.gmo fi.gmo fr.gmo ga.gmo id.gmo it.gmo nl.gmo pt_BR.gmo ro.gmo sv.gmo tr.gmo uk.gmo vi.gmo zh_CN.gmo da.gmo de.gmo es.gmo fi.gmo fr.gmo ga.gmo id.gmo it.gmo nl.gmo pt_BR.gmo ro.gmo sv.gmo tr.gmo uk.gmo vi.gmo zh_CN.gmo'
CATOBJEXT='.gmo'
CC='arm-hisiv200-linux-gcc'
CCDEPMODE='depmode=gcc3'
CC_FOR_BUILD='gcc'
CFLAGS='-O2 		-I/opt/hisi-linux/x86-arm/arm-hisiv200-linux/target/usr/include 		-I/home/hisisdk/histb_v2/autelan/rootfs/binutils-2.25/../../fakerelease/usr/include -I/home/hisisdk/histb_v2/autelan/rootfs/binutils-2.25/../../fakerelease/usr/local/include 		'
CGEN_MAINT_FALSE=''
CGEN_MAINT_TRUE='#'
CPP='arm-hisiv200-linux-gcc -E'
CPPFLAGS=''
CYGPATH_W='echo'
DATADIRNAME='share'
DEFS='-DHAVE_CONFIG_H'
DEPDIR='.deps'
DSYMUTIL=''
DUMPBIN=''
ECHO_C=''
ECHO_N='-n'
ECHO_T=''
EGREP='/bin/grep -E'
EXEEXT=''
EXEEXT_FOR_BUILD=''
FGREP='/bin/grep -F'
GENCAT='gencat'
GMSGFMT='/usr/bin/msgfmt'
GREP='/bin/grep'
HDEFINES=''
INCINTL=''
INSTALL_DATA='/usr/bin/install -c -m 644'
INSTALL_LIBBFD_FALSE='#'
INSTALL_LIBBFD_TRUE=''
INSTALL_PROGRAM='/usr/bin/install -c'
INSTALL_SCRIPT='/usr/bin/install -c'
INSTALL_STRIP_PROGRAM='$(install_sh) -c -s'
INSTOBJEXT='.mo'
LD='/opt/hisi-linux/x86-arm/arm-hisiv200-linux/bin/../lib/gcc/arm-hisiv200-linux-gnueabi/4.4.1/../../../../arm-hisiv200-linux-gnueabi/bin/ld'
LDFLAGS=' -L/opt/hisi-linux/x86-arm/arm-hisiv200-linux/target/lib -L/opt/hisi-linux/x86-arm/arm-hisiv200-linux/target/usr/lib 		-L/home/hisisdk/histb_v2/autelan/rootfs/binutils-2.25/../../release/lib -L/home/hisisdk/histb_v2/autelan/rootfs/binutils-2.25/../../release/usr/lib -L/home/hisisdk/histb_v2/autelan/rootfs/binutils-2.25/../../release/usr/local/lib 		'
LIBINTL=''
LIBINTL_DEP=''
LIBM='-lm'
LIBOBJS=''
LIBS=''
LIBTOOL='$(SHELL) $(top_builddir)/libtool'
LIPO=''
LN_S='ln -s'
LTLIBOBJS=''
MAINT='#'
MAINTAINER_MODE_FALSE=''
MAINTAINER_MODE_TRUE='#'
MAKEINFO='makeinfo --split-size=5000000'
MKDIR_P='/bin/mkdir -p'
MKINSTALLDIRS='$(top_builddir)/./../mkinstalldirs'
MSGFMT='/usr/bin/msgfmt'
MSGMERGE='/usr/bin/msgmerge'
NM='arm-hisiv200-linux-nm'
NMEDIT=''
NO_WERROR=''
NO_WMISSING_FIELD_INITIALIZERS='-Wno-missing-field-initializers'
OBJDUMP='arm-hisiv200-linux-objdump'
OBJEXT='o'
OTOOL64=''
OTOOL=''
PACKAGE='opcodes'
PACKAGE_BUGREPORT=''
PACKAGE_NAME='opcodes'
PACKAGE_STRING='opcodes 2.25'
PACKAGE_TARNAME='opcodes'
PACKAGE_URL=''
PACKAGE_VERSION='2.25'
PATH_SEPARATOR=':'
POSUB='po'
RANLIB='arm-hisiv200-linux-ranlib'
SED='/bin/sed'
SET_MAKE=''
SHARED_DEPENDENCIES=''
SHARED_LDFLAGS=''
SHARED_LIBADD=''
SHELL='/bin/sh'
STRIP='arm-hisiv200-linux-strip'
USE_NLS='yes'
VERSION='2.25'
WARN_CFLAGS='-W -Wall -Wstrict-prototypes -Wmissing-prototypes -Wshadow'
XGETTEXT='/usr/bin/xgettext'
ac_ct_CC=''
ac_ct_DUMPBIN=''
am__EXEEXT_FALSE=''
am__EXEEXT_TRUE='#'
am__fastdepCC_FALSE='#'
am__fastdepCC_TRUE=''
am__include='include'
am__isrc=''
am__leading_dot='.'
am__quote=''
am__tar='${AMTAR} chof - "$$tardir"'
am__untar='${AMTAR} xf -'
archdefs=' -DARCH_arm'
bfdincludedir='$(includedir)'
bfdlibdir='$(libdir)'
bindir='/home/hisisdk/histb_v2/autelan/rootfs/binutils-2.25/../../release/bin'
build='i686-pc-linux-gnu'
build_alias='i686-pc-linux-gnu'
build_cpu='i686'
build_os='linux-gnu'
build_vendor='pc'
cgendir='$(srcdir)/../cgen'
datadir='/home/hisisdk/histb_v2/autelan/rootfs/binutils-2.25/../../fakerelease/usr/share'
datarootdir='/home/hisisdk/histb_v2/autelan/rootfs/binutils-2.25/../../fakerelease/usr/share'
docdir='/home/hisisdk/histb_v2/autelan/rootfs/binutils-2.25/../../fakerelease/usr/share/doc/bash'
dvidir='/home/hisisdk/histb_v2/autelan/rootfs/binutils-2.25/../../fakerelease/usr/share/doc'
exec_prefix='${prefix}'
host='arm-hisiv200-linux-gnu'
host_alias='arm-hisiv200-linux'
host_cpu='arm'
host_noncanonical='arm-hisiv200-linux'
host_os='linux-gnu'
host_vendor='hisiv200'
htmldir='/home/hisisdk/histb_v2/autelan/rootfs/binutils-2.25/../../fakerelease/usr/share/doc'
includedir='/home/hisisdk/histb_v2/autelan/rootfs/binutils-2.25/../../fakerelease/usr/include'
infodir='/home/hisisdk/histb_v2/autelan/rootfs/binutils-2.25/../../fakerelease/usr/share/info'
install_sh='${SHELL} /home/hisisdk/histb_v2/autelan/rootfs/binutils-2.25/install-sh'
libdir='/home/hisisdk/histb_v2/autelan/rootfs/binutils-2.25/../../release/lib'
libexecdir='/home/hisisdk/histb_v2/autelan/rootfs/binutils-2.25/../../release/libexec'
localedir='/home/hisisdk/histb_v2/autelan/rootfs/binutils-2.25/../../fakerelease/usr/share/local'
localstatedir='/home/hisisdk/histb_v2/autelan/rootfs/binutils-2.25/../../release/var'
mandir='/home/hisisdk/histb_v2/autelan/rootfs/binutils-2.25/../../fakerelease/usr/share/man'
mkdir_p='/bin/mkdir -p'
oldincludedir='/usr/include'
pdfdir='/home/hisisdk/histb_v2/autelan/rootfs/binutils-2.25/../../fakerelease/usr/share/doc'
prefix='/home/hisisdk/histb_v2/autelan/rootfs/binutils-2.25/../../release'
program_transform_name='s,y,y,'
psdir='/home/hisisdk/histb_v2/autelan/rootfs/binutils-2.25/../../fakerelease/usr/share/doc'
sbindir='/home/hisisdk/histb_v2/autelan/rootfs/binutils-2.25/../../release/sbin'
sharedstatedir='${prefix}/com'
sysconfdir='/home/hisisdk/histb_v2/autelan/rootfs/binutils-2.25/../../release/etc'
target='arm-hisiv200-linux-gnu'
target_alias='arm-hisiv200-linux'
target_cpu='arm'
target_noncanonical='arm-hisiv200-linux'
target_os='linux-gnu'
target_vendor='hisiv200'

## ----------- ##
## confdefs.h. ##
## ----------- ##

/* confdefs.h */
#define PACKAGE_NAME "opcodes"
#define PACKAGE_TARNAME "opcodes"
#define PACKAGE_VERSION "2.25"
#define PACKAGE_STRING "opcodes 2.25"
#define PACKAGE_BUGREPORT ""
#define PACKAGE_URL ""
#define PACKAGE "opcodes"
#define VERSION "2.25"
#define STDC_HEADERS 1
#define HAVE_SYS_TYPES_H 1
#define HAVE_SYS_STAT_H 1
#define HAVE_STDLIB_H 1
#define HAVE_STRING_H 1
#define HAVE_MEMORY_H 1
#define HAVE_STRINGS_H 1
#define HAVE_INTTYPES_H 1
#define HAVE_STDINT_H 1
#define HAVE_UNISTD_H 1
#define __EXTENSIONS__ 1
#define _ALL_SOURCE 1
#define _GNU_SOURCE 1
#define _POSIX_PTHREAD_SEMANTICS 1
#define _TANDEM_SOURCE 1
#define HAVE_DLFCN_H 1
#define LT_OBJDIR ".libs/"
#define ENABLE_NLS 1
#define HAVE_STRING_H 1
#define HAVE_STRINGS_H 1
#define HAVE_STDLIB_H 1
#define HAVE_LIMITS_H 1
#define STRING_WITH_STRINGS 1
#define HAVE_DECL_BASENAME 1
#define HAVE_DECL_STPCPY 1
#define HAVE_SIGSETJMP 1

configure: exit 0
