This file contains any messages produced by compilers while
running configure, to aid debugging if configure makes a mistake.

It was created by gprof configure 2.25, which was
generated by GNU Autoconf 2.64.  Invocation command line was

  $ /home/hisisdk/histb_v2/autelan/rootfs/binutils-2.25/gprof/configure --cache-file=./config.cache --with-gnu-as --with-gnu-ld --with-system-zlib --prefix=/home/hisisdk/histb_v2/autelan/rootfs/binutils-2.25/../../release --bindir=/home/hisisdk/histb_v2/autelan/rootfs/binutils-2.25/../../release/bin --sbindir=/home/hisisdk/histb_v2/autelan/rootfs/binutils-2.25/../../release/sbin --libexecdir=/home/hisisdk/histb_v2/autelan/rootfs/binutils-2.25/../../release/libexec --sysconfdir=/home/hisisdk/histb_v2/autelan/rootfs/binutils-2.25/../../release/etc --localstatedir=/home/hisisdk/histb_v2/autelan/rootfs/binutils-2.25/../../release/var --libdir=/home/hisisdk/histb_v2/autelan/rootfs/binutils-2.25/../../release/lib --includedir=/home/hisisdk/histb_v2/autelan/rootfs/binutils-2.25/../../fakerelease/usr/include --datarootdir=/home/hisisdk/histb_v2/autelan/rootfs/binutils-2.25/../../fakerelease/usr/share --datadir=/home/hisisdk/histb_v2/autelan/rootfs/binutils-2.25/../../fakerelease/usr/share --infodir=/home/hisisdk/histb_v2/autelan/rootfs/binutils-2.25/../../fakerelease/usr/share/info --localedir=/home/hisisdk/histb_v2/autelan/rootfs/binutils-2.25/../../fakerelease/usr/share/local --mandir=/home/hisisdk/histb_v2/autelan/rootfs/binutils-2.25/../../fakerelease/usr/share/man --docdir=/home/hisisdk/histb_v2/autelan/rootfs/binutils-2.25/../../fakerelease/usr/share/doc/bash --htmldir=/home/hisisdk/histb_v2/autelan/rootfs/binutils-2.25/../../fakerelease/usr/share/doc --dvidir=/home/hisisdk/histb_v2/autelan/rootfs/binutils-2.25/../../fakerelease/usr/share/doc --pdfdir=/home/hisisdk/histb_v2/autelan/rootfs/binutils-2.25/../../fakerelease/usr/share/doc --psdir=/home/hisisdk/histb_v2/autelan/rootfs/binutils-2.25/../../fakerelease/usr/share/doc --program-transform-name=s,y,y, --disable-option-checking --build=i686-pc-linux-gnu --host=arm-hisiv200-linux --target=arm-hisiv200-linux --srcdir=.././gprof

## --------- ##
## Platform. ##
## --------- ##

hostname = debian6
uname -m = i686
uname -r = 2.6.32-5-686
uname -s = Linux
uname -v = #1 SMP Sun May 6 04:01:19 UTC 2012

/usr/bin/uname -p = unknown
/bin/uname -X     = unknown

/bin/arch              = unknown
/usr/bin/arch -k       = unknown
/usr/convex/getsysinfo = unknown
/usr/bin/hostinfo      = unknown
/bin/machine           = unknown
/usr/bin/oslevel       = unknown
/bin/universe          = unknown

PATH: /opt/hisi-linux/x86-arm/arm-hisiv200-linux/target/bin
PATH: /home/liujingfei/work/go/bin
PATH: /home/sunzhiming/project/gopath
PATH: /home/liujingfei/project/gopath/bin
PATH: /usr/local/bin
PATH: /usr/bin
PATH: /bin
PATH: /usr/local/games
PATH: /usr/games


## ----------- ##
## Core tests. ##
## ----------- ##

configure:2118: creating cache ./config.cache
configure:2223: checking build system type
configure:2237: result: i686-pc-linux-gnu
configure:2257: checking host system type
configure:2270: result: arm-hisiv200-linux-gnu
configure:2290: checking target system type
configure:2303: result: arm-hisiv200-linux-gnu
configure:2337: checking for arm-hisiv200-linux-gcc
configure:2364: result: arm-hisiv200-linux-gcc
configure:2633: checking for C compiler version
configure:2642: arm-hisiv200-linux-gcc --version >&5
arm-hisiv200-linux-gcc (Hisilicon_v200(gcc4.4-290+glibc-2.11+eabi+nptl)) 4.4.1
Copyright (C) 2009 Free Software Foundation, Inc.
This is free software; see the source for copying conditions.  There is NO
warranty; not even for MERCHANTABILITY or FITNESS FOR A PARTICULAR PURPOSE.

configure:2653: $? = 0
configure:2642: arm-hisiv200-linux-gcc -v >&5
Using built-in specs.
Target: arm-hisiv200-linux-gnueabi
Configured with: ../gcc-4.4-2010q1/configure --host=i686-pc-linux-gnu --build=i686-pc-linux-gnu --target=arm-hisiv200-linux-gnueabi --prefix=/home/c00132816/toolchain_glibc/install/arm-hisiv200-linux --enable-threads --disable-libmudflap --disable-libssp --disable-libstdcxx-pch --with-arch=armv5te --with-gnu-as --with-gnu-ld --enable-languages=c,c++ --enable-shared --enable-lto --enable-symvers=gnu --enable-__cxa_atexit --disable-nls --enable-extra-hisi-multilibs --with-sysroot=/home/c00132816/toolchain_glibc/install/arm-hisiv200-linux/target --with-build-sysroot=/home/c00132816/toolchain_glibc/install/arm-hisiv200-linux/target --with-gmp=/home/c00132816/toolchain_glibc/install/host_lib --with-mpfr=/home/c00132816/toolchain_glibc/install/host_lib --with-ppl=/home/c00132816/toolchain_glibc/install/host_lib --with-cloog=/home/c00132816/toolchain_glibc/install/host_lib --with-libelf=/home/c00132816/toolchain_glibc/install/host_lib --with-host-libstdcxx='-static-libgcc -Wl,-Bstatic,-lstdc++,-Bstatic -lm' --enable-libgomp --enable-poison-system-directories --with-libelf=/home/c00132816/toolchain_glibc/install/host_lib --with-pkgversion='Hisilicon_v200(gcc4.4-290+glibc-2.11+eabi+nptl)' --with-bugurl=http://www.hisilicon.com/cn/service/claim.html
Thread model: posix
gcc version 4.4.1 (Hisilicon_v200(gcc4.4-290+glibc-2.11+eabi+nptl)) 
configure:2653: $? = 0
configure:2642: arm-hisiv200-linux-gcc -V >&5
arm-hisiv200-linux-gcc: '-V' option must have argument
configure:2653: $? = 1
configure:2642: arm-hisiv200-linux-gcc -qversion >&5
arm-hisiv200-linux-gcc: unrecognized option '-qversion'
arm-hisiv200-linux-gcc: no input files
configure:2653: $? = 1
configure:2673: checking for C compiler default output file name
configure:2695: arm-hisiv200-linux-gcc -O2 		-I/opt/hisi-linux/x86-arm/arm-hisiv200-linux/target/usr/include 		-I/home/hisisdk/histb_v2/autelan/rootfs/binutils-2.25/../../fakerelease/usr/include -I/home/hisisdk/histb_v2/autelan/rootfs/binutils-2.25/../../fakerelease/usr/local/include 		   -L/opt/hisi-linux/x86-arm/arm-hisiv200-linux/target/lib -L/opt/hisi-linux/x86-arm/arm-hisiv200-linux/target/usr/lib 		-L/home/hisisdk/histb_v2/autelan/rootfs/binutils-2.25/../../release/lib -L/home/hisisdk/histb_v2/autelan/rootfs/binutils-2.25/../../release/usr/lib -L/home/hisisdk/histb_v2/autelan/rootfs/binutils-2.25/../../release/usr/local/lib 		 conftest.c  >&5
configure:2699: $? = 0
configure:2736: result: a.out
configure:2752: checking whether the C compiler works
configure:2780: result: yes
configure:2787: checking whether we are cross compiling
configure:2789: result: yes
configure:2792: checking for suffix of executables
configure:2799: arm-hisiv200-linux-gcc -o conftest -O2 		-I/opt/hisi-linux/x86-arm/arm-hisiv200-linux/target/usr/include 		-I/home/hisisdk/histb_v2/autelan/rootfs/binutils-2.25/../../fakerelease/usr/include -I/home/hisisdk/histb_v2/autelan/rootfs/binutils-2.25/../../fakerelease/usr/local/include 		   -L/opt/hisi-linux/x86-arm/arm-hisiv200-linux/target/lib -L/opt/hisi-linux/x86-arm/arm-hisiv200-linux/target/usr/lib 		-L/home/hisisdk/histb_v2/autelan/rootfs/binutils-2.25/../../release/lib -L/home/hisisdk/histb_v2/autelan/rootfs/binutils-2.25/../../release/usr/lib -L/home/hisisdk/histb_v2/autelan/rootfs/binutils-2.25/../../release/usr/local/lib 		 conftest.c  >&5
configure:2803: $? = 0
configure:2825: result: 
configure:2831: checking for suffix of object files
configure:2853: arm-hisiv200-linux-gcc -c -O2 		-I/opt/hisi-linux/x86-arm/arm-hisiv200-linux/target/usr/include 		-I/home/hisisdk/histb_v2/autelan/rootfs/binutils-2.25/../../fakerelease/usr/include -I/home/hisisdk/histb_v2/autelan/rootfs/binutils-2.25/../../fakerelease/usr/local/include 		  conftest.c >&5
configure:2857: $? = 0
configure:2878: result: o
configure:2882: checking whether we are using the GNU C compiler
configure:2901: arm-hisiv200-linux-gcc -c -O2 		-I/opt/hisi-linux/x86-arm/arm-hisiv200-linux/target/usr/include 		-I/home/hisisdk/histb_v2/autelan/rootfs/binutils-2.25/../../fakerelease/usr/include -I/home/hisisdk/histb_v2/autelan/rootfs/binutils-2.25/../../fakerelease/usr/local/include 		  conftest.c >&5
configure:2901: $? = 0
configure:2910: result: yes
configure:2919: checking whether arm-hisiv200-linux-gcc accepts -g
configure:2939: arm-hisiv200-linux-gcc -c -g  conftest.c >&5
configure:2939: $? = 0
configure:2980: result: yes
configure:2997: checking for arm-hisiv200-linux-gcc option to accept ISO C89
configure:3061: arm-hisiv200-linux-gcc  -c -O2 		-I/opt/hisi-linux/x86-arm/arm-hisiv200-linux/target/usr/include 		-I/home/hisisdk/histb_v2/autelan/rootfs/binutils-2.25/../../fakerelease/usr/include -I/home/hisisdk/histb_v2/autelan/rootfs/binutils-2.25/../../fakerelease/usr/local/include 		  conftest.c >&5
configure:3061: $? = 0
configure:3074: result: none needed
configure:3095: checking for library containing strerror
configure:3126: arm-hisiv200-linux-gcc -o conftest -O2 		-I/opt/hisi-linux/x86-arm/arm-hisiv200-linux/target/usr/include 		-I/home/hisisdk/histb_v2/autelan/rootfs/binutils-2.25/../../fakerelease/usr/include -I/home/hisisdk/histb_v2/autelan/rootfs/binutils-2.25/../../fakerelease/usr/local/include 		   -L/opt/hisi-linux/x86-arm/arm-hisiv200-linux/target/lib -L/opt/hisi-linux/x86-arm/arm-hisiv200-linux/target/usr/lib 		-L/home/hisisdk/histb_v2/autelan/rootfs/binutils-2.25/../../release/lib -L/home/hisisdk/histb_v2/autelan/rootfs/binutils-2.25/../../release/usr/lib -L/home/hisisdk/histb_v2/autelan/rootfs/binutils-2.25/../../release/usr/local/lib 		 conftest.c  >&5
configure:3126: $? = 0
configure:3143: result: none required
configure:3168: checking for a BSD-compatible install
configure:3236: result: /usr/bin/install -c
configure:3247: checking whether build environment is sane
configure:3297: result: yes
configure:3346: checking for arm-hisiv200-linux-strip
configure:3362: found /opt/hisi-linux/x86-arm/arm-hisiv200-linux/target/bin/arm-hisiv200-linux-strip
configure:3373: result: arm-hisiv200-linux-strip
configure:3438: checking for a thread-safe mkdir -p
configure:3477: result: /bin/mkdir -p
configure:3490: checking for gawk
configure:3517: result: gawk
configure:3528: checking whether make sets $(MAKE)
configure:3550: result: yes
configure:3580: checking for style of include used by make
configure:3608: result: GNU
configure:3693: checking dependency style of arm-hisiv200-linux-gcc
configure:3803: result: gcc3
configure:3831: checking for arm-hisiv200-linux-gcc
configure:3858: result: arm-hisiv200-linux-gcc
configure:4127: checking for C compiler version
configure:4136: arm-hisiv200-linux-gcc --version >&5
arm-hisiv200-linux-gcc (Hisilicon_v200(gcc4.4-290+glibc-2.11+eabi+nptl)) 4.4.1
Copyright (C) 2009 Free Software Foundation, Inc.
This is free software; see the source for copying conditions.  There is NO
warranty; not even for MERCHANTABILITY or FITNESS FOR A PARTICULAR PURPOSE.

configure:4147: $? = 0
configure:4136: arm-hisiv200-linux-gcc -v >&5
Using built-in specs.
Target: arm-hisiv200-linux-gnueabi
Configured with: ../gcc-4.4-2010q1/configure --host=i686-pc-linux-gnu --build=i686-pc-linux-gnu --target=arm-hisiv200-linux-gnueabi --prefix=/home/c00132816/toolchain_glibc/install/arm-hisiv200-linux --enable-threads --disable-libmudflap --disable-libssp --disable-libstdcxx-pch --with-arch=armv5te --with-gnu-as --with-gnu-ld --enable-languages=c,c++ --enable-shared --enable-lto --enable-symvers=gnu --enable-__cxa_atexit --disable-nls --enable-extra-hisi-multilibs --with-sysroot=/home/c00132816/toolchain_glibc/install/arm-hisiv200-linux/target --with-build-sysroot=/home/c00132816/toolchain_glibc/install/arm-hisiv200-linux/target --with-gmp=/home/c00132816/toolchain_glibc/install/host_lib --with-mpfr=/home/c00132816/toolchain_glibc/install/host_lib --with-ppl=/home/c00132816/toolchain_glibc/install/host_lib --with-cloog=/home/c00132816/toolchain_glibc/install/host_lib --with-libelf=/home/c00132816/toolchain_glibc/install/host_lib --with-host-libstdcxx='-static-libgcc -Wl,-Bstatic,-lstdc++,-Bstatic -lm' --enable-libgomp --enable-poison-system-directories --with-libelf=/home/c00132816/toolchain_glibc/install/host_lib --with-pkgversion='Hisilicon_v200(gcc4.4-290+glibc-2.11+eabi+nptl)' --with-bugurl=http://www.hisilicon.com/cn/service/claim.html
Thread model: posix
gcc version 4.4.1 (Hisilicon_v200(gcc4.4-290+glibc-2.11+eabi+nptl)) 
configure:4147: $? = 0
configure:4136: arm-hisiv200-linux-gcc -V >&5
arm-hisiv200-linux-gcc: '-V' option must have argument
configure:4147: $? = 1
configure:4136: arm-hisiv200-linux-gcc -qversion >&5
arm-hisiv200-linux-gcc: unrecognized option '-qversion'
arm-hisiv200-linux-gcc: no input files
configure:4147: $? = 1
configure:4151: checking whether we are using the GNU C compiler
configure:4179: result: yes
configure:4188: checking whether arm-hisiv200-linux-gcc accepts -g
configure:4249: result: yes
configure:4266: checking for arm-hisiv200-linux-gcc option to accept ISO C89
configure:4343: result: none needed
configure:4368: checking how to run the C preprocessor
configure:4399: arm-hisiv200-linux-gcc -E  conftest.c
configure:4399: $? = 0
configure:4413: arm-hisiv200-linux-gcc -E  conftest.c
conftest.c:11: fatal error: ac_nonexistent.h: No such file or directory
compilation terminated.
configure:4413: $? = 1
configure: failed program was:
| /* confdefs.h */
| #define PACKAGE_NAME "gprof"
| #define PACKAGE_TARNAME "gprof"
| #define PACKAGE_VERSION "2.25"
| #define PACKAGE_STRING "gprof 2.25"
| #define PACKAGE_BUGREPORT ""
| #define PACKAGE_URL ""
| #define PACKAGE "gprof"
| #define VERSION "2.25"
| /* end confdefs.h.  */
| #include <ac_nonexistent.h>
configure:4438: result: arm-hisiv200-linux-gcc -E
configure:4458: arm-hisiv200-linux-gcc -E  conftest.c
configure:4458: $? = 0
configure:4472: arm-hisiv200-linux-gcc -E  conftest.c
conftest.c:11: fatal error: ac_nonexistent.h: No such file or directory
compilation terminated.
configure:4472: $? = 1
configure: failed program was:
| /* confdefs.h */
| #define PACKAGE_NAME "gprof"
| #define PACKAGE_TARNAME "gprof"
| #define PACKAGE_VERSION "2.25"
| #define PACKAGE_STRING "gprof 2.25"
| #define PACKAGE_BUGREPORT ""
| #define PACKAGE_URL ""
| #define PACKAGE "gprof"
| #define VERSION "2.25"
| /* end confdefs.h.  */
| #include <ac_nonexistent.h>
configure:4501: checking for grep that handles long lines and -e
configure:4559: result: /bin/grep
configure:4564: checking for egrep
configure:4626: result: /bin/grep -E
configure:4631: checking for ANSI C header files
configure:4651: arm-hisiv200-linux-gcc -c -O2 		-I/opt/hisi-linux/x86-arm/arm-hisiv200-linux/target/usr/include 		-I/home/hisisdk/histb_v2/autelan/rootfs/binutils-2.25/../../fakerelease/usr/include -I/home/hisisdk/histb_v2/autelan/rootfs/binutils-2.25/../../fakerelease/usr/local/include 		  conftest.c >&5
configure:4651: $? = 0
configure:4735: result: yes
configure:4748: checking for sys/types.h
configure:4748: arm-hisiv200-linux-gcc -c -O2 		-I/opt/hisi-linux/x86-arm/arm-hisiv200-linux/target/usr/include 		-I/home/hisisdk/histb_v2/autelan/rootfs/binutils-2.25/../../fakerelease/usr/include -I/home/hisisdk/histb_v2/autelan/rootfs/binutils-2.25/../../fakerelease/usr/local/include 		  conftest.c >&5
configure:4748: $? = 0
configure:4748: result: yes
configure:4748: checking for sys/stat.h
configure:4748: arm-hisiv200-linux-gcc -c -O2 		-I/opt/hisi-linux/x86-arm/arm-hisiv200-linux/target/usr/include 		-I/home/hisisdk/histb_v2/autelan/rootfs/binutils-2.25/../../fakerelease/usr/include -I/home/hisisdk/histb_v2/autelan/rootfs/binutils-2.25/../../fakerelease/usr/local/include 		  conftest.c >&5
configure:4748: $? = 0
configure:4748: result: yes
configure:4748: checking for stdlib.h
configure:4748: arm-hisiv200-linux-gcc -c -O2 		-I/opt/hisi-linux/x86-arm/arm-hisiv200-linux/target/usr/include 		-I/home/hisisdk/histb_v2/autelan/rootfs/binutils-2.25/../../fakerelease/usr/include -I/home/hisisdk/histb_v2/autelan/rootfs/binutils-2.25/../../fakerelease/usr/local/include 		  conftest.c >&5
configure:4748: $? = 0
configure:4748: result: yes
configure:4748: checking for string.h
configure:4748: arm-hisiv200-linux-gcc -c -O2 		-I/opt/hisi-linux/x86-arm/arm-hisiv200-linux/target/usr/include 		-I/home/hisisdk/histb_v2/autelan/rootfs/binutils-2.25/../../fakerelease/usr/include -I/home/hisisdk/histb_v2/autelan/rootfs/binutils-2.25/../../fakerelease/usr/local/include 		  conftest.c >&5
configure:4748: $? = 0
configure:4748: result: yes
configure:4748: checking for memory.h
configure:4748: arm-hisiv200-linux-gcc -c -O2 		-I/opt/hisi-linux/x86-arm/arm-hisiv200-linux/target/usr/include 		-I/home/hisisdk/histb_v2/autelan/rootfs/binutils-2.25/../../fakerelease/usr/include -I/home/hisisdk/histb_v2/autelan/rootfs/binutils-2.25/../../fakerelease/usr/local/include 		  conftest.c >&5
configure:4748: $? = 0
configure:4748: result: yes
configure:4748: checking for strings.h
configure:4748: arm-hisiv200-linux-gcc -c -O2 		-I/opt/hisi-linux/x86-arm/arm-hisiv200-linux/target/usr/include 		-I/home/hisisdk/histb_v2/autelan/rootfs/binutils-2.25/../../fakerelease/usr/include -I/home/hisisdk/histb_v2/autelan/rootfs/binutils-2.25/../../fakerelease/usr/local/include 		  conftest.c >&5
configure:4748: $? = 0
configure:4748: result: yes
configure:4748: checking for inttypes.h
configure:4748: arm-hisiv200-linux-gcc -c -O2 		-I/opt/hisi-linux/x86-arm/arm-hisiv200-linux/target/usr/include 		-I/home/hisisdk/histb_v2/autelan/rootfs/binutils-2.25/../../fakerelease/usr/include -I/home/hisisdk/histb_v2/autelan/rootfs/binutils-2.25/../../fakerelease/usr/local/include 		  conftest.c >&5
configure:4748: $? = 0
configure:4748: result: yes
configure:4748: checking for stdint.h
configure:4748: arm-hisiv200-linux-gcc -c -O2 		-I/opt/hisi-linux/x86-arm/arm-hisiv200-linux/target/usr/include 		-I/home/hisisdk/histb_v2/autelan/rootfs/binutils-2.25/../../fakerelease/usr/include -I/home/hisisdk/histb_v2/autelan/rootfs/binutils-2.25/../../fakerelease/usr/local/include 		  conftest.c >&5
configure:4748: $? = 0
configure:4748: result: yes
configure:4748: checking for unistd.h
configure:4748: arm-hisiv200-linux-gcc -c -O2 		-I/opt/hisi-linux/x86-arm/arm-hisiv200-linux/target/usr/include 		-I/home/hisisdk/histb_v2/autelan/rootfs/binutils-2.25/../../fakerelease/usr/include -I/home/hisisdk/histb_v2/autelan/rootfs/binutils-2.25/../../fakerelease/usr/local/include 		  conftest.c >&5
configure:4748: $? = 0
configure:4748: result: yes
configure:4762: checking minix/config.h usability
configure:4762: arm-hisiv200-linux-gcc -c -O2 		-I/opt/hisi-linux/x86-arm/arm-hisiv200-linux/target/usr/include 		-I/home/hisisdk/histb_v2/autelan/rootfs/binutils-2.25/../../fakerelease/usr/include -I/home/hisisdk/histb_v2/autelan/rootfs/binutils-2.25/../../fakerelease/usr/local/include 		  conftest.c >&5
conftest.c:54: fatal error: minix/config.h: No such file or directory
compilation terminated.
configure:4762: $? = 1
configure: failed program was:
| /* confdefs.h */
| #define PACKAGE_NAME "gprof"
| #define PACKAGE_TARNAME "gprof"
| #define PACKAGE_VERSION "2.25"
| #define PACKAGE_STRING "gprof 2.25"
| #define PACKAGE_BUGREPORT ""
| #define PACKAGE_URL ""
| #define PACKAGE "gprof"
| #define VERSION "2.25"
| #define STDC_HEADERS 1
| #define HAVE_SYS_TYPES_H 1
| #define HAVE_SYS_STAT_H 1
| #define HAVE_STDLIB_H 1
| #define HAVE_STRING_H 1
| #define HAVE_MEMORY_H 1
| #define HAVE_STRINGS_H 1
| #define HAVE_INTTYPES_H 1
| #define HAVE_STDINT_H 1
| #define HAVE_UNISTD_H 1
| /* end confdefs.h.  */
| #include <stdio.h>
| #ifdef HAVE_SYS_TYPES_H
| # include <sys/types.h>
| #endif
| #ifdef HAVE_SYS_STAT_H
| # include <sys/stat.h>
| #endif
| #ifdef STDC_HEADERS
| # include <stdlib.h>
| # include <stddef.h>
| #else
| # ifdef HAVE_STDLIB_H
| #  include <stdlib.h>
| # endif
| #endif
| #ifdef HAVE_STRING_H
| # if !defined STDC_HEADERS && defined HAVE_MEMORY_H
| #  include <memory.h>
| # endif
| # include <string.h>
| #endif
| #ifdef HAVE_STRINGS_H
| # include <strings.h>
| #endif
| #ifdef HAVE_INTTYPES_H
| # include <inttypes.h>
| #endif
| #ifdef HAVE_STDINT_H
| # include <stdint.h>
| #endif
| #ifdef HAVE_UNISTD_H
| # include <unistd.h>
| #endif
| #include <minix/config.h>
configure:4762: result: no
configure:4762: checking minix/config.h presence
configure:4762: arm-hisiv200-linux-gcc -E  conftest.c
conftest.c:21: fatal error: minix/config.h: No such file or directory
compilation terminated.
configure:4762: $? = 1
configure: failed program was:
| /* confdefs.h */
| #define PACKAGE_NAME "gprof"
| #define PACKAGE_TARNAME "gprof"
| #define PACKAGE_VERSION "2.25"
| #define PACKAGE_STRING "gprof 2.25"
| #define PACKAGE_BUGREPORT ""
| #define PACKAGE_URL ""
| #define PACKAGE "gprof"
| #define VERSION "2.25"
| #define STDC_HEADERS 1
| #define HAVE_SYS_TYPES_H 1
| #define HAVE_SYS_STAT_H 1
| #define HAVE_STDLIB_H 1
| #define HAVE_STRING_H 1
| #define HAVE_MEMORY_H 1
| #define HAVE_STRINGS_H 1
| #define HAVE_INTTYPES_H 1
| #define HAVE_STDINT_H 1
| #define HAVE_UNISTD_H 1
| /* end confdefs.h.  */
| #include <minix/config.h>
configure:4762: result: no
configure:4762: checking for minix/config.h
configure:4762: result: no
configure:4783: checking whether it is safe to define __EXTENSIONS__
configure:4801: arm-hisiv200-linux-gcc -c -O2 		-I/opt/hisi-linux/x86-arm/arm-hisiv200-linux/target/usr/include 		-I/home/hisisdk/histb_v2/autelan/rootfs/binutils-2.25/../../fakerelease/usr/include -I/home/hisisdk/histb_v2/autelan/rootfs/binutils-2.25/../../fakerelease/usr/local/include 		  conftest.c >&5
configure:4801: $? = 0
configure:4808: result: yes
configure:4872: checking how to print strings
configure:4899: result: printf
configure:4920: checking for a sed that does not truncate output
configure:4984: result: /bin/sed
configure:5002: checking for fgrep
configure:5064: result: /bin/grep -F
configure:5099: checking for ld used by arm-hisiv200-linux-gcc
configure:5166: result: /opt/hisi-linux/x86-arm/arm-hisiv200-linux/bin/../lib/gcc/arm-hisiv200-linux-gnueabi/4.4.1/../../../../arm-hisiv200-linux-gnueabi/bin/ld
configure:5173: checking if the linker (/opt/hisi-linux/x86-arm/arm-hisiv200-linux/bin/../lib/gcc/arm-hisiv200-linux-gnueabi/4.4.1/../../../../arm-hisiv200-linux-gnueabi/bin/ld) is GNU ld
configure:5188: result: yes
configure:5200: checking for BSD- or MS-compatible name lister (nm)
configure:5249: result: arm-hisiv200-linux-nm
configure:5379: checking the name lister (arm-hisiv200-linux-nm) interface
configure:5386: arm-hisiv200-linux-gcc -c -O2 		-I/opt/hisi-linux/x86-arm/arm-hisiv200-linux/target/usr/include 		-I/home/hisisdk/histb_v2/autelan/rootfs/binutils-2.25/../../fakerelease/usr/include -I/home/hisisdk/histb_v2/autelan/rootfs/binutils-2.25/../../fakerelease/usr/local/include 		  conftest.c >&5
configure:5389: arm-hisiv200-linux-nm "conftest.o"
configure:5392: output
00000000 B some_variable
configure:5399: result: BSD nm
configure:5402: checking whether ln -s works
configure:5406: result: yes
configure:5414: checking the maximum length of command line arguments
configure:5539: result: 805306365
configure:5556: checking whether the shell understands some XSI constructs
configure:5566: result: yes
configure:5570: checking whether the shell understands "+="
configure:5576: result: yes
configure:5611: checking for /opt/hisi-linux/x86-arm/arm-hisiv200-linux/bin/../lib/gcc/arm-hisiv200-linux-gnueabi/4.4.1/../../../../arm-hisiv200-linux-gnueabi/bin/ld option to reload object files
configure:5618: result: -r
configure:5647: checking for arm-hisiv200-linux-objdump
configure:5674: result: arm-hisiv200-linux-objdump
configure:5746: checking how to recognize dependent libraries
configure:5947: result: pass_all
configure:5967: checking for arm-hisiv200-linux-ar
configure:5994: result: arm-hisiv200-linux-ar
configure:6072: checking for arm-hisiv200-linux-strip
configure:6099: result: arm-hisiv200-linux-strip
configure:6171: checking for arm-hisiv200-linux-ranlib
configure:6198: result: arm-hisiv200-linux-ranlib
configure:6340: checking command to parse arm-hisiv200-linux-nm output from arm-hisiv200-linux-gcc object
configure:6458: arm-hisiv200-linux-gcc -c -O2 		-I/opt/hisi-linux/x86-arm/arm-hisiv200-linux/target/usr/include 		-I/home/hisisdk/histb_v2/autelan/rootfs/binutils-2.25/../../fakerelease/usr/include -I/home/hisisdk/histb_v2/autelan/rootfs/binutils-2.25/../../fakerelease/usr/local/include 		  conftest.c >&5
configure:6461: $? = 0
configure:6465: arm-hisiv200-linux-nm conftest.o \| sed -n -e 's/^.*[ ]\([ABCDGIRSTW][ABCDGIRSTW]*\)[ ][ ]*\([_A-Za-z][_A-Za-z0-9]*\)$/\1 \2 \2/p' \> conftest.nm
configure:6468: $? = 0
configure:6522: arm-hisiv200-linux-gcc -o conftest -O2 		-I/opt/hisi-linux/x86-arm/arm-hisiv200-linux/target/usr/include 		-I/home/hisisdk/histb_v2/autelan/rootfs/binutils-2.25/../../fakerelease/usr/include -I/home/hisisdk/histb_v2/autelan/rootfs/binutils-2.25/../../fakerelease/usr/local/include 		   -L/opt/hisi-linux/x86-arm/arm-hisiv200-linux/target/lib -L/opt/hisi-linux/x86-arm/arm-hisiv200-linux/target/usr/lib 		-L/home/hisisdk/histb_v2/autelan/rootfs/binutils-2.25/../../release/lib -L/home/hisisdk/histb_v2/autelan/rootfs/binutils-2.25/../../release/usr/lib -L/home/hisisdk/histb_v2/autelan/rootfs/binutils-2.25/../../release/usr/local/lib 		 conftest.c conftstm.o >&5
configure:6525: $? = 0
configure:6563: result: ok
configure:7411: checking for dlfcn.h
configure:7411: arm-hisiv200-linux-gcc -c -O2 		-I/opt/hisi-linux/x86-arm/arm-hisiv200-linux/target/usr/include 		-I/home/hisisdk/histb_v2/autelan/rootfs/binutils-2.25/../../fakerelease/usr/include -I/home/hisisdk/histb_v2/autelan/rootfs/binutils-2.25/../../fakerelease/usr/local/include 		  conftest.c >&5
configure:7411: $? = 0
configure:7411: result: yes
configure:7598: checking for objdir
configure:7613: result: .libs
configure:7884: checking if arm-hisiv200-linux-gcc supports -fno-rtti -fno-exceptions
configure:7902: arm-hisiv200-linux-gcc -c -O2 		-I/opt/hisi-linux/x86-arm/arm-hisiv200-linux/target/usr/include 		-I/home/hisisdk/histb_v2/autelan/rootfs/binutils-2.25/../../fakerelease/usr/include -I/home/hisisdk/histb_v2/autelan/rootfs/binutils-2.25/../../fakerelease/usr/local/include 		  -fno-rtti -fno-exceptions conftest.c >&5
cc1: warning: command line option "-fno-rtti" is valid for C++/ObjC++ but not for C
configure:7906: $? = 0
configure:7919: result: no
configure:7939: checking for arm-hisiv200-linux-gcc option to produce PIC
configure:8225: result: -fPIC -DPIC
configure:8237: checking if arm-hisiv200-linux-gcc PIC flag -fPIC -DPIC works
configure:8255: arm-hisiv200-linux-gcc -c -O2 		-I/opt/hisi-linux/x86-arm/arm-hisiv200-linux/target/usr/include 		-I/home/hisisdk/histb_v2/autelan/rootfs/binutils-2.25/../../fakerelease/usr/include -I/home/hisisdk/histb_v2/autelan/rootfs/binutils-2.25/../../fakerelease/usr/local/include 		  -fPIC -DPIC -DPIC conftest.c >&5
configure:8259: $? = 0
configure:8272: result: yes
configure:8296: checking if arm-hisiv200-linux-gcc static flag -static works
configure:8324: result: yes
configure:8339: checking if arm-hisiv200-linux-gcc supports -c -o file.o
configure:8360: arm-hisiv200-linux-gcc -c -O2 		-I/opt/hisi-linux/x86-arm/arm-hisiv200-linux/target/usr/include 		-I/home/hisisdk/histb_v2/autelan/rootfs/binutils-2.25/../../fakerelease/usr/include -I/home/hisisdk/histb_v2/autelan/rootfs/binutils-2.25/../../fakerelease/usr/local/include 		  -o out/conftest2.o conftest.c >&5
configure:8364: $? = 0
configure:8386: result: yes
configure:8394: checking if arm-hisiv200-linux-gcc supports -c -o file.o
configure:8441: result: yes
configure:8474: checking whether the arm-hisiv200-linux-gcc linker (/opt/hisi-linux/x86-arm/arm-hisiv200-linux/bin/../lib/gcc/arm-hisiv200-linux-gnueabi/4.4.1/../../../../arm-hisiv200-linux-gnueabi/bin/ld) supports shared libraries
configure:9545: result: yes
configure:9582: checking whether -lc should be explicitly linked in
configure:9590: arm-hisiv200-linux-gcc -c -O2 		-I/opt/hisi-linux/x86-arm/arm-hisiv200-linux/target/usr/include 		-I/home/hisisdk/histb_v2/autelan/rootfs/binutils-2.25/../../fakerelease/usr/include -I/home/hisisdk/histb_v2/autelan/rootfs/binutils-2.25/../../fakerelease/usr/local/include 		  conftest.c >&5
configure:9593: $? = 0
configure:9608: arm-hisiv200-linux-gcc -shared conftest.o  -v -Wl,-soname -Wl,conftest -o conftest 2\>\&1 \| /bin/grep  -lc  \>/dev/null 2\>\&1
configure:9611: $? = 0
configure:9625: result: no
configure:9790: checking dynamic linker characteristics
configure:10241: arm-hisiv200-linux-gcc -o conftest -O2 		-I/opt/hisi-linux/x86-arm/arm-hisiv200-linux/target/usr/include 		-I/home/hisisdk/histb_v2/autelan/rootfs/binutils-2.25/../../fakerelease/usr/include -I/home/hisisdk/histb_v2/autelan/rootfs/binutils-2.25/../../fakerelease/usr/local/include 		   -L/opt/hisi-linux/x86-arm/arm-hisiv200-linux/target/lib -L/opt/hisi-linux/x86-arm/arm-hisiv200-linux/target/usr/lib 		-L/home/hisisdk/histb_v2/autelan/rootfs/binutils-2.25/../../release/lib -L/home/hisisdk/histb_v2/autelan/rootfs/binutils-2.25/../../release/usr/lib -L/home/hisisdk/histb_v2/autelan/rootfs/binutils-2.25/../../release/usr/local/lib 		 -Wl,-rpath -Wl,/foo conftest.c  >&5
configure:10241: $? = 0
configure:10463: result: GNU/Linux ld.so
configure:10570: checking how to hardcode library paths into programs
configure:10595: result: immediate
configure:11135: checking whether stripping libraries is possible
configure:11140: result: yes
configure:11175: checking if libtool supports shared libraries
configure:11177: result: yes
configure:11180: checking whether to build shared libraries
configure:11201: result: yes
configure:11204: checking whether to build static libraries
configure:11208: result: yes
configure:11256: checking for dlfcn.h
configure:11256: result: yes
configure:11269: checking for windows.h
configure:11269: arm-hisiv200-linux-gcc -c -O2 		-I/opt/hisi-linux/x86-arm/arm-hisiv200-linux/target/usr/include 		-I/home/hisisdk/histb_v2/autelan/rootfs/binutils-2.25/../../fakerelease/usr/include -I/home/hisisdk/histb_v2/autelan/rootfs/binutils-2.25/../../fakerelease/usr/local/include 		  conftest.c >&5
conftest.c:63: fatal error: windows.h: No such file or directory
compilation terminated.
configure:11269: $? = 1
configure: failed program was:
| /* confdefs.h */
| #define PACKAGE_NAME "gprof"
| #define PACKAGE_TARNAME "gprof"
| #define PACKAGE_VERSION "2.25"
| #define PACKAGE_STRING "gprof 2.25"
| #define PACKAGE_BUGREPORT ""
| #define PACKAGE_URL ""
| #define PACKAGE "gprof"
| #define VERSION "2.25"
| #define STDC_HEADERS 1
| #define HAVE_SYS_TYPES_H 1
| #define HAVE_SYS_STAT_H 1
| #define HAVE_STDLIB_H 1
| #define HAVE_STRING_H 1
| #define HAVE_MEMORY_H 1
| #define HAVE_STRINGS_H 1
| #define HAVE_INTTYPES_H 1
| #define HAVE_STDINT_H 1
| #define HAVE_UNISTD_H 1
| #define __EXTENSIONS__ 1
| #define _ALL_SOURCE 1
| #define _GNU_SOURCE 1
| #define _POSIX_PTHREAD_SEMANTICS 1
| #define _TANDEM_SOURCE 1
| #define HAVE_DLFCN_H 1
| #define LT_OBJDIR ".libs/"
| #define HAVE_DLFCN_H 1
| /* end confdefs.h.  */
| #include <stdio.h>
| #ifdef HAVE_SYS_TYPES_H
| # include <sys/types.h>
| #endif
| #ifdef HAVE_SYS_STAT_H
| # include <sys/stat.h>
| #endif
| #ifdef STDC_HEADERS
| # include <stdlib.h>
| # include <stddef.h>
| #else
| # ifdef HAVE_STDLIB_H
| #  include <stdlib.h>
| # endif
| #endif
| #ifdef HAVE_STRING_H
| # if !defined STDC_HEADERS && defined HAVE_MEMORY_H
| #  include <memory.h>
| # endif
| # include <string.h>
| #endif
| #ifdef HAVE_STRINGS_H
| # include <strings.h>
| #endif
| #ifdef HAVE_INTTYPES_H
| # include <inttypes.h>
| #endif
| #ifdef HAVE_STDINT_H
| # include <stdint.h>
| #endif
| #ifdef HAVE_UNISTD_H
| # include <unistd.h>
| #endif
| 
| #include <windows.h>
configure:11269: result: no
configure:11296: checking for library containing dlopen
configure:11327: arm-hisiv200-linux-gcc -o conftest -O2 		-I/opt/hisi-linux/x86-arm/arm-hisiv200-linux/target/usr/include 		-I/home/hisisdk/histb_v2/autelan/rootfs/binutils-2.25/../../fakerelease/usr/include -I/home/hisisdk/histb_v2/autelan/rootfs/binutils-2.25/../../fakerelease/usr/local/include 		   -L/opt/hisi-linux/x86-arm/arm-hisiv200-linux/target/lib -L/opt/hisi-linux/x86-arm/arm-hisiv200-linux/target/usr/lib 		-L/home/hisisdk/histb_v2/autelan/rootfs/binutils-2.25/../../release/lib -L/home/hisisdk/histb_v2/autelan/rootfs/binutils-2.25/../../release/usr/lib -L/home/hisisdk/histb_v2/autelan/rootfs/binutils-2.25/../../release/usr/local/lib 		 conftest.c  >&5
/tmp/ccQNJknA.o: In function `main':
conftest.c:(.text+0x4): undefined reference to `dlopen'
collect2: ld returned 1 exit status
configure:11327: $? = 1
configure: failed program was:
| /* confdefs.h */
| #define PACKAGE_NAME "gprof"
| #define PACKAGE_TARNAME "gprof"
| #define PACKAGE_VERSION "2.25"
| #define PACKAGE_STRING "gprof 2.25"
| #define PACKAGE_BUGREPORT ""
| #define PACKAGE_URL ""
| #define PACKAGE "gprof"
| #define VERSION "2.25"
| #define STDC_HEADERS 1
| #define HAVE_SYS_TYPES_H 1
| #define HAVE_SYS_STAT_H 1
| #define HAVE_STDLIB_H 1
| #define HAVE_STRING_H 1
| #define HAVE_MEMORY_H 1
| #define HAVE_STRINGS_H 1
| #define HAVE_INTTYPES_H 1
| #define HAVE_STDINT_H 1
| #define HAVE_UNISTD_H 1
| #define __EXTENSIONS__ 1
| #define _ALL_SOURCE 1
| #define _GNU_SOURCE 1
| #define _POSIX_PTHREAD_SEMANTICS 1
| #define _TANDEM_SOURCE 1
| #define HAVE_DLFCN_H 1
| #define LT_OBJDIR ".libs/"
| #define HAVE_DLFCN_H 1
| /* end confdefs.h.  */
| 
| /* Override any GCC internal prototype to avoid an error.
|    Use char because int might match the return type of a GCC
|    builtin and then its argument prototype would still apply.  */
| #ifdef __cplusplus
| extern "C"
| #endif
| char dlopen ();
| int
| main ()
| {
| return dlopen ();
|   ;
|   return 0;
| }
configure:11327: arm-hisiv200-linux-gcc -o conftest -O2 		-I/opt/hisi-linux/x86-arm/arm-hisiv200-linux/target/usr/include 		-I/home/hisisdk/histb_v2/autelan/rootfs/binutils-2.25/../../fakerelease/usr/include -I/home/hisisdk/histb_v2/autelan/rootfs/binutils-2.25/../../fakerelease/usr/local/include 		   -L/opt/hisi-linux/x86-arm/arm-hisiv200-linux/target/lib -L/opt/hisi-linux/x86-arm/arm-hisiv200-linux/target/usr/lib 		-L/home/hisisdk/histb_v2/autelan/rootfs/binutils-2.25/../../release/lib -L/home/hisisdk/histb_v2/autelan/rootfs/binutils-2.25/../../release/usr/lib -L/home/hisisdk/histb_v2/autelan/rootfs/binutils-2.25/../../release/usr/local/lib 		 conftest.c -ldl   >&5
configure:11327: $? = 0
configure:11344: result: -ldl
configure:11375: checking for special C compiler options needed for large files
configure:11420: result: no
configure:11426: checking for _FILE_OFFSET_BITS value needed for large files
configure:11451: arm-hisiv200-linux-gcc -c -O2 		-I/opt/hisi-linux/x86-arm/arm-hisiv200-linux/target/usr/include 		-I/home/hisisdk/histb_v2/autelan/rootfs/binutils-2.25/../../fakerelease/usr/include -I/home/hisisdk/histb_v2/autelan/rootfs/binutils-2.25/../../fakerelease/usr/local/include 		  conftest.c >&5
conftest.c:35: warning: left shift count >= width of type
conftest.c:35: warning: left shift count >= width of type
conftest.c:37: error: size of array 'off_t_is_large' is negative
configure:11451: $? = 1
configure: failed program was:
| /* confdefs.h */
| #define PACKAGE_NAME "gprof"
| #define PACKAGE_TARNAME "gprof"
| #define PACKAGE_VERSION "2.25"
| #define PACKAGE_STRING "gprof 2.25"
| #define PACKAGE_BUGREPORT ""
| #define PACKAGE_URL ""
| #define PACKAGE "gprof"
| #define VERSION "2.25"
| #define STDC_HEADERS 1
| #define HAVE_SYS_TYPES_H 1
| #define HAVE_SYS_STAT_H 1
| #define HAVE_STDLIB_H 1
| #define HAVE_STRING_H 1
| #define HAVE_MEMORY_H 1
| #define HAVE_STRINGS_H 1
| #define HAVE_INTTYPES_H 1
| #define HAVE_STDINT_H 1
| #define HAVE_UNISTD_H 1
| #define __EXTENSIONS__ 1
| #define _ALL_SOURCE 1
| #define _GNU_SOURCE 1
| #define _POSIX_PTHREAD_SEMANTICS 1
| #define _TANDEM_SOURCE 1
| #define HAVE_DLFCN_H 1
| #define LT_OBJDIR ".libs/"
| #define HAVE_DLFCN_H 1
| /* end confdefs.h.  */
| #include <sys/types.h>
|  /* Check that off_t can represent 2**63 - 1 correctly.
|     We can't simply define LARGE_OFF_T to be 9223372036854775807,
|     since some C++ compilers masquerading as C compilers
|     incorrectly reject 9223372036854775807.  */
| #define LARGE_OFF_T (((off_t) 1 << 62) - 1 + ((off_t) 1 << 62))
|   int off_t_is_large[(LARGE_OFF_T % 2147483629 == 721
| 		       && LARGE_OFF_T % 2147483647 == 1)
| 		      ? 1 : -1];
| int
| main ()
| {
| 
|   ;
|   return 0;
| }
configure:11475: arm-hisiv200-linux-gcc -c -O2 		-I/opt/hisi-linux/x86-arm/arm-hisiv200-linux/target/usr/include 		-I/home/hisisdk/histb_v2/autelan/rootfs/binutils-2.25/../../fakerelease/usr/include -I/home/hisisdk/histb_v2/autelan/rootfs/binutils-2.25/../../fakerelease/usr/local/include 		  conftest.c >&5
configure:11475: $? = 0
configure:11483: result: 64
configure:11570: checking for setmode
configure:11570: arm-hisiv200-linux-gcc -o conftest -O2 		-I/opt/hisi-linux/x86-arm/arm-hisiv200-linux/target/usr/include 		-I/home/hisisdk/histb_v2/autelan/rootfs/binutils-2.25/../../fakerelease/usr/include -I/home/hisisdk/histb_v2/autelan/rootfs/binutils-2.25/../../fakerelease/usr/local/include 		   -L/opt/hisi-linux/x86-arm/arm-hisiv200-linux/target/lib -L/opt/hisi-linux/x86-arm/arm-hisiv200-linux/target/usr/lib 		-L/home/hisisdk/histb_v2/autelan/rootfs/binutils-2.25/../../release/lib -L/home/hisisdk/histb_v2/autelan/rootfs/binutils-2.25/../../release/usr/lib -L/home/hisisdk/histb_v2/autelan/rootfs/binutils-2.25/../../release/usr/local/lib 		 conftest.c -ldl  >&5
/tmp/ccQXVJvI.o: In function `main':
conftest.c:(.text+0x4): undefined reference to `setmode'
collect2: ld returned 1 exit status
configure:11570: $? = 1
configure: failed program was:
| /* confdefs.h */
| #define PACKAGE_NAME "gprof"
| #define PACKAGE_TARNAME "gprof"
| #define PACKAGE_VERSION "2.25"
| #define PACKAGE_STRING "gprof 2.25"
| #define PACKAGE_BUGREPORT ""
| #define PACKAGE_URL ""
| #define PACKAGE "gprof"
| #define VERSION "2.25"
| #define STDC_HEADERS 1
| #define HAVE_SYS_TYPES_H 1
| #define HAVE_SYS_STAT_H 1
| #define HAVE_STDLIB_H 1
| #define HAVE_STRING_H 1
| #define HAVE_MEMORY_H 1
| #define HAVE_STRINGS_H 1
| #define HAVE_INTTYPES_H 1
| #define HAVE_STDINT_H 1
| #define HAVE_UNISTD_H 1
| #define __EXTENSIONS__ 1
| #define _ALL_SOURCE 1
| #define _GNU_SOURCE 1
| #define _POSIX_PTHREAD_SEMANTICS 1
| #define _TANDEM_SOURCE 1
| #define HAVE_DLFCN_H 1
| #define LT_OBJDIR ".libs/"
| #define HAVE_DLFCN_H 1
| #define _FILE_OFFSET_BITS 64
| /* end confdefs.h.  */
| /* Define setmode to an innocuous variant, in case <limits.h> declares setmode.
|    For example, HP-UX 11i <limits.h> declares gettimeofday.  */
| #define setmode innocuous_setmode
| 
| /* System header to define __stub macros and hopefully few prototypes,
|     which can conflict with char setmode (); below.
|     Prefer <limits.h> to <assert.h> if __STDC__ is defined, since
|     <limits.h> exists even on freestanding compilers.  */
| 
| #ifdef __STDC__
| # include <limits.h>
| #else
| # include <assert.h>
| #endif
| 
| #undef setmode
| 
| /* Override any GCC internal prototype to avoid an error.
|    Use char because int might match the return type of a GCC
|    builtin and then its argument prototype would still apply.  */
| #ifdef __cplusplus
| extern "C"
| #endif
| char setmode ();
| /* The GNU C library defines this for functions which it implements
|     to always fail with ENOSYS.  Some functions are actually named
|     something starting with __ and the normal name is an alias.  */
| #if defined __stub_setmode || defined __stub___setmode
| choke me
| #endif
| 
| int
| main ()
| {
| return setmode ();
|   ;
|   return 0;
| }
configure:11570: result: no
configure:11594: checking whether NLS is requested
configure:11600: result: yes
configure:11606: checking for catalogs to be installed
configure:11638: result:  bg da de eo es fi fr ga hu id it ja ms nl pt_BR ro ru rw sr sv tr uk vi bg da de eo es fi fr ga hu id it ja ms nl pt_BR ro ru rw sr sv tr uk vi
configure:11665: checking whether NLS is requested
configure:11674: result: yes
configure:11712: checking for msgfmt
configure:11743: result: /usr/bin/msgfmt
configure:11752: checking for gmsgfmt
configure:11783: result: /usr/bin/msgfmt
configure:11823: checking for xgettext
configure:11854: result: /usr/bin/xgettext
configure:11894: checking for msgmerge
configure:11924: result: /usr/bin/msgmerge
configure:11961: checking whether to enable maintainer-specific portions of Makefiles
configure:11970: result: no
configure:11995: checking sys/gmon_out.h usability
configure:11995: arm-hisiv200-linux-gcc -c -O2 		-I/opt/hisi-linux/x86-arm/arm-hisiv200-linux/target/usr/include 		-I/home/hisisdk/histb_v2/autelan/rootfs/binutils-2.25/../../fakerelease/usr/include -I/home/hisisdk/histb_v2/autelan/rootfs/binutils-2.25/../../fakerelease/usr/local/include 		  conftest.c >&5
configure:11995: $? = 0
configure:11995: result: yes
configure:11995: checking sys/gmon_out.h presence
configure:11995: arm-hisiv200-linux-gcc -E  conftest.c
configure:11995: $? = 0
configure:11995: result: yes
configure:11995: checking for sys/gmon_out.h
configure:11995: result: yes
configure:12006: checking for a known getopt prototype in unistd.h
configure:12022: arm-hisiv200-linux-gcc -c -O2 		-I/opt/hisi-linux/x86-arm/arm-hisiv200-linux/target/usr/include 		-I/home/hisisdk/histb_v2/autelan/rootfs/binutils-2.25/../../fakerelease/usr/include -I/home/hisisdk/histb_v2/autelan/rootfs/binutils-2.25/../../fakerelease/usr/local/include 		  conftest.c >&5
configure:12022: $? = 0
configure:12030: result: yes
configure:12039: checking for library containing fabs
configure:12070: arm-hisiv200-linux-gcc -o conftest -O2 		-I/opt/hisi-linux/x86-arm/arm-hisiv200-linux/target/usr/include 		-I/home/hisisdk/histb_v2/autelan/rootfs/binutils-2.25/../../fakerelease/usr/include -I/home/hisisdk/histb_v2/autelan/rootfs/binutils-2.25/../../fakerelease/usr/local/include 		   -L/opt/hisi-linux/x86-arm/arm-hisiv200-linux/target/lib -L/opt/hisi-linux/x86-arm/arm-hisiv200-linux/target/usr/lib 		-L/home/hisisdk/histb_v2/autelan/rootfs/binutils-2.25/../../release/lib -L/home/hisisdk/histb_v2/autelan/rootfs/binutils-2.25/../../release/usr/lib -L/home/hisisdk/histb_v2/autelan/rootfs/binutils-2.25/../../release/usr/local/lib 		 conftest.c -ldl  >&5
conftest.c:40: warning: conflicting types for built-in function 'fabs'
/tmp/cck3wcQ3.o: In function `main':
conftest.c:(.text+0x4): undefined reference to `fabs'
collect2: ld returned 1 exit status
configure:12070: $? = 1
configure: failed program was:
| /* confdefs.h */
| #define PACKAGE_NAME "gprof"
| #define PACKAGE_TARNAME "gprof"
| #define PACKAGE_VERSION "2.25"
| #define PACKAGE_STRING "gprof 2.25"
| #define PACKAGE_BUGREPORT ""
| #define PACKAGE_URL ""
| #define PACKAGE "gprof"
| #define VERSION "2.25"
| #define STDC_HEADERS 1
| #define HAVE_SYS_TYPES_H 1
| #define HAVE_SYS_STAT_H 1
| #define HAVE_STDLIB_H 1
| #define HAVE_STRING_H 1
| #define HAVE_MEMORY_H 1
| #define HAVE_STRINGS_H 1
| #define HAVE_INTTYPES_H 1
| #define HAVE_STDINT_H 1
| #define HAVE_UNISTD_H 1
| #define __EXTENSIONS__ 1
| #define _ALL_SOURCE 1
| #define _GNU_SOURCE 1
| #define _POSIX_PTHREAD_SEMANTICS 1
| #define _TANDEM_SOURCE 1
| #define HAVE_DLFCN_H 1
| #define LT_OBJDIR ".libs/"
| #define HAVE_DLFCN_H 1
| #define _FILE_OFFSET_BITS 64
| #define ENABLE_NLS 1
| #define HAVE_SYS_GMON_OUT_H 1
| #define HAVE_DECL_GETOPT 1
| /* end confdefs.h.  */
| 
| /* Override any GCC internal prototype to avoid an error.
|    Use char because int might match the return type of a GCC
|    builtin and then its argument prototype would still apply.  */
| #ifdef __cplusplus
| extern "C"
| #endif
| char fabs ();
| int
| main ()
| {
| return fabs ();
|   ;
|   return 0;
| }
configure:12070: arm-hisiv200-linux-gcc -o conftest -O2 		-I/opt/hisi-linux/x86-arm/arm-hisiv200-linux/target/usr/include 		-I/home/hisisdk/histb_v2/autelan/rootfs/binutils-2.25/../../fakerelease/usr/include -I/home/hisisdk/histb_v2/autelan/rootfs/binutils-2.25/../../fakerelease/usr/local/include 		   -L/opt/hisi-linux/x86-arm/arm-hisiv200-linux/target/lib -L/opt/hisi-linux/x86-arm/arm-hisiv200-linux/target/usr/lib 		-L/home/hisisdk/histb_v2/autelan/rootfs/binutils-2.25/../../release/lib -L/home/hisisdk/histb_v2/autelan/rootfs/binutils-2.25/../../release/usr/lib -L/home/hisisdk/histb_v2/autelan/rootfs/binutils-2.25/../../release/usr/local/lib 		 conftest.c -lm  -ldl  >&5
conftest.c:40: warning: conflicting types for built-in function 'fabs'
configure:12070: $? = 0
configure:12087: result: -lm
configure:12245: updating cache ./config.cache
configure:12306: creating ./config.status

## ---------------------- ##
## Running config.status. ##
## ---------------------- ##

This file was extended by gprof config.status 2.25, which was
generated by GNU Autoconf 2.64.  Invocation command line was

  CONFIG_FILES    = 
  CONFIG_HEADERS  = 
  CONFIG_LINKS    = 
  CONFIG_COMMANDS = 
  $ ./config.status 

on debian6

config.status:1111: creating Makefile
config.status:1111: creating po/Makefile.in
config.status:1111: creating gconfig.h
config.status:1331: executing depfiles commands
config.status:1331: executing libtool commands
config.status:1331: executing default-1 commands

## ---------------- ##
## Cache variables. ##
## ---------------- ##

ac_cv_build=i686-pc-linux-gnu
ac_cv_c_compiler_gnu=yes
ac_cv_env_CC_set=set
ac_cv_env_CC_value=arm-hisiv200-linux-gcc
ac_cv_env_CFLAGS_set=set
ac_cv_env_CFLAGS_value='-O2 		-I/opt/hisi-linux/x86-arm/arm-hisiv200-linux/target/usr/include 		-I/home/hisisdk/histb_v2/autelan/rootfs/binutils-2.25/../../fakerelease/usr/include -I/home/hisisdk/histb_v2/autelan/rootfs/binutils-2.25/../../fakerelease/usr/local/include 		'
ac_cv_env_CPPFLAGS_set=
ac_cv_env_CPPFLAGS_value=
ac_cv_env_CPP_set=
ac_cv_env_CPP_value=
ac_cv_env_LDFLAGS_set=set
ac_cv_env_LDFLAGS_value=' -L/opt/hisi-linux/x86-arm/arm-hisiv200-linux/target/lib -L/opt/hisi-linux/x86-arm/arm-hisiv200-linux/target/usr/lib 		-L/home/hisisdk/histb_v2/autelan/rootfs/binutils-2.25/../../release/lib -L/home/hisisdk/histb_v2/autelan/rootfs/binutils-2.25/../../release/usr/lib -L/home/hisisdk/histb_v2/autelan/rootfs/binutils-2.25/../../release/usr/local/lib 		'
ac_cv_env_LIBS_set=
ac_cv_env_LIBS_value=
ac_cv_env_build_alias_set=set
ac_cv_env_build_alias_value=i686-pc-linux-gnu
ac_cv_env_host_alias_set=set
ac_cv_env_host_alias_value=arm-hisiv200-linux
ac_cv_env_target_alias_set=set
ac_cv_env_target_alias_value=arm-hisiv200-linux
ac_cv_func_setmode=no
ac_cv_header_dlfcn_h=yes
ac_cv_header_inttypes_h=yes
ac_cv_header_memory_h=yes
ac_cv_header_minix_config_h=no
ac_cv_header_stdc=yes
ac_cv_header_stdint_h=yes
ac_cv_header_stdlib_h=yes
ac_cv_header_string_h=yes
ac_cv_header_strings_h=yes
ac_cv_header_sys_gmon_out_h=yes
ac_cv_header_sys_stat_h=yes
ac_cv_header_sys_types_h=yes
ac_cv_header_unistd_h=yes
ac_cv_header_windows_h=no
ac_cv_host=arm-hisiv200-linux-gnu
ac_cv_objext=o
ac_cv_path_EGREP='/bin/grep -E'
ac_cv_path_FGREP='/bin/grep -F'
ac_cv_path_GMSGFMT=/usr/bin/msgfmt
ac_cv_path_GREP=/bin/grep
ac_cv_path_MSGFMT=/usr/bin/msgfmt
ac_cv_path_MSGMERGE=/usr/bin/msgmerge
ac_cv_path_SED=/bin/sed
ac_cv_path_XGETTEXT=/usr/bin/xgettext
ac_cv_path_mkdir=/bin/mkdir
ac_cv_prog_AR=arm-hisiv200-linux-ar
ac_cv_prog_AWK=gawk
ac_cv_prog_CC=arm-hisiv200-linux-gcc
ac_cv_prog_CPP='arm-hisiv200-linux-gcc -E'
ac_cv_prog_OBJDUMP=arm-hisiv200-linux-objdump
ac_cv_prog_RANLIB=arm-hisiv200-linux-ranlib
ac_cv_prog_STRIP=arm-hisiv200-linux-strip
ac_cv_prog_cc_c89=
ac_cv_prog_cc_g=yes
ac_cv_prog_make_make_set=yes
ac_cv_safe_to_define___extensions__=yes
ac_cv_search_dlopen=-ldl
ac_cv_search_fabs=-lm
ac_cv_search_strerror='none required'
ac_cv_sys_file_offset_bits=64
ac_cv_sys_largefile_CC=no
ac_cv_target=arm-hisiv200-linux-gnu
am_cv_CC_dependencies_compiler_type=gcc3
gprof_cv_decl_getopt_unistd_h=yes
lt_cv_archive_cmds_need_lc=no
lt_cv_deplibs_check_method=pass_all
lt_cv_file_magic_cmd='$MAGIC_CMD'
lt_cv_file_magic_test_file=
lt_cv_ld_reload_flag=-r
lt_cv_nm_interface='BSD nm'
lt_cv_objdir=.libs
lt_cv_path_LD=/opt/hisi-linux/x86-arm/arm-hisiv200-linux/bin/../lib/gcc/arm-hisiv200-linux-gnueabi/4.4.1/../../../../arm-hisiv200-linux-gnueabi/bin/ld
lt_cv_path_NM=arm-hisiv200-linux-nm
lt_cv_prog_compiler_c_o=yes
lt_cv_prog_compiler_pic_works=yes
lt_cv_prog_compiler_rtti_exceptions=no
lt_cv_prog_compiler_static_works=yes
lt_cv_prog_gnu_ld=yes
lt_cv_shlibpath_overrides_runpath=no
lt_cv_sys_global_symbol_pipe='sed -n -e '\''s/^.*[	 ]\([ABCDGIRSTW][ABCDGIRSTW]*\)[	 ][	 ]*\([_A-Za-z][_A-Za-z0-9]*\)$/\1 \2 \2/p'\'''
lt_cv_sys_global_symbol_to_c_name_address='sed -n -e '\''s/^: \([^ ]*\) $/  {\"\1\", (void *) 0},/p'\'' -e '\''s/^[ABCDGIRSTW]* \([^ ]*\) \([^ ]*\)$/  {"\2", (void *) \&\2},/p'\'''
lt_cv_sys_global_symbol_to_c_name_address_lib_prefix='sed -n -e '\''s/^: \([^ ]*\) $/  {\"\1\", (void *) 0},/p'\'' -e '\''s/^[ABCDGIRSTW]* \([^ ]*\) \(lib[^ ]*\)$/  {"\2", (void *) \&\2},/p'\'' -e '\''s/^[ABCDGIRSTW]* \([^ ]*\) \([^ ]*\)$/  {"lib\2", (void *) \&\2},/p'\'''
lt_cv_sys_global_symbol_to_cdecl='sed -n -e '\''s/^T .* \(.*\)$/extern int \1();/p'\'' -e '\''s/^[ABCDGIRSTW]* .* \(.*\)$/extern char \1;/p'\'''
lt_cv_sys_max_cmd_len=805306365

## ----------------- ##
## Output variables. ##
## ----------------- ##

ACLOCAL='${SHELL} /home/hisisdk/histb_v2/autelan/rootfs/binutils-2.25/missing --run aclocal-1.11'
AMDEPBACKSLASH='\'
AMDEP_FALSE='#'
AMDEP_TRUE=''
AMTAR='${SHELL} /home/hisisdk/histb_v2/autelan/rootfs/binutils-2.25/missing --run tar'
AR='arm-hisiv200-linux-ar'
AUTOCONF='${SHELL} /home/hisisdk/histb_v2/autelan/rootfs/binutils-2.25/missing --run autoconf'
AUTOHEADER='${SHELL} /home/hisisdk/histb_v2/autelan/rootfs/binutils-2.25/missing --run autoheader'
AUTOMAKE='${SHELL} /home/hisisdk/histb_v2/autelan/rootfs/binutils-2.25/missing --run automake-1.11'
AWK='gawk'
CATALOGS=' bg.gmo da.gmo de.gmo eo.gmo es.gmo fi.gmo fr.gmo ga.gmo hu.gmo id.gmo it.gmo ja.gmo ms.gmo nl.gmo pt_BR.gmo ro.gmo ru.gmo rw.gmo sr.gmo sv.gmo tr.gmo uk.gmo vi.gmo bg.gmo da.gmo de.gmo eo.gmo es.gmo fi.gmo fr.gmo ga.gmo hu.gmo id.gmo it.gmo ja.gmo ms.gmo nl.gmo pt_BR.gmo ro.gmo ru.gmo rw.gmo sr.gmo sv.gmo tr.gmo uk.gmo vi.gmo'
CATOBJEXT='.gmo'
CC='arm-hisiv200-linux-gcc'
CCDEPMODE='depmode=gcc3'
CFLAGS='-O2 		-I/opt/hisi-linux/x86-arm/arm-hisiv200-linux/target/usr/include 		-I/home/hisisdk/histb_v2/autelan/rootfs/binutils-2.25/../../fakerelease/usr/include -I/home/hisisdk/histb_v2/autelan/rootfs/binutils-2.25/../../fakerelease/usr/local/include 		'
CPP='arm-hisiv200-linux-gcc -E'
CPPFLAGS=''
CYGPATH_W='echo'
DATADIRNAME='share'
DEFS='-DHAVE_CONFIG_H'
DEPDIR='.deps'
DSYMUTIL=''
DUMPBIN=''
ECHO_C=''
ECHO_N='-n'
ECHO_T=''
EGREP='/bin/grep -E'
EXEEXT=''
FGREP='/bin/grep -F'
GENCAT='gencat'
GENINSRC_NEVER_FALSE=''
GENINSRC_NEVER_TRUE='#'
GMSGFMT='/usr/bin/msgfmt'
GREP='/bin/grep'
INCINTL=''
INSTALL_DATA='/usr/bin/install -c -m 644'
INSTALL_PROGRAM='/usr/bin/install -c'
INSTALL_SCRIPT='/usr/bin/install -c'
INSTALL_STRIP_PROGRAM='$(install_sh) -c -s'
INSTOBJEXT='.mo'
LD='/opt/hisi-linux/x86-arm/arm-hisiv200-linux/bin/../lib/gcc/arm-hisiv200-linux-gnueabi/4.4.1/../../../../arm-hisiv200-linux-gnueabi/bin/ld'
LDFLAGS=' -L/opt/hisi-linux/x86-arm/arm-hisiv200-linux/target/lib -L/opt/hisi-linux/x86-arm/arm-hisiv200-linux/target/usr/lib 		-L/home/hisisdk/histb_v2/autelan/rootfs/binutils-2.25/../../release/lib -L/home/hisisdk/histb_v2/autelan/rootfs/binutils-2.25/../../release/usr/lib -L/home/hisisdk/histb_v2/autelan/rootfs/binutils-2.25/../../release/usr/local/lib 		'
LIBINTL=''
LIBINTL_DEP=''
LIBOBJS=''
LIBS='-lm -ldl '
LIBTOOL='$(SHELL) $(top_builddir)/libtool'
LIPO=''
LN_S='ln -s'
LTLIBOBJS=''
MAINT='#'
MAINTAINER_MODE_FALSE=''
MAINTAINER_MODE_TRUE='#'
MAKEINFO='makeinfo --split-size=5000000'
MKDIR_P='/bin/mkdir -p'
MKINSTALLDIRS='$(top_builddir)/./../mkinstalldirs'
MSGFMT='/usr/bin/msgfmt'
MSGMERGE='/usr/bin/msgmerge'
NM='arm-hisiv200-linux-nm'
NMEDIT=''
NO_WERROR=''
OBJDUMP='arm-hisiv200-linux-objdump'
OBJEXT='o'
OTOOL64=''
OTOOL=''
PACKAGE='gprof'
PACKAGE_BUGREPORT=''
PACKAGE_NAME='gprof'
PACKAGE_STRING='gprof 2.25'
PACKAGE_TARNAME='gprof'
PACKAGE_URL=''
PACKAGE_VERSION='2.25'
PATH_SEPARATOR=':'
POSUB='po'
RANLIB='arm-hisiv200-linux-ranlib'
SED='/bin/sed'
SET_MAKE=''
SHELL='/bin/sh'
STRIP='arm-hisiv200-linux-strip'
USE_NLS='yes'
VERSION='2.25'
WARN_CFLAGS='-W -Wall -Wstrict-prototypes -Wmissing-prototypes -Wshadow'
XGETTEXT='/usr/bin/xgettext'
ac_ct_CC=''
ac_ct_DUMPBIN=''
am__EXEEXT_FALSE=''
am__EXEEXT_TRUE='#'
am__fastdepCC_FALSE='#'
am__fastdepCC_TRUE=''
am__include='include'
am__isrc=''
am__leading_dot='.'
am__quote=''
am__tar='${AMTAR} chof - "$$tardir"'
am__untar='${AMTAR} xf -'
bindir='/home/hisisdk/histb_v2/autelan/rootfs/binutils-2.25/../../release/bin'
build='i686-pc-linux-gnu'
build_alias='i686-pc-linux-gnu'
build_cpu='i686'
build_os='linux-gnu'
build_vendor='pc'
datadir='/home/hisisdk/histb_v2/autelan/rootfs/binutils-2.25/../../fakerelease/usr/share'
datarootdir='/home/hisisdk/histb_v2/autelan/rootfs/binutils-2.25/../../fakerelease/usr/share'
docdir='/home/hisisdk/histb_v2/autelan/rootfs/binutils-2.25/../../fakerelease/usr/share/doc/bash'
dvidir='/home/hisisdk/histb_v2/autelan/rootfs/binutils-2.25/../../fakerelease/usr/share/doc'
exec_prefix='${prefix}'
host='arm-hisiv200-linux-gnu'
host_alias='arm-hisiv200-linux'
host_cpu='arm'
host_os='linux-gnu'
host_vendor='hisiv200'
htmldir='/home/hisisdk/histb_v2/autelan/rootfs/binutils-2.25/../../fakerelease/usr/share/doc'
includedir='/home/hisisdk/histb_v2/autelan/rootfs/binutils-2.25/../../fakerelease/usr/include'
infodir='/home/hisisdk/histb_v2/autelan/rootfs/binutils-2.25/../../fakerelease/usr/share/info'
install_sh='${SHELL} /home/hisisdk/histb_v2/autelan/rootfs/binutils-2.25/install-sh'
libdir='/home/hisisdk/histb_v2/autelan/rootfs/binutils-2.25/../../release/lib'
libexecdir='/home/hisisdk/histb_v2/autelan/rootfs/binutils-2.25/../../release/libexec'
localedir='/home/hisisdk/histb_v2/autelan/rootfs/binutils-2.25/../../fakerelease/usr/share/local'
localstatedir='/home/hisisdk/histb_v2/autelan/rootfs/binutils-2.25/../../release/var'
mandir='/home/hisisdk/histb_v2/autelan/rootfs/binutils-2.25/../../fakerelease/usr/share/man'
mkdir_p='/bin/mkdir -p'
oldincludedir='/usr/include'
pdfdir='/home/hisisdk/histb_v2/autelan/rootfs/binutils-2.25/../../fakerelease/usr/share/doc'
prefix='/home/hisisdk/histb_v2/autelan/rootfs/binutils-2.25/../../release'
program_transform_name='s,y,y,'
psdir='/home/hisisdk/histb_v2/autelan/rootfs/binutils-2.25/../../fakerelease/usr/share/doc'
sbindir='/home/hisisdk/histb_v2/autelan/rootfs/binutils-2.25/../../release/sbin'
sharedstatedir='${prefix}/com'
sysconfdir='/home/hisisdk/histb_v2/autelan/rootfs/binutils-2.25/../../release/etc'
target='arm-hisiv200-linux-gnu'
target_alias='arm-hisiv200-linux'
target_cpu='arm'
target_os='linux-gnu'
target_vendor='hisiv200'

## ----------- ##
## confdefs.h. ##
## ----------- ##

/* confdefs.h */
#define PACKAGE_NAME "gprof"
#define PACKAGE_TARNAME "gprof"
#define PACKAGE_VERSION "2.25"
#define PACKAGE_STRING "gprof 2.25"
#define PACKAGE_BUGREPORT ""
#define PACKAGE_URL ""
#define PACKAGE "gprof"
#define VERSION "2.25"
#define STDC_HEADERS 1
#define HAVE_SYS_TYPES_H 1
#define HAVE_SYS_STAT_H 1
#define HAVE_STDLIB_H 1
#define HAVE_STRING_H 1
#define HAVE_MEMORY_H 1
#define HAVE_STRINGS_H 1
#define HAVE_INTTYPES_H 1
#define HAVE_STDINT_H 1
#define HAVE_UNISTD_H 1
#define __EXTENSIONS__ 1
#define _ALL_SOURCE 1
#define _GNU_SOURCE 1
#define _POSIX_PTHREAD_SEMANTICS 1
#define _TANDEM_SOURCE 1
#define HAVE_DLFCN_H 1
#define LT_OBJDIR ".libs/"
#define HAVE_DLFCN_H 1
#define _FILE_OFFSET_BITS 64
#define ENABLE_NLS 1
#define HAVE_SYS_GMON_OUT_H 1
#define HAVE_DECL_GETOPT 1

configure: exit 0
