This file contains any messages produced by compilers while
running configure, to aid debugging if configure makes a mistake.

It was created by inotify-tools configure 3.14, which was
generated by GNU Autoconf 2.69.  Invocation command line was

  $ ./configure --host=arm-hisiv200-linux --prefix=/home/hisisdk/histb_v2/autelan/rootfs/inotify-tools/../../release/usr --bindir=/home/hisisdk/histb_v2/autelan/rootfs/inotify-tools/../../release/usr/bin --sbindir=/home/hisisdk/histb_v2/autelan/rootfs/inotify-tools/../../release/usr/sbin --libexecdir=/home/hisisdk/histb_v2/autelan/rootfs/inotify-tools/../../release/usr/libexec --sysconfdir=/home/hisisdk/histb_v2/autelan/rootfs/inotify-tools/../../release/etc --localstatedir=/home/hisisdk/histb_v2/autelan/rootfs/inotify-tools/../../release/var --libdir=/home/hisisdk/histb_v2/autelan/rootfs/inotify-tools/../../release/usr/lib --includedir=/home/hisisdk/histb_v2/autelan/rootfs/inotify-tools/../../fakerelease/usr/include --datarootdir=/home/hisisdk/histb_v2/autelan/rootfs/inotify-tools/../../fakerelease/usr/share --datadir=/home/hisisdk/histb_v2/autelan/rootfs/inotify-tools/../../fakerelease/usr/share --infodir=/home/hisisdk/histb_v2/autelan/rootfs/inotify-tools/../../fakerelease/usr/share/info --localedir=/home/hisisdk/histb_v2/autelan/rootfs/inotify-tools/../../fakerelease/usr/share/local --mandir=/home/hisisdk/histb_v2/autelan/rootfs/inotify-tools/../../fakerelease/usr/share/man --docdir=/home/hisisdk/histb_v2/autelan/rootfs/inotify-tools/../../fakerelease/usr/share/doc --htmldir=/home/hisisdk/histb_v2/autelan/rootfs/inotify-tools/../../fakerelease/usr/share/doc --dvidir=/home/hisisdk/histb_v2/autelan/rootfs/inotify-tools/../../fakerelease/usr/share/doc --pdfdir=/home/hisisdk/histb_v2/autelan/rootfs/inotify-tools/../../fakerelease/usr/share/doc --psdir=/home/hisisdk/histb_v2/autelan/rootfs/inotify-tools/../../fakerelease/usr/share/doc --disable-doxygen --disable-static

## --------- ##
## Platform. ##
## --------- ##

hostname = debian6
uname -m = i686
uname -r = 2.6.32-5-686
uname -s = Linux
uname -v = #1 SMP Sun May 6 04:01:19 UTC 2012

/usr/bin/uname -p = unknown
/bin/uname -X     = unknown

/bin/arch              = unknown
/usr/bin/arch -k       = unknown
/usr/convex/getsysinfo = unknown
/usr/bin/hostinfo      = unknown
/bin/machine           = unknown
/usr/bin/oslevel       = unknown
/bin/universe          = unknown

PATH: /opt/hisi-linux/x86-arm/arm-hisiv200-linux/target/bin
PATH: /home/liujingfei/work/go/bin
PATH: /home/sunzhiming/project/gopath
PATH: /home/liujingfei/project/gopath/bin
PATH: /usr/local/bin
PATH: /usr/bin
PATH: /bin
PATH: /usr/local/games
PATH: /usr/games


## ----------- ##
## Core tests. ##
## ----------- ##

configure:2253: checking whether make sets $(MAKE)
configure:2275: result: yes
configure:2294: checking for arm-hisiv200-linux-gcc
configure:2321: result: arm-hisiv200-linux-gcc
configure:2590: checking for C compiler version
configure:2599: arm-hisiv200-linux-gcc --version >&5
arm-hisiv200-linux-gcc (Hisilicon_v200(gcc4.4-290+glibc-2.11+eabi+nptl)) 4.4.1
Copyright (C) 2009 Free Software Foundation, Inc.
This is free software; see the source for copying conditions.  There is NO
warranty; not even for MERCHANTABILITY or FITNESS FOR A PARTICULAR PURPOSE.

configure:2610: $? = 0
configure:2599: arm-hisiv200-linux-gcc -v >&5
Using built-in specs.
Target: arm-hisiv200-linux-gnueabi
Configured with: ../gcc-4.4-2010q1/configure --host=i686-pc-linux-gnu --build=i686-pc-linux-gnu --target=arm-hisiv200-linux-gnueabi --prefix=/home/c00132816/toolchain_glibc/install/arm-hisiv200-linux --enable-threads --disable-libmudflap --disable-libssp --disable-libstdcxx-pch --with-arch=armv5te --with-gnu-as --with-gnu-ld --enable-languages=c,c++ --enable-shared --enable-lto --enable-symvers=gnu --enable-__cxa_atexit --disable-nls --enable-extra-hisi-multilibs --with-sysroot=/home/c00132816/toolchain_glibc/install/arm-hisiv200-linux/target --with-build-sysroot=/home/c00132816/toolchain_glibc/install/arm-hisiv200-linux/target --with-gmp=/home/c00132816/toolchain_glibc/install/host_lib --with-mpfr=/home/c00132816/toolchain_glibc/install/host_lib --with-ppl=/home/c00132816/toolchain_glibc/install/host_lib --with-cloog=/home/c00132816/toolchain_glibc/install/host_lib --with-libelf=/home/c00132816/toolchain_glibc/install/host_lib --with-host-libstdcxx='-static-libgcc -Wl,-Bstatic,-lstdc++,-Bstatic -lm' --enable-libgomp --enable-poison-system-directories --with-libelf=/home/c00132816/toolchain_glibc/install/host_lib --with-pkgversion='Hisilicon_v200(gcc4.4-290+glibc-2.11+eabi+nptl)' --with-bugurl=http://www.hisilicon.com/cn/service/claim.html
Thread model: posix
gcc version 4.4.1 (Hisilicon_v200(gcc4.4-290+glibc-2.11+eabi+nptl)) 
configure:2610: $? = 0
configure:2599: arm-hisiv200-linux-gcc -V >&5
arm-hisiv200-linux-gcc: '-V' option must have argument
configure:2610: $? = 1
configure:2599: arm-hisiv200-linux-gcc -qversion >&5
arm-hisiv200-linux-gcc: unrecognized option '-qversion'
arm-hisiv200-linux-gcc: no input files
configure:2610: $? = 1
configure:2630: checking whether the C compiler works
configure:2652: arm-hisiv200-linux-gcc  		-O2 		-I/opt/hisi-linux/x86-arm/arm-hisiv200-linux/target/usr/include 		-I/home/hisisdk/histb_v2/autelan/rootfs/inotify-tools/../../fakerelease/usr/include -I/home/hisisdk/histb_v2/autelan/rootfs/inotify-tools/../../fakerelease/usr/local/include 		   		-L/opt/hisi-linux/x86-arm/arm-hisiv200-linux/target/lib -L/opt/hisi-linux/x86-arm/arm-hisiv200-linux/target/usr/lib 		-L/home/hisisdk/histb_v2/autelan/rootfs/inotify-tools/../../release/lib -L/home/hisisdk/histb_v2/autelan/rootfs/inotify-tools/../../release/usr/lib -L/home/hisisdk/histb_v2/autelan/rootfs/inotify-tools/../../release/usr/local/lib 		 conftest.c  >&5
configure:2656: $? = 0
configure:2704: result: yes
configure:2707: checking for C compiler default output file name
configure:2709: result: a.out
configure:2715: checking for suffix of executables
configure:2722: arm-hisiv200-linux-gcc -o conftest  		-O2 		-I/opt/hisi-linux/x86-arm/arm-hisiv200-linux/target/usr/include 		-I/home/hisisdk/histb_v2/autelan/rootfs/inotify-tools/../../fakerelease/usr/include -I/home/hisisdk/histb_v2/autelan/rootfs/inotify-tools/../../fakerelease/usr/local/include 		   		-L/opt/hisi-linux/x86-arm/arm-hisiv200-linux/target/lib -L/opt/hisi-linux/x86-arm/arm-hisiv200-linux/target/usr/lib 		-L/home/hisisdk/histb_v2/autelan/rootfs/inotify-tools/../../release/lib -L/home/hisisdk/histb_v2/autelan/rootfs/inotify-tools/../../release/usr/lib -L/home/hisisdk/histb_v2/autelan/rootfs/inotify-tools/../../release/usr/local/lib 		 conftest.c  >&5
configure:2726: $? = 0
configure:2748: result: 
configure:2770: checking whether we are cross compiling
configure:2778: arm-hisiv200-linux-gcc -o conftest  		-O2 		-I/opt/hisi-linux/x86-arm/arm-hisiv200-linux/target/usr/include 		-I/home/hisisdk/histb_v2/autelan/rootfs/inotify-tools/../../fakerelease/usr/include -I/home/hisisdk/histb_v2/autelan/rootfs/inotify-tools/../../fakerelease/usr/local/include 		   		-L/opt/hisi-linux/x86-arm/arm-hisiv200-linux/target/lib -L/opt/hisi-linux/x86-arm/arm-hisiv200-linux/target/usr/lib 		-L/home/hisisdk/histb_v2/autelan/rootfs/inotify-tools/../../release/lib -L/home/hisisdk/histb_v2/autelan/rootfs/inotify-tools/../../release/usr/lib -L/home/hisisdk/histb_v2/autelan/rootfs/inotify-tools/../../release/usr/local/lib 		 conftest.c  >&5
configure:2782: $? = 0
configure:2789: ./conftest
./configure: line 2791: ./conftest: cannot execute binary file
configure:2793: $? = 126
configure:2808: result: yes
configure:2813: checking for suffix of object files
configure:2835: arm-hisiv200-linux-gcc -c  		-O2 		-I/opt/hisi-linux/x86-arm/arm-hisiv200-linux/target/usr/include 		-I/home/hisisdk/histb_v2/autelan/rootfs/inotify-tools/../../fakerelease/usr/include -I/home/hisisdk/histb_v2/autelan/rootfs/inotify-tools/../../fakerelease/usr/local/include 		  conftest.c >&5
configure:2839: $? = 0
configure:2860: result: o
configure:2864: checking whether we are using the GNU C compiler
configure:2883: arm-hisiv200-linux-gcc -c  		-O2 		-I/opt/hisi-linux/x86-arm/arm-hisiv200-linux/target/usr/include 		-I/home/hisisdk/histb_v2/autelan/rootfs/inotify-tools/../../fakerelease/usr/include -I/home/hisisdk/histb_v2/autelan/rootfs/inotify-tools/../../fakerelease/usr/local/include 		  conftest.c >&5
configure:2883: $? = 0
configure:2892: result: yes
configure:2901: checking whether arm-hisiv200-linux-gcc accepts -g
configure:2921: arm-hisiv200-linux-gcc -c -g  conftest.c >&5
configure:2921: $? = 0
configure:2962: result: yes
configure:2979: checking for arm-hisiv200-linux-gcc option to accept ISO C89
configure:3042: arm-hisiv200-linux-gcc  -c  		-O2 		-I/opt/hisi-linux/x86-arm/arm-hisiv200-linux/target/usr/include 		-I/home/hisisdk/histb_v2/autelan/rootfs/inotify-tools/../../fakerelease/usr/include -I/home/hisisdk/histb_v2/autelan/rootfs/inotify-tools/../../fakerelease/usr/local/include 		  conftest.c >&5
configure:3042: $? = 0
configure:3055: result: none needed
configure:3091: checking for a BSD-compatible install
configure:3159: result: /usr/bin/install -c
configure:3170: checking whether build environment is sane
configure:3220: result: yes
configure:3269: checking for arm-hisiv200-linux-strip
configure:3285: found /opt/hisi-linux/x86-arm/arm-hisiv200-linux/target/bin/arm-hisiv200-linux-strip
configure:3296: result: arm-hisiv200-linux-strip
configure:3361: checking for a thread-safe mkdir -p
configure:3400: result: /bin/mkdir -p
configure:3413: checking for gawk
configure:3429: found /usr/bin/gawk
configure:3440: result: gawk
configure:3472: checking for style of include used by make
configure:3500: result: GNU
configure:3586: checking dependency style of arm-hisiv200-linux-gcc
configure:3697: result: gcc3
configure:3742: checking build system type
configure:3756: result: i686-pc-linux-gnu
configure:3776: checking host system type
configure:3789: result: arm-hisiv200-linux-gnu
configure:3830: checking how to print strings
configure:3857: result: printf
configure:3878: checking for a sed that does not truncate output
configure:3942: result: /bin/sed
configure:3960: checking for grep that handles long lines and -e
configure:4018: result: /bin/grep
configure:4023: checking for egrep
configure:4085: result: /bin/grep -E
configure:4090: checking for fgrep
configure:4152: result: /bin/grep -F
configure:4187: checking for ld used by arm-hisiv200-linux-gcc
configure:4254: result: /opt/hisi-linux/x86-arm/arm-hisiv200-linux/arm-hisiv200-linux-gnueabi/bin/ld
configure:4261: checking if the linker (/opt/hisi-linux/x86-arm/arm-hisiv200-linux/arm-hisiv200-linux-gnueabi/bin/ld) is GNU ld
configure:4276: result: yes
configure:4288: checking for BSD- or MS-compatible name lister (nm)
configure:4342: result: /opt/hisi-linux/x86-arm/arm-hisiv200-linux/target/bin/arm-hisiv200-linux-nm -B
configure:4472: checking the name lister (/opt/hisi-linux/x86-arm/arm-hisiv200-linux/target/bin/arm-hisiv200-linux-nm -B) interface
configure:4479: arm-hisiv200-linux-gcc -c  		-O2 		-I/opt/hisi-linux/x86-arm/arm-hisiv200-linux/target/usr/include 		-I/home/hisisdk/histb_v2/autelan/rootfs/inotify-tools/../../fakerelease/usr/include -I/home/hisisdk/histb_v2/autelan/rootfs/inotify-tools/../../fakerelease/usr/local/include 		  conftest.c >&5
configure:4482: /opt/hisi-linux/x86-arm/arm-hisiv200-linux/target/bin/arm-hisiv200-linux-nm -B "conftest.o"
configure:4485: output
00000000 B some_variable
configure:4492: result: BSD nm
configure:4495: checking whether ln -s works
configure:4499: result: yes
configure:4507: checking the maximum length of command line arguments
configure:4638: result: 1572864
configure:4686: checking how to convert i686-pc-linux-gnu file names to arm-hisiv200-linux-gnu format
configure:4726: result: func_convert_file_noop
configure:4733: checking how to convert i686-pc-linux-gnu file names to toolchain format
configure:4753: result: func_convert_file_noop
configure:4760: checking for /opt/hisi-linux/x86-arm/arm-hisiv200-linux/arm-hisiv200-linux-gnueabi/bin/ld option to reload object files
configure:4767: result: -r
configure:4801: checking for arm-hisiv200-linux-objdump
configure:4817: found /opt/hisi-linux/x86-arm/arm-hisiv200-linux/target/bin/arm-hisiv200-linux-objdump
configure:4828: result: arm-hisiv200-linux-objdump
configure:4900: checking how to recognize dependent libraries
configure:5100: result: pass_all
configure:5145: checking for arm-hisiv200-linux-dlltool
configure:5175: result: no
configure:5185: checking for dlltool
configure:5215: result: no
configure:5245: checking how to associate runtime and link libraries
configure:5272: result: printf %s\n
configure:5289: checking for arm-hisiv200-linux-ar
configure:5305: found /opt/hisi-linux/x86-arm/arm-hisiv200-linux/target/bin/arm-hisiv200-linux-ar
configure:5316: result: arm-hisiv200-linux-ar
configure:5397: checking for archiver @FILE support
configure:5414: arm-hisiv200-linux-gcc -c  		-O2 		-I/opt/hisi-linux/x86-arm/arm-hisiv200-linux/target/usr/include 		-I/home/hisisdk/histb_v2/autelan/rootfs/inotify-tools/../../fakerelease/usr/include -I/home/hisisdk/histb_v2/autelan/rootfs/inotify-tools/../../fakerelease/usr/local/include 		  conftest.c >&5
configure:5414: $? = 0
configure:5417: arm-hisiv200-linux-ar cru libconftest.a @conftest.lst >&5
configure:5420: $? = 0
configure:5425: arm-hisiv200-linux-ar cru libconftest.a @conftest.lst >&5
arm-hisiv200-linux-ar: conftest.o: No such file or directory
configure:5428: $? = 1
configure:5440: result: @
configure:5458: checking for arm-hisiv200-linux-strip
configure:5485: result: arm-hisiv200-linux-strip
configure:5557: checking for arm-hisiv200-linux-ranlib
configure:5573: found /opt/hisi-linux/x86-arm/arm-hisiv200-linux/target/bin/arm-hisiv200-linux-ranlib
configure:5584: result: arm-hisiv200-linux-ranlib
configure:5726: checking command to parse /opt/hisi-linux/x86-arm/arm-hisiv200-linux/target/bin/arm-hisiv200-linux-nm -B output from arm-hisiv200-linux-gcc object
configure:5879: arm-hisiv200-linux-gcc -c  		-O2 		-I/opt/hisi-linux/x86-arm/arm-hisiv200-linux/target/usr/include 		-I/home/hisisdk/histb_v2/autelan/rootfs/inotify-tools/../../fakerelease/usr/include -I/home/hisisdk/histb_v2/autelan/rootfs/inotify-tools/../../fakerelease/usr/local/include 		  conftest.c >&5
configure:5882: $? = 0
configure:5886: /opt/hisi-linux/x86-arm/arm-hisiv200-linux/target/bin/arm-hisiv200-linux-nm -B conftest.o \| sed -n -e 's/^.*[ ]\([ABCDGIRSTW][ABCDGIRSTW]*\)[ ][ ]*\([_A-Za-z][_A-Za-z0-9]*\)$/\1 \2 \2/p' | sed '/ __gnu_lto/d' \> conftest.nm
configure:5889: $? = 0
configure:5955: arm-hisiv200-linux-gcc -o conftest  		-O2 		-I/opt/hisi-linux/x86-arm/arm-hisiv200-linux/target/usr/include 		-I/home/hisisdk/histb_v2/autelan/rootfs/inotify-tools/../../fakerelease/usr/include -I/home/hisisdk/histb_v2/autelan/rootfs/inotify-tools/../../fakerelease/usr/local/include 		   		-L/opt/hisi-linux/x86-arm/arm-hisiv200-linux/target/lib -L/opt/hisi-linux/x86-arm/arm-hisiv200-linux/target/usr/lib 		-L/home/hisisdk/histb_v2/autelan/rootfs/inotify-tools/../../release/lib -L/home/hisisdk/histb_v2/autelan/rootfs/inotify-tools/../../release/usr/lib -L/home/hisisdk/histb_v2/autelan/rootfs/inotify-tools/../../release/usr/local/lib 		 conftest.c conftstm.o >&5
configure:5958: $? = 0
configure:5996: result: ok
configure:6043: checking for sysroot
configure:6073: result: no
configure:6080: checking for a working dd
configure:6118: result: /bin/dd
configure:6122: checking how to truncate binary pipes
configure:6137: result: /bin/dd bs=4096 count=1
configure:6426: checking for arm-hisiv200-linux-mt
configure:6456: result: no
configure:6466: checking for mt
configure:6482: found /bin/mt
configure:6493: result: mt
configure:6505: WARNING: using cross tools not prefixed with host triplet
configure:6516: checking if mt is a manifest tool
configure:6522: mt '-?'
configure:6530: result: no
configure:7207: checking how to run the C preprocessor
configure:7238: arm-hisiv200-linux-gcc -E  conftest.c
configure:7238: $? = 0
configure:7252: arm-hisiv200-linux-gcc -E  conftest.c
conftest.c:12: fatal error: ac_nonexistent.h: No such file or directory
compilation terminated.
configure:7252: $? = 1
configure: failed program was:
| /* confdefs.h */
| #define PACKAGE_NAME "inotify-tools"
| #define PACKAGE_TARNAME "inotify-tools"
| #define PACKAGE_VERSION "3.14"
| #define PACKAGE_STRING "inotify-tools 3.14"
| #define PACKAGE_BUGREPORT "radu.voicilas@gmail.com"
| #define PACKAGE_URL ""
| #define _GNU_SOURCE /**/
| #define PACKAGE "inotify-tools"
| #define VERSION "3.14"
| /* end confdefs.h.  */
| #include <ac_nonexistent.h>
configure:7277: result: arm-hisiv200-linux-gcc -E
configure:7297: arm-hisiv200-linux-gcc -E  conftest.c
configure:7297: $? = 0
configure:7311: arm-hisiv200-linux-gcc -E  conftest.c
conftest.c:12: fatal error: ac_nonexistent.h: No such file or directory
compilation terminated.
configure:7311: $? = 1
configure: failed program was:
| /* confdefs.h */
| #define PACKAGE_NAME "inotify-tools"
| #define PACKAGE_TARNAME "inotify-tools"
| #define PACKAGE_VERSION "3.14"
| #define PACKAGE_STRING "inotify-tools 3.14"
| #define PACKAGE_BUGREPORT "radu.voicilas@gmail.com"
| #define PACKAGE_URL ""
| #define _GNU_SOURCE /**/
| #define PACKAGE "inotify-tools"
| #define VERSION "3.14"
| /* end confdefs.h.  */
| #include <ac_nonexistent.h>
configure:7340: checking for ANSI C header files
configure:7360: arm-hisiv200-linux-gcc -c  		-O2 		-I/opt/hisi-linux/x86-arm/arm-hisiv200-linux/target/usr/include 		-I/home/hisisdk/histb_v2/autelan/rootfs/inotify-tools/../../fakerelease/usr/include -I/home/hisisdk/histb_v2/autelan/rootfs/inotify-tools/../../fakerelease/usr/local/include 		  conftest.c >&5
configure:7360: $? = 0
configure:7444: result: yes
configure:7457: checking for sys/types.h
configure:7457: arm-hisiv200-linux-gcc -c  		-O2 		-I/opt/hisi-linux/x86-arm/arm-hisiv200-linux/target/usr/include 		-I/home/hisisdk/histb_v2/autelan/rootfs/inotify-tools/../../fakerelease/usr/include -I/home/hisisdk/histb_v2/autelan/rootfs/inotify-tools/../../fakerelease/usr/local/include 		  conftest.c >&5
configure:7457: $? = 0
configure:7457: result: yes
configure:7457: checking for sys/stat.h
configure:7457: arm-hisiv200-linux-gcc -c  		-O2 		-I/opt/hisi-linux/x86-arm/arm-hisiv200-linux/target/usr/include 		-I/home/hisisdk/histb_v2/autelan/rootfs/inotify-tools/../../fakerelease/usr/include -I/home/hisisdk/histb_v2/autelan/rootfs/inotify-tools/../../fakerelease/usr/local/include 		  conftest.c >&5
configure:7457: $? = 0
configure:7457: result: yes
configure:7457: checking for stdlib.h
configure:7457: arm-hisiv200-linux-gcc -c  		-O2 		-I/opt/hisi-linux/x86-arm/arm-hisiv200-linux/target/usr/include 		-I/home/hisisdk/histb_v2/autelan/rootfs/inotify-tools/../../fakerelease/usr/include -I/home/hisisdk/histb_v2/autelan/rootfs/inotify-tools/../../fakerelease/usr/local/include 		  conftest.c >&5
configure:7457: $? = 0
configure:7457: result: yes
configure:7457: checking for string.h
configure:7457: arm-hisiv200-linux-gcc -c  		-O2 		-I/opt/hisi-linux/x86-arm/arm-hisiv200-linux/target/usr/include 		-I/home/hisisdk/histb_v2/autelan/rootfs/inotify-tools/../../fakerelease/usr/include -I/home/hisisdk/histb_v2/autelan/rootfs/inotify-tools/../../fakerelease/usr/local/include 		  conftest.c >&5
configure:7457: $? = 0
configure:7457: result: yes
configure:7457: checking for memory.h
configure:7457: arm-hisiv200-linux-gcc -c  		-O2 		-I/opt/hisi-linux/x86-arm/arm-hisiv200-linux/target/usr/include 		-I/home/hisisdk/histb_v2/autelan/rootfs/inotify-tools/../../fakerelease/usr/include -I/home/hisisdk/histb_v2/autelan/rootfs/inotify-tools/../../fakerelease/usr/local/include 		  conftest.c >&5
configure:7457: $? = 0
configure:7457: result: yes
configure:7457: checking for strings.h
configure:7457: arm-hisiv200-linux-gcc -c  		-O2 		-I/opt/hisi-linux/x86-arm/arm-hisiv200-linux/target/usr/include 		-I/home/hisisdk/histb_v2/autelan/rootfs/inotify-tools/../../fakerelease/usr/include -I/home/hisisdk/histb_v2/autelan/rootfs/inotify-tools/../../fakerelease/usr/local/include 		  conftest.c >&5
configure:7457: $? = 0
configure:7457: result: yes
configure:7457: checking for inttypes.h
configure:7457: arm-hisiv200-linux-gcc -c  		-O2 		-I/opt/hisi-linux/x86-arm/arm-hisiv200-linux/target/usr/include 		-I/home/hisisdk/histb_v2/autelan/rootfs/inotify-tools/../../fakerelease/usr/include -I/home/hisisdk/histb_v2/autelan/rootfs/inotify-tools/../../fakerelease/usr/local/include 		  conftest.c >&5
configure:7457: $? = 0
configure:7457: result: yes
configure:7457: checking for stdint.h
configure:7457: arm-hisiv200-linux-gcc -c  		-O2 		-I/opt/hisi-linux/x86-arm/arm-hisiv200-linux/target/usr/include 		-I/home/hisisdk/histb_v2/autelan/rootfs/inotify-tools/../../fakerelease/usr/include -I/home/hisisdk/histb_v2/autelan/rootfs/inotify-tools/../../fakerelease/usr/local/include 		  conftest.c >&5
configure:7457: $? = 0
configure:7457: result: yes
configure:7457: checking for unistd.h
configure:7457: arm-hisiv200-linux-gcc -c  		-O2 		-I/opt/hisi-linux/x86-arm/arm-hisiv200-linux/target/usr/include 		-I/home/hisisdk/histb_v2/autelan/rootfs/inotify-tools/../../fakerelease/usr/include -I/home/hisisdk/histb_v2/autelan/rootfs/inotify-tools/../../fakerelease/usr/local/include 		  conftest.c >&5
configure:7457: $? = 0
configure:7457: result: yes
configure:7471: checking for dlfcn.h
configure:7471: arm-hisiv200-linux-gcc -c  		-O2 		-I/opt/hisi-linux/x86-arm/arm-hisiv200-linux/target/usr/include 		-I/home/hisisdk/histb_v2/autelan/rootfs/inotify-tools/../../fakerelease/usr/include -I/home/hisisdk/histb_v2/autelan/rootfs/inotify-tools/../../fakerelease/usr/local/include 		  conftest.c >&5
configure:7471: $? = 0
configure:7471: result: yes
configure:7727: checking for objdir
configure:7742: result: .libs
configure:8006: checking if arm-hisiv200-linux-gcc supports -fno-rtti -fno-exceptions
configure:8024: arm-hisiv200-linux-gcc -c  		-O2 		-I/opt/hisi-linux/x86-arm/arm-hisiv200-linux/target/usr/include 		-I/home/hisisdk/histb_v2/autelan/rootfs/inotify-tools/../../fakerelease/usr/include -I/home/hisisdk/histb_v2/autelan/rootfs/inotify-tools/../../fakerelease/usr/local/include 		  -fno-rtti -fno-exceptions conftest.c >&5
cc1: warning: command line option "-fno-rtti" is valid for C++/ObjC++ but not for C
configure:8028: $? = 0
configure:8041: result: no
configure:8399: checking for arm-hisiv200-linux-gcc option to produce PIC
configure:8406: result: -fPIC -DPIC
configure:8414: checking if arm-hisiv200-linux-gcc PIC flag -fPIC -DPIC works
configure:8432: arm-hisiv200-linux-gcc -c  		-O2 		-I/opt/hisi-linux/x86-arm/arm-hisiv200-linux/target/usr/include 		-I/home/hisisdk/histb_v2/autelan/rootfs/inotify-tools/../../fakerelease/usr/include -I/home/hisisdk/histb_v2/autelan/rootfs/inotify-tools/../../fakerelease/usr/local/include 		  -fPIC -DPIC -DPIC conftest.c >&5
configure:8436: $? = 0
configure:8449: result: yes
configure:8478: checking if arm-hisiv200-linux-gcc static flag -static works
configure:8506: result: yes
configure:8521: checking if arm-hisiv200-linux-gcc supports -c -o file.o
configure:8542: arm-hisiv200-linux-gcc -c  		-O2 		-I/opt/hisi-linux/x86-arm/arm-hisiv200-linux/target/usr/include 		-I/home/hisisdk/histb_v2/autelan/rootfs/inotify-tools/../../fakerelease/usr/include -I/home/hisisdk/histb_v2/autelan/rootfs/inotify-tools/../../fakerelease/usr/local/include 		  -o out/conftest2.o conftest.c >&5
configure:8546: $? = 0
configure:8568: result: yes
configure:8576: checking if arm-hisiv200-linux-gcc supports -c -o file.o
configure:8623: result: yes
configure:8656: checking whether the arm-hisiv200-linux-gcc linker (/opt/hisi-linux/x86-arm/arm-hisiv200-linux/arm-hisiv200-linux-gnueabi/bin/ld) supports shared libraries
configure:9915: result: yes
configure:9952: checking whether -lc should be explicitly linked in
configure:9960: arm-hisiv200-linux-gcc -c  		-O2 		-I/opt/hisi-linux/x86-arm/arm-hisiv200-linux/target/usr/include 		-I/home/hisisdk/histb_v2/autelan/rootfs/inotify-tools/../../fakerelease/usr/include -I/home/hisisdk/histb_v2/autelan/rootfs/inotify-tools/../../fakerelease/usr/local/include 		  conftest.c >&5
configure:9963: $? = 0
configure:9978: arm-hisiv200-linux-gcc -shared  -fPIC -DPIC conftest.o  -v -Wl,-soname -Wl,conftest -o conftest 2\>\&1 \| /bin/grep  -lc  \>/dev/null 2\>\&1
configure:9981: $? = 0
configure:9995: result: no
configure:10155: checking dynamic linker characteristics
configure:10736: arm-hisiv200-linux-gcc -o conftest  		-O2 		-I/opt/hisi-linux/x86-arm/arm-hisiv200-linux/target/usr/include 		-I/home/hisisdk/histb_v2/autelan/rootfs/inotify-tools/../../fakerelease/usr/include -I/home/hisisdk/histb_v2/autelan/rootfs/inotify-tools/../../fakerelease/usr/local/include 		   		-L/opt/hisi-linux/x86-arm/arm-hisiv200-linux/target/lib -L/opt/hisi-linux/x86-arm/arm-hisiv200-linux/target/usr/lib 		-L/home/hisisdk/histb_v2/autelan/rootfs/inotify-tools/../../release/lib -L/home/hisisdk/histb_v2/autelan/rootfs/inotify-tools/../../release/usr/lib -L/home/hisisdk/histb_v2/autelan/rootfs/inotify-tools/../../release/usr/local/lib 		 -Wl,-rpath -Wl,/foo conftest.c  >&5
configure:10736: $? = 0
configure:10973: result: GNU/Linux ld.so
configure:11095: checking how to hardcode library paths into programs
configure:11120: result: immediate
configure:11668: checking whether stripping libraries is possible
configure:11673: result: yes
configure:11708: checking if libtool supports shared libraries
configure:11710: result: yes
configure:11713: checking whether to build shared libraries
configure:11738: result: yes
configure:11741: checking whether to build static libraries
configure:11745: result: no
configure:11785: checking for doxygen
configure:11816: result: NO_DOXYGEN
configure:11877: checking sys/inotify.h usability
configure:11877: arm-hisiv200-linux-gcc -c  		-O2 		-I/opt/hisi-linux/x86-arm/arm-hisiv200-linux/target/usr/include 		-I/home/hisisdk/histb_v2/autelan/rootfs/inotify-tools/../../fakerelease/usr/include -I/home/hisisdk/histb_v2/autelan/rootfs/inotify-tools/../../fakerelease/usr/local/include 		  conftest.c >&5
configure:11877: $? = 0
configure:11877: result: yes
configure:11877: checking sys/inotify.h presence
configure:11877: arm-hisiv200-linux-gcc -E  conftest.c
configure:11877: $? = 0
configure:11877: result: yes
configure:11877: checking for sys/inotify.h
configure:11877: result: yes
configure:11877: checking mcheck.h usability
configure:11877: arm-hisiv200-linux-gcc -c  		-O2 		-I/opt/hisi-linux/x86-arm/arm-hisiv200-linux/target/usr/include 		-I/home/hisisdk/histb_v2/autelan/rootfs/inotify-tools/../../fakerelease/usr/include -I/home/hisisdk/histb_v2/autelan/rootfs/inotify-tools/../../fakerelease/usr/local/include 		  conftest.c >&5
configure:11877: $? = 0
configure:11877: result: yes
configure:11877: checking mcheck.h presence
configure:11877: arm-hisiv200-linux-gcc -E  conftest.c
configure:11877: $? = 0
configure:11877: result: yes
configure:11877: checking for mcheck.h
configure:11877: result: yes
configure:11893: checking whether sys/inotify.h actually works
configure:11907: arm-hisiv200-linux-gcc -c  		-O2 		-I/opt/hisi-linux/x86-arm/arm-hisiv200-linux/target/usr/include 		-I/home/hisisdk/histb_v2/autelan/rootfs/inotify-tools/../../fakerelease/usr/include -I/home/hisisdk/histb_v2/autelan/rootfs/inotify-tools/../../fakerelease/usr/local/include 		  conftest.c >&5
configure:11907: $? = 0
configure:11908: result: yup
configure:11920: checking for an ANSI C-conforming const
configure:11986: arm-hisiv200-linux-gcc -c  		-O2 		-I/opt/hisi-linux/x86-arm/arm-hisiv200-linux/target/usr/include 		-I/home/hisisdk/histb_v2/autelan/rootfs/inotify-tools/../../fakerelease/usr/include -I/home/hisisdk/histb_v2/autelan/rootfs/inotify-tools/../../fakerelease/usr/local/include 		  conftest.c >&5
configure:11986: $? = 0
configure:11993: result: yes
configure:12001: checking for inline
configure:12017: arm-hisiv200-linux-gcc -c  		-O2 		-I/opt/hisi-linux/x86-arm/arm-hisiv200-linux/target/usr/include 		-I/home/hisisdk/histb_v2/autelan/rootfs/inotify-tools/../../fakerelease/usr/include -I/home/hisisdk/histb_v2/autelan/rootfs/inotify-tools/../../fakerelease/usr/local/include 		  conftest.c >&5
configure:12017: $? = 0
configure:12025: result: inline
configure:12193: creating ./config.status

## ---------------------- ##
## Running config.status. ##
## ---------------------- ##

This file was extended by inotify-tools config.status 3.14, which was
generated by GNU Autoconf 2.69.  Invocation command line was

  CONFIG_FILES    = 
  CONFIG_HEADERS  = 
  CONFIG_LINKS    = 
  CONFIG_COMMANDS = 
  $ ./config.status 

on debian6

config.status:1101: creating Makefile
config.status:1101: creating src/Makefile
config.status:1101: creating man/Makefile
config.status:1101: creating man/inotifywait.1
config.status:1101: creating man/inotifywatch.1
config.status:1101: creating libinotifytools/Makefile
config.status:1101: creating libinotifytools/src/Makefile
config.status:1101: creating libinotifytools/src/inotifytools/Makefile
config.status:1101: creating config.h
config.status:1282: config.h is unchanged
config.status:1101: creating libinotifytools/src/inotifytools/inotify.h
config.status:1282: libinotifytools/src/inotifytools/inotify.h is unchanged
config.status:1330: executing depfiles commands
config.status:1330: executing libtool commands

## ---------------- ##
## Cache variables. ##
## ---------------- ##

ac_cv_build=i686-pc-linux-gnu
ac_cv_c_compiler_gnu=yes
ac_cv_c_const=yes
ac_cv_c_inline=inline
ac_cv_env_CC_set=set
ac_cv_env_CC_value=arm-hisiv200-linux-gcc
ac_cv_env_CFLAGS_set=set
ac_cv_env_CFLAGS_value=' 		-O2 		-I/opt/hisi-linux/x86-arm/arm-hisiv200-linux/target/usr/include 		-I/home/hisisdk/histb_v2/autelan/rootfs/inotify-tools/../../fakerelease/usr/include -I/home/hisisdk/histb_v2/autelan/rootfs/inotify-tools/../../fakerelease/usr/local/include 		'
ac_cv_env_CPPFLAGS_set=
ac_cv_env_CPPFLAGS_value=
ac_cv_env_CPP_set=
ac_cv_env_CPP_value=
ac_cv_env_LDFLAGS_set=set
ac_cv_env_LDFLAGS_value=' 		-L/opt/hisi-linux/x86-arm/arm-hisiv200-linux/target/lib -L/opt/hisi-linux/x86-arm/arm-hisiv200-linux/target/usr/lib 		-L/home/hisisdk/histb_v2/autelan/rootfs/inotify-tools/../../release/lib -L/home/hisisdk/histb_v2/autelan/rootfs/inotify-tools/../../release/usr/lib -L/home/hisisdk/histb_v2/autelan/rootfs/inotify-tools/../../release/usr/local/lib 		'
ac_cv_env_LIBS_set=
ac_cv_env_LIBS_value=
ac_cv_env_LT_SYS_LIBRARY_PATH_set=
ac_cv_env_LT_SYS_LIBRARY_PATH_value=
ac_cv_env_build_alias_set=
ac_cv_env_build_alias_value=
ac_cv_env_host_alias_set=set
ac_cv_env_host_alias_value=arm-hisiv200-linux
ac_cv_env_target_alias_set=
ac_cv_env_target_alias_value=
ac_cv_header_dlfcn_h=yes
ac_cv_header_inttypes_h=yes
ac_cv_header_mcheck_h=yes
ac_cv_header_memory_h=yes
ac_cv_header_stdc=yes
ac_cv_header_stdint_h=yes
ac_cv_header_stdlib_h=yes
ac_cv_header_string_h=yes
ac_cv_header_strings_h=yes
ac_cv_header_sys_inotify_h=yes
ac_cv_header_sys_stat_h=yes
ac_cv_header_sys_types_h=yes
ac_cv_header_unistd_h=yes
ac_cv_host=arm-hisiv200-linux-gnu
ac_cv_objext=o
ac_cv_path_DOXYGEN=NO_DOXYGEN
ac_cv_path_EGREP='/bin/grep -E'
ac_cv_path_FGREP='/bin/grep -F'
ac_cv_path_GREP=/bin/grep
ac_cv_path_SED=/bin/sed
ac_cv_path_install='/usr/bin/install -c'
ac_cv_path_lt_DD=/bin/dd
ac_cv_path_mkdir=/bin/mkdir
ac_cv_prog_AR=arm-hisiv200-linux-ar
ac_cv_prog_AWK=gawk
ac_cv_prog_CC=arm-hisiv200-linux-gcc
ac_cv_prog_CPP='arm-hisiv200-linux-gcc -E'
ac_cv_prog_OBJDUMP=arm-hisiv200-linux-objdump
ac_cv_prog_RANLIB=arm-hisiv200-linux-ranlib
ac_cv_prog_STRIP=arm-hisiv200-linux-strip
ac_cv_prog_ac_ct_MANIFEST_TOOL=mt
ac_cv_prog_cc_c89=
ac_cv_prog_cc_g=yes
ac_cv_prog_make_make_set=yes
am_cv_CC_dependencies_compiler_type=gcc3
lt_cv_ar_at_file=@
lt_cv_archive_cmds_need_lc=no
lt_cv_deplibs_check_method=pass_all
lt_cv_file_magic_cmd='$MAGIC_CMD'
lt_cv_file_magic_test_file=
lt_cv_ld_reload_flag=-r
lt_cv_nm_interface='BSD nm'
lt_cv_objdir=.libs
lt_cv_path_LD=/opt/hisi-linux/x86-arm/arm-hisiv200-linux/arm-hisiv200-linux-gnueabi/bin/ld
lt_cv_path_NM='/opt/hisi-linux/x86-arm/arm-hisiv200-linux/target/bin/arm-hisiv200-linux-nm -B'
lt_cv_path_mainfest_tool=no
lt_cv_prog_compiler_c_o=yes
lt_cv_prog_compiler_pic='-fPIC -DPIC'
lt_cv_prog_compiler_pic_works=yes
lt_cv_prog_compiler_rtti_exceptions=no
lt_cv_prog_compiler_static_works=yes
lt_cv_prog_gnu_ld=yes
lt_cv_sharedlib_from_linklib_cmd='printf %s\n'
lt_cv_shlibpath_overrides_runpath=no
lt_cv_sys_global_symbol_pipe='sed -n -e '\''s/^.*[	 ]\([ABCDGIRSTW][ABCDGIRSTW]*\)[	 ][	 ]*\([_A-Za-z][_A-Za-z0-9]*\)$/\1 \2 \2/p'\'' | sed '\''/ __gnu_lto/d'\'''
lt_cv_sys_global_symbol_to_c_name_address='sed -n -e '\''s/^: \(.*\) .*$/  {"\1", (void *) 0},/p'\'' -e '\''s/^[ABCDGIRSTW][ABCDGIRSTW]* .* \(.*\)$/  {"\1", (void *) \&\1},/p'\'''
lt_cv_sys_global_symbol_to_c_name_address_lib_prefix='sed -n -e '\''s/^: \(.*\) .*$/  {"\1", (void *) 0},/p'\'' -e '\''s/^[ABCDGIRSTW][ABCDGIRSTW]* .* \(lib.*\)$/  {"\1", (void *) \&\1},/p'\'' -e '\''s/^[ABCDGIRSTW][ABCDGIRSTW]* .* \(.*\)$/  {"lib\1", (void *) \&\1},/p'\'''
lt_cv_sys_global_symbol_to_cdecl='sed -n -e '\''s/^T .* \(.*\)$/extern int \1();/p'\'' -e '\''s/^[ABCDGIRSTW][ABCDGIRSTW]* .* \(.*\)$/extern char \1;/p'\'''
lt_cv_sys_global_symbol_to_import=
lt_cv_sys_max_cmd_len=1572864
lt_cv_to_host_file_cmd=func_convert_file_noop
lt_cv_to_tool_file_cmd=func_convert_file_noop
lt_cv_truncate_bin='/bin/dd bs=4096 count=1'

## ----------------- ##
## Output variables. ##
## ----------------- ##

ACLOCAL='${SHELL} /home/hisisdk/histb_v2/autelan/rootfs/inotify-tools/config/missing --run aclocal-1.11'
AMDEPBACKSLASH='\'
AMDEP_FALSE='#'
AMDEP_TRUE=''
AMTAR='${SHELL} /home/hisisdk/histb_v2/autelan/rootfs/inotify-tools/config/missing --run tar'
AR='arm-hisiv200-linux-ar'
AUTOCONF='${SHELL} /home/hisisdk/histb_v2/autelan/rootfs/inotify-tools/config/missing --run autoconf'
AUTOHEADER='${SHELL} /home/hisisdk/histb_v2/autelan/rootfs/inotify-tools/config/missing --run autoheader'
AUTOMAKE='${SHELL} /home/hisisdk/histb_v2/autelan/rootfs/inotify-tools/config/missing --run automake-1.11'
AWK='gawk'
CC='arm-hisiv200-linux-gcc'
CCDEPMODE='depmode=gcc3'
CFLAGS=' 		-O2 		-I/opt/hisi-linux/x86-arm/arm-hisiv200-linux/target/usr/include 		-I/home/hisisdk/histb_v2/autelan/rootfs/inotify-tools/../../fakerelease/usr/include -I/home/hisisdk/histb_v2/autelan/rootfs/inotify-tools/../../fakerelease/usr/local/include 		'
CPP='arm-hisiv200-linux-gcc -E'
CPPFLAGS=''
CYGPATH_W='echo'
DEFS='-DHAVE_CONFIG_H'
DEPDIR='.deps'
DLLTOOL='false'
DOXYGEN='NO_DOXYGEN'
DOXYGEN_ENABLE_FALSE=''
DOXYGEN_ENABLE_TRUE='#'
DSYMUTIL=''
DUMPBIN=''
ECHO_C=''
ECHO_N='-n'
ECHO_T=''
EGREP='/bin/grep -E'
EXEEXT=''
FGREP='/bin/grep -F'
GREP='/bin/grep'
INSTALL_DATA='${INSTALL} -m 644'
INSTALL_PROGRAM='${INSTALL}'
INSTALL_SCRIPT='${INSTALL}'
INSTALL_STRIP_PROGRAM='$(install_sh) -c -s'
LD='/opt/hisi-linux/x86-arm/arm-hisiv200-linux/arm-hisiv200-linux-gnueabi/bin/ld'
LDFLAGS=' 		-L/opt/hisi-linux/x86-arm/arm-hisiv200-linux/target/lib -L/opt/hisi-linux/x86-arm/arm-hisiv200-linux/target/usr/lib 		-L/home/hisisdk/histb_v2/autelan/rootfs/inotify-tools/../../release/lib -L/home/hisisdk/histb_v2/autelan/rootfs/inotify-tools/../../release/usr/lib -L/home/hisisdk/histb_v2/autelan/rootfs/inotify-tools/../../release/usr/local/lib 		'
LIBOBJS=''
LIBS=''
LIBTOOL='$(SHELL) $(top_builddir)/libtool'
LIPO=''
LN_S='ln -s'
LTLIBOBJS=''
LT_SYS_LIBRARY_PATH=''
MAKEINFO='${SHELL} /home/hisisdk/histb_v2/autelan/rootfs/inotify-tools/config/missing --run makeinfo'
MANIFEST_TOOL=':'
MAN_DATE='May 21, 2015'
MAN_PACKAGE_VERSION='3.14'
MKDIR_P='/bin/mkdir -p'
NM='/opt/hisi-linux/x86-arm/arm-hisiv200-linux/target/bin/arm-hisiv200-linux-nm -B'
NMEDIT=''
OBJDUMP='arm-hisiv200-linux-objdump'
OBJEXT='o'
OTOOL64=''
OTOOL=''
PACKAGE='inotify-tools'
PACKAGE_BUGREPORT='radu.voicilas@gmail.com'
PACKAGE_NAME='inotify-tools'
PACKAGE_STRING='inotify-tools 3.14'
PACKAGE_TARNAME='inotify-tools'
PACKAGE_URL=''
PACKAGE_VERSION='3.14'
PATH_SEPARATOR=':'
RANLIB='arm-hisiv200-linux-ranlib'
SED='/bin/sed'
SET_MAKE=''
SHELL='/bin/sh'
STATIC_BINARY_ENABLE_FALSE=''
STATIC_BINARY_ENABLE_TRUE='#'
STRIP='arm-hisiv200-linux-strip'
VERSION='3.14'
ac_ct_AR=''
ac_ct_CC=''
ac_ct_DUMPBIN=''
am__EXEEXT_FALSE=''
am__EXEEXT_TRUE='#'
am__fastdepCC_FALSE='#'
am__fastdepCC_TRUE=''
am__include='include'
am__isrc=''
am__leading_dot='.'
am__nodep='_no'
am__quote=''
am__tar='${AMTAR} chof - "$$tardir"'
am__untar='${AMTAR} xf -'
bindir='/home/hisisdk/histb_v2/autelan/rootfs/inotify-tools/../../release/usr/bin'
build='i686-pc-linux-gnu'
build_alias=''
build_cpu='i686'
build_os='linux-gnu'
build_vendor='pc'
datadir='/home/hisisdk/histb_v2/autelan/rootfs/inotify-tools/../../fakerelease/usr/share'
datarootdir='/home/hisisdk/histb_v2/autelan/rootfs/inotify-tools/../../fakerelease/usr/share'
docdir='/home/hisisdk/histb_v2/autelan/rootfs/inotify-tools/../../fakerelease/usr/share/doc'
dvidir='/home/hisisdk/histb_v2/autelan/rootfs/inotify-tools/../../fakerelease/usr/share/doc'
exec_prefix='${prefix}'
host='arm-hisiv200-linux-gnu'
host_alias='arm-hisiv200-linux'
host_cpu='arm'
host_os='linux-gnu'
host_vendor='hisiv200'
htmldir='/home/hisisdk/histb_v2/autelan/rootfs/inotify-tools/../../fakerelease/usr/share/doc'
includedir='/home/hisisdk/histb_v2/autelan/rootfs/inotify-tools/../../fakerelease/usr/include'
infodir='/home/hisisdk/histb_v2/autelan/rootfs/inotify-tools/../../fakerelease/usr/share/info'
install_sh='${SHELL} /home/hisisdk/histb_v2/autelan/rootfs/inotify-tools/config/install-sh'
libdir='/home/hisisdk/histb_v2/autelan/rootfs/inotify-tools/../../release/usr/lib'
libexecdir='/home/hisisdk/histb_v2/autelan/rootfs/inotify-tools/../../release/usr/libexec'
localedir='/home/hisisdk/histb_v2/autelan/rootfs/inotify-tools/../../fakerelease/usr/share/local'
localstatedir='/home/hisisdk/histb_v2/autelan/rootfs/inotify-tools/../../release/var'
mandir='/home/hisisdk/histb_v2/autelan/rootfs/inotify-tools/../../fakerelease/usr/share/man'
mkdir_p='/bin/mkdir -p'
oldincludedir='/usr/include'
pdfdir='/home/hisisdk/histb_v2/autelan/rootfs/inotify-tools/../../fakerelease/usr/share/doc'
prefix='/home/hisisdk/histb_v2/autelan/rootfs/inotify-tools/../../release/usr'
program_transform_name='s,x,x,'
psdir='/home/hisisdk/histb_v2/autelan/rootfs/inotify-tools/../../fakerelease/usr/share/doc'
sbindir='/home/hisisdk/histb_v2/autelan/rootfs/inotify-tools/../../release/usr/sbin'
sharedstatedir='${prefix}/com'
sysconfdir='/home/hisisdk/histb_v2/autelan/rootfs/inotify-tools/../../release/etc'
target_alias=''

## ----------- ##
## confdefs.h. ##
## ----------- ##

/* confdefs.h */
#define PACKAGE_NAME "inotify-tools"
#define PACKAGE_TARNAME "inotify-tools"
#define PACKAGE_VERSION "3.14"
#define PACKAGE_STRING "inotify-tools 3.14"
#define PACKAGE_BUGREPORT "radu.voicilas@gmail.com"
#define PACKAGE_URL ""
#define _GNU_SOURCE /**/
#define PACKAGE "inotify-tools"
#define VERSION "3.14"
#define STDC_HEADERS 1
#define HAVE_SYS_TYPES_H 1
#define HAVE_SYS_STAT_H 1
#define HAVE_STDLIB_H 1
#define HAVE_STRING_H 1
#define HAVE_MEMORY_H 1
#define HAVE_STRINGS_H 1
#define HAVE_INTTYPES_H 1
#define HAVE_STDINT_H 1
#define HAVE_UNISTD_H 1
#define HAVE_DLFCN_H 1
#define LT_OBJDIR ".libs/"
#define HAVE_SYS_INOTIFY_H 1
#define HAVE_MCHECK_H 1
#define SYS_INOTIFY_H_EXISTS_AND_WORKS 1

configure: exit 0

## ---------------------- ##
## Running config.status. ##
## ---------------------- ##

This file was extended by inotify-tools config.status 3.14, which was
generated by GNU Autoconf 2.69.  Invocation command line was

  CONFIG_FILES    = 
  CONFIG_HEADERS  = 
  CONFIG_LINKS    = 
  CONFIG_COMMANDS = 
  $ ./config.status config.h

on debian6

config.status:1101: creating config.h
config.status:1282: config.h is unchanged

## ---------------------- ##
## Running config.status. ##
## ---------------------- ##

This file was extended by inotify-tools config.status 3.14, which was
generated by GNU Autoconf 2.69.  Invocation command line was

  CONFIG_FILES    = 
  CONFIG_HEADERS  = 
  CONFIG_LINKS    = 
  CONFIG_COMMANDS = 
  $ ./config.status libinotifytools/src/inotifytools/inotify.h

on debian6

config.status:1101: creating libinotifytools/src/inotifytools/inotify.h
config.status:1282: libinotifytools/src/inotifytools/inotify.h is unchanged
